[2023-06-01T02:07:25.740+0000] {processor.py:154} INFO - Started process (PID=49) to work on /home/airflow/.local/lib/python3.7/site-packages/airflow/example_dags/example_sla_dag.py
[2023-06-01T02:07:25.753+0000] {processor.py:756} INFO - Processing file /home/airflow/.local/lib/python3.7/site-packages/airflow/example_dags/example_sla_dag.py for tasks to queue
[2023-06-01T02:07:25.760+0000] {logging_mixin.py:120} INFO - [2023-06-01T02:07:25.760+0000] {dagbag.py:537} INFO - Filling up the DagBag from /home/airflow/.local/lib/python3.7/site-packages/airflow/example_dags/example_sla_dag.py
[2023-06-01T02:07:26.161+0000] {processor.py:766} INFO - DAG(s) dict_keys(['example_sla_dag']) retrieved from /home/airflow/.local/lib/python3.7/site-packages/airflow/example_dags/example_sla_dag.py
[2023-06-01T02:07:30.960+0000] {logging_mixin.py:120} INFO - [2023-06-01T02:07:30.939+0000] {manager.py:507} INFO - Created Permission View: can read on DAG:example_sla_dag
[2023-06-01T02:07:31.206+0000] {logging_mixin.py:120} INFO - [2023-06-01T02:07:31.204+0000] {manager.py:507} INFO - Created Permission View: can edit on DAG:example_sla_dag
[2023-06-01T02:07:31.227+0000] {logging_mixin.py:120} INFO - [2023-06-01T02:07:31.227+0000] {manager.py:507} INFO - Created Permission View: can delete on DAG:example_sla_dag
[2023-06-01T02:07:31.242+0000] {logging_mixin.py:120} INFO - [2023-06-01T02:07:31.241+0000] {dag.py:2585} INFO - Sync 1 DAGs
[2023-06-01T02:07:32.550+0000] {logging_mixin.py:120} INFO - [2023-06-01T02:07:32.527+0000] {dag.py:2606} INFO - Creating ORM DAG for example_sla_dag
[2023-06-01T02:07:33.275+0000] {logging_mixin.py:120} INFO - [2023-06-01T02:07:33.262+0000] {dag.py:3340} INFO - Setting next_dagrun for example_sla_dag to 2023-06-01T02:04:00+00:00, run_after=2023-06-01T02:06:00+00:00
[2023-06-01T02:07:34.301+0000] {processor.py:176} INFO - Processing /home/airflow/.local/lib/python3.7/site-packages/airflow/example_dags/example_sla_dag.py took 8.550 seconds
[2023-06-01T02:08:47.225+0000] {processor.py:154} INFO - Started process (PID=121) to work on /home/airflow/.local/lib/python3.7/site-packages/airflow/example_dags/example_sla_dag.py
[2023-06-01T02:08:47.247+0000] {processor.py:756} INFO - Processing file /home/airflow/.local/lib/python3.7/site-packages/airflow/example_dags/example_sla_dag.py for tasks to queue
[2023-06-01T02:08:47.262+0000] {logging_mixin.py:120} INFO - [2023-06-01T02:08:47.261+0000] {dagbag.py:537} INFO - Filling up the DagBag from /home/airflow/.local/lib/python3.7/site-packages/airflow/example_dags/example_sla_dag.py
[2023-06-01T02:08:47.446+0000] {processor.py:766} INFO - DAG(s) dict_keys(['example_sla_dag']) retrieved from /home/airflow/.local/lib/python3.7/site-packages/airflow/example_dags/example_sla_dag.py
[2023-06-01T02:08:48.071+0000] {logging_mixin.py:120} INFO - [2023-06-01T02:08:48.069+0000] {dag.py:2585} INFO - Sync 1 DAGs
[2023-06-01T02:08:48.401+0000] {logging_mixin.py:120} INFO - [2023-06-01T02:08:48.401+0000] {dag.py:3340} INFO - Setting next_dagrun for example_sla_dag to 2023-06-01T02:06:00+00:00, run_after=2023-06-01T02:08:00+00:00
[2023-06-01T02:08:48.545+0000] {processor.py:176} INFO - Processing /home/airflow/.local/lib/python3.7/site-packages/airflow/example_dags/example_sla_dag.py took 1.348 seconds
[2023-06-01T02:09:19.006+0000] {processor.py:154} INFO - Started process (PID=176) to work on /home/airflow/.local/lib/python3.7/site-packages/airflow/example_dags/example_sla_dag.py
[2023-06-01T02:09:19.008+0000] {processor.py:756} INFO - Processing file /home/airflow/.local/lib/python3.7/site-packages/airflow/example_dags/example_sla_dag.py for tasks to queue
[2023-06-01T02:09:19.009+0000] {logging_mixin.py:120} INFO - [2023-06-01T02:09:19.009+0000] {dagbag.py:537} INFO - Filling up the DagBag from /home/airflow/.local/lib/python3.7/site-packages/airflow/example_dags/example_sla_dag.py
[2023-06-01T02:09:19.057+0000] {processor.py:766} INFO - DAG(s) dict_keys(['example_sla_dag']) retrieved from /home/airflow/.local/lib/python3.7/site-packages/airflow/example_dags/example_sla_dag.py
[2023-06-01T02:09:19.132+0000] {logging_mixin.py:120} INFO - [2023-06-01T02:09:19.132+0000] {dag.py:2585} INFO - Sync 1 DAGs
[2023-06-01T02:09:19.163+0000] {logging_mixin.py:120} INFO - [2023-06-01T02:09:19.163+0000] {dag.py:3340} INFO - Setting next_dagrun for example_sla_dag to 2023-06-01T02:06:00+00:00, run_after=2023-06-01T02:08:00+00:00
[2023-06-01T02:09:19.175+0000] {processor.py:176} INFO - Processing /home/airflow/.local/lib/python3.7/site-packages/airflow/example_dags/example_sla_dag.py took 0.174 seconds
[2023-06-01T02:09:49.591+0000] {processor.py:154} INFO - Started process (PID=240) to work on /home/airflow/.local/lib/python3.7/site-packages/airflow/example_dags/example_sla_dag.py
[2023-06-01T02:09:49.592+0000] {processor.py:756} INFO - Processing file /home/airflow/.local/lib/python3.7/site-packages/airflow/example_dags/example_sla_dag.py for tasks to queue
[2023-06-01T02:09:49.594+0000] {logging_mixin.py:120} INFO - [2023-06-01T02:09:49.593+0000] {dagbag.py:537} INFO - Filling up the DagBag from /home/airflow/.local/lib/python3.7/site-packages/airflow/example_dags/example_sla_dag.py
[2023-06-01T02:09:49.620+0000] {processor.py:766} INFO - DAG(s) dict_keys(['example_sla_dag']) retrieved from /home/airflow/.local/lib/python3.7/site-packages/airflow/example_dags/example_sla_dag.py
[2023-06-01T02:09:49.684+0000] {logging_mixin.py:120} INFO - [2023-06-01T02:09:49.684+0000] {dag.py:2585} INFO - Sync 1 DAGs
[2023-06-01T02:09:49.707+0000] {logging_mixin.py:120} INFO - [2023-06-01T02:09:49.707+0000] {dag.py:3340} INFO - Setting next_dagrun for example_sla_dag to 2023-06-01T02:06:00+00:00, run_after=2023-06-01T02:08:00+00:00
[2023-06-01T02:09:49.719+0000] {processor.py:176} INFO - Processing /home/airflow/.local/lib/python3.7/site-packages/airflow/example_dags/example_sla_dag.py took 0.133 seconds
[2023-06-01T02:10:20.389+0000] {processor.py:154} INFO - Started process (PID=303) to work on /home/airflow/.local/lib/python3.7/site-packages/airflow/example_dags/example_sla_dag.py
[2023-06-01T02:10:20.390+0000] {processor.py:756} INFO - Processing file /home/airflow/.local/lib/python3.7/site-packages/airflow/example_dags/example_sla_dag.py for tasks to queue
[2023-06-01T02:10:20.391+0000] {logging_mixin.py:120} INFO - [2023-06-01T02:10:20.391+0000] {dagbag.py:537} INFO - Filling up the DagBag from /home/airflow/.local/lib/python3.7/site-packages/airflow/example_dags/example_sla_dag.py
[2023-06-01T02:10:20.432+0000] {processor.py:766} INFO - DAG(s) dict_keys(['example_sla_dag']) retrieved from /home/airflow/.local/lib/python3.7/site-packages/airflow/example_dags/example_sla_dag.py
[2023-06-01T02:10:20.500+0000] {logging_mixin.py:120} INFO - [2023-06-01T02:10:20.500+0000] {dag.py:2585} INFO - Sync 1 DAGs
[2023-06-01T02:10:20.524+0000] {logging_mixin.py:120} INFO - [2023-06-01T02:10:20.524+0000] {dag.py:3340} INFO - Setting next_dagrun for example_sla_dag to 2023-06-01T02:08:00+00:00, run_after=2023-06-01T02:10:00+00:00
[2023-06-01T02:10:20.538+0000] {processor.py:176} INFO - Processing /home/airflow/.local/lib/python3.7/site-packages/airflow/example_dags/example_sla_dag.py took 0.155 seconds
[2023-06-01T02:10:51.118+0000] {processor.py:154} INFO - Started process (PID=358) to work on /home/airflow/.local/lib/python3.7/site-packages/airflow/example_dags/example_sla_dag.py
[2023-06-01T02:10:51.121+0000] {processor.py:756} INFO - Processing file /home/airflow/.local/lib/python3.7/site-packages/airflow/example_dags/example_sla_dag.py for tasks to queue
[2023-06-01T02:10:51.122+0000] {logging_mixin.py:120} INFO - [2023-06-01T02:10:51.122+0000] {dagbag.py:537} INFO - Filling up the DagBag from /home/airflow/.local/lib/python3.7/site-packages/airflow/example_dags/example_sla_dag.py
[2023-06-01T02:10:51.167+0000] {processor.py:766} INFO - DAG(s) dict_keys(['example_sla_dag']) retrieved from /home/airflow/.local/lib/python3.7/site-packages/airflow/example_dags/example_sla_dag.py
[2023-06-01T02:10:51.262+0000] {logging_mixin.py:120} INFO - [2023-06-01T02:10:51.262+0000] {dag.py:2585} INFO - Sync 1 DAGs
[2023-06-01T02:10:51.286+0000] {logging_mixin.py:120} INFO - [2023-06-01T02:10:51.286+0000] {dag.py:3340} INFO - Setting next_dagrun for example_sla_dag to 2023-06-01T02:08:00+00:00, run_after=2023-06-01T02:10:00+00:00
[2023-06-01T02:10:51.299+0000] {processor.py:176} INFO - Processing /home/airflow/.local/lib/python3.7/site-packages/airflow/example_dags/example_sla_dag.py took 0.188 seconds
[2023-06-01T02:11:21.539+0000] {processor.py:154} INFO - Started process (PID=422) to work on /home/airflow/.local/lib/python3.7/site-packages/airflow/example_dags/example_sla_dag.py
[2023-06-01T02:11:21.552+0000] {processor.py:756} INFO - Processing file /home/airflow/.local/lib/python3.7/site-packages/airflow/example_dags/example_sla_dag.py for tasks to queue
[2023-06-01T02:11:21.555+0000] {logging_mixin.py:120} INFO - [2023-06-01T02:11:21.554+0000] {dagbag.py:537} INFO - Filling up the DagBag from /home/airflow/.local/lib/python3.7/site-packages/airflow/example_dags/example_sla_dag.py
[2023-06-01T02:11:21.589+0000] {processor.py:766} INFO - DAG(s) dict_keys(['example_sla_dag']) retrieved from /home/airflow/.local/lib/python3.7/site-packages/airflow/example_dags/example_sla_dag.py
[2023-06-01T02:11:21.672+0000] {logging_mixin.py:120} INFO - [2023-06-01T02:11:21.672+0000] {dag.py:2585} INFO - Sync 1 DAGs
[2023-06-01T02:11:21.734+0000] {logging_mixin.py:120} INFO - [2023-06-01T02:11:21.734+0000] {dag.py:3340} INFO - Setting next_dagrun for example_sla_dag to 2023-06-01T02:08:00+00:00, run_after=2023-06-01T02:10:00+00:00
[2023-06-01T02:11:21.755+0000] {processor.py:176} INFO - Processing /home/airflow/.local/lib/python3.7/site-packages/airflow/example_dags/example_sla_dag.py took 0.228 seconds
[2023-06-01T02:11:52.630+0000] {processor.py:154} INFO - Started process (PID=476) to work on /home/airflow/.local/lib/python3.7/site-packages/airflow/example_dags/example_sla_dag.py
[2023-06-01T02:11:52.632+0000] {processor.py:756} INFO - Processing file /home/airflow/.local/lib/python3.7/site-packages/airflow/example_dags/example_sla_dag.py for tasks to queue
[2023-06-01T02:11:52.633+0000] {logging_mixin.py:120} INFO - [2023-06-01T02:11:52.633+0000] {dagbag.py:537} INFO - Filling up the DagBag from /home/airflow/.local/lib/python3.7/site-packages/airflow/example_dags/example_sla_dag.py
[2023-06-01T02:11:52.665+0000] {processor.py:766} INFO - DAG(s) dict_keys(['example_sla_dag']) retrieved from /home/airflow/.local/lib/python3.7/site-packages/airflow/example_dags/example_sla_dag.py
[2023-06-01T02:11:52.709+0000] {logging_mixin.py:120} INFO - [2023-06-01T02:11:52.709+0000] {dag.py:2585} INFO - Sync 1 DAGs
[2023-06-01T02:11:52.743+0000] {logging_mixin.py:120} INFO - [2023-06-01T02:11:52.742+0000] {dag.py:3340} INFO - Setting next_dagrun for example_sla_dag to 2023-06-01T02:08:00+00:00, run_after=2023-06-01T02:10:00+00:00
[2023-06-01T02:11:52.759+0000] {processor.py:176} INFO - Processing /home/airflow/.local/lib/python3.7/site-packages/airflow/example_dags/example_sla_dag.py took 0.133 seconds
[2023-06-01T02:12:23.426+0000] {processor.py:154} INFO - Started process (PID=540) to work on /home/airflow/.local/lib/python3.7/site-packages/airflow/example_dags/example_sla_dag.py
[2023-06-01T02:12:23.428+0000] {processor.py:756} INFO - Processing file /home/airflow/.local/lib/python3.7/site-packages/airflow/example_dags/example_sla_dag.py for tasks to queue
[2023-06-01T02:12:23.429+0000] {logging_mixin.py:120} INFO - [2023-06-01T02:12:23.429+0000] {dagbag.py:537} INFO - Filling up the DagBag from /home/airflow/.local/lib/python3.7/site-packages/airflow/example_dags/example_sla_dag.py
[2023-06-01T02:12:23.457+0000] {processor.py:766} INFO - DAG(s) dict_keys(['example_sla_dag']) retrieved from /home/airflow/.local/lib/python3.7/site-packages/airflow/example_dags/example_sla_dag.py
[2023-06-01T02:12:23.512+0000] {logging_mixin.py:120} INFO - [2023-06-01T02:12:23.512+0000] {dag.py:2585} INFO - Sync 1 DAGs
[2023-06-01T02:12:23.536+0000] {logging_mixin.py:120} INFO - [2023-06-01T02:12:23.536+0000] {dag.py:3340} INFO - Setting next_dagrun for example_sla_dag to 2023-06-01T02:10:00+00:00, run_after=2023-06-01T02:12:00+00:00
[2023-06-01T02:12:23.553+0000] {processor.py:176} INFO - Processing /home/airflow/.local/lib/python3.7/site-packages/airflow/example_dags/example_sla_dag.py took 0.133 seconds
[2023-06-01T02:12:54.179+0000] {processor.py:154} INFO - Started process (PID=603) to work on /home/airflow/.local/lib/python3.7/site-packages/airflow/example_dags/example_sla_dag.py
[2023-06-01T02:12:54.181+0000] {processor.py:756} INFO - Processing file /home/airflow/.local/lib/python3.7/site-packages/airflow/example_dags/example_sla_dag.py for tasks to queue
[2023-06-01T02:12:54.182+0000] {logging_mixin.py:120} INFO - [2023-06-01T02:12:54.182+0000] {dagbag.py:537} INFO - Filling up the DagBag from /home/airflow/.local/lib/python3.7/site-packages/airflow/example_dags/example_sla_dag.py
[2023-06-01T02:12:54.214+0000] {processor.py:766} INFO - DAG(s) dict_keys(['example_sla_dag']) retrieved from /home/airflow/.local/lib/python3.7/site-packages/airflow/example_dags/example_sla_dag.py
[2023-06-01T02:12:54.254+0000] {logging_mixin.py:120} INFO - [2023-06-01T02:12:54.254+0000] {dag.py:2585} INFO - Sync 1 DAGs
[2023-06-01T02:12:54.286+0000] {logging_mixin.py:120} INFO - [2023-06-01T02:12:54.286+0000] {dag.py:3340} INFO - Setting next_dagrun for example_sla_dag to 2023-06-01T02:10:00+00:00, run_after=2023-06-01T02:12:00+00:00
[2023-06-01T02:12:54.314+0000] {processor.py:176} INFO - Processing /home/airflow/.local/lib/python3.7/site-packages/airflow/example_dags/example_sla_dag.py took 0.141 seconds
[2023-06-01T02:13:24.986+0000] {processor.py:154} INFO - Started process (PID=666) to work on /home/airflow/.local/lib/python3.7/site-packages/airflow/example_dags/example_sla_dag.py
[2023-06-01T02:13:24.988+0000] {processor.py:756} INFO - Processing file /home/airflow/.local/lib/python3.7/site-packages/airflow/example_dags/example_sla_dag.py for tasks to queue
[2023-06-01T02:13:24.990+0000] {logging_mixin.py:120} INFO - [2023-06-01T02:13:24.989+0000] {dagbag.py:537} INFO - Filling up the DagBag from /home/airflow/.local/lib/python3.7/site-packages/airflow/example_dags/example_sla_dag.py
[2023-06-01T02:13:25.016+0000] {processor.py:766} INFO - DAG(s) dict_keys(['example_sla_dag']) retrieved from /home/airflow/.local/lib/python3.7/site-packages/airflow/example_dags/example_sla_dag.py
[2023-06-01T02:13:25.053+0000] {logging_mixin.py:120} INFO - [2023-06-01T02:13:25.053+0000] {dag.py:2585} INFO - Sync 1 DAGs
[2023-06-01T02:13:25.099+0000] {logging_mixin.py:120} INFO - [2023-06-01T02:13:25.099+0000] {dag.py:3340} INFO - Setting next_dagrun for example_sla_dag to 2023-06-01T02:10:00+00:00, run_after=2023-06-01T02:12:00+00:00
[2023-06-01T02:13:25.122+0000] {processor.py:176} INFO - Processing /home/airflow/.local/lib/python3.7/site-packages/airflow/example_dags/example_sla_dag.py took 0.142 seconds
[2023-06-01T02:13:55.808+0000] {processor.py:154} INFO - Started process (PID=720) to work on /home/airflow/.local/lib/python3.7/site-packages/airflow/example_dags/example_sla_dag.py
[2023-06-01T02:13:55.809+0000] {processor.py:756} INFO - Processing file /home/airflow/.local/lib/python3.7/site-packages/airflow/example_dags/example_sla_dag.py for tasks to queue
[2023-06-01T02:13:55.810+0000] {logging_mixin.py:120} INFO - [2023-06-01T02:13:55.810+0000] {dagbag.py:537} INFO - Filling up the DagBag from /home/airflow/.local/lib/python3.7/site-packages/airflow/example_dags/example_sla_dag.py
[2023-06-01T02:13:55.827+0000] {processor.py:766} INFO - DAG(s) dict_keys(['example_sla_dag']) retrieved from /home/airflow/.local/lib/python3.7/site-packages/airflow/example_dags/example_sla_dag.py
[2023-06-01T02:13:55.857+0000] {logging_mixin.py:120} INFO - [2023-06-01T02:13:55.857+0000] {dag.py:2585} INFO - Sync 1 DAGs
[2023-06-01T02:13:55.873+0000] {logging_mixin.py:120} INFO - [2023-06-01T02:13:55.873+0000] {dag.py:3340} INFO - Setting next_dagrun for example_sla_dag to 2023-06-01T02:10:00+00:00, run_after=2023-06-01T02:12:00+00:00
[2023-06-01T02:13:55.882+0000] {processor.py:176} INFO - Processing /home/airflow/.local/lib/python3.7/site-packages/airflow/example_dags/example_sla_dag.py took 0.078 seconds
[2023-06-01T02:14:26.579+0000] {processor.py:154} INFO - Started process (PID=783) to work on /home/airflow/.local/lib/python3.7/site-packages/airflow/example_dags/example_sla_dag.py
[2023-06-01T02:14:26.581+0000] {processor.py:756} INFO - Processing file /home/airflow/.local/lib/python3.7/site-packages/airflow/example_dags/example_sla_dag.py for tasks to queue
[2023-06-01T02:14:26.582+0000] {logging_mixin.py:120} INFO - [2023-06-01T02:14:26.582+0000] {dagbag.py:537} INFO - Filling up the DagBag from /home/airflow/.local/lib/python3.7/site-packages/airflow/example_dags/example_sla_dag.py
[2023-06-01T02:14:26.599+0000] {processor.py:766} INFO - DAG(s) dict_keys(['example_sla_dag']) retrieved from /home/airflow/.local/lib/python3.7/site-packages/airflow/example_dags/example_sla_dag.py
[2023-06-01T02:14:26.629+0000] {logging_mixin.py:120} INFO - [2023-06-01T02:14:26.629+0000] {dag.py:2585} INFO - Sync 1 DAGs
[2023-06-01T02:14:26.645+0000] {logging_mixin.py:120} INFO - [2023-06-01T02:14:26.645+0000] {dag.py:3340} INFO - Setting next_dagrun for example_sla_dag to 2023-06-01T02:12:00+00:00, run_after=2023-06-01T02:14:00+00:00
[2023-06-01T02:14:26.658+0000] {processor.py:176} INFO - Processing /home/airflow/.local/lib/python3.7/site-packages/airflow/example_dags/example_sla_dag.py took 0.083 seconds
