[2023-06-01T02:08:27.049+0000] {processor.py:154} INFO - Started process (PID=99) to work on /home/airflow/.local/lib/python3.7/site-packages/airflow/example_dags/example_external_task_marker_dag.py
[2023-06-01T02:08:27.077+0000] {processor.py:756} INFO - Processing file /home/airflow/.local/lib/python3.7/site-packages/airflow/example_dags/example_external_task_marker_dag.py for tasks to queue
[2023-06-01T02:08:27.091+0000] {logging_mixin.py:120} INFO - [2023-06-01T02:08:27.090+0000] {dagbag.py:537} INFO - Filling up the DagBag from /home/airflow/.local/lib/python3.7/site-packages/airflow/example_dags/example_external_task_marker_dag.py
[2023-06-01T02:08:27.146+0000] {processor.py:766} INFO - DAG(s) dict_keys(['example_external_task_marker_child', 'example_external_task_marker_parent']) retrieved from /home/airflow/.local/lib/python3.7/site-packages/airflow/example_dags/example_external_task_marker_dag.py
[2023-06-01T02:08:28.049+0000] {logging_mixin.py:120} INFO - [2023-06-01T02:08:28.047+0000] {manager.py:507} INFO - Created Permission View: can read on DAG:example_external_task_marker_child
[2023-06-01T02:08:28.080+0000] {logging_mixin.py:120} INFO - [2023-06-01T02:08:28.079+0000] {manager.py:507} INFO - Created Permission View: can edit on DAG:example_external_task_marker_child
[2023-06-01T02:08:28.116+0000] {logging_mixin.py:120} INFO - [2023-06-01T02:08:28.115+0000] {manager.py:507} INFO - Created Permission View: can delete on DAG:example_external_task_marker_child
[2023-06-01T02:08:28.179+0000] {logging_mixin.py:120} INFO - [2023-06-01T02:08:28.178+0000] {manager.py:507} INFO - Created Permission View: can read on DAG:example_external_task_marker_parent
[2023-06-01T02:08:28.263+0000] {logging_mixin.py:120} INFO - [2023-06-01T02:08:28.263+0000] {manager.py:507} INFO - Created Permission View: can edit on DAG:example_external_task_marker_parent
[2023-06-01T02:08:28.303+0000] {logging_mixin.py:120} INFO - [2023-06-01T02:08:28.303+0000] {manager.py:507} INFO - Created Permission View: can delete on DAG:example_external_task_marker_parent
[2023-06-01T02:08:28.309+0000] {logging_mixin.py:120} INFO - [2023-06-01T02:08:28.309+0000] {dag.py:2585} INFO - Sync 2 DAGs
[2023-06-01T02:08:28.387+0000] {logging_mixin.py:120} INFO - [2023-06-01T02:08:28.386+0000] {dag.py:2606} INFO - Creating ORM DAG for example_external_task_marker_child
[2023-06-01T02:08:28.390+0000] {logging_mixin.py:120} INFO - [2023-06-01T02:08:28.390+0000] {dag.py:2606} INFO - Creating ORM DAG for example_external_task_marker_parent
[2023-06-01T02:08:28.485+0000] {logging_mixin.py:120} INFO - [2023-06-01T02:08:28.485+0000] {dag.py:3340} INFO - Setting next_dagrun for example_external_task_marker_child to None, run_after=None
[2023-06-01T02:08:28.488+0000] {logging_mixin.py:120} INFO - [2023-06-01T02:08:28.487+0000] {dag.py:3340} INFO - Setting next_dagrun for example_external_task_marker_parent to None, run_after=None
[2023-06-01T02:08:28.727+0000] {processor.py:176} INFO - Processing /home/airflow/.local/lib/python3.7/site-packages/airflow/example_dags/example_external_task_marker_dag.py took 1.693 seconds
[2023-06-01T02:08:59.775+0000] {processor.py:154} INFO - Started process (PID=154) to work on /home/airflow/.local/lib/python3.7/site-packages/airflow/example_dags/example_external_task_marker_dag.py
[2023-06-01T02:08:59.788+0000] {processor.py:756} INFO - Processing file /home/airflow/.local/lib/python3.7/site-packages/airflow/example_dags/example_external_task_marker_dag.py for tasks to queue
[2023-06-01T02:08:59.791+0000] {logging_mixin.py:120} INFO - [2023-06-01T02:08:59.791+0000] {dagbag.py:537} INFO - Filling up the DagBag from /home/airflow/.local/lib/python3.7/site-packages/airflow/example_dags/example_external_task_marker_dag.py
[2023-06-01T02:08:59.919+0000] {processor.py:766} INFO - DAG(s) dict_keys(['example_external_task_marker_child', 'example_external_task_marker_parent']) retrieved from /home/airflow/.local/lib/python3.7/site-packages/airflow/example_dags/example_external_task_marker_dag.py
[2023-06-01T02:09:00.758+0000] {logging_mixin.py:120} INFO - [2023-06-01T02:09:00.755+0000] {dag.py:2585} INFO - Sync 2 DAGs
[2023-06-01T02:09:00.849+0000] {logging_mixin.py:120} INFO - [2023-06-01T02:09:00.849+0000] {dag.py:3340} INFO - Setting next_dagrun for example_external_task_marker_child to None, run_after=None
[2023-06-01T02:09:00.857+0000] {logging_mixin.py:120} INFO - [2023-06-01T02:09:00.857+0000] {dag.py:3340} INFO - Setting next_dagrun for example_external_task_marker_parent to None, run_after=None
[2023-06-01T02:09:00.910+0000] {processor.py:176} INFO - Processing /home/airflow/.local/lib/python3.7/site-packages/airflow/example_dags/example_external_task_marker_dag.py took 1.161 seconds
[2023-06-01T02:09:31.519+0000] {processor.py:154} INFO - Started process (PID=209) to work on /home/airflow/.local/lib/python3.7/site-packages/airflow/example_dags/example_external_task_marker_dag.py
[2023-06-01T02:09:31.522+0000] {processor.py:756} INFO - Processing file /home/airflow/.local/lib/python3.7/site-packages/airflow/example_dags/example_external_task_marker_dag.py for tasks to queue
[2023-06-01T02:09:31.523+0000] {logging_mixin.py:120} INFO - [2023-06-01T02:09:31.523+0000] {dagbag.py:537} INFO - Filling up the DagBag from /home/airflow/.local/lib/python3.7/site-packages/airflow/example_dags/example_external_task_marker_dag.py
[2023-06-01T02:09:31.542+0000] {processor.py:766} INFO - DAG(s) dict_keys(['example_external_task_marker_parent', 'example_external_task_marker_child']) retrieved from /home/airflow/.local/lib/python3.7/site-packages/airflow/example_dags/example_external_task_marker_dag.py
[2023-06-01T02:09:31.705+0000] {logging_mixin.py:120} INFO - [2023-06-01T02:09:31.705+0000] {dag.py:2585} INFO - Sync 2 DAGs
[2023-06-01T02:09:31.723+0000] {logging_mixin.py:120} INFO - [2023-06-01T02:09:31.723+0000] {dag.py:3340} INFO - Setting next_dagrun for example_external_task_marker_child to None, run_after=None
[2023-06-01T02:09:31.726+0000] {logging_mixin.py:120} INFO - [2023-06-01T02:09:31.726+0000] {dag.py:3340} INFO - Setting next_dagrun for example_external_task_marker_parent to None, run_after=None
[2023-06-01T02:09:31.736+0000] {processor.py:176} INFO - Processing /home/airflow/.local/lib/python3.7/site-packages/airflow/example_dags/example_external_task_marker_dag.py took 0.225 seconds
[2023-06-01T02:10:01.844+0000] {processor.py:154} INFO - Started process (PID=273) to work on /home/airflow/.local/lib/python3.7/site-packages/airflow/example_dags/example_external_task_marker_dag.py
[2023-06-01T02:10:01.846+0000] {processor.py:756} INFO - Processing file /home/airflow/.local/lib/python3.7/site-packages/airflow/example_dags/example_external_task_marker_dag.py for tasks to queue
[2023-06-01T02:10:01.849+0000] {logging_mixin.py:120} INFO - [2023-06-01T02:10:01.849+0000] {dagbag.py:537} INFO - Filling up the DagBag from /home/airflow/.local/lib/python3.7/site-packages/airflow/example_dags/example_external_task_marker_dag.py
[2023-06-01T02:10:01.881+0000] {processor.py:766} INFO - DAG(s) dict_keys(['example_external_task_marker_parent', 'example_external_task_marker_child']) retrieved from /home/airflow/.local/lib/python3.7/site-packages/airflow/example_dags/example_external_task_marker_dag.py
[2023-06-01T02:10:02.050+0000] {logging_mixin.py:120} INFO - [2023-06-01T02:10:02.049+0000] {dag.py:2585} INFO - Sync 2 DAGs
[2023-06-01T02:10:02.065+0000] {logging_mixin.py:120} INFO - [2023-06-01T02:10:02.065+0000] {dag.py:3340} INFO - Setting next_dagrun for example_external_task_marker_child to None, run_after=None
[2023-06-01T02:10:02.067+0000] {logging_mixin.py:120} INFO - [2023-06-01T02:10:02.067+0000] {dag.py:3340} INFO - Setting next_dagrun for example_external_task_marker_parent to None, run_after=None
[2023-06-01T02:10:02.077+0000] {processor.py:176} INFO - Processing /home/airflow/.local/lib/python3.7/site-packages/airflow/example_dags/example_external_task_marker_dag.py took 0.240 seconds
[2023-06-01T02:10:32.702+0000] {processor.py:154} INFO - Started process (PID=336) to work on /home/airflow/.local/lib/python3.7/site-packages/airflow/example_dags/example_external_task_marker_dag.py
[2023-06-01T02:10:32.713+0000] {processor.py:756} INFO - Processing file /home/airflow/.local/lib/python3.7/site-packages/airflow/example_dags/example_external_task_marker_dag.py for tasks to queue
[2023-06-01T02:10:32.717+0000] {logging_mixin.py:120} INFO - [2023-06-01T02:10:32.716+0000] {dagbag.py:537} INFO - Filling up the DagBag from /home/airflow/.local/lib/python3.7/site-packages/airflow/example_dags/example_external_task_marker_dag.py
[2023-06-01T02:10:32.763+0000] {processor.py:766} INFO - DAG(s) dict_keys(['example_external_task_marker_child', 'example_external_task_marker_parent']) retrieved from /home/airflow/.local/lib/python3.7/site-packages/airflow/example_dags/example_external_task_marker_dag.py
[2023-06-01T02:10:33.046+0000] {logging_mixin.py:120} INFO - [2023-06-01T02:10:33.046+0000] {dag.py:2585} INFO - Sync 2 DAGs
[2023-06-01T02:10:33.070+0000] {logging_mixin.py:120} INFO - [2023-06-01T02:10:33.070+0000] {dag.py:3340} INFO - Setting next_dagrun for example_external_task_marker_child to None, run_after=None
[2023-06-01T02:10:33.076+0000] {logging_mixin.py:120} INFO - [2023-06-01T02:10:33.076+0000] {dag.py:3340} INFO - Setting next_dagrun for example_external_task_marker_parent to None, run_after=None
[2023-06-01T02:10:33.090+0000] {processor.py:176} INFO - Processing /home/airflow/.local/lib/python3.7/site-packages/airflow/example_dags/example_external_task_marker_dag.py took 0.415 seconds
[2023-06-01T02:11:03.484+0000] {processor.py:154} INFO - Started process (PID=391) to work on /home/airflow/.local/lib/python3.7/site-packages/airflow/example_dags/example_external_task_marker_dag.py
[2023-06-01T02:11:03.486+0000] {processor.py:756} INFO - Processing file /home/airflow/.local/lib/python3.7/site-packages/airflow/example_dags/example_external_task_marker_dag.py for tasks to queue
[2023-06-01T02:11:03.487+0000] {logging_mixin.py:120} INFO - [2023-06-01T02:11:03.487+0000] {dagbag.py:537} INFO - Filling up the DagBag from /home/airflow/.local/lib/python3.7/site-packages/airflow/example_dags/example_external_task_marker_dag.py
[2023-06-01T02:11:03.502+0000] {processor.py:766} INFO - DAG(s) dict_keys(['example_external_task_marker_parent', 'example_external_task_marker_child']) retrieved from /home/airflow/.local/lib/python3.7/site-packages/airflow/example_dags/example_external_task_marker_dag.py
[2023-06-01T02:11:03.722+0000] {logging_mixin.py:120} INFO - [2023-06-01T02:11:03.722+0000] {dag.py:2585} INFO - Sync 2 DAGs
[2023-06-01T02:11:03.752+0000] {logging_mixin.py:120} INFO - [2023-06-01T02:11:03.752+0000] {dag.py:3340} INFO - Setting next_dagrun for example_external_task_marker_child to None, run_after=None
[2023-06-01T02:11:03.757+0000] {logging_mixin.py:120} INFO - [2023-06-01T02:11:03.757+0000] {dag.py:3340} INFO - Setting next_dagrun for example_external_task_marker_parent to None, run_after=None
[2023-06-01T02:11:03.770+0000] {processor.py:176} INFO - Processing /home/airflow/.local/lib/python3.7/site-packages/airflow/example_dags/example_external_task_marker_dag.py took 0.293 seconds
[2023-06-01T02:11:34.288+0000] {processor.py:154} INFO - Started process (PID=455) to work on /home/airflow/.local/lib/python3.7/site-packages/airflow/example_dags/example_external_task_marker_dag.py
[2023-06-01T02:11:34.291+0000] {processor.py:756} INFO - Processing file /home/airflow/.local/lib/python3.7/site-packages/airflow/example_dags/example_external_task_marker_dag.py for tasks to queue
[2023-06-01T02:11:34.292+0000] {logging_mixin.py:120} INFO - [2023-06-01T02:11:34.292+0000] {dagbag.py:537} INFO - Filling up the DagBag from /home/airflow/.local/lib/python3.7/site-packages/airflow/example_dags/example_external_task_marker_dag.py
[2023-06-01T02:11:34.316+0000] {processor.py:766} INFO - DAG(s) dict_keys(['example_external_task_marker_parent', 'example_external_task_marker_child']) retrieved from /home/airflow/.local/lib/python3.7/site-packages/airflow/example_dags/example_external_task_marker_dag.py
[2023-06-01T02:11:34.350+0000] {logging_mixin.py:120} INFO - [2023-06-01T02:11:34.350+0000] {dag.py:2585} INFO - Sync 2 DAGs
[2023-06-01T02:11:34.370+0000] {logging_mixin.py:120} INFO - [2023-06-01T02:11:34.370+0000] {dag.py:3340} INFO - Setting next_dagrun for example_external_task_marker_child to None, run_after=None
[2023-06-01T02:11:34.373+0000] {logging_mixin.py:120} INFO - [2023-06-01T02:11:34.373+0000] {dag.py:3340} INFO - Setting next_dagrun for example_external_task_marker_parent to None, run_after=None
[2023-06-01T02:11:34.386+0000] {processor.py:176} INFO - Processing /home/airflow/.local/lib/python3.7/site-packages/airflow/example_dags/example_external_task_marker_dag.py took 0.114 seconds
[2023-06-01T02:12:05.012+0000] {processor.py:154} INFO - Started process (PID=517) to work on /home/airflow/.local/lib/python3.7/site-packages/airflow/example_dags/example_external_task_marker_dag.py
[2023-06-01T02:12:05.015+0000] {processor.py:756} INFO - Processing file /home/airflow/.local/lib/python3.7/site-packages/airflow/example_dags/example_external_task_marker_dag.py for tasks to queue
[2023-06-01T02:12:05.017+0000] {logging_mixin.py:120} INFO - [2023-06-01T02:12:05.017+0000] {dagbag.py:537} INFO - Filling up the DagBag from /home/airflow/.local/lib/python3.7/site-packages/airflow/example_dags/example_external_task_marker_dag.py
[2023-06-01T02:12:05.049+0000] {processor.py:766} INFO - DAG(s) dict_keys(['example_external_task_marker_child', 'example_external_task_marker_parent']) retrieved from /home/airflow/.local/lib/python3.7/site-packages/airflow/example_dags/example_external_task_marker_dag.py
[2023-06-01T02:12:05.338+0000] {logging_mixin.py:120} INFO - [2023-06-01T02:12:05.337+0000] {dag.py:2585} INFO - Sync 2 DAGs
[2023-06-01T02:12:05.353+0000] {logging_mixin.py:120} INFO - [2023-06-01T02:12:05.353+0000] {dag.py:3340} INFO - Setting next_dagrun for example_external_task_marker_child to None, run_after=None
[2023-06-01T02:12:05.356+0000] {logging_mixin.py:120} INFO - [2023-06-01T02:12:05.356+0000] {dag.py:3340} INFO - Setting next_dagrun for example_external_task_marker_parent to None, run_after=None
[2023-06-01T02:12:05.367+0000] {processor.py:176} INFO - Processing /home/airflow/.local/lib/python3.7/site-packages/airflow/example_dags/example_external_task_marker_dag.py took 0.368 seconds
[2023-06-01T02:12:35.483+0000] {processor.py:154} INFO - Started process (PID=573) to work on /home/airflow/.local/lib/python3.7/site-packages/airflow/example_dags/example_external_task_marker_dag.py
[2023-06-01T02:12:35.486+0000] {processor.py:756} INFO - Processing file /home/airflow/.local/lib/python3.7/site-packages/airflow/example_dags/example_external_task_marker_dag.py for tasks to queue
[2023-06-01T02:12:35.488+0000] {logging_mixin.py:120} INFO - [2023-06-01T02:12:35.487+0000] {dagbag.py:537} INFO - Filling up the DagBag from /home/airflow/.local/lib/python3.7/site-packages/airflow/example_dags/example_external_task_marker_dag.py
[2023-06-01T02:12:35.513+0000] {processor.py:766} INFO - DAG(s) dict_keys(['example_external_task_marker_child', 'example_external_task_marker_parent']) retrieved from /home/airflow/.local/lib/python3.7/site-packages/airflow/example_dags/example_external_task_marker_dag.py
[2023-06-01T02:12:35.694+0000] {logging_mixin.py:120} INFO - [2023-06-01T02:12:35.694+0000] {dag.py:2585} INFO - Sync 2 DAGs
[2023-06-01T02:12:35.712+0000] {logging_mixin.py:120} INFO - [2023-06-01T02:12:35.712+0000] {dag.py:3340} INFO - Setting next_dagrun for example_external_task_marker_child to None, run_after=None
[2023-06-01T02:12:35.715+0000] {logging_mixin.py:120} INFO - [2023-06-01T02:12:35.715+0000] {dag.py:3340} INFO - Setting next_dagrun for example_external_task_marker_parent to None, run_after=None
[2023-06-01T02:12:35.724+0000] {processor.py:176} INFO - Processing /home/airflow/.local/lib/python3.7/site-packages/airflow/example_dags/example_external_task_marker_dag.py took 0.262 seconds
[2023-06-01T02:13:05.932+0000] {processor.py:154} INFO - Started process (PID=636) to work on /home/airflow/.local/lib/python3.7/site-packages/airflow/example_dags/example_external_task_marker_dag.py
[2023-06-01T02:13:05.935+0000] {processor.py:756} INFO - Processing file /home/airflow/.local/lib/python3.7/site-packages/airflow/example_dags/example_external_task_marker_dag.py for tasks to queue
[2023-06-01T02:13:05.937+0000] {logging_mixin.py:120} INFO - [2023-06-01T02:13:05.937+0000] {dagbag.py:537} INFO - Filling up the DagBag from /home/airflow/.local/lib/python3.7/site-packages/airflow/example_dags/example_external_task_marker_dag.py
[2023-06-01T02:13:05.962+0000] {processor.py:766} INFO - DAG(s) dict_keys(['example_external_task_marker_child', 'example_external_task_marker_parent']) retrieved from /home/airflow/.local/lib/python3.7/site-packages/airflow/example_dags/example_external_task_marker_dag.py
[2023-06-01T02:13:06.206+0000] {logging_mixin.py:120} INFO - [2023-06-01T02:13:06.206+0000] {dag.py:2585} INFO - Sync 2 DAGs
[2023-06-01T02:13:06.226+0000] {logging_mixin.py:120} INFO - [2023-06-01T02:13:06.226+0000] {dag.py:3340} INFO - Setting next_dagrun for example_external_task_marker_child to None, run_after=None
[2023-06-01T02:13:06.231+0000] {logging_mixin.py:120} INFO - [2023-06-01T02:13:06.231+0000] {dag.py:3340} INFO - Setting next_dagrun for example_external_task_marker_parent to None, run_after=None
[2023-06-01T02:13:06.247+0000] {processor.py:176} INFO - Processing /home/airflow/.local/lib/python3.7/site-packages/airflow/example_dags/example_external_task_marker_dag.py took 0.324 seconds
[2023-06-01T02:13:36.698+0000] {processor.py:154} INFO - Started process (PID=698) to work on /home/airflow/.local/lib/python3.7/site-packages/airflow/example_dags/example_external_task_marker_dag.py
[2023-06-01T02:13:36.702+0000] {processor.py:756} INFO - Processing file /home/airflow/.local/lib/python3.7/site-packages/airflow/example_dags/example_external_task_marker_dag.py for tasks to queue
[2023-06-01T02:13:36.705+0000] {logging_mixin.py:120} INFO - [2023-06-01T02:13:36.704+0000] {dagbag.py:537} INFO - Filling up the DagBag from /home/airflow/.local/lib/python3.7/site-packages/airflow/example_dags/example_external_task_marker_dag.py
[2023-06-01T02:13:36.741+0000] {processor.py:766} INFO - DAG(s) dict_keys(['example_external_task_marker_child', 'example_external_task_marker_parent']) retrieved from /home/airflow/.local/lib/python3.7/site-packages/airflow/example_dags/example_external_task_marker_dag.py
[2023-06-01T02:13:36.914+0000] {logging_mixin.py:120} INFO - [2023-06-01T02:13:36.913+0000] {dag.py:2585} INFO - Sync 2 DAGs
[2023-06-01T02:13:36.934+0000] {logging_mixin.py:120} INFO - [2023-06-01T02:13:36.934+0000] {dag.py:3340} INFO - Setting next_dagrun for example_external_task_marker_child to None, run_after=None
[2023-06-01T02:13:36.936+0000] {logging_mixin.py:120} INFO - [2023-06-01T02:13:36.936+0000] {dag.py:3340} INFO - Setting next_dagrun for example_external_task_marker_parent to None, run_after=None
[2023-06-01T02:13:36.946+0000] {processor.py:176} INFO - Processing /home/airflow/.local/lib/python3.7/site-packages/airflow/example_dags/example_external_task_marker_dag.py took 0.257 seconds
[2023-06-01T02:14:07.003+0000] {processor.py:154} INFO - Started process (PID=753) to work on /home/airflow/.local/lib/python3.7/site-packages/airflow/example_dags/example_external_task_marker_dag.py
[2023-06-01T02:14:07.005+0000] {processor.py:756} INFO - Processing file /home/airflow/.local/lib/python3.7/site-packages/airflow/example_dags/example_external_task_marker_dag.py for tasks to queue
[2023-06-01T02:14:07.006+0000] {logging_mixin.py:120} INFO - [2023-06-01T02:14:07.006+0000] {dagbag.py:537} INFO - Filling up the DagBag from /home/airflow/.local/lib/python3.7/site-packages/airflow/example_dags/example_external_task_marker_dag.py
[2023-06-01T02:14:07.219+0000] {processor.py:766} INFO - DAG(s) dict_keys(['example_external_task_marker_parent', 'example_external_task_marker_child']) retrieved from /home/airflow/.local/lib/python3.7/site-packages/airflow/example_dags/example_external_task_marker_dag.py
[2023-06-01T02:14:07.451+0000] {logging_mixin.py:120} INFO - [2023-06-01T02:14:07.451+0000] {dag.py:2585} INFO - Sync 2 DAGs
[2023-06-01T02:14:07.467+0000] {logging_mixin.py:120} INFO - [2023-06-01T02:14:07.467+0000] {dag.py:3340} INFO - Setting next_dagrun for example_external_task_marker_child to None, run_after=None
[2023-06-01T02:14:07.469+0000] {logging_mixin.py:120} INFO - [2023-06-01T02:14:07.469+0000] {dag.py:3340} INFO - Setting next_dagrun for example_external_task_marker_parent to None, run_after=None
[2023-06-01T02:14:07.479+0000] {processor.py:176} INFO - Processing /home/airflow/.local/lib/python3.7/site-packages/airflow/example_dags/example_external_task_marker_dag.py took 0.481 seconds
[2023-06-01T02:14:37.529+0000] {processor.py:154} INFO - Started process (PID=817) to work on /home/airflow/.local/lib/python3.7/site-packages/airflow/example_dags/example_external_task_marker_dag.py
[2023-06-01T02:14:37.532+0000] {processor.py:756} INFO - Processing file /home/airflow/.local/lib/python3.7/site-packages/airflow/example_dags/example_external_task_marker_dag.py for tasks to queue
[2023-06-01T02:14:37.534+0000] {logging_mixin.py:120} INFO - [2023-06-01T02:14:37.533+0000] {dagbag.py:537} INFO - Filling up the DagBag from /home/airflow/.local/lib/python3.7/site-packages/airflow/example_dags/example_external_task_marker_dag.py
[2023-06-01T02:14:37.551+0000] {processor.py:766} INFO - DAG(s) dict_keys(['example_external_task_marker_parent', 'example_external_task_marker_child']) retrieved from /home/airflow/.local/lib/python3.7/site-packages/airflow/example_dags/example_external_task_marker_dag.py
[2023-06-01T02:14:37.723+0000] {logging_mixin.py:120} INFO - [2023-06-01T02:14:37.723+0000] {dag.py:2585} INFO - Sync 2 DAGs
[2023-06-01T02:14:37.737+0000] {logging_mixin.py:120} INFO - [2023-06-01T02:14:37.737+0000] {dag.py:3340} INFO - Setting next_dagrun for example_external_task_marker_child to None, run_after=None
[2023-06-01T02:14:37.740+0000] {logging_mixin.py:120} INFO - [2023-06-01T02:14:37.739+0000] {dag.py:3340} INFO - Setting next_dagrun for example_external_task_marker_parent to None, run_after=None
[2023-06-01T02:14:37.748+0000] {processor.py:176} INFO - Processing /home/airflow/.local/lib/python3.7/site-packages/airflow/example_dags/example_external_task_marker_dag.py took 0.226 seconds
