[2023-06-01T02:07:23.564+0000] {processor.py:154} INFO - Started process (PID=47) to work on /home/airflow/.local/lib/python3.7/site-packages/airflow/example_dags/example_short_circuit_decorator.py
[2023-06-01T02:07:23.591+0000] {processor.py:756} INFO - Processing file /home/airflow/.local/lib/python3.7/site-packages/airflow/example_dags/example_short_circuit_decorator.py for tasks to queue
[2023-06-01T02:07:23.602+0000] {logging_mixin.py:120} INFO - [2023-06-01T02:07:23.601+0000] {dagbag.py:537} INFO - Filling up the DagBag from /home/airflow/.local/lib/python3.7/site-packages/airflow/example_dags/example_short_circuit_decorator.py
[2023-06-01T02:07:23.752+0000] {processor.py:766} INFO - DAG(s) dict_keys(['example_short_circuit_decorator']) retrieved from /home/airflow/.local/lib/python3.7/site-packages/airflow/example_dags/example_short_circuit_decorator.py
[2023-06-01T02:07:24.786+0000] {logging_mixin.py:120} INFO - [2023-06-01T02:07:24.785+0000] {manager.py:507} INFO - Created Permission View: can read on DAG:example_short_circuit_decorator
[2023-06-01T02:07:24.839+0000] {logging_mixin.py:120} INFO - [2023-06-01T02:07:24.839+0000] {manager.py:507} INFO - Created Permission View: can edit on DAG:example_short_circuit_decorator
[2023-06-01T02:07:24.850+0000] {logging_mixin.py:120} INFO - [2023-06-01T02:07:24.850+0000] {manager.py:507} INFO - Created Permission View: can delete on DAG:example_short_circuit_decorator
[2023-06-01T02:07:24.852+0000] {logging_mixin.py:120} INFO - [2023-06-01T02:07:24.852+0000] {dag.py:2585} INFO - Sync 1 DAGs
[2023-06-01T02:07:24.907+0000] {logging_mixin.py:120} INFO - [2023-06-01T02:07:24.906+0000] {dag.py:2606} INFO - Creating ORM DAG for example_short_circuit_decorator
[2023-06-01T02:07:25.123+0000] {logging_mixin.py:120} INFO - [2023-06-01T02:07:25.122+0000] {dag.py:3340} INFO - Setting next_dagrun for example_short_circuit_decorator to 2023-05-31T02:07:25.067955+00:00, run_after=2023-06-01T02:07:25.067955+00:00
[2023-06-01T02:07:25.347+0000] {processor.py:176} INFO - Processing /home/airflow/.local/lib/python3.7/site-packages/airflow/example_dags/example_short_circuit_decorator.py took 1.796 seconds
[2023-06-01T02:08:45.665+0000] {processor.py:154} INFO - Started process (PID=119) to work on /home/airflow/.local/lib/python3.7/site-packages/airflow/example_dags/example_short_circuit_decorator.py
[2023-06-01T02:08:45.682+0000] {processor.py:756} INFO - Processing file /home/airflow/.local/lib/python3.7/site-packages/airflow/example_dags/example_short_circuit_decorator.py for tasks to queue
[2023-06-01T02:08:45.687+0000] {logging_mixin.py:120} INFO - [2023-06-01T02:08:45.686+0000] {dagbag.py:537} INFO - Filling up the DagBag from /home/airflow/.local/lib/python3.7/site-packages/airflow/example_dags/example_short_circuit_decorator.py
[2023-06-01T02:08:45.935+0000] {processor.py:766} INFO - DAG(s) dict_keys(['example_short_circuit_decorator']) retrieved from /home/airflow/.local/lib/python3.7/site-packages/airflow/example_dags/example_short_circuit_decorator.py
[2023-06-01T02:08:46.421+0000] {logging_mixin.py:120} INFO - [2023-06-01T02:08:46.416+0000] {dag.py:2585} INFO - Sync 1 DAGs
[2023-06-01T02:08:46.704+0000] {logging_mixin.py:120} INFO - [2023-06-01T02:08:46.704+0000] {dag.py:3340} INFO - Setting next_dagrun for example_short_circuit_decorator to 2023-05-31T02:08:46.684934+00:00, run_after=2023-06-01T02:08:46.684934+00:00
[2023-06-01T02:08:46.796+0000] {processor.py:176} INFO - Processing /home/airflow/.local/lib/python3.7/site-packages/airflow/example_dags/example_short_circuit_decorator.py took 1.169 seconds
[2023-06-01T02:09:17.804+0000] {processor.py:154} INFO - Started process (PID=174) to work on /home/airflow/.local/lib/python3.7/site-packages/airflow/example_dags/example_short_circuit_decorator.py
[2023-06-01T02:09:17.806+0000] {processor.py:756} INFO - Processing file /home/airflow/.local/lib/python3.7/site-packages/airflow/example_dags/example_short_circuit_decorator.py for tasks to queue
[2023-06-01T02:09:17.807+0000] {logging_mixin.py:120} INFO - [2023-06-01T02:09:17.807+0000] {dagbag.py:537} INFO - Filling up the DagBag from /home/airflow/.local/lib/python3.7/site-packages/airflow/example_dags/example_short_circuit_decorator.py
[2023-06-01T02:09:17.831+0000] {processor.py:766} INFO - DAG(s) dict_keys(['example_short_circuit_decorator']) retrieved from /home/airflow/.local/lib/python3.7/site-packages/airflow/example_dags/example_short_circuit_decorator.py
[2023-06-01T02:09:17.862+0000] {logging_mixin.py:120} INFO - [2023-06-01T02:09:17.861+0000] {dag.py:2585} INFO - Sync 1 DAGs
[2023-06-01T02:09:17.877+0000] {logging_mixin.py:120} INFO - [2023-06-01T02:09:17.877+0000] {dag.py:3340} INFO - Setting next_dagrun for example_short_circuit_decorator to 2023-05-31T02:09:17.876865+00:00, run_after=2023-06-01T02:09:17.876865+00:00
[2023-06-01T02:09:17.889+0000] {processor.py:176} INFO - Processing /home/airflow/.local/lib/python3.7/site-packages/airflow/example_dags/example_short_circuit_decorator.py took 0.090 seconds
[2023-06-01T02:09:48.419+0000] {processor.py:154} INFO - Started process (PID=238) to work on /home/airflow/.local/lib/python3.7/site-packages/airflow/example_dags/example_short_circuit_decorator.py
[2023-06-01T02:09:48.421+0000] {processor.py:756} INFO - Processing file /home/airflow/.local/lib/python3.7/site-packages/airflow/example_dags/example_short_circuit_decorator.py for tasks to queue
[2023-06-01T02:09:48.423+0000] {logging_mixin.py:120} INFO - [2023-06-01T02:09:48.423+0000] {dagbag.py:537} INFO - Filling up the DagBag from /home/airflow/.local/lib/python3.7/site-packages/airflow/example_dags/example_short_circuit_decorator.py
[2023-06-01T02:09:48.450+0000] {processor.py:766} INFO - DAG(s) dict_keys(['example_short_circuit_decorator']) retrieved from /home/airflow/.local/lib/python3.7/site-packages/airflow/example_dags/example_short_circuit_decorator.py
[2023-06-01T02:09:48.484+0000] {logging_mixin.py:120} INFO - [2023-06-01T02:09:48.484+0000] {dag.py:2585} INFO - Sync 1 DAGs
[2023-06-01T02:09:48.512+0000] {logging_mixin.py:120} INFO - [2023-06-01T02:09:48.512+0000] {dag.py:3340} INFO - Setting next_dagrun for example_short_circuit_decorator to 2023-05-31T02:09:48.512546+00:00, run_after=2023-06-01T02:09:48.512546+00:00
[2023-06-01T02:09:48.527+0000] {processor.py:176} INFO - Processing /home/airflow/.local/lib/python3.7/site-packages/airflow/example_dags/example_short_circuit_decorator.py took 0.116 seconds
[2023-06-01T02:10:19.180+0000] {processor.py:154} INFO - Started process (PID=301) to work on /home/airflow/.local/lib/python3.7/site-packages/airflow/example_dags/example_short_circuit_decorator.py
[2023-06-01T02:10:19.187+0000] {processor.py:756} INFO - Processing file /home/airflow/.local/lib/python3.7/site-packages/airflow/example_dags/example_short_circuit_decorator.py for tasks to queue
[2023-06-01T02:10:19.191+0000] {logging_mixin.py:120} INFO - [2023-06-01T02:10:19.191+0000] {dagbag.py:537} INFO - Filling up the DagBag from /home/airflow/.local/lib/python3.7/site-packages/airflow/example_dags/example_short_circuit_decorator.py
[2023-06-01T02:10:19.267+0000] {processor.py:766} INFO - DAG(s) dict_keys(['example_short_circuit_decorator']) retrieved from /home/airflow/.local/lib/python3.7/site-packages/airflow/example_dags/example_short_circuit_decorator.py
[2023-06-01T02:10:19.418+0000] {logging_mixin.py:120} INFO - [2023-06-01T02:10:19.418+0000] {dag.py:2585} INFO - Sync 1 DAGs
[2023-06-01T02:10:19.497+0000] {logging_mixin.py:120} INFO - [2023-06-01T02:10:19.497+0000] {dag.py:3340} INFO - Setting next_dagrun for example_short_circuit_decorator to 2023-05-31T02:10:19.497296+00:00, run_after=2023-06-01T02:10:19.497296+00:00
[2023-06-01T02:10:19.517+0000] {processor.py:176} INFO - Processing /home/airflow/.local/lib/python3.7/site-packages/airflow/example_dags/example_short_circuit_decorator.py took 0.342 seconds
[2023-06-01T02:10:50.021+0000] {processor.py:154} INFO - Started process (PID=356) to work on /home/airflow/.local/lib/python3.7/site-packages/airflow/example_dags/example_short_circuit_decorator.py
[2023-06-01T02:10:50.023+0000] {processor.py:756} INFO - Processing file /home/airflow/.local/lib/python3.7/site-packages/airflow/example_dags/example_short_circuit_decorator.py for tasks to queue
[2023-06-01T02:10:50.024+0000] {logging_mixin.py:120} INFO - [2023-06-01T02:10:50.024+0000] {dagbag.py:537} INFO - Filling up the DagBag from /home/airflow/.local/lib/python3.7/site-packages/airflow/example_dags/example_short_circuit_decorator.py
[2023-06-01T02:10:50.067+0000] {processor.py:766} INFO - DAG(s) dict_keys(['example_short_circuit_decorator']) retrieved from /home/airflow/.local/lib/python3.7/site-packages/airflow/example_dags/example_short_circuit_decorator.py
[2023-06-01T02:10:50.154+0000] {logging_mixin.py:120} INFO - [2023-06-01T02:10:50.154+0000] {dag.py:2585} INFO - Sync 1 DAGs
[2023-06-01T02:10:50.183+0000] {logging_mixin.py:120} INFO - [2023-06-01T02:10:50.183+0000] {dag.py:3340} INFO - Setting next_dagrun for example_short_circuit_decorator to 2023-05-31T02:10:50.183089+00:00, run_after=2023-06-01T02:10:50.183089+00:00
[2023-06-01T02:10:50.197+0000] {processor.py:176} INFO - Processing /home/airflow/.local/lib/python3.7/site-packages/airflow/example_dags/example_short_circuit_decorator.py took 0.180 seconds
[2023-06-01T02:11:20.502+0000] {processor.py:154} INFO - Started process (PID=420) to work on /home/airflow/.local/lib/python3.7/site-packages/airflow/example_dags/example_short_circuit_decorator.py
[2023-06-01T02:11:20.507+0000] {processor.py:756} INFO - Processing file /home/airflow/.local/lib/python3.7/site-packages/airflow/example_dags/example_short_circuit_decorator.py for tasks to queue
[2023-06-01T02:11:20.509+0000] {logging_mixin.py:120} INFO - [2023-06-01T02:11:20.509+0000] {dagbag.py:537} INFO - Filling up the DagBag from /home/airflow/.local/lib/python3.7/site-packages/airflow/example_dags/example_short_circuit_decorator.py
[2023-06-01T02:11:20.544+0000] {processor.py:766} INFO - DAG(s) dict_keys(['example_short_circuit_decorator']) retrieved from /home/airflow/.local/lib/python3.7/site-packages/airflow/example_dags/example_short_circuit_decorator.py
[2023-06-01T02:11:20.606+0000] {logging_mixin.py:120} INFO - [2023-06-01T02:11:20.606+0000] {dag.py:2585} INFO - Sync 1 DAGs
[2023-06-01T02:11:20.645+0000] {logging_mixin.py:120} INFO - [2023-06-01T02:11:20.644+0000] {dag.py:3340} INFO - Setting next_dagrun for example_short_circuit_decorator to 2023-05-31T02:11:20.644445+00:00, run_after=2023-06-01T02:11:20.644445+00:00
[2023-06-01T02:11:20.664+0000] {processor.py:176} INFO - Processing /home/airflow/.local/lib/python3.7/site-packages/airflow/example_dags/example_short_circuit_decorator.py took 0.178 seconds
[2023-06-01T02:11:51.412+0000] {processor.py:154} INFO - Started process (PID=474) to work on /home/airflow/.local/lib/python3.7/site-packages/airflow/example_dags/example_short_circuit_decorator.py
[2023-06-01T02:11:51.415+0000] {processor.py:756} INFO - Processing file /home/airflow/.local/lib/python3.7/site-packages/airflow/example_dags/example_short_circuit_decorator.py for tasks to queue
[2023-06-01T02:11:51.419+0000] {logging_mixin.py:120} INFO - [2023-06-01T02:11:51.419+0000] {dagbag.py:537} INFO - Filling up the DagBag from /home/airflow/.local/lib/python3.7/site-packages/airflow/example_dags/example_short_circuit_decorator.py
[2023-06-01T02:11:51.486+0000] {processor.py:766} INFO - DAG(s) dict_keys(['example_short_circuit_decorator']) retrieved from /home/airflow/.local/lib/python3.7/site-packages/airflow/example_dags/example_short_circuit_decorator.py
[2023-06-01T02:11:51.585+0000] {logging_mixin.py:120} INFO - [2023-06-01T02:11:51.585+0000] {dag.py:2585} INFO - Sync 1 DAGs
[2023-06-01T02:11:51.614+0000] {logging_mixin.py:120} INFO - [2023-06-01T02:11:51.614+0000] {dag.py:3340} INFO - Setting next_dagrun for example_short_circuit_decorator to 2023-05-31T02:11:51.613826+00:00, run_after=2023-06-01T02:11:51.613826+00:00
[2023-06-01T02:11:51.642+0000] {processor.py:176} INFO - Processing /home/airflow/.local/lib/python3.7/site-packages/airflow/example_dags/example_short_circuit_decorator.py took 0.236 seconds
[2023-06-01T02:12:22.204+0000] {processor.py:154} INFO - Started process (PID=538) to work on /home/airflow/.local/lib/python3.7/site-packages/airflow/example_dags/example_short_circuit_decorator.py
[2023-06-01T02:12:22.209+0000] {processor.py:756} INFO - Processing file /home/airflow/.local/lib/python3.7/site-packages/airflow/example_dags/example_short_circuit_decorator.py for tasks to queue
[2023-06-01T02:12:22.211+0000] {logging_mixin.py:120} INFO - [2023-06-01T02:12:22.211+0000] {dagbag.py:537} INFO - Filling up the DagBag from /home/airflow/.local/lib/python3.7/site-packages/airflow/example_dags/example_short_circuit_decorator.py
[2023-06-01T02:12:22.291+0000] {processor.py:766} INFO - DAG(s) dict_keys(['example_short_circuit_decorator']) retrieved from /home/airflow/.local/lib/python3.7/site-packages/airflow/example_dags/example_short_circuit_decorator.py
[2023-06-01T02:12:22.395+0000] {logging_mixin.py:120} INFO - [2023-06-01T02:12:22.395+0000] {dag.py:2585} INFO - Sync 1 DAGs
[2023-06-01T02:12:22.425+0000] {logging_mixin.py:120} INFO - [2023-06-01T02:12:22.425+0000] {dag.py:3340} INFO - Setting next_dagrun for example_short_circuit_decorator to 2023-05-31T02:12:22.424659+00:00, run_after=2023-06-01T02:12:22.424659+00:00
[2023-06-01T02:12:22.446+0000] {processor.py:176} INFO - Processing /home/airflow/.local/lib/python3.7/site-packages/airflow/example_dags/example_short_circuit_decorator.py took 0.261 seconds
[2023-06-01T02:12:53.092+0000] {processor.py:154} INFO - Started process (PID=601) to work on /home/airflow/.local/lib/python3.7/site-packages/airflow/example_dags/example_short_circuit_decorator.py
[2023-06-01T02:12:53.095+0000] {processor.py:756} INFO - Processing file /home/airflow/.local/lib/python3.7/site-packages/airflow/example_dags/example_short_circuit_decorator.py for tasks to queue
[2023-06-01T02:12:53.096+0000] {logging_mixin.py:120} INFO - [2023-06-01T02:12:53.096+0000] {dagbag.py:537} INFO - Filling up the DagBag from /home/airflow/.local/lib/python3.7/site-packages/airflow/example_dags/example_short_circuit_decorator.py
[2023-06-01T02:12:53.131+0000] {processor.py:766} INFO - DAG(s) dict_keys(['example_short_circuit_decorator']) retrieved from /home/airflow/.local/lib/python3.7/site-packages/airflow/example_dags/example_short_circuit_decorator.py
[2023-06-01T02:12:53.205+0000] {logging_mixin.py:120} INFO - [2023-06-01T02:12:53.205+0000] {dag.py:2585} INFO - Sync 1 DAGs
[2023-06-01T02:12:53.236+0000] {logging_mixin.py:120} INFO - [2023-06-01T02:12:53.236+0000] {dag.py:3340} INFO - Setting next_dagrun for example_short_circuit_decorator to 2023-05-31T02:12:53.235811+00:00, run_after=2023-06-01T02:12:53.235811+00:00
[2023-06-01T02:12:53.252+0000] {processor.py:176} INFO - Processing /home/airflow/.local/lib/python3.7/site-packages/airflow/example_dags/example_short_circuit_decorator.py took 0.172 seconds
[2023-06-01T02:13:24.373+0000] {processor.py:154} INFO - Started process (PID=664) to work on /home/airflow/.local/lib/python3.7/site-packages/airflow/example_dags/example_short_circuit_decorator.py
[2023-06-01T02:13:24.377+0000] {processor.py:756} INFO - Processing file /home/airflow/.local/lib/python3.7/site-packages/airflow/example_dags/example_short_circuit_decorator.py for tasks to queue
[2023-06-01T02:13:24.379+0000] {logging_mixin.py:120} INFO - [2023-06-01T02:13:24.379+0000] {dagbag.py:537} INFO - Filling up the DagBag from /home/airflow/.local/lib/python3.7/site-packages/airflow/example_dags/example_short_circuit_decorator.py
[2023-06-01T02:13:24.453+0000] {processor.py:766} INFO - DAG(s) dict_keys(['example_short_circuit_decorator']) retrieved from /home/airflow/.local/lib/python3.7/site-packages/airflow/example_dags/example_short_circuit_decorator.py
[2023-06-01T02:13:24.578+0000] {logging_mixin.py:120} INFO - [2023-06-01T02:13:24.578+0000] {dag.py:2585} INFO - Sync 1 DAGs
[2023-06-01T02:13:24.678+0000] {logging_mixin.py:120} INFO - [2023-06-01T02:13:24.678+0000] {dag.py:3340} INFO - Setting next_dagrun for example_short_circuit_decorator to 2023-05-31T02:13:24.678076+00:00, run_after=2023-06-01T02:13:24.678076+00:00
[2023-06-01T02:13:24.754+0000] {processor.py:176} INFO - Processing /home/airflow/.local/lib/python3.7/site-packages/airflow/example_dags/example_short_circuit_decorator.py took 0.398 seconds
[2023-06-01T02:13:55.486+0000] {processor.py:154} INFO - Started process (PID=718) to work on /home/airflow/.local/lib/python3.7/site-packages/airflow/example_dags/example_short_circuit_decorator.py
[2023-06-01T02:13:55.489+0000] {processor.py:756} INFO - Processing file /home/airflow/.local/lib/python3.7/site-packages/airflow/example_dags/example_short_circuit_decorator.py for tasks to queue
[2023-06-01T02:13:55.492+0000] {logging_mixin.py:120} INFO - [2023-06-01T02:13:55.491+0000] {dagbag.py:537} INFO - Filling up the DagBag from /home/airflow/.local/lib/python3.7/site-packages/airflow/example_dags/example_short_circuit_decorator.py
[2023-06-01T02:13:55.542+0000] {processor.py:766} INFO - DAG(s) dict_keys(['example_short_circuit_decorator']) retrieved from /home/airflow/.local/lib/python3.7/site-packages/airflow/example_dags/example_short_circuit_decorator.py
[2023-06-01T02:13:55.621+0000] {logging_mixin.py:120} INFO - [2023-06-01T02:13:55.621+0000] {dag.py:2585} INFO - Sync 1 DAGs
[2023-06-01T02:13:55.645+0000] {logging_mixin.py:120} INFO - [2023-06-01T02:13:55.645+0000] {dag.py:3340} INFO - Setting next_dagrun for example_short_circuit_decorator to 2023-05-31T02:13:55.644943+00:00, run_after=2023-06-01T02:13:55.644943+00:00
[2023-06-01T02:13:55.662+0000] {processor.py:176} INFO - Processing /home/airflow/.local/lib/python3.7/site-packages/airflow/example_dags/example_short_circuit_decorator.py took 0.186 seconds
[2023-06-01T02:14:26.370+0000] {processor.py:154} INFO - Started process (PID=781) to work on /home/airflow/.local/lib/python3.7/site-packages/airflow/example_dags/example_short_circuit_decorator.py
[2023-06-01T02:14:26.378+0000] {processor.py:756} INFO - Processing file /home/airflow/.local/lib/python3.7/site-packages/airflow/example_dags/example_short_circuit_decorator.py for tasks to queue
[2023-06-01T02:14:26.381+0000] {logging_mixin.py:120} INFO - [2023-06-01T02:14:26.381+0000] {dagbag.py:537} INFO - Filling up the DagBag from /home/airflow/.local/lib/python3.7/site-packages/airflow/example_dags/example_short_circuit_decorator.py
[2023-06-01T02:14:26.427+0000] {processor.py:766} INFO - DAG(s) dict_keys(['example_short_circuit_decorator']) retrieved from /home/airflow/.local/lib/python3.7/site-packages/airflow/example_dags/example_short_circuit_decorator.py
[2023-06-01T02:14:26.498+0000] {logging_mixin.py:120} INFO - [2023-06-01T02:14:26.498+0000] {dag.py:2585} INFO - Sync 1 DAGs
[2023-06-01T02:14:26.522+0000] {logging_mixin.py:120} INFO - [2023-06-01T02:14:26.522+0000] {dag.py:3340} INFO - Setting next_dagrun for example_short_circuit_decorator to 2023-05-31T02:14:26.521829+00:00, run_after=2023-06-01T02:14:26.521829+00:00
[2023-06-01T02:14:26.537+0000] {processor.py:176} INFO - Processing /home/airflow/.local/lib/python3.7/site-packages/airflow/example_dags/example_short_circuit_decorator.py took 0.175 seconds
