[2023-06-01T02:07:36.096+0000] {processor.py:154} INFO - Started process (PID=60) to work on /home/airflow/.local/lib/python3.7/site-packages/airflow/example_dags/example_time_delta_sensor_async.py
[2023-06-01T02:07:36.104+0000] {processor.py:756} INFO - Processing file /home/airflow/.local/lib/python3.7/site-packages/airflow/example_dags/example_time_delta_sensor_async.py for tasks to queue
[2023-06-01T02:07:36.129+0000] {logging_mixin.py:120} INFO - [2023-06-01T02:07:36.129+0000] {dagbag.py:537} INFO - Filling up the DagBag from /home/airflow/.local/lib/python3.7/site-packages/airflow/example_dags/example_time_delta_sensor_async.py
[2023-06-01T02:07:36.473+0000] {processor.py:766} INFO - DAG(s) dict_keys(['example_time_delta_sensor_async']) retrieved from /home/airflow/.local/lib/python3.7/site-packages/airflow/example_dags/example_time_delta_sensor_async.py
[2023-06-01T02:07:42.442+0000] {logging_mixin.py:120} INFO - [2023-06-01T02:07:42.358+0000] {manager.py:507} INFO - Created Permission View: can read on DAG:example_time_delta_sensor_async
[2023-06-01T02:07:42.844+0000] {logging_mixin.py:120} INFO - [2023-06-01T02:07:42.842+0000] {manager.py:507} INFO - Created Permission View: can edit on DAG:example_time_delta_sensor_async
[2023-06-01T02:07:42.955+0000] {logging_mixin.py:120} INFO - [2023-06-01T02:07:42.916+0000] {manager.py:507} INFO - Created Permission View: can delete on DAG:example_time_delta_sensor_async
[2023-06-01T02:07:42.962+0000] {logging_mixin.py:120} INFO - [2023-06-01T02:07:42.962+0000] {dag.py:2585} INFO - Sync 1 DAGs
[2023-06-01T02:07:43.415+0000] {logging_mixin.py:120} INFO - [2023-06-01T02:07:43.414+0000] {dag.py:2606} INFO - Creating ORM DAG for example_time_delta_sensor_async
[2023-06-01T02:07:43.634+0000] {logging_mixin.py:120} INFO - [2023-06-01T02:07:43.633+0000] {dag.py:3340} INFO - Setting next_dagrun for example_time_delta_sensor_async to None, run_after=None
[2023-06-01T02:07:43.964+0000] {processor.py:176} INFO - Processing /home/airflow/.local/lib/python3.7/site-packages/airflow/example_dags/example_time_delta_sensor_async.py took 7.973 seconds
[2023-06-01T02:08:48.815+0000] {processor.py:154} INFO - Started process (PID=123) to work on /home/airflow/.local/lib/python3.7/site-packages/airflow/example_dags/example_time_delta_sensor_async.py
[2023-06-01T02:08:48.820+0000] {processor.py:756} INFO - Processing file /home/airflow/.local/lib/python3.7/site-packages/airflow/example_dags/example_time_delta_sensor_async.py for tasks to queue
[2023-06-01T02:08:48.821+0000] {logging_mixin.py:120} INFO - [2023-06-01T02:08:48.821+0000] {dagbag.py:537} INFO - Filling up the DagBag from /home/airflow/.local/lib/python3.7/site-packages/airflow/example_dags/example_time_delta_sensor_async.py
[2023-06-01T02:08:48.946+0000] {processor.py:766} INFO - DAG(s) dict_keys(['example_time_delta_sensor_async']) retrieved from /home/airflow/.local/lib/python3.7/site-packages/airflow/example_dags/example_time_delta_sensor_async.py
[2023-06-01T02:08:49.723+0000] {logging_mixin.py:120} INFO - [2023-06-01T02:08:49.723+0000] {dag.py:2585} INFO - Sync 1 DAGs
[2023-06-01T02:08:49.771+0000] {logging_mixin.py:120} INFO - [2023-06-01T02:08:49.771+0000] {dag.py:3340} INFO - Setting next_dagrun for example_time_delta_sensor_async to None, run_after=None
[2023-06-01T02:08:49.799+0000] {processor.py:176} INFO - Processing /home/airflow/.local/lib/python3.7/site-packages/airflow/example_dags/example_time_delta_sensor_async.py took 0.992 seconds
[2023-06-01T02:09:20.107+0000] {processor.py:154} INFO - Started process (PID=178) to work on /home/airflow/.local/lib/python3.7/site-packages/airflow/example_dags/example_time_delta_sensor_async.py
[2023-06-01T02:09:20.110+0000] {processor.py:756} INFO - Processing file /home/airflow/.local/lib/python3.7/site-packages/airflow/example_dags/example_time_delta_sensor_async.py for tasks to queue
[2023-06-01T02:09:20.112+0000] {logging_mixin.py:120} INFO - [2023-06-01T02:09:20.111+0000] {dagbag.py:537} INFO - Filling up the DagBag from /home/airflow/.local/lib/python3.7/site-packages/airflow/example_dags/example_time_delta_sensor_async.py
[2023-06-01T02:09:20.228+0000] {processor.py:766} INFO - DAG(s) dict_keys(['example_time_delta_sensor_async']) retrieved from /home/airflow/.local/lib/python3.7/site-packages/airflow/example_dags/example_time_delta_sensor_async.py
[2023-06-01T02:09:20.640+0000] {logging_mixin.py:120} INFO - [2023-06-01T02:09:20.639+0000] {dag.py:2585} INFO - Sync 1 DAGs
[2023-06-01T02:09:20.670+0000] {logging_mixin.py:120} INFO - [2023-06-01T02:09:20.669+0000] {dag.py:3340} INFO - Setting next_dagrun for example_time_delta_sensor_async to None, run_after=None
[2023-06-01T02:09:20.690+0000] {processor.py:176} INFO - Processing /home/airflow/.local/lib/python3.7/site-packages/airflow/example_dags/example_time_delta_sensor_async.py took 0.591 seconds
[2023-06-01T02:09:50.780+0000] {processor.py:154} INFO - Started process (PID=242) to work on /home/airflow/.local/lib/python3.7/site-packages/airflow/example_dags/example_time_delta_sensor_async.py
[2023-06-01T02:09:50.782+0000] {processor.py:756} INFO - Processing file /home/airflow/.local/lib/python3.7/site-packages/airflow/example_dags/example_time_delta_sensor_async.py for tasks to queue
[2023-06-01T02:09:50.783+0000] {logging_mixin.py:120} INFO - [2023-06-01T02:09:50.783+0000] {dagbag.py:537} INFO - Filling up the DagBag from /home/airflow/.local/lib/python3.7/site-packages/airflow/example_dags/example_time_delta_sensor_async.py
[2023-06-01T02:09:50.803+0000] {processor.py:766} INFO - DAG(s) dict_keys(['example_time_delta_sensor_async']) retrieved from /home/airflow/.local/lib/python3.7/site-packages/airflow/example_dags/example_time_delta_sensor_async.py
[2023-06-01T02:09:50.969+0000] {logging_mixin.py:120} INFO - [2023-06-01T02:09:50.969+0000] {dag.py:2585} INFO - Sync 1 DAGs
[2023-06-01T02:09:51.000+0000] {logging_mixin.py:120} INFO - [2023-06-01T02:09:51.000+0000] {dag.py:3340} INFO - Setting next_dagrun for example_time_delta_sensor_async to None, run_after=None
[2023-06-01T02:09:51.015+0000] {processor.py:176} INFO - Processing /home/airflow/.local/lib/python3.7/site-packages/airflow/example_dags/example_time_delta_sensor_async.py took 0.243 seconds
[2023-06-01T02:10:21.637+0000] {processor.py:154} INFO - Started process (PID=305) to work on /home/airflow/.local/lib/python3.7/site-packages/airflow/example_dags/example_time_delta_sensor_async.py
[2023-06-01T02:10:21.639+0000] {processor.py:756} INFO - Processing file /home/airflow/.local/lib/python3.7/site-packages/airflow/example_dags/example_time_delta_sensor_async.py for tasks to queue
[2023-06-01T02:10:21.640+0000] {logging_mixin.py:120} INFO - [2023-06-01T02:10:21.640+0000] {dagbag.py:537} INFO - Filling up the DagBag from /home/airflow/.local/lib/python3.7/site-packages/airflow/example_dags/example_time_delta_sensor_async.py
[2023-06-01T02:10:21.682+0000] {processor.py:766} INFO - DAG(s) dict_keys(['example_time_delta_sensor_async']) retrieved from /home/airflow/.local/lib/python3.7/site-packages/airflow/example_dags/example_time_delta_sensor_async.py
[2023-06-01T02:10:21.899+0000] {logging_mixin.py:120} INFO - [2023-06-01T02:10:21.898+0000] {dag.py:2585} INFO - Sync 1 DAGs
[2023-06-01T02:10:21.916+0000] {logging_mixin.py:120} INFO - [2023-06-01T02:10:21.916+0000] {dag.py:3340} INFO - Setting next_dagrun for example_time_delta_sensor_async to None, run_after=None
[2023-06-01T02:10:21.930+0000] {processor.py:176} INFO - Processing /home/airflow/.local/lib/python3.7/site-packages/airflow/example_dags/example_time_delta_sensor_async.py took 0.295 seconds
[2023-06-01T02:10:52.327+0000] {processor.py:154} INFO - Started process (PID=360) to work on /home/airflow/.local/lib/python3.7/site-packages/airflow/example_dags/example_time_delta_sensor_async.py
[2023-06-01T02:10:52.329+0000] {processor.py:756} INFO - Processing file /home/airflow/.local/lib/python3.7/site-packages/airflow/example_dags/example_time_delta_sensor_async.py for tasks to queue
[2023-06-01T02:10:52.331+0000] {logging_mixin.py:120} INFO - [2023-06-01T02:10:52.330+0000] {dagbag.py:537} INFO - Filling up the DagBag from /home/airflow/.local/lib/python3.7/site-packages/airflow/example_dags/example_time_delta_sensor_async.py
[2023-06-01T02:10:52.351+0000] {processor.py:766} INFO - DAG(s) dict_keys(['example_time_delta_sensor_async']) retrieved from /home/airflow/.local/lib/python3.7/site-packages/airflow/example_dags/example_time_delta_sensor_async.py
[2023-06-01T02:10:52.570+0000] {logging_mixin.py:120} INFO - [2023-06-01T02:10:52.570+0000] {dag.py:2585} INFO - Sync 1 DAGs
[2023-06-01T02:10:52.597+0000] {logging_mixin.py:120} INFO - [2023-06-01T02:10:52.597+0000] {dag.py:3340} INFO - Setting next_dagrun for example_time_delta_sensor_async to None, run_after=None
[2023-06-01T02:10:52.609+0000] {processor.py:176} INFO - Processing /home/airflow/.local/lib/python3.7/site-packages/airflow/example_dags/example_time_delta_sensor_async.py took 0.286 seconds
[2023-06-01T02:11:22.850+0000] {processor.py:154} INFO - Started process (PID=424) to work on /home/airflow/.local/lib/python3.7/site-packages/airflow/example_dags/example_time_delta_sensor_async.py
[2023-06-01T02:11:22.853+0000] {processor.py:756} INFO - Processing file /home/airflow/.local/lib/python3.7/site-packages/airflow/example_dags/example_time_delta_sensor_async.py for tasks to queue
[2023-06-01T02:11:22.853+0000] {logging_mixin.py:120} INFO - [2023-06-01T02:11:22.853+0000] {dagbag.py:537} INFO - Filling up the DagBag from /home/airflow/.local/lib/python3.7/site-packages/airflow/example_dags/example_time_delta_sensor_async.py
[2023-06-01T02:11:22.889+0000] {processor.py:766} INFO - DAG(s) dict_keys(['example_time_delta_sensor_async']) retrieved from /home/airflow/.local/lib/python3.7/site-packages/airflow/example_dags/example_time_delta_sensor_async.py
[2023-06-01T02:11:23.017+0000] {logging_mixin.py:120} INFO - [2023-06-01T02:11:23.017+0000] {dag.py:2585} INFO - Sync 1 DAGs
[2023-06-01T02:11:23.092+0000] {logging_mixin.py:120} INFO - [2023-06-01T02:11:23.091+0000] {dag.py:3340} INFO - Setting next_dagrun for example_time_delta_sensor_async to None, run_after=None
[2023-06-01T02:11:23.136+0000] {processor.py:176} INFO - Processing /home/airflow/.local/lib/python3.7/site-packages/airflow/example_dags/example_time_delta_sensor_async.py took 0.292 seconds
[2023-06-01T02:11:53.828+0000] {processor.py:154} INFO - Started process (PID=488) to work on /home/airflow/.local/lib/python3.7/site-packages/airflow/example_dags/example_time_delta_sensor_async.py
[2023-06-01T02:11:53.831+0000] {processor.py:756} INFO - Processing file /home/airflow/.local/lib/python3.7/site-packages/airflow/example_dags/example_time_delta_sensor_async.py for tasks to queue
[2023-06-01T02:11:53.832+0000] {logging_mixin.py:120} INFO - [2023-06-01T02:11:53.832+0000] {dagbag.py:537} INFO - Filling up the DagBag from /home/airflow/.local/lib/python3.7/site-packages/airflow/example_dags/example_time_delta_sensor_async.py
[2023-06-01T02:11:53.899+0000] {processor.py:766} INFO - DAG(s) dict_keys(['example_time_delta_sensor_async']) retrieved from /home/airflow/.local/lib/python3.7/site-packages/airflow/example_dags/example_time_delta_sensor_async.py
[2023-06-01T02:11:54.774+0000] {logging_mixin.py:120} INFO - [2023-06-01T02:11:54.774+0000] {dag.py:2585} INFO - Sync 1 DAGs
[2023-06-01T02:11:54.799+0000] {logging_mixin.py:120} INFO - [2023-06-01T02:11:54.799+0000] {dag.py:3340} INFO - Setting next_dagrun for example_time_delta_sensor_async to None, run_after=None
[2023-06-01T02:11:54.822+0000] {processor.py:176} INFO - Processing /home/airflow/.local/lib/python3.7/site-packages/airflow/example_dags/example_time_delta_sensor_async.py took 0.998 seconds
[2023-06-01T02:12:24.899+0000] {processor.py:154} INFO - Started process (PID=544) to work on /home/airflow/.local/lib/python3.7/site-packages/airflow/example_dags/example_time_delta_sensor_async.py
[2023-06-01T02:12:24.901+0000] {processor.py:756} INFO - Processing file /home/airflow/.local/lib/python3.7/site-packages/airflow/example_dags/example_time_delta_sensor_async.py for tasks to queue
[2023-06-01T02:12:24.902+0000] {logging_mixin.py:120} INFO - [2023-06-01T02:12:24.902+0000] {dagbag.py:537} INFO - Filling up the DagBag from /home/airflow/.local/lib/python3.7/site-packages/airflow/example_dags/example_time_delta_sensor_async.py
[2023-06-01T02:12:24.915+0000] {processor.py:766} INFO - DAG(s) dict_keys(['example_time_delta_sensor_async']) retrieved from /home/airflow/.local/lib/python3.7/site-packages/airflow/example_dags/example_time_delta_sensor_async.py
[2023-06-01T02:12:25.042+0000] {logging_mixin.py:120} INFO - [2023-06-01T02:12:25.042+0000] {dag.py:2585} INFO - Sync 1 DAGs
[2023-06-01T02:12:25.058+0000] {logging_mixin.py:120} INFO - [2023-06-01T02:12:25.058+0000] {dag.py:3340} INFO - Setting next_dagrun for example_time_delta_sensor_async to None, run_after=None
[2023-06-01T02:12:25.070+0000] {processor.py:176} INFO - Processing /home/airflow/.local/lib/python3.7/site-packages/airflow/example_dags/example_time_delta_sensor_async.py took 0.174 seconds
[2023-06-01T02:12:55.411+0000] {processor.py:154} INFO - Started process (PID=605) to work on /home/airflow/.local/lib/python3.7/site-packages/airflow/example_dags/example_time_delta_sensor_async.py
[2023-06-01T02:12:55.414+0000] {processor.py:756} INFO - Processing file /home/airflow/.local/lib/python3.7/site-packages/airflow/example_dags/example_time_delta_sensor_async.py for tasks to queue
[2023-06-01T02:12:55.416+0000] {logging_mixin.py:120} INFO - [2023-06-01T02:12:55.416+0000] {dagbag.py:537} INFO - Filling up the DagBag from /home/airflow/.local/lib/python3.7/site-packages/airflow/example_dags/example_time_delta_sensor_async.py
[2023-06-01T02:12:55.443+0000] {processor.py:766} INFO - DAG(s) dict_keys(['example_time_delta_sensor_async']) retrieved from /home/airflow/.local/lib/python3.7/site-packages/airflow/example_dags/example_time_delta_sensor_async.py
[2023-06-01T02:12:55.648+0000] {logging_mixin.py:120} INFO - [2023-06-01T02:12:55.647+0000] {dag.py:2585} INFO - Sync 1 DAGs
[2023-06-01T02:12:55.665+0000] {logging_mixin.py:120} INFO - [2023-06-01T02:12:55.665+0000] {dag.py:3340} INFO - Setting next_dagrun for example_time_delta_sensor_async to None, run_after=None
[2023-06-01T02:12:55.678+0000] {processor.py:176} INFO - Processing /home/airflow/.local/lib/python3.7/site-packages/airflow/example_dags/example_time_delta_sensor_async.py took 0.285 seconds
[2023-06-01T02:13:26.082+0000] {processor.py:154} INFO - Started process (PID=668) to work on /home/airflow/.local/lib/python3.7/site-packages/airflow/example_dags/example_time_delta_sensor_async.py
[2023-06-01T02:13:26.086+0000] {processor.py:756} INFO - Processing file /home/airflow/.local/lib/python3.7/site-packages/airflow/example_dags/example_time_delta_sensor_async.py for tasks to queue
[2023-06-01T02:13:26.088+0000] {logging_mixin.py:120} INFO - [2023-06-01T02:13:26.088+0000] {dagbag.py:537} INFO - Filling up the DagBag from /home/airflow/.local/lib/python3.7/site-packages/airflow/example_dags/example_time_delta_sensor_async.py
[2023-06-01T02:13:26.115+0000] {processor.py:766} INFO - DAG(s) dict_keys(['example_time_delta_sensor_async']) retrieved from /home/airflow/.local/lib/python3.7/site-packages/airflow/example_dags/example_time_delta_sensor_async.py
[2023-06-01T02:13:26.339+0000] {logging_mixin.py:120} INFO - [2023-06-01T02:13:26.339+0000] {dag.py:2585} INFO - Sync 1 DAGs
[2023-06-01T02:13:26.357+0000] {logging_mixin.py:120} INFO - [2023-06-01T02:13:26.357+0000] {dag.py:3340} INFO - Setting next_dagrun for example_time_delta_sensor_async to None, run_after=None
[2023-06-01T02:13:26.380+0000] {processor.py:176} INFO - Processing /home/airflow/.local/lib/python3.7/site-packages/airflow/example_dags/example_time_delta_sensor_async.py took 0.315 seconds
[2023-06-01T02:13:56.908+0000] {processor.py:154} INFO - Started process (PID=722) to work on /home/airflow/.local/lib/python3.7/site-packages/airflow/example_dags/example_time_delta_sensor_async.py
[2023-06-01T02:13:56.911+0000] {processor.py:756} INFO - Processing file /home/airflow/.local/lib/python3.7/site-packages/airflow/example_dags/example_time_delta_sensor_async.py for tasks to queue
[2023-06-01T02:13:56.913+0000] {logging_mixin.py:120} INFO - [2023-06-01T02:13:56.913+0000] {dagbag.py:537} INFO - Filling up the DagBag from /home/airflow/.local/lib/python3.7/site-packages/airflow/example_dags/example_time_delta_sensor_async.py
[2023-06-01T02:13:56.957+0000] {processor.py:766} INFO - DAG(s) dict_keys(['example_time_delta_sensor_async']) retrieved from /home/airflow/.local/lib/python3.7/site-packages/airflow/example_dags/example_time_delta_sensor_async.py
[2023-06-01T02:13:57.158+0000] {logging_mixin.py:120} INFO - [2023-06-01T02:13:57.157+0000] {dag.py:2585} INFO - Sync 1 DAGs
[2023-06-01T02:13:57.180+0000] {logging_mixin.py:120} INFO - [2023-06-01T02:13:57.180+0000] {dag.py:3340} INFO - Setting next_dagrun for example_time_delta_sensor_async to None, run_after=None
[2023-06-01T02:13:57.192+0000] {processor.py:176} INFO - Processing /home/airflow/.local/lib/python3.7/site-packages/airflow/example_dags/example_time_delta_sensor_async.py took 0.293 seconds
[2023-06-01T02:14:27.733+0000] {processor.py:154} INFO - Started process (PID=785) to work on /home/airflow/.local/lib/python3.7/site-packages/airflow/example_dags/example_time_delta_sensor_async.py
[2023-06-01T02:14:27.735+0000] {processor.py:756} INFO - Processing file /home/airflow/.local/lib/python3.7/site-packages/airflow/example_dags/example_time_delta_sensor_async.py for tasks to queue
[2023-06-01T02:14:27.736+0000] {logging_mixin.py:120} INFO - [2023-06-01T02:14:27.735+0000] {dagbag.py:537} INFO - Filling up the DagBag from /home/airflow/.local/lib/python3.7/site-packages/airflow/example_dags/example_time_delta_sensor_async.py
[2023-06-01T02:14:27.749+0000] {processor.py:766} INFO - DAG(s) dict_keys(['example_time_delta_sensor_async']) retrieved from /home/airflow/.local/lib/python3.7/site-packages/airflow/example_dags/example_time_delta_sensor_async.py
[2023-06-01T02:14:27.900+0000] {logging_mixin.py:120} INFO - [2023-06-01T02:14:27.900+0000] {dag.py:2585} INFO - Sync 1 DAGs
[2023-06-01T02:14:27.916+0000] {logging_mixin.py:120} INFO - [2023-06-01T02:14:27.916+0000] {dag.py:3340} INFO - Setting next_dagrun for example_time_delta_sensor_async to None, run_after=None
[2023-06-01T02:14:27.929+0000] {processor.py:176} INFO - Processing /home/airflow/.local/lib/python3.7/site-packages/airflow/example_dags/example_time_delta_sensor_async.py took 0.200 seconds
