[2023-06-01T02:08:05.724+0000] {processor.py:154} INFO - Started process (PID=75) to work on /home/airflow/.local/lib/python3.7/site-packages/airflow/example_dags/example_branch_labels.py
[2023-06-01T02:08:05.753+0000] {processor.py:756} INFO - Processing file /home/airflow/.local/lib/python3.7/site-packages/airflow/example_dags/example_branch_labels.py for tasks to queue
[2023-06-01T02:08:05.795+0000] {logging_mixin.py:120} INFO - [2023-06-01T02:08:05.795+0000] {dagbag.py:537} INFO - Filling up the DagBag from /home/airflow/.local/lib/python3.7/site-packages/airflow/example_dags/example_branch_labels.py
[2023-06-01T02:08:06.079+0000] {processor.py:766} INFO - DAG(s) dict_keys(['example_branch_labels']) retrieved from /home/airflow/.local/lib/python3.7/site-packages/airflow/example_dags/example_branch_labels.py
[2023-06-01T02:08:07.625+0000] {logging_mixin.py:120} INFO - [2023-06-01T02:08:07.624+0000] {manager.py:507} INFO - Created Permission View: can read on DAG:example_branch_labels
[2023-06-01T02:08:07.738+0000] {logging_mixin.py:120} INFO - [2023-06-01T02:08:07.738+0000] {manager.py:507} INFO - Created Permission View: can edit on DAG:example_branch_labels
[2023-06-01T02:08:07.787+0000] {logging_mixin.py:120} INFO - [2023-06-01T02:08:07.787+0000] {manager.py:507} INFO - Created Permission View: can delete on DAG:example_branch_labels
[2023-06-01T02:08:07.794+0000] {logging_mixin.py:120} INFO - [2023-06-01T02:08:07.792+0000] {dag.py:2585} INFO - Sync 1 DAGs
[2023-06-01T02:08:07.953+0000] {logging_mixin.py:120} INFO - [2023-06-01T02:08:07.953+0000] {dag.py:2606} INFO - Creating ORM DAG for example_branch_labels
[2023-06-01T02:08:08.041+0000] {logging_mixin.py:120} INFO - [2023-06-01T02:08:08.039+0000] {dag.py:3340} INFO - Setting next_dagrun for example_branch_labels to 2023-05-31T00:00:00+00:00, run_after=2023-06-01T00:00:00+00:00
[2023-06-01T02:08:08.168+0000] {processor.py:176} INFO - Processing /home/airflow/.local/lib/python3.7/site-packages/airflow/example_dags/example_branch_labels.py took 2.482 seconds
[2023-06-01T02:08:50.339+0000] {processor.py:154} INFO - Started process (PID=129) to work on /home/airflow/.local/lib/python3.7/site-packages/airflow/example_dags/example_branch_labels.py
[2023-06-01T02:08:50.347+0000] {processor.py:756} INFO - Processing file /home/airflow/.local/lib/python3.7/site-packages/airflow/example_dags/example_branch_labels.py for tasks to queue
[2023-06-01T02:08:50.350+0000] {logging_mixin.py:120} INFO - [2023-06-01T02:08:50.349+0000] {dagbag.py:537} INFO - Filling up the DagBag from /home/airflow/.local/lib/python3.7/site-packages/airflow/example_dags/example_branch_labels.py
[2023-06-01T02:08:50.406+0000] {processor.py:766} INFO - DAG(s) dict_keys(['example_branch_labels']) retrieved from /home/airflow/.local/lib/python3.7/site-packages/airflow/example_dags/example_branch_labels.py
[2023-06-01T02:08:50.897+0000] {logging_mixin.py:120} INFO - [2023-06-01T02:08:50.896+0000] {dag.py:2585} INFO - Sync 1 DAGs
[2023-06-01T02:08:51.113+0000] {logging_mixin.py:120} INFO - [2023-06-01T02:08:51.113+0000] {dag.py:3340} INFO - Setting next_dagrun for example_branch_labels to 2023-05-31T00:00:00+00:00, run_after=2023-06-01T00:00:00+00:00
[2023-06-01T02:08:51.425+0000] {processor.py:176} INFO - Processing /home/airflow/.local/lib/python3.7/site-packages/airflow/example_dags/example_branch_labels.py took 1.111 seconds
[2023-06-01T02:09:22.257+0000] {processor.py:154} INFO - Started process (PID=191) to work on /home/airflow/.local/lib/python3.7/site-packages/airflow/example_dags/example_branch_labels.py
[2023-06-01T02:09:22.277+0000] {processor.py:756} INFO - Processing file /home/airflow/.local/lib/python3.7/site-packages/airflow/example_dags/example_branch_labels.py for tasks to queue
[2023-06-01T02:09:22.290+0000] {logging_mixin.py:120} INFO - [2023-06-01T02:09:22.289+0000] {dagbag.py:537} INFO - Filling up the DagBag from /home/airflow/.local/lib/python3.7/site-packages/airflow/example_dags/example_branch_labels.py
[2023-06-01T02:09:22.460+0000] {processor.py:766} INFO - DAG(s) dict_keys(['example_branch_labels']) retrieved from /home/airflow/.local/lib/python3.7/site-packages/airflow/example_dags/example_branch_labels.py
[2023-06-01T02:09:22.675+0000] {logging_mixin.py:120} INFO - [2023-06-01T02:09:22.675+0000] {dag.py:2585} INFO - Sync 1 DAGs
[2023-06-01T02:09:22.743+0000] {logging_mixin.py:120} INFO - [2023-06-01T02:09:22.742+0000] {dag.py:3340} INFO - Setting next_dagrun for example_branch_labels to 2023-05-31T00:00:00+00:00, run_after=2023-06-01T00:00:00+00:00
[2023-06-01T02:09:22.767+0000] {processor.py:176} INFO - Processing /home/airflow/.local/lib/python3.7/site-packages/airflow/example_dags/example_branch_labels.py took 0.571 seconds
[2023-06-01T02:09:53.386+0000] {processor.py:154} INFO - Started process (PID=248) to work on /home/airflow/.local/lib/python3.7/site-packages/airflow/example_dags/example_branch_labels.py
[2023-06-01T02:09:53.388+0000] {processor.py:756} INFO - Processing file /home/airflow/.local/lib/python3.7/site-packages/airflow/example_dags/example_branch_labels.py for tasks to queue
[2023-06-01T02:09:53.390+0000] {logging_mixin.py:120} INFO - [2023-06-01T02:09:53.390+0000] {dagbag.py:537} INFO - Filling up the DagBag from /home/airflow/.local/lib/python3.7/site-packages/airflow/example_dags/example_branch_labels.py
[2023-06-01T02:09:53.425+0000] {processor.py:766} INFO - DAG(s) dict_keys(['example_branch_labels']) retrieved from /home/airflow/.local/lib/python3.7/site-packages/airflow/example_dags/example_branch_labels.py
[2023-06-01T02:09:53.515+0000] {logging_mixin.py:120} INFO - [2023-06-01T02:09:53.515+0000] {dag.py:2585} INFO - Sync 1 DAGs
[2023-06-01T02:09:53.538+0000] {logging_mixin.py:120} INFO - [2023-06-01T02:09:53.538+0000] {dag.py:3340} INFO - Setting next_dagrun for example_branch_labels to 2023-05-31T00:00:00+00:00, run_after=2023-06-01T00:00:00+00:00
[2023-06-01T02:09:53.562+0000] {processor.py:176} INFO - Processing /home/airflow/.local/lib/python3.7/site-packages/airflow/example_dags/example_branch_labels.py took 0.183 seconds
[2023-06-01T02:10:24.229+0000] {processor.py:154} INFO - Started process (PID=311) to work on /home/airflow/.local/lib/python3.7/site-packages/airflow/example_dags/example_branch_labels.py
[2023-06-01T02:10:24.231+0000] {processor.py:756} INFO - Processing file /home/airflow/.local/lib/python3.7/site-packages/airflow/example_dags/example_branch_labels.py for tasks to queue
[2023-06-01T02:10:24.233+0000] {logging_mixin.py:120} INFO - [2023-06-01T02:10:24.232+0000] {dagbag.py:537} INFO - Filling up the DagBag from /home/airflow/.local/lib/python3.7/site-packages/airflow/example_dags/example_branch_labels.py
[2023-06-01T02:10:24.268+0000] {processor.py:766} INFO - DAG(s) dict_keys(['example_branch_labels']) retrieved from /home/airflow/.local/lib/python3.7/site-packages/airflow/example_dags/example_branch_labels.py
[2023-06-01T02:10:24.352+0000] {logging_mixin.py:120} INFO - [2023-06-01T02:10:24.351+0000] {dag.py:2585} INFO - Sync 1 DAGs
[2023-06-01T02:10:24.377+0000] {logging_mixin.py:120} INFO - [2023-06-01T02:10:24.376+0000] {dag.py:3340} INFO - Setting next_dagrun for example_branch_labels to 2023-05-31T00:00:00+00:00, run_after=2023-06-01T00:00:00+00:00
[2023-06-01T02:10:24.391+0000] {processor.py:176} INFO - Processing /home/airflow/.local/lib/python3.7/site-packages/airflow/example_dags/example_branch_labels.py took 0.169 seconds
[2023-06-01T02:10:54.608+0000] {processor.py:154} INFO - Started process (PID=375) to work on /home/airflow/.local/lib/python3.7/site-packages/airflow/example_dags/example_branch_labels.py
[2023-06-01T02:10:54.610+0000] {processor.py:756} INFO - Processing file /home/airflow/.local/lib/python3.7/site-packages/airflow/example_dags/example_branch_labels.py for tasks to queue
[2023-06-01T02:10:54.611+0000] {logging_mixin.py:120} INFO - [2023-06-01T02:10:54.611+0000] {dagbag.py:537} INFO - Filling up the DagBag from /home/airflow/.local/lib/python3.7/site-packages/airflow/example_dags/example_branch_labels.py
[2023-06-01T02:10:54.660+0000] {processor.py:766} INFO - DAG(s) dict_keys(['example_branch_labels']) retrieved from /home/airflow/.local/lib/python3.7/site-packages/airflow/example_dags/example_branch_labels.py
[2023-06-01T02:10:54.714+0000] {logging_mixin.py:120} INFO - [2023-06-01T02:10:54.714+0000] {dag.py:2585} INFO - Sync 1 DAGs
[2023-06-01T02:10:54.734+0000] {logging_mixin.py:120} INFO - [2023-06-01T02:10:54.734+0000] {dag.py:3340} INFO - Setting next_dagrun for example_branch_labels to 2023-05-31T00:00:00+00:00, run_after=2023-06-01T00:00:00+00:00
[2023-06-01T02:10:54.754+0000] {processor.py:176} INFO - Processing /home/airflow/.local/lib/python3.7/site-packages/airflow/example_dags/example_branch_labels.py took 0.151 seconds
[2023-06-01T02:11:24.852+0000] {processor.py:154} INFO - Started process (PID=430) to work on /home/airflow/.local/lib/python3.7/site-packages/airflow/example_dags/example_branch_labels.py
[2023-06-01T02:11:24.854+0000] {processor.py:756} INFO - Processing file /home/airflow/.local/lib/python3.7/site-packages/airflow/example_dags/example_branch_labels.py for tasks to queue
[2023-06-01T02:11:24.856+0000] {logging_mixin.py:120} INFO - [2023-06-01T02:11:24.856+0000] {dagbag.py:537} INFO - Filling up the DagBag from /home/airflow/.local/lib/python3.7/site-packages/airflow/example_dags/example_branch_labels.py
[2023-06-01T02:11:24.891+0000] {processor.py:766} INFO - DAG(s) dict_keys(['example_branch_labels']) retrieved from /home/airflow/.local/lib/python3.7/site-packages/airflow/example_dags/example_branch_labels.py
[2023-06-01T02:11:24.930+0000] {logging_mixin.py:120} INFO - [2023-06-01T02:11:24.930+0000] {dag.py:2585} INFO - Sync 1 DAGs
[2023-06-01T02:11:24.969+0000] {logging_mixin.py:120} INFO - [2023-06-01T02:11:24.969+0000] {dag.py:3340} INFO - Setting next_dagrun for example_branch_labels to 2023-05-31T00:00:00+00:00, run_after=2023-06-01T00:00:00+00:00
[2023-06-01T02:11:25.009+0000] {processor.py:176} INFO - Processing /home/airflow/.local/lib/python3.7/site-packages/airflow/example_dags/example_branch_labels.py took 0.160 seconds
[2023-06-01T02:11:55.134+0000] {processor.py:154} INFO - Started process (PID=494) to work on /home/airflow/.local/lib/python3.7/site-packages/airflow/example_dags/example_branch_labels.py
[2023-06-01T02:11:55.135+0000] {processor.py:756} INFO - Processing file /home/airflow/.local/lib/python3.7/site-packages/airflow/example_dags/example_branch_labels.py for tasks to queue
[2023-06-01T02:11:55.136+0000] {logging_mixin.py:120} INFO - [2023-06-01T02:11:55.136+0000] {dagbag.py:537} INFO - Filling up the DagBag from /home/airflow/.local/lib/python3.7/site-packages/airflow/example_dags/example_branch_labels.py
[2023-06-01T02:11:55.154+0000] {processor.py:766} INFO - DAG(s) dict_keys(['example_branch_labels']) retrieved from /home/airflow/.local/lib/python3.7/site-packages/airflow/example_dags/example_branch_labels.py
[2023-06-01T02:11:55.203+0000] {logging_mixin.py:120} INFO - [2023-06-01T02:11:55.203+0000] {dag.py:2585} INFO - Sync 1 DAGs
[2023-06-01T02:11:55.227+0000] {logging_mixin.py:120} INFO - [2023-06-01T02:11:55.226+0000] {dag.py:3340} INFO - Setting next_dagrun for example_branch_labels to 2023-05-31T00:00:00+00:00, run_after=2023-06-01T00:00:00+00:00
[2023-06-01T02:11:55.245+0000] {processor.py:176} INFO - Processing /home/airflow/.local/lib/python3.7/site-packages/airflow/example_dags/example_branch_labels.py took 0.116 seconds
[2023-06-01T02:12:25.314+0000] {processor.py:154} INFO - Started process (PID=548) to work on /home/airflow/.local/lib/python3.7/site-packages/airflow/example_dags/example_branch_labels.py
[2023-06-01T02:12:25.315+0000] {processor.py:756} INFO - Processing file /home/airflow/.local/lib/python3.7/site-packages/airflow/example_dags/example_branch_labels.py for tasks to queue
[2023-06-01T02:12:25.316+0000] {logging_mixin.py:120} INFO - [2023-06-01T02:12:25.316+0000] {dagbag.py:537} INFO - Filling up the DagBag from /home/airflow/.local/lib/python3.7/site-packages/airflow/example_dags/example_branch_labels.py
[2023-06-01T02:12:25.326+0000] {processor.py:766} INFO - DAG(s) dict_keys(['example_branch_labels']) retrieved from /home/airflow/.local/lib/python3.7/site-packages/airflow/example_dags/example_branch_labels.py
[2023-06-01T02:12:25.370+0000] {logging_mixin.py:120} INFO - [2023-06-01T02:12:25.370+0000] {dag.py:2585} INFO - Sync 1 DAGs
[2023-06-01T02:12:25.386+0000] {logging_mixin.py:120} INFO - [2023-06-01T02:12:25.386+0000] {dag.py:3340} INFO - Setting next_dagrun for example_branch_labels to 2023-05-31T00:00:00+00:00, run_after=2023-06-01T00:00:00+00:00
[2023-06-01T02:12:25.397+0000] {processor.py:176} INFO - Processing /home/airflow/.local/lib/python3.7/site-packages/airflow/example_dags/example_branch_labels.py took 0.087 seconds
[2023-06-01T02:12:55.950+0000] {processor.py:154} INFO - Started process (PID=611) to work on /home/airflow/.local/lib/python3.7/site-packages/airflow/example_dags/example_branch_labels.py
[2023-06-01T02:12:55.951+0000] {processor.py:756} INFO - Processing file /home/airflow/.local/lib/python3.7/site-packages/airflow/example_dags/example_branch_labels.py for tasks to queue
[2023-06-01T02:12:55.952+0000] {logging_mixin.py:120} INFO - [2023-06-01T02:12:55.952+0000] {dagbag.py:537} INFO - Filling up the DagBag from /home/airflow/.local/lib/python3.7/site-packages/airflow/example_dags/example_branch_labels.py
[2023-06-01T02:12:55.965+0000] {processor.py:766} INFO - DAG(s) dict_keys(['example_branch_labels']) retrieved from /home/airflow/.local/lib/python3.7/site-packages/airflow/example_dags/example_branch_labels.py
[2023-06-01T02:12:55.993+0000] {logging_mixin.py:120} INFO - [2023-06-01T02:12:55.993+0000] {dag.py:2585} INFO - Sync 1 DAGs
[2023-06-01T02:12:56.008+0000] {logging_mixin.py:120} INFO - [2023-06-01T02:12:56.008+0000] {dag.py:3340} INFO - Setting next_dagrun for example_branch_labels to 2023-05-31T00:00:00+00:00, run_after=2023-06-01T00:00:00+00:00
[2023-06-01T02:12:56.019+0000] {processor.py:176} INFO - Processing /home/airflow/.local/lib/python3.7/site-packages/airflow/example_dags/example_branch_labels.py took 0.072 seconds
[2023-06-01T02:13:26.658+0000] {processor.py:154} INFO - Started process (PID=674) to work on /home/airflow/.local/lib/python3.7/site-packages/airflow/example_dags/example_branch_labels.py
[2023-06-01T02:13:26.660+0000] {processor.py:756} INFO - Processing file /home/airflow/.local/lib/python3.7/site-packages/airflow/example_dags/example_branch_labels.py for tasks to queue
[2023-06-01T02:13:26.662+0000] {logging_mixin.py:120} INFO - [2023-06-01T02:13:26.662+0000] {dagbag.py:537} INFO - Filling up the DagBag from /home/airflow/.local/lib/python3.7/site-packages/airflow/example_dags/example_branch_labels.py
[2023-06-01T02:13:26.675+0000] {processor.py:766} INFO - DAG(s) dict_keys(['example_branch_labels']) retrieved from /home/airflow/.local/lib/python3.7/site-packages/airflow/example_dags/example_branch_labels.py
[2023-06-01T02:13:26.707+0000] {logging_mixin.py:120} INFO - [2023-06-01T02:13:26.707+0000] {dag.py:2585} INFO - Sync 1 DAGs
[2023-06-01T02:13:26.724+0000] {logging_mixin.py:120} INFO - [2023-06-01T02:13:26.724+0000] {dag.py:3340} INFO - Setting next_dagrun for example_branch_labels to 2023-05-31T00:00:00+00:00, run_after=2023-06-01T00:00:00+00:00
[2023-06-01T02:13:26.738+0000] {processor.py:176} INFO - Processing /home/airflow/.local/lib/python3.7/site-packages/airflow/example_dags/example_branch_labels.py took 0.085 seconds
[2023-06-01T02:13:57.452+0000] {processor.py:154} INFO - Started process (PID=728) to work on /home/airflow/.local/lib/python3.7/site-packages/airflow/example_dags/example_branch_labels.py
[2023-06-01T02:13:57.453+0000] {processor.py:756} INFO - Processing file /home/airflow/.local/lib/python3.7/site-packages/airflow/example_dags/example_branch_labels.py for tasks to queue
[2023-06-01T02:13:57.454+0000] {logging_mixin.py:120} INFO - [2023-06-01T02:13:57.454+0000] {dagbag.py:537} INFO - Filling up the DagBag from /home/airflow/.local/lib/python3.7/site-packages/airflow/example_dags/example_branch_labels.py
[2023-06-01T02:13:57.465+0000] {processor.py:766} INFO - DAG(s) dict_keys(['example_branch_labels']) retrieved from /home/airflow/.local/lib/python3.7/site-packages/airflow/example_dags/example_branch_labels.py
[2023-06-01T02:13:57.495+0000] {logging_mixin.py:120} INFO - [2023-06-01T02:13:57.495+0000] {dag.py:2585} INFO - Sync 1 DAGs
[2023-06-01T02:13:57.509+0000] {logging_mixin.py:120} INFO - [2023-06-01T02:13:57.509+0000] {dag.py:3340} INFO - Setting next_dagrun for example_branch_labels to 2023-05-31T00:00:00+00:00, run_after=2023-06-01T00:00:00+00:00
[2023-06-01T02:13:57.523+0000] {processor.py:176} INFO - Processing /home/airflow/.local/lib/python3.7/site-packages/airflow/example_dags/example_branch_labels.py took 0.074 seconds
[2023-06-01T02:14:28.166+0000] {processor.py:154} INFO - Started process (PID=791) to work on /home/airflow/.local/lib/python3.7/site-packages/airflow/example_dags/example_branch_labels.py
[2023-06-01T02:14:28.167+0000] {processor.py:756} INFO - Processing file /home/airflow/.local/lib/python3.7/site-packages/airflow/example_dags/example_branch_labels.py for tasks to queue
[2023-06-01T02:14:28.168+0000] {logging_mixin.py:120} INFO - [2023-06-01T02:14:28.168+0000] {dagbag.py:537} INFO - Filling up the DagBag from /home/airflow/.local/lib/python3.7/site-packages/airflow/example_dags/example_branch_labels.py
[2023-06-01T02:14:28.178+0000] {processor.py:766} INFO - DAG(s) dict_keys(['example_branch_labels']) retrieved from /home/airflow/.local/lib/python3.7/site-packages/airflow/example_dags/example_branch_labels.py
[2023-06-01T02:14:28.208+0000] {logging_mixin.py:120} INFO - [2023-06-01T02:14:28.207+0000] {dag.py:2585} INFO - Sync 1 DAGs
[2023-06-01T02:14:28.224+0000] {logging_mixin.py:120} INFO - [2023-06-01T02:14:28.224+0000] {dag.py:3340} INFO - Setting next_dagrun for example_branch_labels to 2023-05-31T00:00:00+00:00, run_after=2023-06-01T00:00:00+00:00
[2023-06-01T02:14:28.241+0000] {processor.py:176} INFO - Processing /home/airflow/.local/lib/python3.7/site-packages/airflow/example_dags/example_branch_labels.py took 0.077 seconds
