[2023-06-01T02:08:27.217+0000] {processor.py:154} INFO - Started process (PID=100) to work on /home/airflow/.local/lib/python3.7/site-packages/airflow/example_dags/example_task_group.py
[2023-06-01T02:08:27.220+0000] {processor.py:756} INFO - Processing file /home/airflow/.local/lib/python3.7/site-packages/airflow/example_dags/example_task_group.py for tasks to queue
[2023-06-01T02:08:27.225+0000] {logging_mixin.py:120} INFO - [2023-06-01T02:08:27.224+0000] {dagbag.py:537} INFO - Filling up the DagBag from /home/airflow/.local/lib/python3.7/site-packages/airflow/example_dags/example_task_group.py
[2023-06-01T02:08:27.282+0000] {processor.py:766} INFO - DAG(s) dict_keys(['example_task_group']) retrieved from /home/airflow/.local/lib/python3.7/site-packages/airflow/example_dags/example_task_group.py
[2023-06-01T02:08:27.592+0000] {logging_mixin.py:120} INFO - [2023-06-01T02:08:27.591+0000] {manager.py:507} INFO - Created Permission View: can read on DAG:example_task_group
[2023-06-01T02:08:27.618+0000] {logging_mixin.py:120} INFO - [2023-06-01T02:08:27.618+0000] {manager.py:507} INFO - Created Permission View: can edit on DAG:example_task_group
[2023-06-01T02:08:27.642+0000] {logging_mixin.py:120} INFO - [2023-06-01T02:08:27.641+0000] {manager.py:507} INFO - Created Permission View: can delete on DAG:example_task_group
[2023-06-01T02:08:27.644+0000] {logging_mixin.py:120} INFO - [2023-06-01T02:08:27.644+0000] {dag.py:2585} INFO - Sync 1 DAGs
[2023-06-01T02:08:27.715+0000] {logging_mixin.py:120} INFO - [2023-06-01T02:08:27.715+0000] {dag.py:2606} INFO - Creating ORM DAG for example_task_group
[2023-06-01T02:08:27.754+0000] {logging_mixin.py:120} INFO - [2023-06-01T02:08:27.754+0000] {dag.py:3340} INFO - Setting next_dagrun for example_task_group to 2023-05-31T02:08:27.752961+00:00, run_after=2023-06-01T02:08:27.752961+00:00
[2023-06-01T02:08:27.850+0000] {processor.py:176} INFO - Processing /home/airflow/.local/lib/python3.7/site-packages/airflow/example_dags/example_task_group.py took 0.637 seconds
[2023-06-01T02:08:58.728+0000] {processor.py:154} INFO - Started process (PID=153) to work on /home/airflow/.local/lib/python3.7/site-packages/airflow/example_dags/example_task_group.py
[2023-06-01T02:08:58.747+0000] {processor.py:756} INFO - Processing file /home/airflow/.local/lib/python3.7/site-packages/airflow/example_dags/example_task_group.py for tasks to queue
[2023-06-01T02:08:58.755+0000] {logging_mixin.py:120} INFO - [2023-06-01T02:08:58.753+0000] {dagbag.py:537} INFO - Filling up the DagBag from /home/airflow/.local/lib/python3.7/site-packages/airflow/example_dags/example_task_group.py
[2023-06-01T02:08:59.089+0000] {processor.py:766} INFO - DAG(s) dict_keys(['example_task_group']) retrieved from /home/airflow/.local/lib/python3.7/site-packages/airflow/example_dags/example_task_group.py
[2023-06-01T02:08:59.442+0000] {logging_mixin.py:120} INFO - [2023-06-01T02:08:59.442+0000] {dag.py:2585} INFO - Sync 1 DAGs
[2023-06-01T02:08:59.565+0000] {logging_mixin.py:120} INFO - [2023-06-01T02:08:59.564+0000] {dag.py:3340} INFO - Setting next_dagrun for example_task_group to 2023-05-31T02:08:59.558164+00:00, run_after=2023-06-01T02:08:59.558164+00:00
[2023-06-01T02:08:59.727+0000] {processor.py:176} INFO - Processing /home/airflow/.local/lib/python3.7/site-packages/airflow/example_dags/example_task_group.py took 1.062 seconds
[2023-06-01T02:09:30.489+0000] {processor.py:154} INFO - Started process (PID=208) to work on /home/airflow/.local/lib/python3.7/site-packages/airflow/example_dags/example_task_group.py
[2023-06-01T02:09:30.492+0000] {processor.py:756} INFO - Processing file /home/airflow/.local/lib/python3.7/site-packages/airflow/example_dags/example_task_group.py for tasks to queue
[2023-06-01T02:09:30.494+0000] {logging_mixin.py:120} INFO - [2023-06-01T02:09:30.494+0000] {dagbag.py:537} INFO - Filling up the DagBag from /home/airflow/.local/lib/python3.7/site-packages/airflow/example_dags/example_task_group.py
[2023-06-01T02:09:30.529+0000] {processor.py:766} INFO - DAG(s) dict_keys(['example_task_group']) retrieved from /home/airflow/.local/lib/python3.7/site-packages/airflow/example_dags/example_task_group.py
[2023-06-01T02:09:30.600+0000] {logging_mixin.py:120} INFO - [2023-06-01T02:09:30.600+0000] {dag.py:2585} INFO - Sync 1 DAGs
[2023-06-01T02:09:30.626+0000] {logging_mixin.py:120} INFO - [2023-06-01T02:09:30.626+0000] {dag.py:3340} INFO - Setting next_dagrun for example_task_group to 2023-05-31T02:09:30.626148+00:00, run_after=2023-06-01T02:09:30.626148+00:00
[2023-06-01T02:09:30.643+0000] {processor.py:176} INFO - Processing /home/airflow/.local/lib/python3.7/site-packages/airflow/example_dags/example_task_group.py took 0.169 seconds
[2023-06-01T02:10:00.756+0000] {processor.py:154} INFO - Started process (PID=272) to work on /home/airflow/.local/lib/python3.7/site-packages/airflow/example_dags/example_task_group.py
[2023-06-01T02:10:00.760+0000] {processor.py:756} INFO - Processing file /home/airflow/.local/lib/python3.7/site-packages/airflow/example_dags/example_task_group.py for tasks to queue
[2023-06-01T02:10:00.763+0000] {logging_mixin.py:120} INFO - [2023-06-01T02:10:00.763+0000] {dagbag.py:537} INFO - Filling up the DagBag from /home/airflow/.local/lib/python3.7/site-packages/airflow/example_dags/example_task_group.py
[2023-06-01T02:10:00.787+0000] {processor.py:766} INFO - DAG(s) dict_keys(['example_task_group']) retrieved from /home/airflow/.local/lib/python3.7/site-packages/airflow/example_dags/example_task_group.py
[2023-06-01T02:10:00.859+0000] {logging_mixin.py:120} INFO - [2023-06-01T02:10:00.859+0000] {dag.py:2585} INFO - Sync 1 DAGs
[2023-06-01T02:10:00.880+0000] {logging_mixin.py:120} INFO - [2023-06-01T02:10:00.880+0000] {dag.py:3340} INFO - Setting next_dagrun for example_task_group to 2023-05-31T02:10:00.879774+00:00, run_after=2023-06-01T02:10:00.879774+00:00
[2023-06-01T02:10:00.894+0000] {processor.py:176} INFO - Processing /home/airflow/.local/lib/python3.7/site-packages/airflow/example_dags/example_task_group.py took 0.144 seconds
[2023-06-01T02:10:31.563+0000] {processor.py:154} INFO - Started process (PID=335) to work on /home/airflow/.local/lib/python3.7/site-packages/airflow/example_dags/example_task_group.py
[2023-06-01T02:10:31.566+0000] {processor.py:756} INFO - Processing file /home/airflow/.local/lib/python3.7/site-packages/airflow/example_dags/example_task_group.py for tasks to queue
[2023-06-01T02:10:31.568+0000] {logging_mixin.py:120} INFO - [2023-06-01T02:10:31.568+0000] {dagbag.py:537} INFO - Filling up the DagBag from /home/airflow/.local/lib/python3.7/site-packages/airflow/example_dags/example_task_group.py
[2023-06-01T02:10:31.634+0000] {processor.py:766} INFO - DAG(s) dict_keys(['example_task_group']) retrieved from /home/airflow/.local/lib/python3.7/site-packages/airflow/example_dags/example_task_group.py
[2023-06-01T02:10:31.710+0000] {logging_mixin.py:120} INFO - [2023-06-01T02:10:31.710+0000] {dag.py:2585} INFO - Sync 1 DAGs
[2023-06-01T02:10:31.737+0000] {logging_mixin.py:120} INFO - [2023-06-01T02:10:31.737+0000] {dag.py:3340} INFO - Setting next_dagrun for example_task_group to 2023-05-31T02:10:31.736675+00:00, run_after=2023-06-01T02:10:31.736675+00:00
[2023-06-01T02:10:31.756+0000] {processor.py:176} INFO - Processing /home/airflow/.local/lib/python3.7/site-packages/airflow/example_dags/example_task_group.py took 0.199 seconds
[2023-06-01T02:11:02.148+0000] {processor.py:154} INFO - Started process (PID=390) to work on /home/airflow/.local/lib/python3.7/site-packages/airflow/example_dags/example_task_group.py
[2023-06-01T02:11:02.151+0000] {processor.py:756} INFO - Processing file /home/airflow/.local/lib/python3.7/site-packages/airflow/example_dags/example_task_group.py for tasks to queue
[2023-06-01T02:11:02.152+0000] {logging_mixin.py:120} INFO - [2023-06-01T02:11:02.152+0000] {dagbag.py:537} INFO - Filling up the DagBag from /home/airflow/.local/lib/python3.7/site-packages/airflow/example_dags/example_task_group.py
[2023-06-01T02:11:02.196+0000] {processor.py:766} INFO - DAG(s) dict_keys(['example_task_group']) retrieved from /home/airflow/.local/lib/python3.7/site-packages/airflow/example_dags/example_task_group.py
[2023-06-01T02:11:02.324+0000] {logging_mixin.py:120} INFO - [2023-06-01T02:11:02.323+0000] {dag.py:2585} INFO - Sync 1 DAGs
[2023-06-01T02:11:02.354+0000] {logging_mixin.py:120} INFO - [2023-06-01T02:11:02.354+0000] {dag.py:3340} INFO - Setting next_dagrun for example_task_group to 2023-05-31T02:11:02.354245+00:00, run_after=2023-06-01T02:11:02.354245+00:00
[2023-06-01T02:11:02.369+0000] {processor.py:176} INFO - Processing /home/airflow/.local/lib/python3.7/site-packages/airflow/example_dags/example_task_group.py took 0.231 seconds
[2023-06-01T02:11:32.904+0000] {processor.py:154} INFO - Started process (PID=454) to work on /home/airflow/.local/lib/python3.7/site-packages/airflow/example_dags/example_task_group.py
[2023-06-01T02:11:32.908+0000] {processor.py:756} INFO - Processing file /home/airflow/.local/lib/python3.7/site-packages/airflow/example_dags/example_task_group.py for tasks to queue
[2023-06-01T02:11:32.911+0000] {logging_mixin.py:120} INFO - [2023-06-01T02:11:32.911+0000] {dagbag.py:537} INFO - Filling up the DagBag from /home/airflow/.local/lib/python3.7/site-packages/airflow/example_dags/example_task_group.py
[2023-06-01T02:11:32.945+0000] {processor.py:766} INFO - DAG(s) dict_keys(['example_task_group']) retrieved from /home/airflow/.local/lib/python3.7/site-packages/airflow/example_dags/example_task_group.py
[2023-06-01T02:11:33.078+0000] {logging_mixin.py:120} INFO - [2023-06-01T02:11:33.078+0000] {dag.py:2585} INFO - Sync 1 DAGs
[2023-06-01T02:11:33.139+0000] {logging_mixin.py:120} INFO - [2023-06-01T02:11:33.138+0000] {dag.py:3340} INFO - Setting next_dagrun for example_task_group to 2023-05-31T02:11:33.133785+00:00, run_after=2023-06-01T02:11:33.133785+00:00
[2023-06-01T02:11:33.175+0000] {processor.py:176} INFO - Processing /home/airflow/.local/lib/python3.7/site-packages/airflow/example_dags/example_task_group.py took 0.279 seconds
[2023-06-01T02:12:03.882+0000] {processor.py:154} INFO - Started process (PID=509) to work on /home/airflow/.local/lib/python3.7/site-packages/airflow/example_dags/example_task_group.py
[2023-06-01T02:12:03.887+0000] {processor.py:756} INFO - Processing file /home/airflow/.local/lib/python3.7/site-packages/airflow/example_dags/example_task_group.py for tasks to queue
[2023-06-01T02:12:03.890+0000] {logging_mixin.py:120} INFO - [2023-06-01T02:12:03.890+0000] {dagbag.py:537} INFO - Filling up the DagBag from /home/airflow/.local/lib/python3.7/site-packages/airflow/example_dags/example_task_group.py
[2023-06-01T02:12:03.941+0000] {processor.py:766} INFO - DAG(s) dict_keys(['example_task_group']) retrieved from /home/airflow/.local/lib/python3.7/site-packages/airflow/example_dags/example_task_group.py
[2023-06-01T02:12:04.059+0000] {logging_mixin.py:120} INFO - [2023-06-01T02:12:04.059+0000] {dag.py:2585} INFO - Sync 1 DAGs
[2023-06-01T02:12:04.120+0000] {logging_mixin.py:120} INFO - [2023-06-01T02:12:04.120+0000] {dag.py:3340} INFO - Setting next_dagrun for example_task_group to 2023-05-31T02:12:04.119664+00:00, run_after=2023-06-01T02:12:04.119664+00:00
[2023-06-01T02:12:04.140+0000] {processor.py:176} INFO - Processing /home/airflow/.local/lib/python3.7/site-packages/airflow/example_dags/example_task_group.py took 0.267 seconds
[2023-06-01T02:12:34.414+0000] {processor.py:154} INFO - Started process (PID=572) to work on /home/airflow/.local/lib/python3.7/site-packages/airflow/example_dags/example_task_group.py
[2023-06-01T02:12:34.417+0000] {processor.py:756} INFO - Processing file /home/airflow/.local/lib/python3.7/site-packages/airflow/example_dags/example_task_group.py for tasks to queue
[2023-06-01T02:12:34.418+0000] {logging_mixin.py:120} INFO - [2023-06-01T02:12:34.418+0000] {dagbag.py:537} INFO - Filling up the DagBag from /home/airflow/.local/lib/python3.7/site-packages/airflow/example_dags/example_task_group.py
[2023-06-01T02:12:34.480+0000] {processor.py:766} INFO - DAG(s) dict_keys(['example_task_group']) retrieved from /home/airflow/.local/lib/python3.7/site-packages/airflow/example_dags/example_task_group.py
[2023-06-01T02:12:34.605+0000] {logging_mixin.py:120} INFO - [2023-06-01T02:12:34.605+0000] {dag.py:2585} INFO - Sync 1 DAGs
[2023-06-01T02:12:34.630+0000] {logging_mixin.py:120} INFO - [2023-06-01T02:12:34.630+0000] {dag.py:3340} INFO - Setting next_dagrun for example_task_group to 2023-05-31T02:12:34.629664+00:00, run_after=2023-06-01T02:12:34.629664+00:00
[2023-06-01T02:12:34.652+0000] {processor.py:176} INFO - Processing /home/airflow/.local/lib/python3.7/site-packages/airflow/example_dags/example_task_group.py took 0.245 seconds
[2023-06-01T02:13:04.864+0000] {processor.py:154} INFO - Started process (PID=635) to work on /home/airflow/.local/lib/python3.7/site-packages/airflow/example_dags/example_task_group.py
[2023-06-01T02:13:04.867+0000] {processor.py:756} INFO - Processing file /home/airflow/.local/lib/python3.7/site-packages/airflow/example_dags/example_task_group.py for tasks to queue
[2023-06-01T02:13:04.869+0000] {logging_mixin.py:120} INFO - [2023-06-01T02:13:04.869+0000] {dagbag.py:537} INFO - Filling up the DagBag from /home/airflow/.local/lib/python3.7/site-packages/airflow/example_dags/example_task_group.py
[2023-06-01T02:13:04.896+0000] {processor.py:766} INFO - DAG(s) dict_keys(['example_task_group']) retrieved from /home/airflow/.local/lib/python3.7/site-packages/airflow/example_dags/example_task_group.py
[2023-06-01T02:13:04.963+0000] {logging_mixin.py:120} INFO - [2023-06-01T02:13:04.962+0000] {dag.py:2585} INFO - Sync 1 DAGs
[2023-06-01T02:13:04.995+0000] {logging_mixin.py:120} INFO - [2023-06-01T02:13:04.995+0000] {dag.py:3340} INFO - Setting next_dagrun for example_task_group to 2023-05-31T02:13:04.995038+00:00, run_after=2023-06-01T02:13:04.995038+00:00
[2023-06-01T02:13:05.013+0000] {processor.py:176} INFO - Processing /home/airflow/.local/lib/python3.7/site-packages/airflow/example_dags/example_task_group.py took 0.162 seconds
[2023-06-01T02:13:35.365+0000] {processor.py:154} INFO - Started process (PID=689) to work on /home/airflow/.local/lib/python3.7/site-packages/airflow/example_dags/example_task_group.py
[2023-06-01T02:13:35.369+0000] {processor.py:756} INFO - Processing file /home/airflow/.local/lib/python3.7/site-packages/airflow/example_dags/example_task_group.py for tasks to queue
[2023-06-01T02:13:35.376+0000] {logging_mixin.py:120} INFO - [2023-06-01T02:13:35.375+0000] {dagbag.py:537} INFO - Filling up the DagBag from /home/airflow/.local/lib/python3.7/site-packages/airflow/example_dags/example_task_group.py
[2023-06-01T02:13:35.401+0000] {processor.py:766} INFO - DAG(s) dict_keys(['example_task_group']) retrieved from /home/airflow/.local/lib/python3.7/site-packages/airflow/example_dags/example_task_group.py
[2023-06-01T02:13:35.482+0000] {logging_mixin.py:120} INFO - [2023-06-01T02:13:35.481+0000] {dag.py:2585} INFO - Sync 1 DAGs
[2023-06-01T02:13:35.512+0000] {logging_mixin.py:120} INFO - [2023-06-01T02:13:35.512+0000] {dag.py:3340} INFO - Setting next_dagrun for example_task_group to 2023-05-31T02:13:35.512306+00:00, run_after=2023-06-01T02:13:35.512306+00:00
[2023-06-01T02:13:35.532+0000] {processor.py:176} INFO - Processing /home/airflow/.local/lib/python3.7/site-packages/airflow/example_dags/example_task_group.py took 0.173 seconds
[2023-06-01T02:14:05.967+0000] {processor.py:154} INFO - Started process (PID=752) to work on /home/airflow/.local/lib/python3.7/site-packages/airflow/example_dags/example_task_group.py
[2023-06-01T02:14:05.968+0000] {processor.py:756} INFO - Processing file /home/airflow/.local/lib/python3.7/site-packages/airflow/example_dags/example_task_group.py for tasks to queue
[2023-06-01T02:14:05.970+0000] {logging_mixin.py:120} INFO - [2023-06-01T02:14:05.969+0000] {dagbag.py:537} INFO - Filling up the DagBag from /home/airflow/.local/lib/python3.7/site-packages/airflow/example_dags/example_task_group.py
[2023-06-01T02:14:05.992+0000] {processor.py:766} INFO - DAG(s) dict_keys(['example_task_group']) retrieved from /home/airflow/.local/lib/python3.7/site-packages/airflow/example_dags/example_task_group.py
[2023-06-01T02:14:06.033+0000] {logging_mixin.py:120} INFO - [2023-06-01T02:14:06.032+0000] {dag.py:2585} INFO - Sync 1 DAGs
[2023-06-01T02:14:06.048+0000] {logging_mixin.py:120} INFO - [2023-06-01T02:14:06.048+0000] {dag.py:3340} INFO - Setting next_dagrun for example_task_group to 2023-05-31T02:14:06.048399+00:00, run_after=2023-06-01T02:14:06.048399+00:00
[2023-06-01T02:14:06.060+0000] {processor.py:176} INFO - Processing /home/airflow/.local/lib/python3.7/site-packages/airflow/example_dags/example_task_group.py took 0.099 seconds
[2023-06-01T02:14:36.387+0000] {processor.py:154} INFO - Started process (PID=815) to work on /home/airflow/.local/lib/python3.7/site-packages/airflow/example_dags/example_task_group.py
[2023-06-01T02:14:36.389+0000] {processor.py:756} INFO - Processing file /home/airflow/.local/lib/python3.7/site-packages/airflow/example_dags/example_task_group.py for tasks to queue
[2023-06-01T02:14:36.390+0000] {logging_mixin.py:120} INFO - [2023-06-01T02:14:36.390+0000] {dagbag.py:537} INFO - Filling up the DagBag from /home/airflow/.local/lib/python3.7/site-packages/airflow/example_dags/example_task_group.py
[2023-06-01T02:14:36.407+0000] {processor.py:766} INFO - DAG(s) dict_keys(['example_task_group']) retrieved from /home/airflow/.local/lib/python3.7/site-packages/airflow/example_dags/example_task_group.py
[2023-06-01T02:14:36.438+0000] {logging_mixin.py:120} INFO - [2023-06-01T02:14:36.438+0000] {dag.py:2585} INFO - Sync 1 DAGs
[2023-06-01T02:14:36.461+0000] {logging_mixin.py:120} INFO - [2023-06-01T02:14:36.461+0000] {dag.py:3340} INFO - Setting next_dagrun for example_task_group to 2023-05-31T02:14:36.461338+00:00, run_after=2023-06-01T02:14:36.461338+00:00
[2023-06-01T02:14:36.474+0000] {processor.py:176} INFO - Processing /home/airflow/.local/lib/python3.7/site-packages/airflow/example_dags/example_task_group.py took 0.091 seconds
