[2023-06-01T02:07:45.070+0000] {processor.py:154} INFO - Started process (PID=63) to work on /home/airflow/.local/lib/python3.7/site-packages/airflow/example_dags/example_latest_only.py
[2023-06-01T02:07:45.158+0000] {processor.py:756} INFO - Processing file /home/airflow/.local/lib/python3.7/site-packages/airflow/example_dags/example_latest_only.py for tasks to queue
[2023-06-01T02:07:45.191+0000] {logging_mixin.py:120} INFO - [2023-06-01T02:07:45.176+0000] {dagbag.py:537} INFO - Filling up the DagBag from /home/airflow/.local/lib/python3.7/site-packages/airflow/example_dags/example_latest_only.py
[2023-06-01T02:07:46.149+0000] {processor.py:766} INFO - DAG(s) dict_keys(['latest_only']) retrieved from /home/airflow/.local/lib/python3.7/site-packages/airflow/example_dags/example_latest_only.py
[2023-06-01T02:08:03.081+0000] {logging_mixin.py:120} INFO - [2023-06-01T02:08:03.013+0000] {manager.py:507} INFO - Created Permission View: can read on DAG:latest_only
[2023-06-01T02:08:03.130+0000] {logging_mixin.py:120} INFO - [2023-06-01T02:08:03.130+0000] {manager.py:507} INFO - Created Permission View: can edit on DAG:latest_only
[2023-06-01T02:08:03.170+0000] {logging_mixin.py:120} INFO - [2023-06-01T02:08:03.170+0000] {manager.py:507} INFO - Created Permission View: can delete on DAG:latest_only
[2023-06-01T02:08:03.171+0000] {logging_mixin.py:120} INFO - [2023-06-01T02:08:03.171+0000] {dag.py:2585} INFO - Sync 1 DAGs
[2023-06-01T02:08:03.391+0000] {logging_mixin.py:120} INFO - [2023-06-01T02:08:03.391+0000] {dag.py:2606} INFO - Creating ORM DAG for latest_only
[2023-06-01T02:08:04.863+0000] {logging_mixin.py:120} INFO - [2023-06-01T02:08:04.862+0000] {dag.py:3340} INFO - Setting next_dagrun for latest_only to 2023-05-31T22:08:04.849448+00:00, run_after=2023-06-01T02:08:04.849448+00:00
[2023-06-01T02:08:05.006+0000] {processor.py:176} INFO - Processing /home/airflow/.local/lib/python3.7/site-packages/airflow/example_dags/example_latest_only.py took 19.991 seconds
[2023-06-01T02:08:49.863+0000] {processor.py:154} INFO - Started process (PID=126) to work on /home/airflow/.local/lib/python3.7/site-packages/airflow/example_dags/example_latest_only.py
[2023-06-01T02:08:49.895+0000] {processor.py:756} INFO - Processing file /home/airflow/.local/lib/python3.7/site-packages/airflow/example_dags/example_latest_only.py for tasks to queue
[2023-06-01T02:08:49.897+0000] {logging_mixin.py:120} INFO - [2023-06-01T02:08:49.897+0000] {dagbag.py:537} INFO - Filling up the DagBag from /home/airflow/.local/lib/python3.7/site-packages/airflow/example_dags/example_latest_only.py
[2023-06-01T02:08:49.939+0000] {processor.py:766} INFO - DAG(s) dict_keys(['latest_only']) retrieved from /home/airflow/.local/lib/python3.7/site-packages/airflow/example_dags/example_latest_only.py
[2023-06-01T02:08:50.032+0000] {logging_mixin.py:120} INFO - [2023-06-01T02:08:50.032+0000] {dag.py:2585} INFO - Sync 1 DAGs
[2023-06-01T02:08:50.071+0000] {logging_mixin.py:120} INFO - [2023-06-01T02:08:50.070+0000] {dag.py:3340} INFO - Setting next_dagrun for latest_only to 2023-05-31T22:08:50.070478+00:00, run_after=2023-06-01T02:08:50.070478+00:00
[2023-06-01T02:08:50.101+0000] {processor.py:176} INFO - Processing /home/airflow/.local/lib/python3.7/site-packages/airflow/example_dags/example_latest_only.py took 0.247 seconds
[2023-06-01T02:09:20.807+0000] {processor.py:154} INFO - Started process (PID=181) to work on /home/airflow/.local/lib/python3.7/site-packages/airflow/example_dags/example_latest_only.py
[2023-06-01T02:09:20.809+0000] {processor.py:756} INFO - Processing file /home/airflow/.local/lib/python3.7/site-packages/airflow/example_dags/example_latest_only.py for tasks to queue
[2023-06-01T02:09:20.810+0000] {logging_mixin.py:120} INFO - [2023-06-01T02:09:20.810+0000] {dagbag.py:537} INFO - Filling up the DagBag from /home/airflow/.local/lib/python3.7/site-packages/airflow/example_dags/example_latest_only.py
[2023-06-01T02:09:20.826+0000] {processor.py:766} INFO - DAG(s) dict_keys(['latest_only']) retrieved from /home/airflow/.local/lib/python3.7/site-packages/airflow/example_dags/example_latest_only.py
[2023-06-01T02:09:20.878+0000] {logging_mixin.py:120} INFO - [2023-06-01T02:09:20.878+0000] {dag.py:2585} INFO - Sync 1 DAGs
[2023-06-01T02:09:20.897+0000] {logging_mixin.py:120} INFO - [2023-06-01T02:09:20.897+0000] {dag.py:3340} INFO - Setting next_dagrun for latest_only to 2023-05-31T22:09:20.896701+00:00, run_after=2023-06-01T02:09:20.896701+00:00
[2023-06-01T02:09:20.908+0000] {processor.py:176} INFO - Processing /home/airflow/.local/lib/python3.7/site-packages/airflow/example_dags/example_latest_only.py took 0.105 seconds
[2023-06-01T02:09:51.141+0000] {processor.py:154} INFO - Started process (PID=245) to work on /home/airflow/.local/lib/python3.7/site-packages/airflow/example_dags/example_latest_only.py
[2023-06-01T02:09:51.143+0000] {processor.py:756} INFO - Processing file /home/airflow/.local/lib/python3.7/site-packages/airflow/example_dags/example_latest_only.py for tasks to queue
[2023-06-01T02:09:51.144+0000] {logging_mixin.py:120} INFO - [2023-06-01T02:09:51.144+0000] {dagbag.py:537} INFO - Filling up the DagBag from /home/airflow/.local/lib/python3.7/site-packages/airflow/example_dags/example_latest_only.py
[2023-06-01T02:09:51.161+0000] {processor.py:766} INFO - DAG(s) dict_keys(['latest_only']) retrieved from /home/airflow/.local/lib/python3.7/site-packages/airflow/example_dags/example_latest_only.py
[2023-06-01T02:09:51.206+0000] {logging_mixin.py:120} INFO - [2023-06-01T02:09:51.205+0000] {dag.py:2585} INFO - Sync 1 DAGs
[2023-06-01T02:09:51.222+0000] {logging_mixin.py:120} INFO - [2023-06-01T02:09:51.222+0000] {dag.py:3340} INFO - Setting next_dagrun for latest_only to 2023-05-31T22:09:51.222276+00:00, run_after=2023-06-01T02:09:51.222276+00:00
[2023-06-01T02:09:51.234+0000] {processor.py:176} INFO - Processing /home/airflow/.local/lib/python3.7/site-packages/airflow/example_dags/example_latest_only.py took 0.098 seconds
[2023-06-01T02:10:22.008+0000] {processor.py:154} INFO - Started process (PID=308) to work on /home/airflow/.local/lib/python3.7/site-packages/airflow/example_dags/example_latest_only.py
[2023-06-01T02:10:22.010+0000] {processor.py:756} INFO - Processing file /home/airflow/.local/lib/python3.7/site-packages/airflow/example_dags/example_latest_only.py for tasks to queue
[2023-06-01T02:10:22.011+0000] {logging_mixin.py:120} INFO - [2023-06-01T02:10:22.010+0000] {dagbag.py:537} INFO - Filling up the DagBag from /home/airflow/.local/lib/python3.7/site-packages/airflow/example_dags/example_latest_only.py
[2023-06-01T02:10:22.032+0000] {processor.py:766} INFO - DAG(s) dict_keys(['latest_only']) retrieved from /home/airflow/.local/lib/python3.7/site-packages/airflow/example_dags/example_latest_only.py
[2023-06-01T02:10:22.069+0000] {logging_mixin.py:120} INFO - [2023-06-01T02:10:22.069+0000] {dag.py:2585} INFO - Sync 1 DAGs
[2023-06-01T02:10:22.091+0000] {logging_mixin.py:120} INFO - [2023-06-01T02:10:22.091+0000] {dag.py:3340} INFO - Setting next_dagrun for latest_only to 2023-05-31T22:10:22.091204+00:00, run_after=2023-06-01T02:10:22.091204+00:00
[2023-06-01T02:10:22.113+0000] {processor.py:176} INFO - Processing /home/airflow/.local/lib/python3.7/site-packages/airflow/example_dags/example_latest_only.py took 0.108 seconds
[2023-06-01T02:10:52.685+0000] {processor.py:154} INFO - Started process (PID=363) to work on /home/airflow/.local/lib/python3.7/site-packages/airflow/example_dags/example_latest_only.py
[2023-06-01T02:10:52.686+0000] {processor.py:756} INFO - Processing file /home/airflow/.local/lib/python3.7/site-packages/airflow/example_dags/example_latest_only.py for tasks to queue
[2023-06-01T02:10:52.687+0000] {logging_mixin.py:120} INFO - [2023-06-01T02:10:52.687+0000] {dagbag.py:537} INFO - Filling up the DagBag from /home/airflow/.local/lib/python3.7/site-packages/airflow/example_dags/example_latest_only.py
[2023-06-01T02:10:52.699+0000] {processor.py:766} INFO - DAG(s) dict_keys(['latest_only']) retrieved from /home/airflow/.local/lib/python3.7/site-packages/airflow/example_dags/example_latest_only.py
[2023-06-01T02:10:52.737+0000] {logging_mixin.py:120} INFO - [2023-06-01T02:10:52.737+0000] {dag.py:2585} INFO - Sync 1 DAGs
[2023-06-01T02:10:52.756+0000] {logging_mixin.py:120} INFO - [2023-06-01T02:10:52.756+0000] {dag.py:3340} INFO - Setting next_dagrun for latest_only to 2023-05-31T22:10:52.756548+00:00, run_after=2023-06-01T02:10:52.756548+00:00
[2023-06-01T02:10:52.770+0000] {processor.py:176} INFO - Processing /home/airflow/.local/lib/python3.7/site-packages/airflow/example_dags/example_latest_only.py took 0.088 seconds
[2023-06-01T02:11:23.343+0000] {processor.py:154} INFO - Started process (PID=427) to work on /home/airflow/.local/lib/python3.7/site-packages/airflow/example_dags/example_latest_only.py
[2023-06-01T02:11:23.345+0000] {processor.py:756} INFO - Processing file /home/airflow/.local/lib/python3.7/site-packages/airflow/example_dags/example_latest_only.py for tasks to queue
[2023-06-01T02:11:23.346+0000] {logging_mixin.py:120} INFO - [2023-06-01T02:11:23.346+0000] {dagbag.py:537} INFO - Filling up the DagBag from /home/airflow/.local/lib/python3.7/site-packages/airflow/example_dags/example_latest_only.py
[2023-06-01T02:11:23.374+0000] {processor.py:766} INFO - DAG(s) dict_keys(['latest_only']) retrieved from /home/airflow/.local/lib/python3.7/site-packages/airflow/example_dags/example_latest_only.py
[2023-06-01T02:11:23.408+0000] {logging_mixin.py:120} INFO - [2023-06-01T02:11:23.408+0000] {dag.py:2585} INFO - Sync 1 DAGs
[2023-06-01T02:11:23.451+0000] {logging_mixin.py:120} INFO - [2023-06-01T02:11:23.451+0000] {dag.py:3340} INFO - Setting next_dagrun for latest_only to 2023-05-31T22:11:23.451162+00:00, run_after=2023-06-01T02:11:23.451162+00:00
[2023-06-01T02:11:23.479+0000] {processor.py:176} INFO - Processing /home/airflow/.local/lib/python3.7/site-packages/airflow/example_dags/example_latest_only.py took 0.139 seconds
[2023-06-01T02:11:54.753+0000] {processor.py:154} INFO - Started process (PID=491) to work on /home/airflow/.local/lib/python3.7/site-packages/airflow/example_dags/example_latest_only.py
[2023-06-01T02:11:54.756+0000] {processor.py:756} INFO - Processing file /home/airflow/.local/lib/python3.7/site-packages/airflow/example_dags/example_latest_only.py for tasks to queue
[2023-06-01T02:11:54.758+0000] {logging_mixin.py:120} INFO - [2023-06-01T02:11:54.757+0000] {dagbag.py:537} INFO - Filling up the DagBag from /home/airflow/.local/lib/python3.7/site-packages/airflow/example_dags/example_latest_only.py
[2023-06-01T02:11:54.781+0000] {processor.py:766} INFO - DAG(s) dict_keys(['latest_only']) retrieved from /home/airflow/.local/lib/python3.7/site-packages/airflow/example_dags/example_latest_only.py
[2023-06-01T02:11:54.834+0000] {logging_mixin.py:120} INFO - [2023-06-01T02:11:54.834+0000] {dag.py:2585} INFO - Sync 1 DAGs
[2023-06-01T02:11:54.881+0000] {logging_mixin.py:120} INFO - [2023-06-01T02:11:54.881+0000] {dag.py:3340} INFO - Setting next_dagrun for latest_only to 2023-05-31T22:11:54.880862+00:00, run_after=2023-06-01T02:11:54.880862+00:00
[2023-06-01T02:11:54.894+0000] {processor.py:176} INFO - Processing /home/airflow/.local/lib/python3.7/site-packages/airflow/example_dags/example_latest_only.py took 0.149 seconds
[2023-06-01T02:12:25.101+0000] {processor.py:154} INFO - Started process (PID=545) to work on /home/airflow/.local/lib/python3.7/site-packages/airflow/example_dags/example_latest_only.py
[2023-06-01T02:12:25.103+0000] {processor.py:756} INFO - Processing file /home/airflow/.local/lib/python3.7/site-packages/airflow/example_dags/example_latest_only.py for tasks to queue
[2023-06-01T02:12:25.104+0000] {logging_mixin.py:120} INFO - [2023-06-01T02:12:25.104+0000] {dagbag.py:537} INFO - Filling up the DagBag from /home/airflow/.local/lib/python3.7/site-packages/airflow/example_dags/example_latest_only.py
[2023-06-01T02:12:25.115+0000] {processor.py:766} INFO - DAG(s) dict_keys(['latest_only']) retrieved from /home/airflow/.local/lib/python3.7/site-packages/airflow/example_dags/example_latest_only.py
[2023-06-01T02:12:25.145+0000] {logging_mixin.py:120} INFO - [2023-06-01T02:12:25.145+0000] {dag.py:2585} INFO - Sync 1 DAGs
[2023-06-01T02:12:25.161+0000] {logging_mixin.py:120} INFO - [2023-06-01T02:12:25.161+0000] {dag.py:3340} INFO - Setting next_dagrun for latest_only to 2023-05-31T22:12:25.161109+00:00, run_after=2023-06-01T02:12:25.161109+00:00
[2023-06-01T02:12:25.172+0000] {processor.py:176} INFO - Processing /home/airflow/.local/lib/python3.7/site-packages/airflow/example_dags/example_latest_only.py took 0.075 seconds
[2023-06-01T02:12:55.748+0000] {processor.py:154} INFO - Started process (PID=608) to work on /home/airflow/.local/lib/python3.7/site-packages/airflow/example_dags/example_latest_only.py
[2023-06-01T02:12:55.749+0000] {processor.py:756} INFO - Processing file /home/airflow/.local/lib/python3.7/site-packages/airflow/example_dags/example_latest_only.py for tasks to queue
[2023-06-01T02:12:55.750+0000] {logging_mixin.py:120} INFO - [2023-06-01T02:12:55.750+0000] {dagbag.py:537} INFO - Filling up the DagBag from /home/airflow/.local/lib/python3.7/site-packages/airflow/example_dags/example_latest_only.py
[2023-06-01T02:12:55.762+0000] {processor.py:766} INFO - DAG(s) dict_keys(['latest_only']) retrieved from /home/airflow/.local/lib/python3.7/site-packages/airflow/example_dags/example_latest_only.py
[2023-06-01T02:12:55.791+0000] {logging_mixin.py:120} INFO - [2023-06-01T02:12:55.790+0000] {dag.py:2585} INFO - Sync 1 DAGs
[2023-06-01T02:12:55.807+0000] {logging_mixin.py:120} INFO - [2023-06-01T02:12:55.807+0000] {dag.py:3340} INFO - Setting next_dagrun for latest_only to 2023-05-31T22:12:55.807210+00:00, run_after=2023-06-01T02:12:55.807210+00:00
[2023-06-01T02:12:55.820+0000] {processor.py:176} INFO - Processing /home/airflow/.local/lib/python3.7/site-packages/airflow/example_dags/example_latest_only.py took 0.076 seconds
[2023-06-01T02:13:26.452+0000] {processor.py:154} INFO - Started process (PID=671) to work on /home/airflow/.local/lib/python3.7/site-packages/airflow/example_dags/example_latest_only.py
[2023-06-01T02:13:26.454+0000] {processor.py:756} INFO - Processing file /home/airflow/.local/lib/python3.7/site-packages/airflow/example_dags/example_latest_only.py for tasks to queue
[2023-06-01T02:13:26.454+0000] {logging_mixin.py:120} INFO - [2023-06-01T02:13:26.454+0000] {dagbag.py:537} INFO - Filling up the DagBag from /home/airflow/.local/lib/python3.7/site-packages/airflow/example_dags/example_latest_only.py
[2023-06-01T02:13:26.465+0000] {processor.py:766} INFO - DAG(s) dict_keys(['latest_only']) retrieved from /home/airflow/.local/lib/python3.7/site-packages/airflow/example_dags/example_latest_only.py
[2023-06-01T02:13:26.511+0000] {logging_mixin.py:120} INFO - [2023-06-01T02:13:26.511+0000] {dag.py:2585} INFO - Sync 1 DAGs
[2023-06-01T02:13:26.539+0000] {logging_mixin.py:120} INFO - [2023-06-01T02:13:26.539+0000] {dag.py:3340} INFO - Setting next_dagrun for latest_only to 2023-05-31T22:13:26.538863+00:00, run_after=2023-06-01T02:13:26.538863+00:00
[2023-06-01T02:13:26.551+0000] {processor.py:176} INFO - Processing /home/airflow/.local/lib/python3.7/site-packages/airflow/example_dags/example_latest_only.py took 0.101 seconds
[2023-06-01T02:13:57.249+0000] {processor.py:154} INFO - Started process (PID=725) to work on /home/airflow/.local/lib/python3.7/site-packages/airflow/example_dags/example_latest_only.py
[2023-06-01T02:13:57.250+0000] {processor.py:756} INFO - Processing file /home/airflow/.local/lib/python3.7/site-packages/airflow/example_dags/example_latest_only.py for tasks to queue
[2023-06-01T02:13:57.251+0000] {logging_mixin.py:120} INFO - [2023-06-01T02:13:57.251+0000] {dagbag.py:537} INFO - Filling up the DagBag from /home/airflow/.local/lib/python3.7/site-packages/airflow/example_dags/example_latest_only.py
[2023-06-01T02:13:57.262+0000] {processor.py:766} INFO - DAG(s) dict_keys(['latest_only']) retrieved from /home/airflow/.local/lib/python3.7/site-packages/airflow/example_dags/example_latest_only.py
[2023-06-01T02:13:57.293+0000] {logging_mixin.py:120} INFO - [2023-06-01T02:13:57.293+0000] {dag.py:2585} INFO - Sync 1 DAGs
[2023-06-01T02:13:57.310+0000] {logging_mixin.py:120} INFO - [2023-06-01T02:13:57.309+0000] {dag.py:3340} INFO - Setting next_dagrun for latest_only to 2023-05-31T22:13:57.309630+00:00, run_after=2023-06-01T02:13:57.309630+00:00
[2023-06-01T02:13:57.322+0000] {processor.py:176} INFO - Processing /home/airflow/.local/lib/python3.7/site-packages/airflow/example_dags/example_latest_only.py took 0.077 seconds
[2023-06-01T02:14:27.976+0000] {processor.py:154} INFO - Started process (PID=788) to work on /home/airflow/.local/lib/python3.7/site-packages/airflow/example_dags/example_latest_only.py
[2023-06-01T02:14:27.977+0000] {processor.py:756} INFO - Processing file /home/airflow/.local/lib/python3.7/site-packages/airflow/example_dags/example_latest_only.py for tasks to queue
[2023-06-01T02:14:27.978+0000] {logging_mixin.py:120} INFO - [2023-06-01T02:14:27.978+0000] {dagbag.py:537} INFO - Filling up the DagBag from /home/airflow/.local/lib/python3.7/site-packages/airflow/example_dags/example_latest_only.py
[2023-06-01T02:14:27.992+0000] {processor.py:766} INFO - DAG(s) dict_keys(['latest_only']) retrieved from /home/airflow/.local/lib/python3.7/site-packages/airflow/example_dags/example_latest_only.py
[2023-06-01T02:14:28.022+0000] {logging_mixin.py:120} INFO - [2023-06-01T02:14:28.022+0000] {dag.py:2585} INFO - Sync 1 DAGs
[2023-06-01T02:14:28.037+0000] {logging_mixin.py:120} INFO - [2023-06-01T02:14:28.036+0000] {dag.py:3340} INFO - Setting next_dagrun for latest_only to 2023-05-31T22:14:28.036719+00:00, run_after=2023-06-01T02:14:28.036719+00:00
[2023-06-01T02:14:28.048+0000] {processor.py:176} INFO - Processing /home/airflow/.local/lib/python3.7/site-packages/airflow/example_dags/example_latest_only.py took 0.076 seconds
