[2023-06-01T02:07:21.459+0000] {processor.py:154} INFO - Started process (PID=44) to work on /home/airflow/.local/lib/python3.7/site-packages/airflow/example_dags/example_branch_python_dop_operator_3.py
[2023-06-01T02:07:21.477+0000] {processor.py:756} INFO - Processing file /home/airflow/.local/lib/python3.7/site-packages/airflow/example_dags/example_branch_python_dop_operator_3.py for tasks to queue
[2023-06-01T02:07:21.488+0000] {logging_mixin.py:120} INFO - [2023-06-01T02:07:21.487+0000] {dagbag.py:537} INFO - Filling up the DagBag from /home/airflow/.local/lib/python3.7/site-packages/airflow/example_dags/example_branch_python_dop_operator_3.py
[2023-06-01T02:07:21.755+0000] {processor.py:766} INFO - DAG(s) dict_keys(['example_branch_dop_operator_v3']) retrieved from /home/airflow/.local/lib/python3.7/site-packages/airflow/example_dags/example_branch_python_dop_operator_3.py
[2023-06-01T02:07:22.336+0000] {logging_mixin.py:120} INFO - [2023-06-01T02:07:22.335+0000] {manager.py:507} INFO - Created Permission View: can read on DAG:example_branch_dop_operator_v3
[2023-06-01T02:07:22.376+0000] {logging_mixin.py:120} INFO - [2023-06-01T02:07:22.376+0000] {manager.py:507} INFO - Created Permission View: can edit on DAG:example_branch_dop_operator_v3
[2023-06-01T02:07:22.391+0000] {logging_mixin.py:120} INFO - [2023-06-01T02:07:22.391+0000] {manager.py:507} INFO - Created Permission View: can delete on DAG:example_branch_dop_operator_v3
[2023-06-01T02:07:22.393+0000] {logging_mixin.py:120} INFO - [2023-06-01T02:07:22.392+0000] {dag.py:2585} INFO - Sync 1 DAGs
[2023-06-01T02:07:22.414+0000] {logging_mixin.py:120} INFO - [2023-06-01T02:07:22.413+0000] {dag.py:2606} INFO - Creating ORM DAG for example_branch_dop_operator_v3
[2023-06-01T02:07:22.469+0000] {logging_mixin.py:120} INFO - [2023-06-01T02:07:22.469+0000] {dag.py:3340} INFO - Setting next_dagrun for example_branch_dop_operator_v3 to 2023-06-01T02:06:00+00:00, run_after=2023-06-01T02:07:00+00:00
[2023-06-01T02:07:22.517+0000] {processor.py:176} INFO - Processing /home/airflow/.local/lib/python3.7/site-packages/airflow/example_dags/example_branch_python_dop_operator_3.py took 1.076 seconds
[2023-06-01T02:08:38.379+0000] {processor.py:154} INFO - Started process (PID=116) to work on /home/airflow/.local/lib/python3.7/site-packages/airflow/example_dags/example_branch_python_dop_operator_3.py
[2023-06-01T02:08:38.393+0000] {processor.py:756} INFO - Processing file /home/airflow/.local/lib/python3.7/site-packages/airflow/example_dags/example_branch_python_dop_operator_3.py for tasks to queue
[2023-06-01T02:08:38.435+0000] {logging_mixin.py:120} INFO - [2023-06-01T02:08:38.424+0000] {dagbag.py:537} INFO - Filling up the DagBag from /home/airflow/.local/lib/python3.7/site-packages/airflow/example_dags/example_branch_python_dop_operator_3.py
[2023-06-01T02:08:38.999+0000] {processor.py:766} INFO - DAG(s) dict_keys(['example_branch_dop_operator_v3']) retrieved from /home/airflow/.local/lib/python3.7/site-packages/airflow/example_dags/example_branch_python_dop_operator_3.py
[2023-06-01T02:08:43.483+0000] {logging_mixin.py:120} INFO - [2023-06-01T02:08:43.482+0000] {dag.py:2585} INFO - Sync 1 DAGs
[2023-06-01T02:08:44.580+0000] {logging_mixin.py:120} INFO - [2023-06-01T02:08:44.545+0000] {dag.py:3340} INFO - Setting next_dagrun for example_branch_dop_operator_v3 to 2023-06-01T02:07:00+00:00, run_after=2023-06-01T02:08:00+00:00
[2023-06-01T02:08:45.017+0000] {processor.py:176} INFO - Processing /home/airflow/.local/lib/python3.7/site-packages/airflow/example_dags/example_branch_python_dop_operator_3.py took 6.682 seconds
[2023-06-01T02:09:15.673+0000] {processor.py:154} INFO - Started process (PID=171) to work on /home/airflow/.local/lib/python3.7/site-packages/airflow/example_dags/example_branch_python_dop_operator_3.py
[2023-06-01T02:09:15.677+0000] {processor.py:756} INFO - Processing file /home/airflow/.local/lib/python3.7/site-packages/airflow/example_dags/example_branch_python_dop_operator_3.py for tasks to queue
[2023-06-01T02:09:15.678+0000] {logging_mixin.py:120} INFO - [2023-06-01T02:09:15.678+0000] {dagbag.py:537} INFO - Filling up the DagBag from /home/airflow/.local/lib/python3.7/site-packages/airflow/example_dags/example_branch_python_dop_operator_3.py
[2023-06-01T02:09:15.752+0000] {processor.py:766} INFO - DAG(s) dict_keys(['example_branch_dop_operator_v3']) retrieved from /home/airflow/.local/lib/python3.7/site-packages/airflow/example_dags/example_branch_python_dop_operator_3.py
[2023-06-01T02:09:15.818+0000] {logging_mixin.py:120} INFO - [2023-06-01T02:09:15.818+0000] {dag.py:2585} INFO - Sync 1 DAGs
[2023-06-01T02:09:15.850+0000] {logging_mixin.py:120} INFO - [2023-06-01T02:09:15.849+0000] {dag.py:3340} INFO - Setting next_dagrun for example_branch_dop_operator_v3 to 2023-06-01T02:08:00+00:00, run_after=2023-06-01T02:09:00+00:00
[2023-06-01T02:09:15.864+0000] {processor.py:176} INFO - Processing /home/airflow/.local/lib/python3.7/site-packages/airflow/example_dags/example_branch_python_dop_operator_3.py took 0.203 seconds
[2023-06-01T02:09:46.308+0000] {processor.py:154} INFO - Started process (PID=235) to work on /home/airflow/.local/lib/python3.7/site-packages/airflow/example_dags/example_branch_python_dop_operator_3.py
[2023-06-01T02:09:46.311+0000] {processor.py:756} INFO - Processing file /home/airflow/.local/lib/python3.7/site-packages/airflow/example_dags/example_branch_python_dop_operator_3.py for tasks to queue
[2023-06-01T02:09:46.313+0000] {logging_mixin.py:120} INFO - [2023-06-01T02:09:46.313+0000] {dagbag.py:537} INFO - Filling up the DagBag from /home/airflow/.local/lib/python3.7/site-packages/airflow/example_dags/example_branch_python_dop_operator_3.py
[2023-06-01T02:09:46.377+0000] {processor.py:766} INFO - DAG(s) dict_keys(['example_branch_dop_operator_v3']) retrieved from /home/airflow/.local/lib/python3.7/site-packages/airflow/example_dags/example_branch_python_dop_operator_3.py
[2023-06-01T02:09:46.448+0000] {logging_mixin.py:120} INFO - [2023-06-01T02:09:46.448+0000] {dag.py:2585} INFO - Sync 1 DAGs
[2023-06-01T02:09:46.477+0000] {logging_mixin.py:120} INFO - [2023-06-01T02:09:46.477+0000] {dag.py:3340} INFO - Setting next_dagrun for example_branch_dop_operator_v3 to 2023-06-01T02:08:00+00:00, run_after=2023-06-01T02:09:00+00:00
[2023-06-01T02:09:46.490+0000] {processor.py:176} INFO - Processing /home/airflow/.local/lib/python3.7/site-packages/airflow/example_dags/example_branch_python_dop_operator_3.py took 0.192 seconds
[2023-06-01T02:10:17.080+0000] {processor.py:154} INFO - Started process (PID=289) to work on /home/airflow/.local/lib/python3.7/site-packages/airflow/example_dags/example_branch_python_dop_operator_3.py
[2023-06-01T02:10:17.083+0000] {processor.py:756} INFO - Processing file /home/airflow/.local/lib/python3.7/site-packages/airflow/example_dags/example_branch_python_dop_operator_3.py for tasks to queue
[2023-06-01T02:10:17.086+0000] {logging_mixin.py:120} INFO - [2023-06-01T02:10:17.086+0000] {dagbag.py:537} INFO - Filling up the DagBag from /home/airflow/.local/lib/python3.7/site-packages/airflow/example_dags/example_branch_python_dop_operator_3.py
[2023-06-01T02:10:17.143+0000] {processor.py:766} INFO - DAG(s) dict_keys(['example_branch_dop_operator_v3']) retrieved from /home/airflow/.local/lib/python3.7/site-packages/airflow/example_dags/example_branch_python_dop_operator_3.py
[2023-06-01T02:10:17.228+0000] {logging_mixin.py:120} INFO - [2023-06-01T02:10:17.228+0000] {dag.py:2585} INFO - Sync 1 DAGs
[2023-06-01T02:10:17.270+0000] {logging_mixin.py:120} INFO - [2023-06-01T02:10:17.270+0000] {dag.py:3340} INFO - Setting next_dagrun for example_branch_dop_operator_v3 to 2023-06-01T02:09:00+00:00, run_after=2023-06-01T02:10:00+00:00
[2023-06-01T02:10:17.283+0000] {processor.py:176} INFO - Processing /home/airflow/.local/lib/python3.7/site-packages/airflow/example_dags/example_branch_python_dop_operator_3.py took 0.232 seconds
[2023-06-01T02:10:47.668+0000] {processor.py:154} INFO - Started process (PID=353) to work on /home/airflow/.local/lib/python3.7/site-packages/airflow/example_dags/example_branch_python_dop_operator_3.py
[2023-06-01T02:10:47.671+0000] {processor.py:756} INFO - Processing file /home/airflow/.local/lib/python3.7/site-packages/airflow/example_dags/example_branch_python_dop_operator_3.py for tasks to queue
[2023-06-01T02:10:47.672+0000] {logging_mixin.py:120} INFO - [2023-06-01T02:10:47.672+0000] {dagbag.py:537} INFO - Filling up the DagBag from /home/airflow/.local/lib/python3.7/site-packages/airflow/example_dags/example_branch_python_dop_operator_3.py
[2023-06-01T02:10:47.732+0000] {processor.py:766} INFO - DAG(s) dict_keys(['example_branch_dop_operator_v3']) retrieved from /home/airflow/.local/lib/python3.7/site-packages/airflow/example_dags/example_branch_python_dop_operator_3.py
[2023-06-01T02:10:47.854+0000] {logging_mixin.py:120} INFO - [2023-06-01T02:10:47.854+0000] {dag.py:2585} INFO - Sync 1 DAGs
[2023-06-01T02:10:47.908+0000] {logging_mixin.py:120} INFO - [2023-06-01T02:10:47.908+0000] {dag.py:3340} INFO - Setting next_dagrun for example_branch_dop_operator_v3 to 2023-06-01T02:09:00+00:00, run_after=2023-06-01T02:10:00+00:00
[2023-06-01T02:10:47.927+0000] {processor.py:176} INFO - Processing /home/airflow/.local/lib/python3.7/site-packages/airflow/example_dags/example_branch_python_dop_operator_3.py took 0.269 seconds
[2023-06-01T02:11:18.437+0000] {processor.py:154} INFO - Started process (PID=417) to work on /home/airflow/.local/lib/python3.7/site-packages/airflow/example_dags/example_branch_python_dop_operator_3.py
[2023-06-01T02:11:18.442+0000] {processor.py:756} INFO - Processing file /home/airflow/.local/lib/python3.7/site-packages/airflow/example_dags/example_branch_python_dop_operator_3.py for tasks to queue
[2023-06-01T02:11:18.444+0000] {logging_mixin.py:120} INFO - [2023-06-01T02:11:18.444+0000] {dagbag.py:537} INFO - Filling up the DagBag from /home/airflow/.local/lib/python3.7/site-packages/airflow/example_dags/example_branch_python_dop_operator_3.py
[2023-06-01T02:11:18.504+0000] {processor.py:766} INFO - DAG(s) dict_keys(['example_branch_dop_operator_v3']) retrieved from /home/airflow/.local/lib/python3.7/site-packages/airflow/example_dags/example_branch_python_dop_operator_3.py
[2023-06-01T02:11:18.666+0000] {logging_mixin.py:120} INFO - [2023-06-01T02:11:18.666+0000] {dag.py:2585} INFO - Sync 1 DAGs
[2023-06-01T02:11:18.775+0000] {logging_mixin.py:120} INFO - [2023-06-01T02:11:18.775+0000] {dag.py:3340} INFO - Setting next_dagrun for example_branch_dop_operator_v3 to 2023-06-01T02:10:00+00:00, run_after=2023-06-01T02:11:00+00:00
[2023-06-01T02:11:18.838+0000] {processor.py:176} INFO - Processing /home/airflow/.local/lib/python3.7/site-packages/airflow/example_dags/example_branch_python_dop_operator_3.py took 0.421 seconds
[2023-06-01T02:11:49.294+0000] {processor.py:154} INFO - Started process (PID=471) to work on /home/airflow/.local/lib/python3.7/site-packages/airflow/example_dags/example_branch_python_dop_operator_3.py
[2023-06-01T02:11:49.298+0000] {processor.py:756} INFO - Processing file /home/airflow/.local/lib/python3.7/site-packages/airflow/example_dags/example_branch_python_dop_operator_3.py for tasks to queue
[2023-06-01T02:11:49.300+0000] {logging_mixin.py:120} INFO - [2023-06-01T02:11:49.300+0000] {dagbag.py:537} INFO - Filling up the DagBag from /home/airflow/.local/lib/python3.7/site-packages/airflow/example_dags/example_branch_python_dop_operator_3.py
[2023-06-01T02:11:49.360+0000] {processor.py:766} INFO - DAG(s) dict_keys(['example_branch_dop_operator_v3']) retrieved from /home/airflow/.local/lib/python3.7/site-packages/airflow/example_dags/example_branch_python_dop_operator_3.py
[2023-06-01T02:11:49.446+0000] {logging_mixin.py:120} INFO - [2023-06-01T02:11:49.446+0000] {dag.py:2585} INFO - Sync 1 DAGs
[2023-06-01T02:11:49.488+0000] {logging_mixin.py:120} INFO - [2023-06-01T02:11:49.488+0000] {dag.py:3340} INFO - Setting next_dagrun for example_branch_dop_operator_v3 to 2023-06-01T02:10:00+00:00, run_after=2023-06-01T02:11:00+00:00
[2023-06-01T02:11:49.505+0000] {processor.py:176} INFO - Processing /home/airflow/.local/lib/python3.7/site-packages/airflow/example_dags/example_branch_python_dop_operator_3.py took 0.240 seconds
[2023-06-01T02:12:20.106+0000] {processor.py:154} INFO - Started process (PID=535) to work on /home/airflow/.local/lib/python3.7/site-packages/airflow/example_dags/example_branch_python_dop_operator_3.py
[2023-06-01T02:12:20.111+0000] {processor.py:756} INFO - Processing file /home/airflow/.local/lib/python3.7/site-packages/airflow/example_dags/example_branch_python_dop_operator_3.py for tasks to queue
[2023-06-01T02:12:20.113+0000] {logging_mixin.py:120} INFO - [2023-06-01T02:12:20.113+0000] {dagbag.py:537} INFO - Filling up the DagBag from /home/airflow/.local/lib/python3.7/site-packages/airflow/example_dags/example_branch_python_dop_operator_3.py
[2023-06-01T02:12:20.159+0000] {processor.py:766} INFO - DAG(s) dict_keys(['example_branch_dop_operator_v3']) retrieved from /home/airflow/.local/lib/python3.7/site-packages/airflow/example_dags/example_branch_python_dop_operator_3.py
[2023-06-01T02:12:20.249+0000] {logging_mixin.py:120} INFO - [2023-06-01T02:12:20.248+0000] {dag.py:2585} INFO - Sync 1 DAGs
[2023-06-01T02:12:20.288+0000] {logging_mixin.py:120} INFO - [2023-06-01T02:12:20.288+0000] {dag.py:3340} INFO - Setting next_dagrun for example_branch_dop_operator_v3 to 2023-06-01T02:11:00+00:00, run_after=2023-06-01T02:12:00+00:00
[2023-06-01T02:12:20.302+0000] {processor.py:176} INFO - Processing /home/airflow/.local/lib/python3.7/site-packages/airflow/example_dags/example_branch_python_dop_operator_3.py took 0.206 seconds
[2023-06-01T02:12:50.620+0000] {processor.py:154} INFO - Started process (PID=598) to work on /home/airflow/.local/lib/python3.7/site-packages/airflow/example_dags/example_branch_python_dop_operator_3.py
[2023-06-01T02:12:50.631+0000] {processor.py:756} INFO - Processing file /home/airflow/.local/lib/python3.7/site-packages/airflow/example_dags/example_branch_python_dop_operator_3.py for tasks to queue
[2023-06-01T02:12:50.634+0000] {logging_mixin.py:120} INFO - [2023-06-01T02:12:50.634+0000] {dagbag.py:537} INFO - Filling up the DagBag from /home/airflow/.local/lib/python3.7/site-packages/airflow/example_dags/example_branch_python_dop_operator_3.py
[2023-06-01T02:12:50.751+0000] {processor.py:766} INFO - DAG(s) dict_keys(['example_branch_dop_operator_v3']) retrieved from /home/airflow/.local/lib/python3.7/site-packages/airflow/example_dags/example_branch_python_dop_operator_3.py
[2023-06-01T02:12:50.837+0000] {logging_mixin.py:120} INFO - [2023-06-01T02:12:50.836+0000] {dag.py:2585} INFO - Sync 1 DAGs
[2023-06-01T02:12:50.896+0000] {logging_mixin.py:120} INFO - [2023-06-01T02:12:50.896+0000] {dag.py:3340} INFO - Setting next_dagrun for example_branch_dop_operator_v3 to 2023-06-01T02:11:00+00:00, run_after=2023-06-01T02:12:00+00:00
[2023-06-01T02:12:50.924+0000] {processor.py:176} INFO - Processing /home/airflow/.local/lib/python3.7/site-packages/airflow/example_dags/example_branch_python_dop_operator_3.py took 0.322 seconds
[2023-06-01T02:13:21.980+0000] {processor.py:154} INFO - Started process (PID=652) to work on /home/airflow/.local/lib/python3.7/site-packages/airflow/example_dags/example_branch_python_dop_operator_3.py
[2023-06-01T02:13:21.987+0000] {processor.py:756} INFO - Processing file /home/airflow/.local/lib/python3.7/site-packages/airflow/example_dags/example_branch_python_dop_operator_3.py for tasks to queue
[2023-06-01T02:13:21.994+0000] {logging_mixin.py:120} INFO - [2023-06-01T02:13:21.994+0000] {dagbag.py:537} INFO - Filling up the DagBag from /home/airflow/.local/lib/python3.7/site-packages/airflow/example_dags/example_branch_python_dop_operator_3.py
[2023-06-01T02:13:22.037+0000] {processor.py:766} INFO - DAG(s) dict_keys(['example_branch_dop_operator_v3']) retrieved from /home/airflow/.local/lib/python3.7/site-packages/airflow/example_dags/example_branch_python_dop_operator_3.py
[2023-06-01T02:13:22.128+0000] {logging_mixin.py:120} INFO - [2023-06-01T02:13:22.128+0000] {dag.py:2585} INFO - Sync 1 DAGs
[2023-06-01T02:13:22.155+0000] {logging_mixin.py:120} INFO - [2023-06-01T02:13:22.155+0000] {dag.py:3340} INFO - Setting next_dagrun for example_branch_dop_operator_v3 to 2023-06-01T02:12:00+00:00, run_after=2023-06-01T02:13:00+00:00
[2023-06-01T02:13:22.176+0000] {processor.py:176} INFO - Processing /home/airflow/.local/lib/python3.7/site-packages/airflow/example_dags/example_branch_python_dop_operator_3.py took 0.218 seconds
[2023-06-01T02:13:53.350+0000] {processor.py:154} INFO - Started process (PID=715) to work on /home/airflow/.local/lib/python3.7/site-packages/airflow/example_dags/example_branch_python_dop_operator_3.py
[2023-06-01T02:13:53.354+0000] {processor.py:756} INFO - Processing file /home/airflow/.local/lib/python3.7/site-packages/airflow/example_dags/example_branch_python_dop_operator_3.py for tasks to queue
[2023-06-01T02:13:53.362+0000] {logging_mixin.py:120} INFO - [2023-06-01T02:13:53.362+0000] {dagbag.py:537} INFO - Filling up the DagBag from /home/airflow/.local/lib/python3.7/site-packages/airflow/example_dags/example_branch_python_dop_operator_3.py
[2023-06-01T02:13:53.438+0000] {processor.py:766} INFO - DAG(s) dict_keys(['example_branch_dop_operator_v3']) retrieved from /home/airflow/.local/lib/python3.7/site-packages/airflow/example_dags/example_branch_python_dop_operator_3.py
[2023-06-01T02:13:53.543+0000] {logging_mixin.py:120} INFO - [2023-06-01T02:13:53.543+0000] {dag.py:2585} INFO - Sync 1 DAGs
[2023-06-01T02:13:53.591+0000] {logging_mixin.py:120} INFO - [2023-06-01T02:13:53.591+0000] {dag.py:3340} INFO - Setting next_dagrun for example_branch_dop_operator_v3 to 2023-06-01T02:12:00+00:00, run_after=2023-06-01T02:13:00+00:00
[2023-06-01T02:13:53.608+0000] {processor.py:176} INFO - Processing /home/airflow/.local/lib/python3.7/site-packages/airflow/example_dags/example_branch_python_dop_operator_3.py took 0.269 seconds
[2023-06-01T02:14:24.130+0000] {processor.py:154} INFO - Started process (PID=778) to work on /home/airflow/.local/lib/python3.7/site-packages/airflow/example_dags/example_branch_python_dop_operator_3.py
[2023-06-01T02:14:24.133+0000] {processor.py:756} INFO - Processing file /home/airflow/.local/lib/python3.7/site-packages/airflow/example_dags/example_branch_python_dop_operator_3.py for tasks to queue
[2023-06-01T02:14:24.135+0000] {logging_mixin.py:120} INFO - [2023-06-01T02:14:24.135+0000] {dagbag.py:537} INFO - Filling up the DagBag from /home/airflow/.local/lib/python3.7/site-packages/airflow/example_dags/example_branch_python_dop_operator_3.py
[2023-06-01T02:14:24.168+0000] {processor.py:766} INFO - DAG(s) dict_keys(['example_branch_dop_operator_v3']) retrieved from /home/airflow/.local/lib/python3.7/site-packages/airflow/example_dags/example_branch_python_dop_operator_3.py
[2023-06-01T02:14:24.226+0000] {logging_mixin.py:120} INFO - [2023-06-01T02:14:24.226+0000] {dag.py:2585} INFO - Sync 1 DAGs
[2023-06-01T02:14:24.250+0000] {logging_mixin.py:120} INFO - [2023-06-01T02:14:24.249+0000] {dag.py:3340} INFO - Setting next_dagrun for example_branch_dop_operator_v3 to 2023-06-01T02:13:00+00:00, run_after=2023-06-01T02:14:00+00:00
[2023-06-01T02:14:24.269+0000] {processor.py:176} INFO - Processing /home/airflow/.local/lib/python3.7/site-packages/airflow/example_dags/example_branch_python_dop_operator_3.py took 0.148 seconds
