[2023-06-01T02:08:08.761+0000] {processor.py:154} INFO - Started process (PID=76) to work on /home/airflow/.local/lib/python3.7/site-packages/airflow/example_dags/example_complex.py
[2023-06-01T02:08:08.772+0000] {processor.py:756} INFO - Processing file /home/airflow/.local/lib/python3.7/site-packages/airflow/example_dags/example_complex.py for tasks to queue
[2023-06-01T02:08:08.775+0000] {logging_mixin.py:120} INFO - [2023-06-01T02:08:08.775+0000] {dagbag.py:537} INFO - Filling up the DagBag from /home/airflow/.local/lib/python3.7/site-packages/airflow/example_dags/example_complex.py
[2023-06-01T02:08:08.942+0000] {logging_mixin.py:120} INFO - [2023-06-01T02:08:08.942+0000] {taskmixin.py:205} WARNING - Dependency <Task(BashOperator): create_entry_group>, delete_entry_group already registered for DAG: example_complex
[2023-06-01T02:08:08.948+0000] {logging_mixin.py:120} INFO - [2023-06-01T02:08:08.947+0000] {taskmixin.py:205} WARNING - Dependency <Task(BashOperator): delete_entry_group>, create_entry_group already registered for DAG: example_complex
[2023-06-01T02:08:08.951+0000] {logging_mixin.py:120} INFO - [2023-06-01T02:08:08.951+0000] {taskmixin.py:205} WARNING - Dependency <Task(BashOperator): create_entry_gcs>, delete_entry already registered for DAG: example_complex
[2023-06-01T02:08:08.953+0000] {logging_mixin.py:120} INFO - [2023-06-01T02:08:08.953+0000] {taskmixin.py:205} WARNING - Dependency <Task(BashOperator): delete_entry>, create_entry_gcs already registered for DAG: example_complex
[2023-06-01T02:08:08.954+0000] {logging_mixin.py:120} INFO - [2023-06-01T02:08:08.954+0000] {taskmixin.py:205} WARNING - Dependency <Task(BashOperator): create_tag>, delete_tag already registered for DAG: example_complex
[2023-06-01T02:08:08.956+0000] {logging_mixin.py:120} INFO - [2023-06-01T02:08:08.955+0000] {taskmixin.py:205} WARNING - Dependency <Task(BashOperator): delete_tag>, create_tag already registered for DAG: example_complex
[2023-06-01T02:08:09.061+0000] {processor.py:766} INFO - DAG(s) dict_keys(['example_complex']) retrieved from /home/airflow/.local/lib/python3.7/site-packages/airflow/example_dags/example_complex.py
[2023-06-01T02:08:10.248+0000] {logging_mixin.py:120} INFO - [2023-06-01T02:08:10.241+0000] {manager.py:507} INFO - Created Permission View: can read on DAG:example_complex
[2023-06-01T02:08:10.383+0000] {logging_mixin.py:120} INFO - [2023-06-01T02:08:10.383+0000] {manager.py:507} INFO - Created Permission View: can edit on DAG:example_complex
[2023-06-01T02:08:10.533+0000] {logging_mixin.py:120} INFO - [2023-06-01T02:08:10.533+0000] {manager.py:507} INFO - Created Permission View: can delete on DAG:example_complex
[2023-06-01T02:08:10.555+0000] {logging_mixin.py:120} INFO - [2023-06-01T02:08:10.555+0000] {dag.py:2585} INFO - Sync 1 DAGs
[2023-06-01T02:08:11.197+0000] {logging_mixin.py:120} INFO - [2023-06-01T02:08:11.162+0000] {dag.py:2606} INFO - Creating ORM DAG for example_complex
[2023-06-01T02:08:11.721+0000] {logging_mixin.py:120} INFO - [2023-06-01T02:08:11.705+0000] {dag.py:3340} INFO - Setting next_dagrun for example_complex to None, run_after=None
[2023-06-01T02:08:12.139+0000] {processor.py:176} INFO - Processing /home/airflow/.local/lib/python3.7/site-packages/airflow/example_dags/example_complex.py took 3.448 seconds
[2023-06-01T02:08:51.279+0000] {processor.py:154} INFO - Started process (PID=130) to work on /home/airflow/.local/lib/python3.7/site-packages/airflow/example_dags/example_complex.py
[2023-06-01T02:08:51.285+0000] {processor.py:756} INFO - Processing file /home/airflow/.local/lib/python3.7/site-packages/airflow/example_dags/example_complex.py for tasks to queue
[2023-06-01T02:08:51.288+0000] {logging_mixin.py:120} INFO - [2023-06-01T02:08:51.287+0000] {dagbag.py:537} INFO - Filling up the DagBag from /home/airflow/.local/lib/python3.7/site-packages/airflow/example_dags/example_complex.py
[2023-06-01T02:08:51.493+0000] {logging_mixin.py:120} INFO - [2023-06-01T02:08:51.493+0000] {taskmixin.py:205} WARNING - Dependency <Task(BashOperator): create_entry_group>, delete_entry_group already registered for DAG: example_complex
[2023-06-01T02:08:51.500+0000] {logging_mixin.py:120} INFO - [2023-06-01T02:08:51.500+0000] {taskmixin.py:205} WARNING - Dependency <Task(BashOperator): delete_entry_group>, create_entry_group already registered for DAG: example_complex
[2023-06-01T02:08:51.502+0000] {logging_mixin.py:120} INFO - [2023-06-01T02:08:51.501+0000] {taskmixin.py:205} WARNING - Dependency <Task(BashOperator): create_entry_gcs>, delete_entry already registered for DAG: example_complex
[2023-06-01T02:08:51.513+0000] {logging_mixin.py:120} INFO - [2023-06-01T02:08:51.513+0000] {taskmixin.py:205} WARNING - Dependency <Task(BashOperator): delete_entry>, create_entry_gcs already registered for DAG: example_complex
[2023-06-01T02:08:51.514+0000] {logging_mixin.py:120} INFO - [2023-06-01T02:08:51.514+0000] {taskmixin.py:205} WARNING - Dependency <Task(BashOperator): create_tag>, delete_tag already registered for DAG: example_complex
[2023-06-01T02:08:51.515+0000] {logging_mixin.py:120} INFO - [2023-06-01T02:08:51.515+0000] {taskmixin.py:205} WARNING - Dependency <Task(BashOperator): delete_tag>, create_tag already registered for DAG: example_complex
[2023-06-01T02:08:51.645+0000] {processor.py:766} INFO - DAG(s) dict_keys(['example_complex']) retrieved from /home/airflow/.local/lib/python3.7/site-packages/airflow/example_dags/example_complex.py
[2023-06-01T02:08:51.901+0000] {logging_mixin.py:120} INFO - [2023-06-01T02:08:51.900+0000] {dag.py:2585} INFO - Sync 1 DAGs
[2023-06-01T02:08:52.003+0000] {logging_mixin.py:120} INFO - [2023-06-01T02:08:52.002+0000] {dag.py:3340} INFO - Setting next_dagrun for example_complex to None, run_after=None
[2023-06-01T02:08:52.074+0000] {processor.py:176} INFO - Processing /home/airflow/.local/lib/python3.7/site-packages/airflow/example_dags/example_complex.py took 0.804 seconds
[2023-06-01T02:09:22.845+0000] {processor.py:154} INFO - Started process (PID=194) to work on /home/airflow/.local/lib/python3.7/site-packages/airflow/example_dags/example_complex.py
[2023-06-01T02:09:22.847+0000] {processor.py:756} INFO - Processing file /home/airflow/.local/lib/python3.7/site-packages/airflow/example_dags/example_complex.py for tasks to queue
[2023-06-01T02:09:22.849+0000] {logging_mixin.py:120} INFO - [2023-06-01T02:09:22.848+0000] {dagbag.py:537} INFO - Filling up the DagBag from /home/airflow/.local/lib/python3.7/site-packages/airflow/example_dags/example_complex.py
[2023-06-01T02:09:22.863+0000] {logging_mixin.py:120} INFO - [2023-06-01T02:09:22.863+0000] {taskmixin.py:205} WARNING - Dependency <Task(BashOperator): create_entry_group>, delete_entry_group already registered for DAG: example_complex
[2023-06-01T02:09:22.864+0000] {logging_mixin.py:120} INFO - [2023-06-01T02:09:22.864+0000] {taskmixin.py:205} WARNING - Dependency <Task(BashOperator): delete_entry_group>, create_entry_group already registered for DAG: example_complex
[2023-06-01T02:09:22.865+0000] {logging_mixin.py:120} INFO - [2023-06-01T02:09:22.865+0000] {taskmixin.py:205} WARNING - Dependency <Task(BashOperator): create_entry_gcs>, delete_entry already registered for DAG: example_complex
[2023-06-01T02:09:22.865+0000] {logging_mixin.py:120} INFO - [2023-06-01T02:09:22.865+0000] {taskmixin.py:205} WARNING - Dependency <Task(BashOperator): delete_entry>, create_entry_gcs already registered for DAG: example_complex
[2023-06-01T02:09:22.866+0000] {logging_mixin.py:120} INFO - [2023-06-01T02:09:22.866+0000] {taskmixin.py:205} WARNING - Dependency <Task(BashOperator): create_tag>, delete_tag already registered for DAG: example_complex
[2023-06-01T02:09:22.867+0000] {logging_mixin.py:120} INFO - [2023-06-01T02:09:22.867+0000] {taskmixin.py:205} WARNING - Dependency <Task(BashOperator): delete_tag>, create_tag already registered for DAG: example_complex
[2023-06-01T02:09:22.880+0000] {processor.py:766} INFO - DAG(s) dict_keys(['example_complex']) retrieved from /home/airflow/.local/lib/python3.7/site-packages/airflow/example_dags/example_complex.py
[2023-06-01T02:09:22.931+0000] {logging_mixin.py:120} INFO - [2023-06-01T02:09:22.931+0000] {dag.py:2585} INFO - Sync 1 DAGs
[2023-06-01T02:09:22.949+0000] {logging_mixin.py:120} INFO - [2023-06-01T02:09:22.949+0000] {dag.py:3340} INFO - Setting next_dagrun for example_complex to None, run_after=None
[2023-06-01T02:09:22.962+0000] {processor.py:176} INFO - Processing /home/airflow/.local/lib/python3.7/site-packages/airflow/example_dags/example_complex.py took 0.122 seconds
[2023-06-01T02:09:53.589+0000] {processor.py:154} INFO - Started process (PID=249) to work on /home/airflow/.local/lib/python3.7/site-packages/airflow/example_dags/example_complex.py
[2023-06-01T02:09:53.590+0000] {processor.py:756} INFO - Processing file /home/airflow/.local/lib/python3.7/site-packages/airflow/example_dags/example_complex.py for tasks to queue
[2023-06-01T02:09:53.591+0000] {logging_mixin.py:120} INFO - [2023-06-01T02:09:53.591+0000] {dagbag.py:537} INFO - Filling up the DagBag from /home/airflow/.local/lib/python3.7/site-packages/airflow/example_dags/example_complex.py
[2023-06-01T02:09:53.599+0000] {logging_mixin.py:120} INFO - [2023-06-01T02:09:53.599+0000] {taskmixin.py:205} WARNING - Dependency <Task(BashOperator): create_entry_group>, delete_entry_group already registered for DAG: example_complex
[2023-06-01T02:09:53.600+0000] {logging_mixin.py:120} INFO - [2023-06-01T02:09:53.600+0000] {taskmixin.py:205} WARNING - Dependency <Task(BashOperator): delete_entry_group>, create_entry_group already registered for DAG: example_complex
[2023-06-01T02:09:53.600+0000] {logging_mixin.py:120} INFO - [2023-06-01T02:09:53.600+0000] {taskmixin.py:205} WARNING - Dependency <Task(BashOperator): create_entry_gcs>, delete_entry already registered for DAG: example_complex
[2023-06-01T02:09:53.601+0000] {logging_mixin.py:120} INFO - [2023-06-01T02:09:53.601+0000] {taskmixin.py:205} WARNING - Dependency <Task(BashOperator): delete_entry>, create_entry_gcs already registered for DAG: example_complex
[2023-06-01T02:09:53.601+0000] {logging_mixin.py:120} INFO - [2023-06-01T02:09:53.601+0000] {taskmixin.py:205} WARNING - Dependency <Task(BashOperator): create_tag>, delete_tag already registered for DAG: example_complex
[2023-06-01T02:09:53.602+0000] {logging_mixin.py:120} INFO - [2023-06-01T02:09:53.602+0000] {taskmixin.py:205} WARNING - Dependency <Task(BashOperator): delete_tag>, create_tag already registered for DAG: example_complex
[2023-06-01T02:09:53.607+0000] {processor.py:766} INFO - DAG(s) dict_keys(['example_complex']) retrieved from /home/airflow/.local/lib/python3.7/site-packages/airflow/example_dags/example_complex.py
[2023-06-01T02:09:53.638+0000] {logging_mixin.py:120} INFO - [2023-06-01T02:09:53.638+0000] {dag.py:2585} INFO - Sync 1 DAGs
[2023-06-01T02:09:53.652+0000] {logging_mixin.py:120} INFO - [2023-06-01T02:09:53.652+0000] {dag.py:3340} INFO - Setting next_dagrun for example_complex to None, run_after=None
[2023-06-01T02:09:53.662+0000] {processor.py:176} INFO - Processing /home/airflow/.local/lib/python3.7/site-packages/airflow/example_dags/example_complex.py took 0.075 seconds
[2023-06-01T02:10:24.420+0000] {processor.py:154} INFO - Started process (PID=312) to work on /home/airflow/.local/lib/python3.7/site-packages/airflow/example_dags/example_complex.py
[2023-06-01T02:10:24.422+0000] {processor.py:756} INFO - Processing file /home/airflow/.local/lib/python3.7/site-packages/airflow/example_dags/example_complex.py for tasks to queue
[2023-06-01T02:10:24.423+0000] {logging_mixin.py:120} INFO - [2023-06-01T02:10:24.423+0000] {dagbag.py:537} INFO - Filling up the DagBag from /home/airflow/.local/lib/python3.7/site-packages/airflow/example_dags/example_complex.py
[2023-06-01T02:10:24.438+0000] {logging_mixin.py:120} INFO - [2023-06-01T02:10:24.438+0000] {taskmixin.py:205} WARNING - Dependency <Task(BashOperator): create_entry_group>, delete_entry_group already registered for DAG: example_complex
[2023-06-01T02:10:24.440+0000] {logging_mixin.py:120} INFO - [2023-06-01T02:10:24.440+0000] {taskmixin.py:205} WARNING - Dependency <Task(BashOperator): delete_entry_group>, create_entry_group already registered for DAG: example_complex
[2023-06-01T02:10:24.441+0000] {logging_mixin.py:120} INFO - [2023-06-01T02:10:24.441+0000] {taskmixin.py:205} WARNING - Dependency <Task(BashOperator): create_entry_gcs>, delete_entry already registered for DAG: example_complex
[2023-06-01T02:10:24.441+0000] {logging_mixin.py:120} INFO - [2023-06-01T02:10:24.441+0000] {taskmixin.py:205} WARNING - Dependency <Task(BashOperator): delete_entry>, create_entry_gcs already registered for DAG: example_complex
[2023-06-01T02:10:24.442+0000] {logging_mixin.py:120} INFO - [2023-06-01T02:10:24.442+0000] {taskmixin.py:205} WARNING - Dependency <Task(BashOperator): create_tag>, delete_tag already registered for DAG: example_complex
[2023-06-01T02:10:24.442+0000] {logging_mixin.py:120} INFO - [2023-06-01T02:10:24.442+0000] {taskmixin.py:205} WARNING - Dependency <Task(BashOperator): delete_tag>, create_tag already registered for DAG: example_complex
[2023-06-01T02:10:24.450+0000] {processor.py:766} INFO - DAG(s) dict_keys(['example_complex']) retrieved from /home/airflow/.local/lib/python3.7/site-packages/airflow/example_dags/example_complex.py
[2023-06-01T02:10:24.485+0000] {logging_mixin.py:120} INFO - [2023-06-01T02:10:24.485+0000] {dag.py:2585} INFO - Sync 1 DAGs
[2023-06-01T02:10:24.499+0000] {logging_mixin.py:120} INFO - [2023-06-01T02:10:24.499+0000] {dag.py:3340} INFO - Setting next_dagrun for example_complex to None, run_after=None
[2023-06-01T02:10:24.509+0000] {processor.py:176} INFO - Processing /home/airflow/.local/lib/python3.7/site-packages/airflow/example_dags/example_complex.py took 0.093 seconds
[2023-06-01T02:10:54.786+0000] {processor.py:154} INFO - Started process (PID=376) to work on /home/airflow/.local/lib/python3.7/site-packages/airflow/example_dags/example_complex.py
[2023-06-01T02:10:54.788+0000] {processor.py:756} INFO - Processing file /home/airflow/.local/lib/python3.7/site-packages/airflow/example_dags/example_complex.py for tasks to queue
[2023-06-01T02:10:54.788+0000] {logging_mixin.py:120} INFO - [2023-06-01T02:10:54.788+0000] {dagbag.py:537} INFO - Filling up the DagBag from /home/airflow/.local/lib/python3.7/site-packages/airflow/example_dags/example_complex.py
[2023-06-01T02:10:54.796+0000] {logging_mixin.py:120} INFO - [2023-06-01T02:10:54.796+0000] {taskmixin.py:205} WARNING - Dependency <Task(BashOperator): create_entry_group>, delete_entry_group already registered for DAG: example_complex
[2023-06-01T02:10:54.797+0000] {logging_mixin.py:120} INFO - [2023-06-01T02:10:54.797+0000] {taskmixin.py:205} WARNING - Dependency <Task(BashOperator): delete_entry_group>, create_entry_group already registered for DAG: example_complex
[2023-06-01T02:10:54.798+0000] {logging_mixin.py:120} INFO - [2023-06-01T02:10:54.798+0000] {taskmixin.py:205} WARNING - Dependency <Task(BashOperator): create_entry_gcs>, delete_entry already registered for DAG: example_complex
[2023-06-01T02:10:54.798+0000] {logging_mixin.py:120} INFO - [2023-06-01T02:10:54.798+0000] {taskmixin.py:205} WARNING - Dependency <Task(BashOperator): delete_entry>, create_entry_gcs already registered for DAG: example_complex
[2023-06-01T02:10:54.799+0000] {logging_mixin.py:120} INFO - [2023-06-01T02:10:54.798+0000] {taskmixin.py:205} WARNING - Dependency <Task(BashOperator): create_tag>, delete_tag already registered for DAG: example_complex
[2023-06-01T02:10:54.799+0000] {logging_mixin.py:120} INFO - [2023-06-01T02:10:54.799+0000] {taskmixin.py:205} WARNING - Dependency <Task(BashOperator): delete_tag>, create_tag already registered for DAG: example_complex
[2023-06-01T02:10:54.807+0000] {processor.py:766} INFO - DAG(s) dict_keys(['example_complex']) retrieved from /home/airflow/.local/lib/python3.7/site-packages/airflow/example_dags/example_complex.py
[2023-06-01T02:10:54.844+0000] {logging_mixin.py:120} INFO - [2023-06-01T02:10:54.843+0000] {dag.py:2585} INFO - Sync 1 DAGs
[2023-06-01T02:10:54.859+0000] {logging_mixin.py:120} INFO - [2023-06-01T02:10:54.858+0000] {dag.py:3340} INFO - Setting next_dagrun for example_complex to None, run_after=None
[2023-06-01T02:10:54.869+0000] {processor.py:176} INFO - Processing /home/airflow/.local/lib/python3.7/site-packages/airflow/example_dags/example_complex.py took 0.086 seconds
[2023-06-01T02:11:25.061+0000] {processor.py:154} INFO - Started process (PID=431) to work on /home/airflow/.local/lib/python3.7/site-packages/airflow/example_dags/example_complex.py
[2023-06-01T02:11:25.062+0000] {processor.py:756} INFO - Processing file /home/airflow/.local/lib/python3.7/site-packages/airflow/example_dags/example_complex.py for tasks to queue
[2023-06-01T02:11:25.064+0000] {logging_mixin.py:120} INFO - [2023-06-01T02:11:25.063+0000] {dagbag.py:537} INFO - Filling up the DagBag from /home/airflow/.local/lib/python3.7/site-packages/airflow/example_dags/example_complex.py
[2023-06-01T02:11:25.079+0000] {logging_mixin.py:120} INFO - [2023-06-01T02:11:25.079+0000] {taskmixin.py:205} WARNING - Dependency <Task(BashOperator): create_entry_group>, delete_entry_group already registered for DAG: example_complex
[2023-06-01T02:11:25.079+0000] {logging_mixin.py:120} INFO - [2023-06-01T02:11:25.079+0000] {taskmixin.py:205} WARNING - Dependency <Task(BashOperator): delete_entry_group>, create_entry_group already registered for DAG: example_complex
[2023-06-01T02:11:25.080+0000] {logging_mixin.py:120} INFO - [2023-06-01T02:11:25.080+0000] {taskmixin.py:205} WARNING - Dependency <Task(BashOperator): create_entry_gcs>, delete_entry already registered for DAG: example_complex
[2023-06-01T02:11:25.080+0000] {logging_mixin.py:120} INFO - [2023-06-01T02:11:25.080+0000] {taskmixin.py:205} WARNING - Dependency <Task(BashOperator): delete_entry>, create_entry_gcs already registered for DAG: example_complex
[2023-06-01T02:11:25.081+0000] {logging_mixin.py:120} INFO - [2023-06-01T02:11:25.081+0000] {taskmixin.py:205} WARNING - Dependency <Task(BashOperator): create_tag>, delete_tag already registered for DAG: example_complex
[2023-06-01T02:11:25.081+0000] {logging_mixin.py:120} INFO - [2023-06-01T02:11:25.081+0000] {taskmixin.py:205} WARNING - Dependency <Task(BashOperator): delete_tag>, create_tag already registered for DAG: example_complex
[2023-06-01T02:11:25.094+0000] {processor.py:766} INFO - DAG(s) dict_keys(['example_complex']) retrieved from /home/airflow/.local/lib/python3.7/site-packages/airflow/example_dags/example_complex.py
[2023-06-01T02:11:25.116+0000] {logging_mixin.py:120} INFO - [2023-06-01T02:11:25.116+0000] {dag.py:2585} INFO - Sync 1 DAGs
[2023-06-01T02:11:25.135+0000] {logging_mixin.py:120} INFO - [2023-06-01T02:11:25.135+0000] {dag.py:3340} INFO - Setting next_dagrun for example_complex to None, run_after=None
[2023-06-01T02:11:25.158+0000] {processor.py:176} INFO - Processing /home/airflow/.local/lib/python3.7/site-packages/airflow/example_dags/example_complex.py took 0.101 seconds
[2023-06-01T02:11:55.294+0000] {processor.py:154} INFO - Started process (PID=495) to work on /home/airflow/.local/lib/python3.7/site-packages/airflow/example_dags/example_complex.py
[2023-06-01T02:11:55.297+0000] {processor.py:756} INFO - Processing file /home/airflow/.local/lib/python3.7/site-packages/airflow/example_dags/example_complex.py for tasks to queue
[2023-06-01T02:11:55.298+0000] {logging_mixin.py:120} INFO - [2023-06-01T02:11:55.298+0000] {dagbag.py:537} INFO - Filling up the DagBag from /home/airflow/.local/lib/python3.7/site-packages/airflow/example_dags/example_complex.py
[2023-06-01T02:11:55.311+0000] {logging_mixin.py:120} INFO - [2023-06-01T02:11:55.311+0000] {taskmixin.py:205} WARNING - Dependency <Task(BashOperator): create_entry_group>, delete_entry_group already registered for DAG: example_complex
[2023-06-01T02:11:55.312+0000] {logging_mixin.py:120} INFO - [2023-06-01T02:11:55.312+0000] {taskmixin.py:205} WARNING - Dependency <Task(BashOperator): delete_entry_group>, create_entry_group already registered for DAG: example_complex
[2023-06-01T02:11:55.313+0000] {logging_mixin.py:120} INFO - [2023-06-01T02:11:55.313+0000] {taskmixin.py:205} WARNING - Dependency <Task(BashOperator): create_entry_gcs>, delete_entry already registered for DAG: example_complex
[2023-06-01T02:11:55.314+0000] {logging_mixin.py:120} INFO - [2023-06-01T02:11:55.313+0000] {taskmixin.py:205} WARNING - Dependency <Task(BashOperator): delete_entry>, create_entry_gcs already registered for DAG: example_complex
[2023-06-01T02:11:55.314+0000] {logging_mixin.py:120} INFO - [2023-06-01T02:11:55.314+0000] {taskmixin.py:205} WARNING - Dependency <Task(BashOperator): create_tag>, delete_tag already registered for DAG: example_complex
[2023-06-01T02:11:55.315+0000] {logging_mixin.py:120} INFO - [2023-06-01T02:11:55.314+0000] {taskmixin.py:205} WARNING - Dependency <Task(BashOperator): delete_tag>, create_tag already registered for DAG: example_complex
[2023-06-01T02:11:55.324+0000] {processor.py:766} INFO - DAG(s) dict_keys(['example_complex']) retrieved from /home/airflow/.local/lib/python3.7/site-packages/airflow/example_dags/example_complex.py
[2023-06-01T02:11:55.415+0000] {logging_mixin.py:120} INFO - [2023-06-01T02:11:55.415+0000] {dag.py:2585} INFO - Sync 1 DAGs
[2023-06-01T02:11:55.437+0000] {logging_mixin.py:120} INFO - [2023-06-01T02:11:55.437+0000] {dag.py:3340} INFO - Setting next_dagrun for example_complex to None, run_after=None
[2023-06-01T02:11:55.451+0000] {processor.py:176} INFO - Processing /home/airflow/.local/lib/python3.7/site-packages/airflow/example_dags/example_complex.py took 0.163 seconds
[2023-06-01T02:12:26.478+0000] {processor.py:154} INFO - Started process (PID=549) to work on /home/airflow/.local/lib/python3.7/site-packages/airflow/example_dags/example_complex.py
[2023-06-01T02:12:26.487+0000] {processor.py:756} INFO - Processing file /home/airflow/.local/lib/python3.7/site-packages/airflow/example_dags/example_complex.py for tasks to queue
[2023-06-01T02:12:26.489+0000] {logging_mixin.py:120} INFO - [2023-06-01T02:12:26.489+0000] {dagbag.py:537} INFO - Filling up the DagBag from /home/airflow/.local/lib/python3.7/site-packages/airflow/example_dags/example_complex.py
[2023-06-01T02:12:26.526+0000] {logging_mixin.py:120} INFO - [2023-06-01T02:12:26.526+0000] {taskmixin.py:205} WARNING - Dependency <Task(BashOperator): create_entry_group>, delete_entry_group already registered for DAG: example_complex
[2023-06-01T02:12:26.527+0000] {logging_mixin.py:120} INFO - [2023-06-01T02:12:26.527+0000] {taskmixin.py:205} WARNING - Dependency <Task(BashOperator): delete_entry_group>, create_entry_group already registered for DAG: example_complex
[2023-06-01T02:12:26.528+0000] {logging_mixin.py:120} INFO - [2023-06-01T02:12:26.528+0000] {taskmixin.py:205} WARNING - Dependency <Task(BashOperator): create_entry_gcs>, delete_entry already registered for DAG: example_complex
[2023-06-01T02:12:26.529+0000] {logging_mixin.py:120} INFO - [2023-06-01T02:12:26.529+0000] {taskmixin.py:205} WARNING - Dependency <Task(BashOperator): delete_entry>, create_entry_gcs already registered for DAG: example_complex
[2023-06-01T02:12:26.529+0000] {logging_mixin.py:120} INFO - [2023-06-01T02:12:26.529+0000] {taskmixin.py:205} WARNING - Dependency <Task(BashOperator): create_tag>, delete_tag already registered for DAG: example_complex
[2023-06-01T02:12:26.530+0000] {logging_mixin.py:120} INFO - [2023-06-01T02:12:26.530+0000] {taskmixin.py:205} WARNING - Dependency <Task(BashOperator): delete_tag>, create_tag already registered for DAG: example_complex
[2023-06-01T02:12:26.546+0000] {processor.py:766} INFO - DAG(s) dict_keys(['example_complex']) retrieved from /home/airflow/.local/lib/python3.7/site-packages/airflow/example_dags/example_complex.py
[2023-06-01T02:12:26.663+0000] {logging_mixin.py:120} INFO - [2023-06-01T02:12:26.663+0000] {dag.py:2585} INFO - Sync 1 DAGs
[2023-06-01T02:12:26.692+0000] {logging_mixin.py:120} INFO - [2023-06-01T02:12:26.692+0000] {dag.py:3340} INFO - Setting next_dagrun for example_complex to None, run_after=None
[2023-06-01T02:12:26.710+0000] {processor.py:176} INFO - Processing /home/airflow/.local/lib/python3.7/site-packages/airflow/example_dags/example_complex.py took 0.248 seconds
[2023-06-01T02:12:57.034+0000] {processor.py:154} INFO - Started process (PID=612) to work on /home/airflow/.local/lib/python3.7/site-packages/airflow/example_dags/example_complex.py
[2023-06-01T02:12:57.038+0000] {processor.py:756} INFO - Processing file /home/airflow/.local/lib/python3.7/site-packages/airflow/example_dags/example_complex.py for tasks to queue
[2023-06-01T02:12:57.040+0000] {logging_mixin.py:120} INFO - [2023-06-01T02:12:57.040+0000] {dagbag.py:537} INFO - Filling up the DagBag from /home/airflow/.local/lib/python3.7/site-packages/airflow/example_dags/example_complex.py
[2023-06-01T02:12:57.060+0000] {logging_mixin.py:120} INFO - [2023-06-01T02:12:57.060+0000] {taskmixin.py:205} WARNING - Dependency <Task(BashOperator): create_entry_group>, delete_entry_group already registered for DAG: example_complex
[2023-06-01T02:12:57.060+0000] {logging_mixin.py:120} INFO - [2023-06-01T02:12:57.060+0000] {taskmixin.py:205} WARNING - Dependency <Task(BashOperator): delete_entry_group>, create_entry_group already registered for DAG: example_complex
[2023-06-01T02:12:57.061+0000] {logging_mixin.py:120} INFO - [2023-06-01T02:12:57.061+0000] {taskmixin.py:205} WARNING - Dependency <Task(BashOperator): create_entry_gcs>, delete_entry already registered for DAG: example_complex
[2023-06-01T02:12:57.061+0000] {logging_mixin.py:120} INFO - [2023-06-01T02:12:57.061+0000] {taskmixin.py:205} WARNING - Dependency <Task(BashOperator): delete_entry>, create_entry_gcs already registered for DAG: example_complex
[2023-06-01T02:12:57.062+0000] {logging_mixin.py:120} INFO - [2023-06-01T02:12:57.062+0000] {taskmixin.py:205} WARNING - Dependency <Task(BashOperator): create_tag>, delete_tag already registered for DAG: example_complex
[2023-06-01T02:12:57.062+0000] {logging_mixin.py:120} INFO - [2023-06-01T02:12:57.062+0000] {taskmixin.py:205} WARNING - Dependency <Task(BashOperator): delete_tag>, create_tag already registered for DAG: example_complex
[2023-06-01T02:12:57.072+0000] {processor.py:766} INFO - DAG(s) dict_keys(['example_complex']) retrieved from /home/airflow/.local/lib/python3.7/site-packages/airflow/example_dags/example_complex.py
[2023-06-01T02:12:57.150+0000] {logging_mixin.py:120} INFO - [2023-06-01T02:12:57.150+0000] {dag.py:2585} INFO - Sync 1 DAGs
[2023-06-01T02:12:57.184+0000] {logging_mixin.py:120} INFO - [2023-06-01T02:12:57.184+0000] {dag.py:3340} INFO - Setting next_dagrun for example_complex to None, run_after=None
[2023-06-01T02:12:57.201+0000] {processor.py:176} INFO - Processing /home/airflow/.local/lib/python3.7/site-packages/airflow/example_dags/example_complex.py took 0.185 seconds
[2023-06-01T02:13:27.736+0000] {processor.py:154} INFO - Started process (PID=675) to work on /home/airflow/.local/lib/python3.7/site-packages/airflow/example_dags/example_complex.py
[2023-06-01T02:13:27.741+0000] {processor.py:756} INFO - Processing file /home/airflow/.local/lib/python3.7/site-packages/airflow/example_dags/example_complex.py for tasks to queue
[2023-06-01T02:13:27.744+0000] {logging_mixin.py:120} INFO - [2023-06-01T02:13:27.743+0000] {dagbag.py:537} INFO - Filling up the DagBag from /home/airflow/.local/lib/python3.7/site-packages/airflow/example_dags/example_complex.py
[2023-06-01T02:13:27.766+0000] {logging_mixin.py:120} INFO - [2023-06-01T02:13:27.766+0000] {taskmixin.py:205} WARNING - Dependency <Task(BashOperator): create_entry_group>, delete_entry_group already registered for DAG: example_complex
[2023-06-01T02:13:27.767+0000] {logging_mixin.py:120} INFO - [2023-06-01T02:13:27.766+0000] {taskmixin.py:205} WARNING - Dependency <Task(BashOperator): delete_entry_group>, create_entry_group already registered for DAG: example_complex
[2023-06-01T02:13:27.767+0000] {logging_mixin.py:120} INFO - [2023-06-01T02:13:27.767+0000] {taskmixin.py:205} WARNING - Dependency <Task(BashOperator): create_entry_gcs>, delete_entry already registered for DAG: example_complex
[2023-06-01T02:13:27.767+0000] {logging_mixin.py:120} INFO - [2023-06-01T02:13:27.767+0000] {taskmixin.py:205} WARNING - Dependency <Task(BashOperator): delete_entry>, create_entry_gcs already registered for DAG: example_complex
[2023-06-01T02:13:27.768+0000] {logging_mixin.py:120} INFO - [2023-06-01T02:13:27.768+0000] {taskmixin.py:205} WARNING - Dependency <Task(BashOperator): create_tag>, delete_tag already registered for DAG: example_complex
[2023-06-01T02:13:27.769+0000] {logging_mixin.py:120} INFO - [2023-06-01T02:13:27.769+0000] {taskmixin.py:205} WARNING - Dependency <Task(BashOperator): delete_tag>, create_tag already registered for DAG: example_complex
[2023-06-01T02:13:27.780+0000] {processor.py:766} INFO - DAG(s) dict_keys(['example_complex']) retrieved from /home/airflow/.local/lib/python3.7/site-packages/airflow/example_dags/example_complex.py
[2023-06-01T02:13:27.852+0000] {logging_mixin.py:120} INFO - [2023-06-01T02:13:27.852+0000] {dag.py:2585} INFO - Sync 1 DAGs
[2023-06-01T02:13:27.877+0000] {logging_mixin.py:120} INFO - [2023-06-01T02:13:27.877+0000] {dag.py:3340} INFO - Setting next_dagrun for example_complex to None, run_after=None
[2023-06-01T02:13:27.891+0000] {processor.py:176} INFO - Processing /home/airflow/.local/lib/python3.7/site-packages/airflow/example_dags/example_complex.py took 0.169 seconds
[2023-06-01T02:13:58.611+0000] {processor.py:154} INFO - Started process (PID=729) to work on /home/airflow/.local/lib/python3.7/site-packages/airflow/example_dags/example_complex.py
[2023-06-01T02:13:58.613+0000] {processor.py:756} INFO - Processing file /home/airflow/.local/lib/python3.7/site-packages/airflow/example_dags/example_complex.py for tasks to queue
[2023-06-01T02:13:58.615+0000] {logging_mixin.py:120} INFO - [2023-06-01T02:13:58.615+0000] {dagbag.py:537} INFO - Filling up the DagBag from /home/airflow/.local/lib/python3.7/site-packages/airflow/example_dags/example_complex.py
[2023-06-01T02:13:58.648+0000] {logging_mixin.py:120} INFO - [2023-06-01T02:13:58.648+0000] {taskmixin.py:205} WARNING - Dependency <Task(BashOperator): create_entry_group>, delete_entry_group already registered for DAG: example_complex
[2023-06-01T02:13:58.649+0000] {logging_mixin.py:120} INFO - [2023-06-01T02:13:58.649+0000] {taskmixin.py:205} WARNING - Dependency <Task(BashOperator): delete_entry_group>, create_entry_group already registered for DAG: example_complex
[2023-06-01T02:13:58.649+0000] {logging_mixin.py:120} INFO - [2023-06-01T02:13:58.649+0000] {taskmixin.py:205} WARNING - Dependency <Task(BashOperator): create_entry_gcs>, delete_entry already registered for DAG: example_complex
[2023-06-01T02:13:58.649+0000] {logging_mixin.py:120} INFO - [2023-06-01T02:13:58.649+0000] {taskmixin.py:205} WARNING - Dependency <Task(BashOperator): delete_entry>, create_entry_gcs already registered for DAG: example_complex
[2023-06-01T02:13:58.650+0000] {logging_mixin.py:120} INFO - [2023-06-01T02:13:58.650+0000] {taskmixin.py:205} WARNING - Dependency <Task(BashOperator): create_tag>, delete_tag already registered for DAG: example_complex
[2023-06-01T02:13:58.650+0000] {logging_mixin.py:120} INFO - [2023-06-01T02:13:58.650+0000] {taskmixin.py:205} WARNING - Dependency <Task(BashOperator): delete_tag>, create_tag already registered for DAG: example_complex
[2023-06-01T02:13:58.660+0000] {processor.py:766} INFO - DAG(s) dict_keys(['example_complex']) retrieved from /home/airflow/.local/lib/python3.7/site-packages/airflow/example_dags/example_complex.py
[2023-06-01T02:13:58.772+0000] {logging_mixin.py:120} INFO - [2023-06-01T02:13:58.771+0000] {dag.py:2585} INFO - Sync 1 DAGs
[2023-06-01T02:13:58.810+0000] {logging_mixin.py:120} INFO - [2023-06-01T02:13:58.810+0000] {dag.py:3340} INFO - Setting next_dagrun for example_complex to None, run_after=None
[2023-06-01T02:13:58.835+0000] {processor.py:176} INFO - Processing /home/airflow/.local/lib/python3.7/site-packages/airflow/example_dags/example_complex.py took 0.232 seconds
[2023-06-01T02:14:29.204+0000] {processor.py:154} INFO - Started process (PID=792) to work on /home/airflow/.local/lib/python3.7/site-packages/airflow/example_dags/example_complex.py
[2023-06-01T02:14:29.207+0000] {processor.py:756} INFO - Processing file /home/airflow/.local/lib/python3.7/site-packages/airflow/example_dags/example_complex.py for tasks to queue
[2023-06-01T02:14:29.209+0000] {logging_mixin.py:120} INFO - [2023-06-01T02:14:29.209+0000] {dagbag.py:537} INFO - Filling up the DagBag from /home/airflow/.local/lib/python3.7/site-packages/airflow/example_dags/example_complex.py
[2023-06-01T02:14:29.224+0000] {logging_mixin.py:120} INFO - [2023-06-01T02:14:29.224+0000] {taskmixin.py:205} WARNING - Dependency <Task(BashOperator): create_entry_group>, delete_entry_group already registered for DAG: example_complex
[2023-06-01T02:14:29.226+0000] {logging_mixin.py:120} INFO - [2023-06-01T02:14:29.225+0000] {taskmixin.py:205} WARNING - Dependency <Task(BashOperator): delete_entry_group>, create_entry_group already registered for DAG: example_complex
[2023-06-01T02:14:29.226+0000] {logging_mixin.py:120} INFO - [2023-06-01T02:14:29.226+0000] {taskmixin.py:205} WARNING - Dependency <Task(BashOperator): create_entry_gcs>, delete_entry already registered for DAG: example_complex
[2023-06-01T02:14:29.227+0000] {logging_mixin.py:120} INFO - [2023-06-01T02:14:29.227+0000] {taskmixin.py:205} WARNING - Dependency <Task(BashOperator): delete_entry>, create_entry_gcs already registered for DAG: example_complex
[2023-06-01T02:14:29.228+0000] {logging_mixin.py:120} INFO - [2023-06-01T02:14:29.228+0000] {taskmixin.py:205} WARNING - Dependency <Task(BashOperator): create_tag>, delete_tag already registered for DAG: example_complex
[2023-06-01T02:14:29.229+0000] {logging_mixin.py:120} INFO - [2023-06-01T02:14:29.229+0000] {taskmixin.py:205} WARNING - Dependency <Task(BashOperator): delete_tag>, create_tag already registered for DAG: example_complex
[2023-06-01T02:14:29.238+0000] {processor.py:766} INFO - DAG(s) dict_keys(['example_complex']) retrieved from /home/airflow/.local/lib/python3.7/site-packages/airflow/example_dags/example_complex.py
[2023-06-01T02:14:29.282+0000] {logging_mixin.py:120} INFO - [2023-06-01T02:14:29.282+0000] {dag.py:2585} INFO - Sync 1 DAGs
[2023-06-01T02:14:29.309+0000] {logging_mixin.py:120} INFO - [2023-06-01T02:14:29.309+0000] {dag.py:3340} INFO - Setting next_dagrun for example_complex to None, run_after=None
[2023-06-01T02:14:29.338+0000] {processor.py:176} INFO - Processing /home/airflow/.local/lib/python3.7/site-packages/airflow/example_dags/example_complex.py took 0.140 seconds
