[2023-06-01T02:08:23.683+0000] {processor.py:154} INFO - Started process (PID=94) to work on /home/airflow/.local/lib/python3.7/site-packages/airflow/example_dags/example_branch_day_of_week_operator.py
[2023-06-01T02:08:23.691+0000] {processor.py:756} INFO - Processing file /home/airflow/.local/lib/python3.7/site-packages/airflow/example_dags/example_branch_day_of_week_operator.py for tasks to queue
[2023-06-01T02:08:23.695+0000] {logging_mixin.py:120} INFO - [2023-06-01T02:08:23.694+0000] {dagbag.py:537} INFO - Filling up the DagBag from /home/airflow/.local/lib/python3.7/site-packages/airflow/example_dags/example_branch_day_of_week_operator.py
[2023-06-01T02:08:24.061+0000] {processor.py:766} INFO - DAG(s) dict_keys(['example_weekday_branch_operator']) retrieved from /home/airflow/.local/lib/python3.7/site-packages/airflow/example_dags/example_branch_day_of_week_operator.py
[2023-06-01T02:08:25.056+0000] {logging_mixin.py:120} INFO - [2023-06-01T02:08:25.055+0000] {manager.py:507} INFO - Created Permission View: can read on DAG:example_weekday_branch_operator
[2023-06-01T02:08:25.094+0000] {logging_mixin.py:120} INFO - [2023-06-01T02:08:25.094+0000] {manager.py:507} INFO - Created Permission View: can edit on DAG:example_weekday_branch_operator
[2023-06-01T02:08:25.116+0000] {logging_mixin.py:120} INFO - [2023-06-01T02:08:25.116+0000] {manager.py:507} INFO - Created Permission View: can delete on DAG:example_weekday_branch_operator
[2023-06-01T02:08:25.117+0000] {logging_mixin.py:120} INFO - [2023-06-01T02:08:25.117+0000] {dag.py:2585} INFO - Sync 1 DAGs
[2023-06-01T02:08:25.234+0000] {logging_mixin.py:120} INFO - [2023-06-01T02:08:25.217+0000] {dag.py:2606} INFO - Creating ORM DAG for example_weekday_branch_operator
[2023-06-01T02:08:25.344+0000] {logging_mixin.py:120} INFO - [2023-06-01T02:08:25.344+0000] {dag.py:3340} INFO - Setting next_dagrun for example_weekday_branch_operator to 2023-05-31T00:00:00+00:00, run_after=2023-06-01T00:00:00+00:00
[2023-06-01T02:08:25.486+0000] {processor.py:176} INFO - Processing /home/airflow/.local/lib/python3.7/site-packages/airflow/example_dags/example_branch_day_of_week_operator.py took 1.884 seconds
[2023-06-01T02:08:56.152+0000] {processor.py:154} INFO - Started process (PID=149) to work on /home/airflow/.local/lib/python3.7/site-packages/airflow/example_dags/example_branch_day_of_week_operator.py
[2023-06-01T02:08:56.153+0000] {processor.py:756} INFO - Processing file /home/airflow/.local/lib/python3.7/site-packages/airflow/example_dags/example_branch_day_of_week_operator.py for tasks to queue
[2023-06-01T02:08:56.154+0000] {logging_mixin.py:120} INFO - [2023-06-01T02:08:56.154+0000] {dagbag.py:537} INFO - Filling up the DagBag from /home/airflow/.local/lib/python3.7/site-packages/airflow/example_dags/example_branch_day_of_week_operator.py
[2023-06-01T02:08:56.171+0000] {processor.py:766} INFO - DAG(s) dict_keys(['example_weekday_branch_operator']) retrieved from /home/airflow/.local/lib/python3.7/site-packages/airflow/example_dags/example_branch_day_of_week_operator.py
[2023-06-01T02:08:56.482+0000] {logging_mixin.py:120} INFO - [2023-06-01T02:08:56.482+0000] {dag.py:2585} INFO - Sync 1 DAGs
[2023-06-01T02:08:56.623+0000] {logging_mixin.py:120} INFO - [2023-06-01T02:08:56.623+0000] {dag.py:3340} INFO - Setting next_dagrun for example_weekday_branch_operator to 2023-05-31T00:00:00+00:00, run_after=2023-06-01T00:00:00+00:00
[2023-06-01T02:08:56.705+0000] {processor.py:176} INFO - Processing /home/airflow/.local/lib/python3.7/site-packages/airflow/example_dags/example_branch_day_of_week_operator.py took 0.557 seconds
[2023-06-01T02:09:26.956+0000] {processor.py:154} INFO - Started process (PID=203) to work on /home/airflow/.local/lib/python3.7/site-packages/airflow/example_dags/example_branch_day_of_week_operator.py
[2023-06-01T02:09:26.958+0000] {processor.py:756} INFO - Processing file /home/airflow/.local/lib/python3.7/site-packages/airflow/example_dags/example_branch_day_of_week_operator.py for tasks to queue
[2023-06-01T02:09:26.959+0000] {logging_mixin.py:120} INFO - [2023-06-01T02:09:26.959+0000] {dagbag.py:537} INFO - Filling up the DagBag from /home/airflow/.local/lib/python3.7/site-packages/airflow/example_dags/example_branch_day_of_week_operator.py
[2023-06-01T02:09:26.979+0000] {processor.py:766} INFO - DAG(s) dict_keys(['example_weekday_branch_operator']) retrieved from /home/airflow/.local/lib/python3.7/site-packages/airflow/example_dags/example_branch_day_of_week_operator.py
[2023-06-01T02:09:27.020+0000] {logging_mixin.py:120} INFO - [2023-06-01T02:09:27.020+0000] {dag.py:2585} INFO - Sync 1 DAGs
[2023-06-01T02:09:27.037+0000] {logging_mixin.py:120} INFO - [2023-06-01T02:09:27.037+0000] {dag.py:3340} INFO - Setting next_dagrun for example_weekday_branch_operator to 2023-05-31T00:00:00+00:00, run_after=2023-06-01T00:00:00+00:00
[2023-06-01T02:09:27.049+0000] {processor.py:176} INFO - Processing /home/airflow/.local/lib/python3.7/site-packages/airflow/example_dags/example_branch_day_of_week_operator.py took 0.098 seconds
[2023-06-01T02:09:57.208+0000] {processor.py:154} INFO - Started process (PID=267) to work on /home/airflow/.local/lib/python3.7/site-packages/airflow/example_dags/example_branch_day_of_week_operator.py
[2023-06-01T02:09:57.210+0000] {processor.py:756} INFO - Processing file /home/airflow/.local/lib/python3.7/site-packages/airflow/example_dags/example_branch_day_of_week_operator.py for tasks to queue
[2023-06-01T02:09:57.210+0000] {logging_mixin.py:120} INFO - [2023-06-01T02:09:57.210+0000] {dagbag.py:537} INFO - Filling up the DagBag from /home/airflow/.local/lib/python3.7/site-packages/airflow/example_dags/example_branch_day_of_week_operator.py
[2023-06-01T02:09:57.223+0000] {processor.py:766} INFO - DAG(s) dict_keys(['example_weekday_branch_operator']) retrieved from /home/airflow/.local/lib/python3.7/site-packages/airflow/example_dags/example_branch_day_of_week_operator.py
[2023-06-01T02:09:57.254+0000] {logging_mixin.py:120} INFO - [2023-06-01T02:09:57.254+0000] {dag.py:2585} INFO - Sync 1 DAGs
[2023-06-01T02:09:57.278+0000] {logging_mixin.py:120} INFO - [2023-06-01T02:09:57.277+0000] {dag.py:3340} INFO - Setting next_dagrun for example_weekday_branch_operator to 2023-05-31T00:00:00+00:00, run_after=2023-06-01T00:00:00+00:00
[2023-06-01T02:09:57.290+0000] {processor.py:176} INFO - Processing /home/airflow/.local/lib/python3.7/site-packages/airflow/example_dags/example_branch_day_of_week_operator.py took 0.084 seconds
[2023-06-01T02:10:28.234+0000] {processor.py:154} INFO - Started process (PID=322) to work on /home/airflow/.local/lib/python3.7/site-packages/airflow/example_dags/example_branch_day_of_week_operator.py
[2023-06-01T02:10:28.236+0000] {processor.py:756} INFO - Processing file /home/airflow/.local/lib/python3.7/site-packages/airflow/example_dags/example_branch_day_of_week_operator.py for tasks to queue
[2023-06-01T02:10:28.237+0000] {logging_mixin.py:120} INFO - [2023-06-01T02:10:28.237+0000] {dagbag.py:537} INFO - Filling up the DagBag from /home/airflow/.local/lib/python3.7/site-packages/airflow/example_dags/example_branch_day_of_week_operator.py
[2023-06-01T02:10:28.252+0000] {processor.py:766} INFO - DAG(s) dict_keys(['example_weekday_branch_operator']) retrieved from /home/airflow/.local/lib/python3.7/site-packages/airflow/example_dags/example_branch_day_of_week_operator.py
[2023-06-01T02:10:28.282+0000] {logging_mixin.py:120} INFO - [2023-06-01T02:10:28.281+0000] {dag.py:2585} INFO - Sync 1 DAGs
[2023-06-01T02:10:28.298+0000] {logging_mixin.py:120} INFO - [2023-06-01T02:10:28.298+0000] {dag.py:3340} INFO - Setting next_dagrun for example_weekday_branch_operator to 2023-05-31T00:00:00+00:00, run_after=2023-06-01T00:00:00+00:00
[2023-06-01T02:10:28.309+0000] {processor.py:176} INFO - Processing /home/airflow/.local/lib/python3.7/site-packages/airflow/example_dags/example_branch_day_of_week_operator.py took 0.079 seconds
[2023-06-01T02:10:58.807+0000] {processor.py:154} INFO - Started process (PID=386) to work on /home/airflow/.local/lib/python3.7/site-packages/airflow/example_dags/example_branch_day_of_week_operator.py
[2023-06-01T02:10:58.808+0000] {processor.py:756} INFO - Processing file /home/airflow/.local/lib/python3.7/site-packages/airflow/example_dags/example_branch_day_of_week_operator.py for tasks to queue
[2023-06-01T02:10:58.809+0000] {logging_mixin.py:120} INFO - [2023-06-01T02:10:58.809+0000] {dagbag.py:537} INFO - Filling up the DagBag from /home/airflow/.local/lib/python3.7/site-packages/airflow/example_dags/example_branch_day_of_week_operator.py
[2023-06-01T02:10:58.824+0000] {processor.py:766} INFO - DAG(s) dict_keys(['example_weekday_branch_operator']) retrieved from /home/airflow/.local/lib/python3.7/site-packages/airflow/example_dags/example_branch_day_of_week_operator.py
[2023-06-01T02:10:58.861+0000] {logging_mixin.py:120} INFO - [2023-06-01T02:10:58.861+0000] {dag.py:2585} INFO - Sync 1 DAGs
[2023-06-01T02:10:58.891+0000] {logging_mixin.py:120} INFO - [2023-06-01T02:10:58.891+0000] {dag.py:3340} INFO - Setting next_dagrun for example_weekday_branch_operator to 2023-05-31T00:00:00+00:00, run_after=2023-06-01T00:00:00+00:00
[2023-06-01T02:10:58.907+0000] {processor.py:176} INFO - Processing /home/airflow/.local/lib/python3.7/site-packages/airflow/example_dags/example_branch_day_of_week_operator.py took 0.103 seconds
[2023-06-01T02:11:29.535+0000] {processor.py:154} INFO - Started process (PID=450) to work on /home/airflow/.local/lib/python3.7/site-packages/airflow/example_dags/example_branch_day_of_week_operator.py
[2023-06-01T02:11:29.537+0000] {processor.py:756} INFO - Processing file /home/airflow/.local/lib/python3.7/site-packages/airflow/example_dags/example_branch_day_of_week_operator.py for tasks to queue
[2023-06-01T02:11:29.538+0000] {logging_mixin.py:120} INFO - [2023-06-01T02:11:29.538+0000] {dagbag.py:537} INFO - Filling up the DagBag from /home/airflow/.local/lib/python3.7/site-packages/airflow/example_dags/example_branch_day_of_week_operator.py
[2023-06-01T02:11:29.572+0000] {processor.py:766} INFO - DAG(s) dict_keys(['example_weekday_branch_operator']) retrieved from /home/airflow/.local/lib/python3.7/site-packages/airflow/example_dags/example_branch_day_of_week_operator.py
[2023-06-01T02:11:29.612+0000] {logging_mixin.py:120} INFO - [2023-06-01T02:11:29.612+0000] {dag.py:2585} INFO - Sync 1 DAGs
[2023-06-01T02:11:29.640+0000] {logging_mixin.py:120} INFO - [2023-06-01T02:11:29.640+0000] {dag.py:3340} INFO - Setting next_dagrun for example_weekday_branch_operator to 2023-05-31T00:00:00+00:00, run_after=2023-06-01T00:00:00+00:00
[2023-06-01T02:11:29.665+0000] {processor.py:176} INFO - Processing /home/airflow/.local/lib/python3.7/site-packages/airflow/example_dags/example_branch_day_of_week_operator.py took 0.135 seconds
[2023-06-01T02:12:00.666+0000] {processor.py:154} INFO - Started process (PID=505) to work on /home/airflow/.local/lib/python3.7/site-packages/airflow/example_dags/example_branch_day_of_week_operator.py
[2023-06-01T02:12:00.668+0000] {processor.py:756} INFO - Processing file /home/airflow/.local/lib/python3.7/site-packages/airflow/example_dags/example_branch_day_of_week_operator.py for tasks to queue
[2023-06-01T02:12:00.670+0000] {logging_mixin.py:120} INFO - [2023-06-01T02:12:00.670+0000] {dagbag.py:537} INFO - Filling up the DagBag from /home/airflow/.local/lib/python3.7/site-packages/airflow/example_dags/example_branch_day_of_week_operator.py
[2023-06-01T02:12:00.686+0000] {processor.py:766} INFO - DAG(s) dict_keys(['example_weekday_branch_operator']) retrieved from /home/airflow/.local/lib/python3.7/site-packages/airflow/example_dags/example_branch_day_of_week_operator.py
[2023-06-01T02:12:00.721+0000] {logging_mixin.py:120} INFO - [2023-06-01T02:12:00.721+0000] {dag.py:2585} INFO - Sync 1 DAGs
[2023-06-01T02:12:00.736+0000] {logging_mixin.py:120} INFO - [2023-06-01T02:12:00.736+0000] {dag.py:3340} INFO - Setting next_dagrun for example_weekday_branch_operator to 2023-05-31T00:00:00+00:00, run_after=2023-06-01T00:00:00+00:00
[2023-06-01T02:12:00.746+0000] {processor.py:176} INFO - Processing /home/airflow/.local/lib/python3.7/site-packages/airflow/example_dags/example_branch_day_of_week_operator.py took 0.084 seconds
[2023-06-01T02:12:31.179+0000] {processor.py:154} INFO - Started process (PID=568) to work on /home/airflow/.local/lib/python3.7/site-packages/airflow/example_dags/example_branch_day_of_week_operator.py
[2023-06-01T02:12:31.181+0000] {processor.py:756} INFO - Processing file /home/airflow/.local/lib/python3.7/site-packages/airflow/example_dags/example_branch_day_of_week_operator.py for tasks to queue
[2023-06-01T02:12:31.182+0000] {logging_mixin.py:120} INFO - [2023-06-01T02:12:31.182+0000] {dagbag.py:537} INFO - Filling up the DagBag from /home/airflow/.local/lib/python3.7/site-packages/airflow/example_dags/example_branch_day_of_week_operator.py
[2023-06-01T02:12:31.195+0000] {processor.py:766} INFO - DAG(s) dict_keys(['example_weekday_branch_operator']) retrieved from /home/airflow/.local/lib/python3.7/site-packages/airflow/example_dags/example_branch_day_of_week_operator.py
[2023-06-01T02:12:31.229+0000] {logging_mixin.py:120} INFO - [2023-06-01T02:12:31.229+0000] {dag.py:2585} INFO - Sync 1 DAGs
[2023-06-01T02:12:31.246+0000] {logging_mixin.py:120} INFO - [2023-06-01T02:12:31.246+0000] {dag.py:3340} INFO - Setting next_dagrun for example_weekday_branch_operator to 2023-05-31T00:00:00+00:00, run_after=2023-06-01T00:00:00+00:00
[2023-06-01T02:12:31.272+0000] {processor.py:176} INFO - Processing /home/airflow/.local/lib/python3.7/site-packages/airflow/example_dags/example_branch_day_of_week_operator.py took 0.096 seconds
[2023-06-01T02:13:01.312+0000] {processor.py:154} INFO - Started process (PID=622) to work on /home/airflow/.local/lib/python3.7/site-packages/airflow/example_dags/example_branch_day_of_week_operator.py
[2023-06-01T02:13:01.314+0000] {processor.py:756} INFO - Processing file /home/airflow/.local/lib/python3.7/site-packages/airflow/example_dags/example_branch_day_of_week_operator.py for tasks to queue
[2023-06-01T02:13:01.314+0000] {logging_mixin.py:120} INFO - [2023-06-01T02:13:01.314+0000] {dagbag.py:537} INFO - Filling up the DagBag from /home/airflow/.local/lib/python3.7/site-packages/airflow/example_dags/example_branch_day_of_week_operator.py
[2023-06-01T02:13:01.327+0000] {processor.py:766} INFO - DAG(s) dict_keys(['example_weekday_branch_operator']) retrieved from /home/airflow/.local/lib/python3.7/site-packages/airflow/example_dags/example_branch_day_of_week_operator.py
[2023-06-01T02:13:01.375+0000] {logging_mixin.py:120} INFO - [2023-06-01T02:13:01.374+0000] {dag.py:2585} INFO - Sync 1 DAGs
[2023-06-01T02:13:01.404+0000] {logging_mixin.py:120} INFO - [2023-06-01T02:13:01.404+0000] {dag.py:3340} INFO - Setting next_dagrun for example_weekday_branch_operator to 2023-05-31T00:00:00+00:00, run_after=2023-06-01T00:00:00+00:00
[2023-06-01T02:13:01.429+0000] {processor.py:176} INFO - Processing /home/airflow/.local/lib/python3.7/site-packages/airflow/example_dags/example_branch_day_of_week_operator.py took 0.119 seconds
[2023-06-01T02:13:31.609+0000] {processor.py:154} INFO - Started process (PID=685) to work on /home/airflow/.local/lib/python3.7/site-packages/airflow/example_dags/example_branch_day_of_week_operator.py
[2023-06-01T02:13:31.611+0000] {processor.py:756} INFO - Processing file /home/airflow/.local/lib/python3.7/site-packages/airflow/example_dags/example_branch_day_of_week_operator.py for tasks to queue
[2023-06-01T02:13:31.613+0000] {logging_mixin.py:120} INFO - [2023-06-01T02:13:31.613+0000] {dagbag.py:537} INFO - Filling up the DagBag from /home/airflow/.local/lib/python3.7/site-packages/airflow/example_dags/example_branch_day_of_week_operator.py
[2023-06-01T02:13:31.635+0000] {processor.py:766} INFO - DAG(s) dict_keys(['example_weekday_branch_operator']) retrieved from /home/airflow/.local/lib/python3.7/site-packages/airflow/example_dags/example_branch_day_of_week_operator.py
[2023-06-01T02:13:31.686+0000] {logging_mixin.py:120} INFO - [2023-06-01T02:13:31.686+0000] {dag.py:2585} INFO - Sync 1 DAGs
[2023-06-01T02:13:31.715+0000] {logging_mixin.py:120} INFO - [2023-06-01T02:13:31.715+0000] {dag.py:3340} INFO - Setting next_dagrun for example_weekday_branch_operator to 2023-05-31T00:00:00+00:00, run_after=2023-06-01T00:00:00+00:00
[2023-06-01T02:13:31.727+0000] {processor.py:176} INFO - Processing /home/airflow/.local/lib/python3.7/site-packages/airflow/example_dags/example_branch_day_of_week_operator.py took 0.123 seconds
[2023-06-01T02:14:02.726+0000] {processor.py:154} INFO - Started process (PID=748) to work on /home/airflow/.local/lib/python3.7/site-packages/airflow/example_dags/example_branch_day_of_week_operator.py
[2023-06-01T02:14:02.727+0000] {processor.py:756} INFO - Processing file /home/airflow/.local/lib/python3.7/site-packages/airflow/example_dags/example_branch_day_of_week_operator.py for tasks to queue
[2023-06-01T02:14:02.728+0000] {logging_mixin.py:120} INFO - [2023-06-01T02:14:02.728+0000] {dagbag.py:537} INFO - Filling up the DagBag from /home/airflow/.local/lib/python3.7/site-packages/airflow/example_dags/example_branch_day_of_week_operator.py
[2023-06-01T02:14:02.739+0000] {processor.py:766} INFO - DAG(s) dict_keys(['example_weekday_branch_operator']) retrieved from /home/airflow/.local/lib/python3.7/site-packages/airflow/example_dags/example_branch_day_of_week_operator.py
[2023-06-01T02:14:02.768+0000] {logging_mixin.py:120} INFO - [2023-06-01T02:14:02.768+0000] {dag.py:2585} INFO - Sync 1 DAGs
[2023-06-01T02:14:02.784+0000] {logging_mixin.py:120} INFO - [2023-06-01T02:14:02.784+0000] {dag.py:3340} INFO - Setting next_dagrun for example_weekday_branch_operator to 2023-05-31T00:00:00+00:00, run_after=2023-06-01T00:00:00+00:00
[2023-06-01T02:14:02.795+0000] {processor.py:176} INFO - Processing /home/airflow/.local/lib/python3.7/site-packages/airflow/example_dags/example_branch_day_of_week_operator.py took 0.073 seconds
[2023-06-01T02:14:33.153+0000] {processor.py:154} INFO - Started process (PID=802) to work on /home/airflow/.local/lib/python3.7/site-packages/airflow/example_dags/example_branch_day_of_week_operator.py
[2023-06-01T02:14:33.156+0000] {processor.py:756} INFO - Processing file /home/airflow/.local/lib/python3.7/site-packages/airflow/example_dags/example_branch_day_of_week_operator.py for tasks to queue
[2023-06-01T02:14:33.157+0000] {logging_mixin.py:120} INFO - [2023-06-01T02:14:33.157+0000] {dagbag.py:537} INFO - Filling up the DagBag from /home/airflow/.local/lib/python3.7/site-packages/airflow/example_dags/example_branch_day_of_week_operator.py
[2023-06-01T02:14:33.169+0000] {processor.py:766} INFO - DAG(s) dict_keys(['example_weekday_branch_operator']) retrieved from /home/airflow/.local/lib/python3.7/site-packages/airflow/example_dags/example_branch_day_of_week_operator.py
[2023-06-01T02:14:33.206+0000] {logging_mixin.py:120} INFO - [2023-06-01T02:14:33.206+0000] {dag.py:2585} INFO - Sync 1 DAGs
[2023-06-01T02:14:33.223+0000] {logging_mixin.py:120} INFO - [2023-06-01T02:14:33.222+0000] {dag.py:3340} INFO - Setting next_dagrun for example_weekday_branch_operator to 2023-05-31T00:00:00+00:00, run_after=2023-06-01T00:00:00+00:00
[2023-06-01T02:14:33.233+0000] {processor.py:176} INFO - Processing /home/airflow/.local/lib/python3.7/site-packages/airflow/example_dags/example_branch_day_of_week_operator.py took 0.082 seconds
