[2023-06-01T02:07:20.410+0000] {processor.py:154} INFO - Started process (PID=43) to work on /home/airflow/.local/lib/python3.7/site-packages/airflow/example_dags/example_short_circuit_operator.py
[2023-06-01T02:07:20.418+0000] {processor.py:756} INFO - Processing file /home/airflow/.local/lib/python3.7/site-packages/airflow/example_dags/example_short_circuit_operator.py for tasks to queue
[2023-06-01T02:07:20.425+0000] {logging_mixin.py:120} INFO - [2023-06-01T02:07:20.425+0000] {dagbag.py:537} INFO - Filling up the DagBag from /home/airflow/.local/lib/python3.7/site-packages/airflow/example_dags/example_short_circuit_operator.py
[2023-06-01T02:07:20.690+0000] {processor.py:766} INFO - DAG(s) dict_keys(['example_short_circuit_operator']) retrieved from /home/airflow/.local/lib/python3.7/site-packages/airflow/example_dags/example_short_circuit_operator.py
[2023-06-01T02:07:21.150+0000] {logging_mixin.py:120} INFO - [2023-06-01T02:07:21.150+0000] {manager.py:507} INFO - Created Permission View: can read on DAG:example_short_circuit_operator
[2023-06-01T02:07:21.176+0000] {logging_mixin.py:120} INFO - [2023-06-01T02:07:21.175+0000] {manager.py:507} INFO - Created Permission View: can edit on DAG:example_short_circuit_operator
[2023-06-01T02:07:21.255+0000] {logging_mixin.py:120} INFO - [2023-06-01T02:07:21.254+0000] {manager.py:507} INFO - Created Permission View: can delete on DAG:example_short_circuit_operator
[2023-06-01T02:07:21.257+0000] {logging_mixin.py:120} INFO - [2023-06-01T02:07:21.257+0000] {dag.py:2585} INFO - Sync 1 DAGs
[2023-06-01T02:07:21.286+0000] {logging_mixin.py:120} INFO - [2023-06-01T02:07:21.285+0000] {dag.py:2606} INFO - Creating ORM DAG for example_short_circuit_operator
[2023-06-01T02:07:21.323+0000] {logging_mixin.py:120} INFO - [2023-06-01T02:07:21.320+0000] {dag.py:3340} INFO - Setting next_dagrun for example_short_circuit_operator to 2023-05-31T02:07:21.316974+00:00, run_after=2023-06-01T02:07:21.316974+00:00
[2023-06-01T02:07:21.441+0000] {processor.py:176} INFO - Processing /home/airflow/.local/lib/python3.7/site-packages/airflow/example_dags/example_short_circuit_operator.py took 1.074 seconds
[2023-06-01T02:08:34.626+0000] {processor.py:154} INFO - Started process (PID=115) to work on /home/airflow/.local/lib/python3.7/site-packages/airflow/example_dags/example_short_circuit_operator.py
[2023-06-01T02:08:34.655+0000] {processor.py:756} INFO - Processing file /home/airflow/.local/lib/python3.7/site-packages/airflow/example_dags/example_short_circuit_operator.py for tasks to queue
[2023-06-01T02:08:34.660+0000] {logging_mixin.py:120} INFO - [2023-06-01T02:08:34.660+0000] {dagbag.py:537} INFO - Filling up the DagBag from /home/airflow/.local/lib/python3.7/site-packages/airflow/example_dags/example_short_circuit_operator.py
[2023-06-01T02:08:34.941+0000] {processor.py:766} INFO - DAG(s) dict_keys(['example_short_circuit_operator']) retrieved from /home/airflow/.local/lib/python3.7/site-packages/airflow/example_dags/example_short_circuit_operator.py
[2023-06-01T02:08:35.978+0000] {logging_mixin.py:120} INFO - [2023-06-01T02:08:35.968+0000] {dag.py:2585} INFO - Sync 1 DAGs
[2023-06-01T02:08:36.189+0000] {logging_mixin.py:120} INFO - [2023-06-01T02:08:36.189+0000] {dag.py:3340} INFO - Setting next_dagrun for example_short_circuit_operator to 2023-05-31T02:08:36.167874+00:00, run_after=2023-06-01T02:08:36.167874+00:00
[2023-06-01T02:08:36.463+0000] {processor.py:176} INFO - Processing /home/airflow/.local/lib/python3.7/site-packages/airflow/example_dags/example_short_circuit_operator.py took 1.890 seconds
[2023-06-01T02:09:08.291+0000] {processor.py:154} INFO - Started process (PID=159) to work on /home/airflow/.local/lib/python3.7/site-packages/airflow/example_dags/example_short_circuit_operator.py
[2023-06-01T02:09:08.293+0000] {processor.py:756} INFO - Processing file /home/airflow/.local/lib/python3.7/site-packages/airflow/example_dags/example_short_circuit_operator.py for tasks to queue
[2023-06-01T02:09:08.295+0000] {logging_mixin.py:120} INFO - [2023-06-01T02:09:08.294+0000] {dagbag.py:537} INFO - Filling up the DagBag from /home/airflow/.local/lib/python3.7/site-packages/airflow/example_dags/example_short_circuit_operator.py
[2023-06-01T02:09:08.341+0000] {processor.py:766} INFO - DAG(s) dict_keys(['example_short_circuit_operator']) retrieved from /home/airflow/.local/lib/python3.7/site-packages/airflow/example_dags/example_short_circuit_operator.py
[2023-06-01T02:09:08.432+0000] {logging_mixin.py:120} INFO - [2023-06-01T02:09:08.432+0000] {dag.py:2585} INFO - Sync 1 DAGs
[2023-06-01T02:09:08.473+0000] {logging_mixin.py:120} INFO - [2023-06-01T02:09:08.473+0000] {dag.py:3340} INFO - Setting next_dagrun for example_short_circuit_operator to 2023-05-31T02:09:08.472250+00:00, run_after=2023-06-01T02:09:08.472250+00:00
[2023-06-01T02:09:08.496+0000] {processor.py:176} INFO - Processing /home/airflow/.local/lib/python3.7/site-packages/airflow/example_dags/example_short_circuit_operator.py took 0.216 seconds
[2023-06-01T02:09:39.055+0000] {processor.py:154} INFO - Started process (PID=224) to work on /home/airflow/.local/lib/python3.7/site-packages/airflow/example_dags/example_short_circuit_operator.py
[2023-06-01T02:09:39.058+0000] {processor.py:756} INFO - Processing file /home/airflow/.local/lib/python3.7/site-packages/airflow/example_dags/example_short_circuit_operator.py for tasks to queue
[2023-06-01T02:09:39.060+0000] {logging_mixin.py:120} INFO - [2023-06-01T02:09:39.059+0000] {dagbag.py:537} INFO - Filling up the DagBag from /home/airflow/.local/lib/python3.7/site-packages/airflow/example_dags/example_short_circuit_operator.py
[2023-06-01T02:09:39.102+0000] {processor.py:766} INFO - DAG(s) dict_keys(['example_short_circuit_operator']) retrieved from /home/airflow/.local/lib/python3.7/site-packages/airflow/example_dags/example_short_circuit_operator.py
[2023-06-01T02:09:39.203+0000] {logging_mixin.py:120} INFO - [2023-06-01T02:09:39.203+0000] {dag.py:2585} INFO - Sync 1 DAGs
[2023-06-01T02:09:39.232+0000] {logging_mixin.py:120} INFO - [2023-06-01T02:09:39.232+0000] {dag.py:3340} INFO - Setting next_dagrun for example_short_circuit_operator to 2023-05-31T02:09:39.232438+00:00, run_after=2023-06-01T02:09:39.232438+00:00
[2023-06-01T02:09:39.246+0000] {processor.py:176} INFO - Processing /home/airflow/.local/lib/python3.7/site-packages/airflow/example_dags/example_short_circuit_operator.py took 0.200 seconds
[2023-06-01T02:10:09.817+0000] {processor.py:154} INFO - Started process (PID=288) to work on /home/airflow/.local/lib/python3.7/site-packages/airflow/example_dags/example_short_circuit_operator.py
[2023-06-01T02:10:09.819+0000] {processor.py:756} INFO - Processing file /home/airflow/.local/lib/python3.7/site-packages/airflow/example_dags/example_short_circuit_operator.py for tasks to queue
[2023-06-01T02:10:09.820+0000] {logging_mixin.py:120} INFO - [2023-06-01T02:10:09.820+0000] {dagbag.py:537} INFO - Filling up the DagBag from /home/airflow/.local/lib/python3.7/site-packages/airflow/example_dags/example_short_circuit_operator.py
[2023-06-01T02:10:09.846+0000] {processor.py:766} INFO - DAG(s) dict_keys(['example_short_circuit_operator']) retrieved from /home/airflow/.local/lib/python3.7/site-packages/airflow/example_dags/example_short_circuit_operator.py
[2023-06-01T02:10:09.914+0000] {logging_mixin.py:120} INFO - [2023-06-01T02:10:09.914+0000] {dag.py:2585} INFO - Sync 1 DAGs
[2023-06-01T02:10:09.956+0000] {logging_mixin.py:120} INFO - [2023-06-01T02:10:09.956+0000] {dag.py:3340} INFO - Setting next_dagrun for example_short_circuit_operator to 2023-05-31T02:10:09.956306+00:00, run_after=2023-06-01T02:10:09.956306+00:00
[2023-06-01T02:10:09.971+0000] {processor.py:176} INFO - Processing /home/airflow/.local/lib/python3.7/site-packages/airflow/example_dags/example_short_circuit_operator.py took 0.159 seconds
[2023-06-01T02:10:40.444+0000] {processor.py:154} INFO - Started process (PID=342) to work on /home/airflow/.local/lib/python3.7/site-packages/airflow/example_dags/example_short_circuit_operator.py
[2023-06-01T02:10:40.446+0000] {processor.py:756} INFO - Processing file /home/airflow/.local/lib/python3.7/site-packages/airflow/example_dags/example_short_circuit_operator.py for tasks to queue
[2023-06-01T02:10:40.448+0000] {logging_mixin.py:120} INFO - [2023-06-01T02:10:40.448+0000] {dagbag.py:537} INFO - Filling up the DagBag from /home/airflow/.local/lib/python3.7/site-packages/airflow/example_dags/example_short_circuit_operator.py
[2023-06-01T02:10:40.469+0000] {processor.py:766} INFO - DAG(s) dict_keys(['example_short_circuit_operator']) retrieved from /home/airflow/.local/lib/python3.7/site-packages/airflow/example_dags/example_short_circuit_operator.py
[2023-06-01T02:10:40.549+0000] {logging_mixin.py:120} INFO - [2023-06-01T02:10:40.549+0000] {dag.py:2585} INFO - Sync 1 DAGs
[2023-06-01T02:10:40.571+0000] {logging_mixin.py:120} INFO - [2023-06-01T02:10:40.571+0000] {dag.py:3340} INFO - Setting next_dagrun for example_short_circuit_operator to 2023-05-31T02:10:40.571187+00:00, run_after=2023-06-01T02:10:40.571187+00:00
[2023-06-01T02:10:40.586+0000] {processor.py:176} INFO - Processing /home/airflow/.local/lib/python3.7/site-packages/airflow/example_dags/example_short_circuit_operator.py took 0.147 seconds
[2023-06-01T02:11:11.114+0000] {processor.py:154} INFO - Started process (PID=407) to work on /home/airflow/.local/lib/python3.7/site-packages/airflow/example_dags/example_short_circuit_operator.py
[2023-06-01T02:11:11.119+0000] {processor.py:756} INFO - Processing file /home/airflow/.local/lib/python3.7/site-packages/airflow/example_dags/example_short_circuit_operator.py for tasks to queue
[2023-06-01T02:11:11.122+0000] {logging_mixin.py:120} INFO - [2023-06-01T02:11:11.122+0000] {dagbag.py:537} INFO - Filling up the DagBag from /home/airflow/.local/lib/python3.7/site-packages/airflow/example_dags/example_short_circuit_operator.py
[2023-06-01T02:11:11.174+0000] {processor.py:766} INFO - DAG(s) dict_keys(['example_short_circuit_operator']) retrieved from /home/airflow/.local/lib/python3.7/site-packages/airflow/example_dags/example_short_circuit_operator.py
[2023-06-01T02:11:11.322+0000] {logging_mixin.py:120} INFO - [2023-06-01T02:11:11.321+0000] {dag.py:2585} INFO - Sync 1 DAGs
[2023-06-01T02:11:11.347+0000] {logging_mixin.py:120} INFO - [2023-06-01T02:11:11.347+0000] {dag.py:3340} INFO - Setting next_dagrun for example_short_circuit_operator to 2023-05-31T02:11:11.346833+00:00, run_after=2023-06-01T02:11:11.346833+00:00
[2023-06-01T02:11:11.375+0000] {processor.py:176} INFO - Processing /home/airflow/.local/lib/python3.7/site-packages/airflow/example_dags/example_short_circuit_operator.py took 0.281 seconds
[2023-06-01T02:11:42.271+0000] {processor.py:154} INFO - Started process (PID=470) to work on /home/airflow/.local/lib/python3.7/site-packages/airflow/example_dags/example_short_circuit_operator.py
[2023-06-01T02:11:42.279+0000] {processor.py:756} INFO - Processing file /home/airflow/.local/lib/python3.7/site-packages/airflow/example_dags/example_short_circuit_operator.py for tasks to queue
[2023-06-01T02:11:42.294+0000] {logging_mixin.py:120} INFO - [2023-06-01T02:11:42.292+0000] {dagbag.py:537} INFO - Filling up the DagBag from /home/airflow/.local/lib/python3.7/site-packages/airflow/example_dags/example_short_circuit_operator.py
[2023-06-01T02:11:42.668+0000] {processor.py:766} INFO - DAG(s) dict_keys(['example_short_circuit_operator']) retrieved from /home/airflow/.local/lib/python3.7/site-packages/airflow/example_dags/example_short_circuit_operator.py
[2023-06-01T02:11:42.796+0000] {logging_mixin.py:120} INFO - [2023-06-01T02:11:42.796+0000] {dag.py:2585} INFO - Sync 1 DAGs
[2023-06-01T02:11:42.872+0000] {logging_mixin.py:120} INFO - [2023-06-01T02:11:42.872+0000] {dag.py:3340} INFO - Setting next_dagrun for example_short_circuit_operator to 2023-05-31T02:11:42.871441+00:00, run_after=2023-06-01T02:11:42.871441+00:00
[2023-06-01T02:11:42.987+0000] {processor.py:176} INFO - Processing /home/airflow/.local/lib/python3.7/site-packages/airflow/example_dags/example_short_circuit_operator.py took 0.784 seconds
[2023-06-01T02:12:13.766+0000] {processor.py:154} INFO - Started process (PID=525) to work on /home/airflow/.local/lib/python3.7/site-packages/airflow/example_dags/example_short_circuit_operator.py
[2023-06-01T02:12:13.769+0000] {processor.py:756} INFO - Processing file /home/airflow/.local/lib/python3.7/site-packages/airflow/example_dags/example_short_circuit_operator.py for tasks to queue
[2023-06-01T02:12:13.771+0000] {logging_mixin.py:120} INFO - [2023-06-01T02:12:13.771+0000] {dagbag.py:537} INFO - Filling up the DagBag from /home/airflow/.local/lib/python3.7/site-packages/airflow/example_dags/example_short_circuit_operator.py
[2023-06-01T02:12:13.811+0000] {processor.py:766} INFO - DAG(s) dict_keys(['example_short_circuit_operator']) retrieved from /home/airflow/.local/lib/python3.7/site-packages/airflow/example_dags/example_short_circuit_operator.py
[2023-06-01T02:12:13.934+0000] {logging_mixin.py:120} INFO - [2023-06-01T02:12:13.934+0000] {dag.py:2585} INFO - Sync 1 DAGs
[2023-06-01T02:12:13.982+0000] {logging_mixin.py:120} INFO - [2023-06-01T02:12:13.982+0000] {dag.py:3340} INFO - Setting next_dagrun for example_short_circuit_operator to 2023-05-31T02:12:13.981785+00:00, run_after=2023-06-01T02:12:13.981785+00:00
[2023-06-01T02:12:14.012+0000] {processor.py:176} INFO - Processing /home/airflow/.local/lib/python3.7/site-packages/airflow/example_dags/example_short_circuit_operator.py took 0.254 seconds
[2023-06-01T02:12:44.398+0000] {processor.py:154} INFO - Started process (PID=588) to work on /home/airflow/.local/lib/python3.7/site-packages/airflow/example_dags/example_short_circuit_operator.py
[2023-06-01T02:12:44.401+0000] {processor.py:756} INFO - Processing file /home/airflow/.local/lib/python3.7/site-packages/airflow/example_dags/example_short_circuit_operator.py for tasks to queue
[2023-06-01T02:12:44.403+0000] {logging_mixin.py:120} INFO - [2023-06-01T02:12:44.403+0000] {dagbag.py:537} INFO - Filling up the DagBag from /home/airflow/.local/lib/python3.7/site-packages/airflow/example_dags/example_short_circuit_operator.py
[2023-06-01T02:12:44.454+0000] {processor.py:766} INFO - DAG(s) dict_keys(['example_short_circuit_operator']) retrieved from /home/airflow/.local/lib/python3.7/site-packages/airflow/example_dags/example_short_circuit_operator.py
[2023-06-01T02:12:44.555+0000] {logging_mixin.py:120} INFO - [2023-06-01T02:12:44.554+0000] {dag.py:2585} INFO - Sync 1 DAGs
[2023-06-01T02:12:44.592+0000] {logging_mixin.py:120} INFO - [2023-06-01T02:12:44.592+0000] {dag.py:3340} INFO - Setting next_dagrun for example_short_circuit_operator to 2023-05-31T02:12:44.591027+00:00, run_after=2023-06-01T02:12:44.591027+00:00
[2023-06-01T02:12:44.620+0000] {processor.py:176} INFO - Processing /home/airflow/.local/lib/python3.7/site-packages/airflow/example_dags/example_short_circuit_operator.py took 0.253 seconds
[2023-06-01T02:13:14.748+0000] {processor.py:154} INFO - Started process (PID=651) to work on /home/airflow/.local/lib/python3.7/site-packages/airflow/example_dags/example_short_circuit_operator.py
[2023-06-01T02:13:14.754+0000] {processor.py:756} INFO - Processing file /home/airflow/.local/lib/python3.7/site-packages/airflow/example_dags/example_short_circuit_operator.py for tasks to queue
[2023-06-01T02:13:14.755+0000] {logging_mixin.py:120} INFO - [2023-06-01T02:13:14.755+0000] {dagbag.py:537} INFO - Filling up the DagBag from /home/airflow/.local/lib/python3.7/site-packages/airflow/example_dags/example_short_circuit_operator.py
[2023-06-01T02:13:14.784+0000] {processor.py:766} INFO - DAG(s) dict_keys(['example_short_circuit_operator']) retrieved from /home/airflow/.local/lib/python3.7/site-packages/airflow/example_dags/example_short_circuit_operator.py
[2023-06-01T02:13:14.846+0000] {logging_mixin.py:120} INFO - [2023-06-01T02:13:14.846+0000] {dag.py:2585} INFO - Sync 1 DAGs
[2023-06-01T02:13:14.883+0000] {logging_mixin.py:120} INFO - [2023-06-01T02:13:14.883+0000] {dag.py:3340} INFO - Setting next_dagrun for example_short_circuit_operator to 2023-05-31T02:13:14.882941+00:00, run_after=2023-06-01T02:13:14.882941+00:00
[2023-06-01T02:13:14.899+0000] {processor.py:176} INFO - Processing /home/airflow/.local/lib/python3.7/site-packages/airflow/example_dags/example_short_circuit_operator.py took 0.159 seconds
[2023-06-01T02:13:45.328+0000] {processor.py:154} INFO - Started process (PID=704) to work on /home/airflow/.local/lib/python3.7/site-packages/airflow/example_dags/example_short_circuit_operator.py
[2023-06-01T02:13:45.331+0000] {processor.py:756} INFO - Processing file /home/airflow/.local/lib/python3.7/site-packages/airflow/example_dags/example_short_circuit_operator.py for tasks to queue
[2023-06-01T02:13:45.333+0000] {logging_mixin.py:120} INFO - [2023-06-01T02:13:45.333+0000] {dagbag.py:537} INFO - Filling up the DagBag from /home/airflow/.local/lib/python3.7/site-packages/airflow/example_dags/example_short_circuit_operator.py
[2023-06-01T02:13:45.360+0000] {processor.py:766} INFO - DAG(s) dict_keys(['example_short_circuit_operator']) retrieved from /home/airflow/.local/lib/python3.7/site-packages/airflow/example_dags/example_short_circuit_operator.py
[2023-06-01T02:13:45.447+0000] {logging_mixin.py:120} INFO - [2023-06-01T02:13:45.447+0000] {dag.py:2585} INFO - Sync 1 DAGs
[2023-06-01T02:13:45.587+0000] {logging_mixin.py:120} INFO - [2023-06-01T02:13:45.586+0000] {dag.py:3340} INFO - Setting next_dagrun for example_short_circuit_operator to 2023-05-31T02:13:45.585952+00:00, run_after=2023-06-01T02:13:45.585952+00:00
[2023-06-01T02:13:45.800+0000] {processor.py:176} INFO - Processing /home/airflow/.local/lib/python3.7/site-packages/airflow/example_dags/example_short_circuit_operator.py took 0.494 seconds
[2023-06-01T02:14:16.380+0000] {processor.py:154} INFO - Started process (PID=768) to work on /home/airflow/.local/lib/python3.7/site-packages/airflow/example_dags/example_short_circuit_operator.py
[2023-06-01T02:14:16.384+0000] {processor.py:756} INFO - Processing file /home/airflow/.local/lib/python3.7/site-packages/airflow/example_dags/example_short_circuit_operator.py for tasks to queue
[2023-06-01T02:14:16.386+0000] {logging_mixin.py:120} INFO - [2023-06-01T02:14:16.386+0000] {dagbag.py:537} INFO - Filling up the DagBag from /home/airflow/.local/lib/python3.7/site-packages/airflow/example_dags/example_short_circuit_operator.py
[2023-06-01T02:14:16.996+0000] {processor.py:766} INFO - DAG(s) dict_keys(['example_short_circuit_operator']) retrieved from /home/airflow/.local/lib/python3.7/site-packages/airflow/example_dags/example_short_circuit_operator.py
[2023-06-01T02:14:17.113+0000] {logging_mixin.py:120} INFO - [2023-06-01T02:14:17.112+0000] {dag.py:2585} INFO - Sync 1 DAGs
[2023-06-01T02:14:17.152+0000] {logging_mixin.py:120} INFO - [2023-06-01T02:14:17.152+0000] {dag.py:3340} INFO - Setting next_dagrun for example_short_circuit_operator to 2023-05-31T02:14:17.151837+00:00, run_after=2023-06-01T02:14:17.151837+00:00
[2023-06-01T02:14:17.171+0000] {processor.py:176} INFO - Processing /home/airflow/.local/lib/python3.7/site-packages/airflow/example_dags/example_short_circuit_operator.py took 0.802 seconds
[2023-06-01T02:14:47.555+0000] {processor.py:154} INFO - Started process (PID=831) to work on /home/airflow/.local/lib/python3.7/site-packages/airflow/example_dags/example_short_circuit_operator.py
[2023-06-01T02:14:47.557+0000] {processor.py:756} INFO - Processing file /home/airflow/.local/lib/python3.7/site-packages/airflow/example_dags/example_short_circuit_operator.py for tasks to queue
[2023-06-01T02:14:47.559+0000] {logging_mixin.py:120} INFO - [2023-06-01T02:14:47.559+0000] {dagbag.py:537} INFO - Filling up the DagBag from /home/airflow/.local/lib/python3.7/site-packages/airflow/example_dags/example_short_circuit_operator.py
[2023-06-01T02:14:47.605+0000] {processor.py:766} INFO - DAG(s) dict_keys(['example_short_circuit_operator']) retrieved from /home/airflow/.local/lib/python3.7/site-packages/airflow/example_dags/example_short_circuit_operator.py
[2023-06-01T02:14:47.684+0000] {logging_mixin.py:120} INFO - [2023-06-01T02:14:47.684+0000] {dag.py:2585} INFO - Sync 1 DAGs
[2023-06-01T02:14:47.715+0000] {logging_mixin.py:120} INFO - [2023-06-01T02:14:47.715+0000] {dag.py:3340} INFO - Setting next_dagrun for example_short_circuit_operator to 2023-05-31T02:14:47.715233+00:00, run_after=2023-06-01T02:14:47.715233+00:00
[2023-06-01T02:14:47.729+0000] {processor.py:176} INFO - Processing /home/airflow/.local/lib/python3.7/site-packages/airflow/example_dags/example_short_circuit_operator.py took 0.186 seconds
