[2023-06-01T02:08:21.785+0000] {processor.py:154} INFO - Started process (PID=92) to work on /home/airflow/.local/lib/python3.7/site-packages/airflow/example_dags/example_python_operator.py
[2023-06-01T02:08:21.797+0000] {processor.py:756} INFO - Processing file /home/airflow/.local/lib/python3.7/site-packages/airflow/example_dags/example_python_operator.py for tasks to queue
[2023-06-01T02:08:21.818+0000] {logging_mixin.py:120} INFO - [2023-06-01T02:08:21.817+0000] {dagbag.py:537} INFO - Filling up the DagBag from /home/airflow/.local/lib/python3.7/site-packages/airflow/example_dags/example_python_operator.py
[2023-06-01T02:08:22.008+0000] {logging_mixin.py:120} INFO - [2023-06-01T02:08:22.007+0000] {taskmixin.py:205} WARNING - Dependency <Task(_PythonDecoratedOperator): print_the_context>, log_sql_query already registered for DAG: example_python_operator
[2023-06-01T02:08:22.021+0000] {logging_mixin.py:120} INFO - [2023-06-01T02:08:22.021+0000] {taskmixin.py:205} WARNING - Dependency <Task(_PythonDecoratedOperator): log_sql_query>, print_the_context already registered for DAG: example_python_operator
[2023-06-01T02:08:22.024+0000] {logging_mixin.py:120} INFO - [2023-06-01T02:08:22.024+0000] {taskmixin.py:205} WARNING - Dependency <Task(_PythonDecoratedOperator): print_the_context>, log_sql_query already registered for DAG: example_python_operator
[2023-06-01T02:08:22.034+0000] {logging_mixin.py:120} INFO - [2023-06-01T02:08:22.034+0000] {taskmixin.py:205} WARNING - Dependency <Task(_PythonDecoratedOperator): log_sql_query>, print_the_context already registered for DAG: example_python_operator
[2023-06-01T02:08:22.037+0000] {logging_mixin.py:120} INFO - [2023-06-01T02:08:22.036+0000] {taskmixin.py:205} WARNING - Dependency <Task(_PythonDecoratedOperator): print_the_context>, log_sql_query already registered for DAG: example_python_operator
[2023-06-01T02:08:22.039+0000] {logging_mixin.py:120} INFO - [2023-06-01T02:08:22.039+0000] {taskmixin.py:205} WARNING - Dependency <Task(_PythonDecoratedOperator): log_sql_query>, print_the_context already registered for DAG: example_python_operator
[2023-06-01T02:08:22.045+0000] {logging_mixin.py:120} INFO - [2023-06-01T02:08:22.043+0000] {taskmixin.py:205} WARNING - Dependency <Task(_PythonDecoratedOperator): print_the_context>, log_sql_query already registered for DAG: example_python_operator
[2023-06-01T02:08:22.051+0000] {logging_mixin.py:120} INFO - [2023-06-01T02:08:22.050+0000] {taskmixin.py:205} WARNING - Dependency <Task(_PythonDecoratedOperator): log_sql_query>, print_the_context already registered for DAG: example_python_operator
[2023-06-01T02:08:22.157+0000] {processor.py:766} INFO - DAG(s) dict_keys(['example_python_operator']) retrieved from /home/airflow/.local/lib/python3.7/site-packages/airflow/example_dags/example_python_operator.py
[2023-06-01T02:08:22.932+0000] {logging_mixin.py:120} INFO - [2023-06-01T02:08:22.930+0000] {manager.py:507} INFO - Created Permission View: can read on DAG:example_python_operator
[2023-06-01T02:08:22.993+0000] {logging_mixin.py:120} INFO - [2023-06-01T02:08:22.993+0000] {manager.py:507} INFO - Created Permission View: can edit on DAG:example_python_operator
[2023-06-01T02:08:23.043+0000] {logging_mixin.py:120} INFO - [2023-06-01T02:08:23.043+0000] {manager.py:507} INFO - Created Permission View: can delete on DAG:example_python_operator
[2023-06-01T02:08:23.057+0000] {logging_mixin.py:120} INFO - [2023-06-01T02:08:23.052+0000] {dag.py:2585} INFO - Sync 1 DAGs
[2023-06-01T02:08:23.225+0000] {logging_mixin.py:120} INFO - [2023-06-01T02:08:23.225+0000] {dag.py:2606} INFO - Creating ORM DAG for example_python_operator
[2023-06-01T02:08:23.297+0000] {logging_mixin.py:120} INFO - [2023-06-01T02:08:23.297+0000] {dag.py:3340} INFO - Setting next_dagrun for example_python_operator to None, run_after=None
[2023-06-01T02:08:23.361+0000] {processor.py:176} INFO - Processing /home/airflow/.local/lib/python3.7/site-packages/airflow/example_dags/example_python_operator.py took 1.708 seconds
[2023-06-01T02:08:55.788+0000] {processor.py:154} INFO - Started process (PID=147) to work on /home/airflow/.local/lib/python3.7/site-packages/airflow/example_dags/example_python_operator.py
[2023-06-01T02:08:55.794+0000] {processor.py:756} INFO - Processing file /home/airflow/.local/lib/python3.7/site-packages/airflow/example_dags/example_python_operator.py for tasks to queue
[2023-06-01T02:08:55.797+0000] {logging_mixin.py:120} INFO - [2023-06-01T02:08:55.796+0000] {dagbag.py:537} INFO - Filling up the DagBag from /home/airflow/.local/lib/python3.7/site-packages/airflow/example_dags/example_python_operator.py
[2023-06-01T02:08:55.856+0000] {logging_mixin.py:120} INFO - [2023-06-01T02:08:55.856+0000] {taskmixin.py:205} WARNING - Dependency <Task(_PythonDecoratedOperator): print_the_context>, log_sql_query already registered for DAG: example_python_operator
[2023-06-01T02:08:55.865+0000] {logging_mixin.py:120} INFO - [2023-06-01T02:08:55.864+0000] {taskmixin.py:205} WARNING - Dependency <Task(_PythonDecoratedOperator): log_sql_query>, print_the_context already registered for DAG: example_python_operator
[2023-06-01T02:08:55.867+0000] {logging_mixin.py:120} INFO - [2023-06-01T02:08:55.866+0000] {taskmixin.py:205} WARNING - Dependency <Task(_PythonDecoratedOperator): print_the_context>, log_sql_query already registered for DAG: example_python_operator
[2023-06-01T02:08:55.869+0000] {logging_mixin.py:120} INFO - [2023-06-01T02:08:55.868+0000] {taskmixin.py:205} WARNING - Dependency <Task(_PythonDecoratedOperator): log_sql_query>, print_the_context already registered for DAG: example_python_operator
[2023-06-01T02:08:55.871+0000] {logging_mixin.py:120} INFO - [2023-06-01T02:08:55.871+0000] {taskmixin.py:205} WARNING - Dependency <Task(_PythonDecoratedOperator): print_the_context>, log_sql_query already registered for DAG: example_python_operator
[2023-06-01T02:08:55.872+0000] {logging_mixin.py:120} INFO - [2023-06-01T02:08:55.871+0000] {taskmixin.py:205} WARNING - Dependency <Task(_PythonDecoratedOperator): log_sql_query>, print_the_context already registered for DAG: example_python_operator
[2023-06-01T02:08:55.873+0000] {logging_mixin.py:120} INFO - [2023-06-01T02:08:55.873+0000] {taskmixin.py:205} WARNING - Dependency <Task(_PythonDecoratedOperator): print_the_context>, log_sql_query already registered for DAG: example_python_operator
[2023-06-01T02:08:55.874+0000] {logging_mixin.py:120} INFO - [2023-06-01T02:08:55.874+0000] {taskmixin.py:205} WARNING - Dependency <Task(_PythonDecoratedOperator): log_sql_query>, print_the_context already registered for DAG: example_python_operator
[2023-06-01T02:08:55.911+0000] {processor.py:766} INFO - DAG(s) dict_keys(['example_python_operator']) retrieved from /home/airflow/.local/lib/python3.7/site-packages/airflow/example_dags/example_python_operator.py
[2023-06-01T02:08:56.039+0000] {logging_mixin.py:120} INFO - [2023-06-01T02:08:56.039+0000] {dag.py:2585} INFO - Sync 1 DAGs
[2023-06-01T02:08:56.077+0000] {logging_mixin.py:120} INFO - [2023-06-01T02:08:56.077+0000] {dag.py:3340} INFO - Setting next_dagrun for example_python_operator to None, run_after=None
[2023-06-01T02:08:56.094+0000] {processor.py:176} INFO - Processing /home/airflow/.local/lib/python3.7/site-packages/airflow/example_dags/example_python_operator.py took 0.317 seconds
[2023-06-01T02:09:26.817+0000] {processor.py:154} INFO - Started process (PID=202) to work on /home/airflow/.local/lib/python3.7/site-packages/airflow/example_dags/example_python_operator.py
[2023-06-01T02:09:26.819+0000] {processor.py:756} INFO - Processing file /home/airflow/.local/lib/python3.7/site-packages/airflow/example_dags/example_python_operator.py for tasks to queue
[2023-06-01T02:09:26.820+0000] {logging_mixin.py:120} INFO - [2023-06-01T02:09:26.820+0000] {dagbag.py:537} INFO - Filling up the DagBag from /home/airflow/.local/lib/python3.7/site-packages/airflow/example_dags/example_python_operator.py
[2023-06-01T02:09:26.834+0000] {logging_mixin.py:120} INFO - [2023-06-01T02:09:26.833+0000] {taskmixin.py:205} WARNING - Dependency <Task(_PythonDecoratedOperator): print_the_context>, log_sql_query already registered for DAG: example_python_operator
[2023-06-01T02:09:26.834+0000] {logging_mixin.py:120} INFO - [2023-06-01T02:09:26.834+0000] {taskmixin.py:205} WARNING - Dependency <Task(_PythonDecoratedOperator): log_sql_query>, print_the_context already registered for DAG: example_python_operator
[2023-06-01T02:09:26.835+0000] {logging_mixin.py:120} INFO - [2023-06-01T02:09:26.835+0000] {taskmixin.py:205} WARNING - Dependency <Task(_PythonDecoratedOperator): print_the_context>, log_sql_query already registered for DAG: example_python_operator
[2023-06-01T02:09:26.835+0000] {logging_mixin.py:120} INFO - [2023-06-01T02:09:26.835+0000] {taskmixin.py:205} WARNING - Dependency <Task(_PythonDecoratedOperator): log_sql_query>, print_the_context already registered for DAG: example_python_operator
[2023-06-01T02:09:26.836+0000] {logging_mixin.py:120} INFO - [2023-06-01T02:09:26.836+0000] {taskmixin.py:205} WARNING - Dependency <Task(_PythonDecoratedOperator): print_the_context>, log_sql_query already registered for DAG: example_python_operator
[2023-06-01T02:09:26.836+0000] {logging_mixin.py:120} INFO - [2023-06-01T02:09:26.836+0000] {taskmixin.py:205} WARNING - Dependency <Task(_PythonDecoratedOperator): log_sql_query>, print_the_context already registered for DAG: example_python_operator
[2023-06-01T02:09:26.837+0000] {logging_mixin.py:120} INFO - [2023-06-01T02:09:26.837+0000] {taskmixin.py:205} WARNING - Dependency <Task(_PythonDecoratedOperator): print_the_context>, log_sql_query already registered for DAG: example_python_operator
[2023-06-01T02:09:26.837+0000] {logging_mixin.py:120} INFO - [2023-06-01T02:09:26.837+0000] {taskmixin.py:205} WARNING - Dependency <Task(_PythonDecoratedOperator): log_sql_query>, print_the_context already registered for DAG: example_python_operator
[2023-06-01T02:09:26.843+0000] {processor.py:766} INFO - DAG(s) dict_keys(['example_python_operator']) retrieved from /home/airflow/.local/lib/python3.7/site-packages/airflow/example_dags/example_python_operator.py
[2023-06-01T02:09:26.891+0000] {logging_mixin.py:120} INFO - [2023-06-01T02:09:26.891+0000] {dag.py:2585} INFO - Sync 1 DAGs
[2023-06-01T02:09:26.910+0000] {logging_mixin.py:120} INFO - [2023-06-01T02:09:26.910+0000] {dag.py:3340} INFO - Setting next_dagrun for example_python_operator to None, run_after=None
[2023-06-01T02:09:26.923+0000] {processor.py:176} INFO - Processing /home/airflow/.local/lib/python3.7/site-packages/airflow/example_dags/example_python_operator.py took 0.110 seconds
[2023-06-01T02:09:57.202+0000] {processor.py:154} INFO - Started process (PID=266) to work on /home/airflow/.local/lib/python3.7/site-packages/airflow/example_dags/example_python_operator.py
[2023-06-01T02:09:57.204+0000] {processor.py:756} INFO - Processing file /home/airflow/.local/lib/python3.7/site-packages/airflow/example_dags/example_python_operator.py for tasks to queue
[2023-06-01T02:09:57.205+0000] {logging_mixin.py:120} INFO - [2023-06-01T02:09:57.205+0000] {dagbag.py:537} INFO - Filling up the DagBag from /home/airflow/.local/lib/python3.7/site-packages/airflow/example_dags/example_python_operator.py
[2023-06-01T02:09:57.217+0000] {logging_mixin.py:120} INFO - [2023-06-01T02:09:57.217+0000] {taskmixin.py:205} WARNING - Dependency <Task(_PythonDecoratedOperator): print_the_context>, log_sql_query already registered for DAG: example_python_operator
[2023-06-01T02:09:57.217+0000] {logging_mixin.py:120} INFO - [2023-06-01T02:09:57.217+0000] {taskmixin.py:205} WARNING - Dependency <Task(_PythonDecoratedOperator): log_sql_query>, print_the_context already registered for DAG: example_python_operator
[2023-06-01T02:09:57.218+0000] {logging_mixin.py:120} INFO - [2023-06-01T02:09:57.218+0000] {taskmixin.py:205} WARNING - Dependency <Task(_PythonDecoratedOperator): print_the_context>, log_sql_query already registered for DAG: example_python_operator
[2023-06-01T02:09:57.219+0000] {logging_mixin.py:120} INFO - [2023-06-01T02:09:57.219+0000] {taskmixin.py:205} WARNING - Dependency <Task(_PythonDecoratedOperator): log_sql_query>, print_the_context already registered for DAG: example_python_operator
[2023-06-01T02:09:57.220+0000] {logging_mixin.py:120} INFO - [2023-06-01T02:09:57.220+0000] {taskmixin.py:205} WARNING - Dependency <Task(_PythonDecoratedOperator): print_the_context>, log_sql_query already registered for DAG: example_python_operator
[2023-06-01T02:09:57.221+0000] {logging_mixin.py:120} INFO - [2023-06-01T02:09:57.221+0000] {taskmixin.py:205} WARNING - Dependency <Task(_PythonDecoratedOperator): log_sql_query>, print_the_context already registered for DAG: example_python_operator
[2023-06-01T02:09:57.222+0000] {logging_mixin.py:120} INFO - [2023-06-01T02:09:57.222+0000] {taskmixin.py:205} WARNING - Dependency <Task(_PythonDecoratedOperator): print_the_context>, log_sql_query already registered for DAG: example_python_operator
[2023-06-01T02:09:57.222+0000] {logging_mixin.py:120} INFO - [2023-06-01T02:09:57.222+0000] {taskmixin.py:205} WARNING - Dependency <Task(_PythonDecoratedOperator): log_sql_query>, print_the_context already registered for DAG: example_python_operator
[2023-06-01T02:09:57.228+0000] {processor.py:766} INFO - DAG(s) dict_keys(['example_python_operator']) retrieved from /home/airflow/.local/lib/python3.7/site-packages/airflow/example_dags/example_python_operator.py
[2023-06-01T02:09:57.267+0000] {logging_mixin.py:120} INFO - [2023-06-01T02:09:57.266+0000] {dag.py:2585} INFO - Sync 1 DAGs
[2023-06-01T02:09:57.283+0000] {logging_mixin.py:120} INFO - [2023-06-01T02:09:57.283+0000] {dag.py:3340} INFO - Setting next_dagrun for example_python_operator to None, run_after=None
[2023-06-01T02:09:57.296+0000] {processor.py:176} INFO - Processing /home/airflow/.local/lib/python3.7/site-packages/airflow/example_dags/example_python_operator.py took 0.096 seconds
[2023-06-01T02:10:28.108+0000] {processor.py:154} INFO - Started process (PID=320) to work on /home/airflow/.local/lib/python3.7/site-packages/airflow/example_dags/example_python_operator.py
[2023-06-01T02:10:28.109+0000] {processor.py:756} INFO - Processing file /home/airflow/.local/lib/python3.7/site-packages/airflow/example_dags/example_python_operator.py for tasks to queue
[2023-06-01T02:10:28.110+0000] {logging_mixin.py:120} INFO - [2023-06-01T02:10:28.110+0000] {dagbag.py:537} INFO - Filling up the DagBag from /home/airflow/.local/lib/python3.7/site-packages/airflow/example_dags/example_python_operator.py
[2023-06-01T02:10:28.123+0000] {logging_mixin.py:120} INFO - [2023-06-01T02:10:28.122+0000] {taskmixin.py:205} WARNING - Dependency <Task(_PythonDecoratedOperator): print_the_context>, log_sql_query already registered for DAG: example_python_operator
[2023-06-01T02:10:28.123+0000] {logging_mixin.py:120} INFO - [2023-06-01T02:10:28.123+0000] {taskmixin.py:205} WARNING - Dependency <Task(_PythonDecoratedOperator): log_sql_query>, print_the_context already registered for DAG: example_python_operator
[2023-06-01T02:10:28.124+0000] {logging_mixin.py:120} INFO - [2023-06-01T02:10:28.124+0000] {taskmixin.py:205} WARNING - Dependency <Task(_PythonDecoratedOperator): print_the_context>, log_sql_query already registered for DAG: example_python_operator
[2023-06-01T02:10:28.125+0000] {logging_mixin.py:120} INFO - [2023-06-01T02:10:28.125+0000] {taskmixin.py:205} WARNING - Dependency <Task(_PythonDecoratedOperator): log_sql_query>, print_the_context already registered for DAG: example_python_operator
[2023-06-01T02:10:28.125+0000] {logging_mixin.py:120} INFO - [2023-06-01T02:10:28.125+0000] {taskmixin.py:205} WARNING - Dependency <Task(_PythonDecoratedOperator): print_the_context>, log_sql_query already registered for DAG: example_python_operator
[2023-06-01T02:10:28.127+0000] {logging_mixin.py:120} INFO - [2023-06-01T02:10:28.127+0000] {taskmixin.py:205} WARNING - Dependency <Task(_PythonDecoratedOperator): log_sql_query>, print_the_context already registered for DAG: example_python_operator
[2023-06-01T02:10:28.128+0000] {logging_mixin.py:120} INFO - [2023-06-01T02:10:28.127+0000] {taskmixin.py:205} WARNING - Dependency <Task(_PythonDecoratedOperator): print_the_context>, log_sql_query already registered for DAG: example_python_operator
[2023-06-01T02:10:28.129+0000] {logging_mixin.py:120} INFO - [2023-06-01T02:10:28.129+0000] {taskmixin.py:205} WARNING - Dependency <Task(_PythonDecoratedOperator): log_sql_query>, print_the_context already registered for DAG: example_python_operator
[2023-06-01T02:10:28.141+0000] {processor.py:766} INFO - DAG(s) dict_keys(['example_python_operator']) retrieved from /home/airflow/.local/lib/python3.7/site-packages/airflow/example_dags/example_python_operator.py
[2023-06-01T02:10:28.175+0000] {logging_mixin.py:120} INFO - [2023-06-01T02:10:28.175+0000] {dag.py:2585} INFO - Sync 1 DAGs
[2023-06-01T02:10:28.191+0000] {logging_mixin.py:120} INFO - [2023-06-01T02:10:28.191+0000] {dag.py:3340} INFO - Setting next_dagrun for example_python_operator to None, run_after=None
[2023-06-01T02:10:28.205+0000] {processor.py:176} INFO - Processing /home/airflow/.local/lib/python3.7/site-packages/airflow/example_dags/example_python_operator.py took 0.100 seconds
[2023-06-01T02:10:58.686+0000] {processor.py:154} INFO - Started process (PID=384) to work on /home/airflow/.local/lib/python3.7/site-packages/airflow/example_dags/example_python_operator.py
[2023-06-01T02:10:58.688+0000] {processor.py:756} INFO - Processing file /home/airflow/.local/lib/python3.7/site-packages/airflow/example_dags/example_python_operator.py for tasks to queue
[2023-06-01T02:10:58.689+0000] {logging_mixin.py:120} INFO - [2023-06-01T02:10:58.689+0000] {dagbag.py:537} INFO - Filling up the DagBag from /home/airflow/.local/lib/python3.7/site-packages/airflow/example_dags/example_python_operator.py
[2023-06-01T02:10:58.702+0000] {logging_mixin.py:120} INFO - [2023-06-01T02:10:58.702+0000] {taskmixin.py:205} WARNING - Dependency <Task(_PythonDecoratedOperator): print_the_context>, log_sql_query already registered for DAG: example_python_operator
[2023-06-01T02:10:58.702+0000] {logging_mixin.py:120} INFO - [2023-06-01T02:10:58.702+0000] {taskmixin.py:205} WARNING - Dependency <Task(_PythonDecoratedOperator): log_sql_query>, print_the_context already registered for DAG: example_python_operator
[2023-06-01T02:10:58.703+0000] {logging_mixin.py:120} INFO - [2023-06-01T02:10:58.703+0000] {taskmixin.py:205} WARNING - Dependency <Task(_PythonDecoratedOperator): print_the_context>, log_sql_query already registered for DAG: example_python_operator
[2023-06-01T02:10:58.704+0000] {logging_mixin.py:120} INFO - [2023-06-01T02:10:58.704+0000] {taskmixin.py:205} WARNING - Dependency <Task(_PythonDecoratedOperator): log_sql_query>, print_the_context already registered for DAG: example_python_operator
[2023-06-01T02:10:58.705+0000] {logging_mixin.py:120} INFO - [2023-06-01T02:10:58.704+0000] {taskmixin.py:205} WARNING - Dependency <Task(_PythonDecoratedOperator): print_the_context>, log_sql_query already registered for DAG: example_python_operator
[2023-06-01T02:10:58.705+0000] {logging_mixin.py:120} INFO - [2023-06-01T02:10:58.705+0000] {taskmixin.py:205} WARNING - Dependency <Task(_PythonDecoratedOperator): log_sql_query>, print_the_context already registered for DAG: example_python_operator
[2023-06-01T02:10:58.706+0000] {logging_mixin.py:120} INFO - [2023-06-01T02:10:58.706+0000] {taskmixin.py:205} WARNING - Dependency <Task(_PythonDecoratedOperator): print_the_context>, log_sql_query already registered for DAG: example_python_operator
[2023-06-01T02:10:58.710+0000] {logging_mixin.py:120} INFO - [2023-06-01T02:10:58.710+0000] {taskmixin.py:205} WARNING - Dependency <Task(_PythonDecoratedOperator): log_sql_query>, print_the_context already registered for DAG: example_python_operator
[2023-06-01T02:10:58.718+0000] {processor.py:766} INFO - DAG(s) dict_keys(['example_python_operator']) retrieved from /home/airflow/.local/lib/python3.7/site-packages/airflow/example_dags/example_python_operator.py
[2023-06-01T02:10:58.751+0000] {logging_mixin.py:120} INFO - [2023-06-01T02:10:58.750+0000] {dag.py:2585} INFO - Sync 1 DAGs
[2023-06-01T02:10:58.767+0000] {logging_mixin.py:120} INFO - [2023-06-01T02:10:58.766+0000] {dag.py:3340} INFO - Setting next_dagrun for example_python_operator to None, run_after=None
[2023-06-01T02:10:58.780+0000] {processor.py:176} INFO - Processing /home/airflow/.local/lib/python3.7/site-packages/airflow/example_dags/example_python_operator.py took 0.104 seconds
[2023-06-01T02:11:29.310+0000] {processor.py:154} INFO - Started process (PID=448) to work on /home/airflow/.local/lib/python3.7/site-packages/airflow/example_dags/example_python_operator.py
[2023-06-01T02:11:29.312+0000] {processor.py:756} INFO - Processing file /home/airflow/.local/lib/python3.7/site-packages/airflow/example_dags/example_python_operator.py for tasks to queue
[2023-06-01T02:11:29.313+0000] {logging_mixin.py:120} INFO - [2023-06-01T02:11:29.313+0000] {dagbag.py:537} INFO - Filling up the DagBag from /home/airflow/.local/lib/python3.7/site-packages/airflow/example_dags/example_python_operator.py
[2023-06-01T02:11:29.341+0000] {logging_mixin.py:120} INFO - [2023-06-01T02:11:29.341+0000] {taskmixin.py:205} WARNING - Dependency <Task(_PythonDecoratedOperator): print_the_context>, log_sql_query already registered for DAG: example_python_operator
[2023-06-01T02:11:29.342+0000] {logging_mixin.py:120} INFO - [2023-06-01T02:11:29.342+0000] {taskmixin.py:205} WARNING - Dependency <Task(_PythonDecoratedOperator): log_sql_query>, print_the_context already registered for DAG: example_python_operator
[2023-06-01T02:11:29.343+0000] {logging_mixin.py:120} INFO - [2023-06-01T02:11:29.343+0000] {taskmixin.py:205} WARNING - Dependency <Task(_PythonDecoratedOperator): print_the_context>, log_sql_query already registered for DAG: example_python_operator
[2023-06-01T02:11:29.344+0000] {logging_mixin.py:120} INFO - [2023-06-01T02:11:29.344+0000] {taskmixin.py:205} WARNING - Dependency <Task(_PythonDecoratedOperator): log_sql_query>, print_the_context already registered for DAG: example_python_operator
[2023-06-01T02:11:29.346+0000] {logging_mixin.py:120} INFO - [2023-06-01T02:11:29.346+0000] {taskmixin.py:205} WARNING - Dependency <Task(_PythonDecoratedOperator): print_the_context>, log_sql_query already registered for DAG: example_python_operator
[2023-06-01T02:11:29.347+0000] {logging_mixin.py:120} INFO - [2023-06-01T02:11:29.347+0000] {taskmixin.py:205} WARNING - Dependency <Task(_PythonDecoratedOperator): log_sql_query>, print_the_context already registered for DAG: example_python_operator
[2023-06-01T02:11:29.348+0000] {logging_mixin.py:120} INFO - [2023-06-01T02:11:29.348+0000] {taskmixin.py:205} WARNING - Dependency <Task(_PythonDecoratedOperator): print_the_context>, log_sql_query already registered for DAG: example_python_operator
[2023-06-01T02:11:29.350+0000] {logging_mixin.py:120} INFO - [2023-06-01T02:11:29.350+0000] {taskmixin.py:205} WARNING - Dependency <Task(_PythonDecoratedOperator): log_sql_query>, print_the_context already registered for DAG: example_python_operator
[2023-06-01T02:11:29.376+0000] {processor.py:766} INFO - DAG(s) dict_keys(['example_python_operator']) retrieved from /home/airflow/.local/lib/python3.7/site-packages/airflow/example_dags/example_python_operator.py
[2023-06-01T02:11:29.417+0000] {logging_mixin.py:120} INFO - [2023-06-01T02:11:29.417+0000] {dag.py:2585} INFO - Sync 1 DAGs
[2023-06-01T02:11:29.456+0000] {logging_mixin.py:120} INFO - [2023-06-01T02:11:29.455+0000] {dag.py:3340} INFO - Setting next_dagrun for example_python_operator to None, run_after=None
[2023-06-01T02:11:29.493+0000] {processor.py:176} INFO - Processing /home/airflow/.local/lib/python3.7/site-packages/airflow/example_dags/example_python_operator.py took 0.190 seconds
[2023-06-01T02:12:00.520+0000] {processor.py:154} INFO - Started process (PID=503) to work on /home/airflow/.local/lib/python3.7/site-packages/airflow/example_dags/example_python_operator.py
[2023-06-01T02:12:00.521+0000] {processor.py:756} INFO - Processing file /home/airflow/.local/lib/python3.7/site-packages/airflow/example_dags/example_python_operator.py for tasks to queue
[2023-06-01T02:12:00.523+0000] {logging_mixin.py:120} INFO - [2023-06-01T02:12:00.523+0000] {dagbag.py:537} INFO - Filling up the DagBag from /home/airflow/.local/lib/python3.7/site-packages/airflow/example_dags/example_python_operator.py
[2023-06-01T02:12:00.543+0000] {logging_mixin.py:120} INFO - [2023-06-01T02:12:00.543+0000] {taskmixin.py:205} WARNING - Dependency <Task(_PythonDecoratedOperator): print_the_context>, log_sql_query already registered for DAG: example_python_operator
[2023-06-01T02:12:00.544+0000] {logging_mixin.py:120} INFO - [2023-06-01T02:12:00.544+0000] {taskmixin.py:205} WARNING - Dependency <Task(_PythonDecoratedOperator): log_sql_query>, print_the_context already registered for DAG: example_python_operator
[2023-06-01T02:12:00.545+0000] {logging_mixin.py:120} INFO - [2023-06-01T02:12:00.545+0000] {taskmixin.py:205} WARNING - Dependency <Task(_PythonDecoratedOperator): print_the_context>, log_sql_query already registered for DAG: example_python_operator
[2023-06-01T02:12:00.545+0000] {logging_mixin.py:120} INFO - [2023-06-01T02:12:00.545+0000] {taskmixin.py:205} WARNING - Dependency <Task(_PythonDecoratedOperator): log_sql_query>, print_the_context already registered for DAG: example_python_operator
[2023-06-01T02:12:00.546+0000] {logging_mixin.py:120} INFO - [2023-06-01T02:12:00.546+0000] {taskmixin.py:205} WARNING - Dependency <Task(_PythonDecoratedOperator): print_the_context>, log_sql_query already registered for DAG: example_python_operator
[2023-06-01T02:12:00.547+0000] {logging_mixin.py:120} INFO - [2023-06-01T02:12:00.547+0000] {taskmixin.py:205} WARNING - Dependency <Task(_PythonDecoratedOperator): log_sql_query>, print_the_context already registered for DAG: example_python_operator
[2023-06-01T02:12:00.548+0000] {logging_mixin.py:120} INFO - [2023-06-01T02:12:00.548+0000] {taskmixin.py:205} WARNING - Dependency <Task(_PythonDecoratedOperator): print_the_context>, log_sql_query already registered for DAG: example_python_operator
[2023-06-01T02:12:00.548+0000] {logging_mixin.py:120} INFO - [2023-06-01T02:12:00.548+0000] {taskmixin.py:205} WARNING - Dependency <Task(_PythonDecoratedOperator): log_sql_query>, print_the_context already registered for DAG: example_python_operator
[2023-06-01T02:12:00.557+0000] {processor.py:766} INFO - DAG(s) dict_keys(['example_python_operator']) retrieved from /home/airflow/.local/lib/python3.7/site-packages/airflow/example_dags/example_python_operator.py
[2023-06-01T02:12:00.598+0000] {logging_mixin.py:120} INFO - [2023-06-01T02:12:00.598+0000] {dag.py:2585} INFO - Sync 1 DAGs
[2023-06-01T02:12:00.617+0000] {logging_mixin.py:120} INFO - [2023-06-01T02:12:00.617+0000] {dag.py:3340} INFO - Setting next_dagrun for example_python_operator to None, run_after=None
[2023-06-01T02:12:00.630+0000] {processor.py:176} INFO - Processing /home/airflow/.local/lib/python3.7/site-packages/airflow/example_dags/example_python_operator.py took 0.114 seconds
[2023-06-01T02:12:30.979+0000] {processor.py:154} INFO - Started process (PID=566) to work on /home/airflow/.local/lib/python3.7/site-packages/airflow/example_dags/example_python_operator.py
[2023-06-01T02:12:30.981+0000] {processor.py:756} INFO - Processing file /home/airflow/.local/lib/python3.7/site-packages/airflow/example_dags/example_python_operator.py for tasks to queue
[2023-06-01T02:12:30.983+0000] {logging_mixin.py:120} INFO - [2023-06-01T02:12:30.983+0000] {dagbag.py:537} INFO - Filling up the DagBag from /home/airflow/.local/lib/python3.7/site-packages/airflow/example_dags/example_python_operator.py
[2023-06-01T02:12:31.001+0000] {logging_mixin.py:120} INFO - [2023-06-01T02:12:31.001+0000] {taskmixin.py:205} WARNING - Dependency <Task(_PythonDecoratedOperator): print_the_context>, log_sql_query already registered for DAG: example_python_operator
[2023-06-01T02:12:31.002+0000] {logging_mixin.py:120} INFO - [2023-06-01T02:12:31.002+0000] {taskmixin.py:205} WARNING - Dependency <Task(_PythonDecoratedOperator): log_sql_query>, print_the_context already registered for DAG: example_python_operator
[2023-06-01T02:12:31.003+0000] {logging_mixin.py:120} INFO - [2023-06-01T02:12:31.003+0000] {taskmixin.py:205} WARNING - Dependency <Task(_PythonDecoratedOperator): print_the_context>, log_sql_query already registered for DAG: example_python_operator
[2023-06-01T02:12:31.004+0000] {logging_mixin.py:120} INFO - [2023-06-01T02:12:31.003+0000] {taskmixin.py:205} WARNING - Dependency <Task(_PythonDecoratedOperator): log_sql_query>, print_the_context already registered for DAG: example_python_operator
[2023-06-01T02:12:31.004+0000] {logging_mixin.py:120} INFO - [2023-06-01T02:12:31.004+0000] {taskmixin.py:205} WARNING - Dependency <Task(_PythonDecoratedOperator): print_the_context>, log_sql_query already registered for DAG: example_python_operator
[2023-06-01T02:12:31.005+0000] {logging_mixin.py:120} INFO - [2023-06-01T02:12:31.005+0000] {taskmixin.py:205} WARNING - Dependency <Task(_PythonDecoratedOperator): log_sql_query>, print_the_context already registered for DAG: example_python_operator
[2023-06-01T02:12:31.006+0000] {logging_mixin.py:120} INFO - [2023-06-01T02:12:31.006+0000] {taskmixin.py:205} WARNING - Dependency <Task(_PythonDecoratedOperator): print_the_context>, log_sql_query already registered for DAG: example_python_operator
[2023-06-01T02:12:31.006+0000] {logging_mixin.py:120} INFO - [2023-06-01T02:12:31.006+0000] {taskmixin.py:205} WARNING - Dependency <Task(_PythonDecoratedOperator): log_sql_query>, print_the_context already registered for DAG: example_python_operator
[2023-06-01T02:12:31.019+0000] {processor.py:766} INFO - DAG(s) dict_keys(['example_python_operator']) retrieved from /home/airflow/.local/lib/python3.7/site-packages/airflow/example_dags/example_python_operator.py
[2023-06-01T02:12:31.063+0000] {logging_mixin.py:120} INFO - [2023-06-01T02:12:31.063+0000] {dag.py:2585} INFO - Sync 1 DAGs
[2023-06-01T02:12:31.081+0000] {logging_mixin.py:120} INFO - [2023-06-01T02:12:31.081+0000] {dag.py:3340} INFO - Setting next_dagrun for example_python_operator to None, run_after=None
[2023-06-01T02:12:31.116+0000] {processor.py:176} INFO - Processing /home/airflow/.local/lib/python3.7/site-packages/airflow/example_dags/example_python_operator.py took 0.143 seconds
[2023-06-01T02:13:01.194+0000] {processor.py:154} INFO - Started process (PID=620) to work on /home/airflow/.local/lib/python3.7/site-packages/airflow/example_dags/example_python_operator.py
[2023-06-01T02:13:01.196+0000] {processor.py:756} INFO - Processing file /home/airflow/.local/lib/python3.7/site-packages/airflow/example_dags/example_python_operator.py for tasks to queue
[2023-06-01T02:13:01.197+0000] {logging_mixin.py:120} INFO - [2023-06-01T02:13:01.197+0000] {dagbag.py:537} INFO - Filling up the DagBag from /home/airflow/.local/lib/python3.7/site-packages/airflow/example_dags/example_python_operator.py
[2023-06-01T02:13:01.209+0000] {logging_mixin.py:120} INFO - [2023-06-01T02:13:01.209+0000] {taskmixin.py:205} WARNING - Dependency <Task(_PythonDecoratedOperator): print_the_context>, log_sql_query already registered for DAG: example_python_operator
[2023-06-01T02:13:01.210+0000] {logging_mixin.py:120} INFO - [2023-06-01T02:13:01.210+0000] {taskmixin.py:205} WARNING - Dependency <Task(_PythonDecoratedOperator): log_sql_query>, print_the_context already registered for DAG: example_python_operator
[2023-06-01T02:13:01.211+0000] {logging_mixin.py:120} INFO - [2023-06-01T02:13:01.211+0000] {taskmixin.py:205} WARNING - Dependency <Task(_PythonDecoratedOperator): print_the_context>, log_sql_query already registered for DAG: example_python_operator
[2023-06-01T02:13:01.211+0000] {logging_mixin.py:120} INFO - [2023-06-01T02:13:01.211+0000] {taskmixin.py:205} WARNING - Dependency <Task(_PythonDecoratedOperator): log_sql_query>, print_the_context already registered for DAG: example_python_operator
[2023-06-01T02:13:01.212+0000] {logging_mixin.py:120} INFO - [2023-06-01T02:13:01.212+0000] {taskmixin.py:205} WARNING - Dependency <Task(_PythonDecoratedOperator): print_the_context>, log_sql_query already registered for DAG: example_python_operator
[2023-06-01T02:13:01.212+0000] {logging_mixin.py:120} INFO - [2023-06-01T02:13:01.212+0000] {taskmixin.py:205} WARNING - Dependency <Task(_PythonDecoratedOperator): log_sql_query>, print_the_context already registered for DAG: example_python_operator
[2023-06-01T02:13:01.213+0000] {logging_mixin.py:120} INFO - [2023-06-01T02:13:01.213+0000] {taskmixin.py:205} WARNING - Dependency <Task(_PythonDecoratedOperator): print_the_context>, log_sql_query already registered for DAG: example_python_operator
[2023-06-01T02:13:01.214+0000] {logging_mixin.py:120} INFO - [2023-06-01T02:13:01.214+0000] {taskmixin.py:205} WARNING - Dependency <Task(_PythonDecoratedOperator): log_sql_query>, print_the_context already registered for DAG: example_python_operator
[2023-06-01T02:13:01.219+0000] {processor.py:766} INFO - DAG(s) dict_keys(['example_python_operator']) retrieved from /home/airflow/.local/lib/python3.7/site-packages/airflow/example_dags/example_python_operator.py
[2023-06-01T02:13:01.254+0000] {logging_mixin.py:120} INFO - [2023-06-01T02:13:01.254+0000] {dag.py:2585} INFO - Sync 1 DAGs
[2023-06-01T02:13:01.271+0000] {logging_mixin.py:120} INFO - [2023-06-01T02:13:01.271+0000] {dag.py:3340} INFO - Setting next_dagrun for example_python_operator to None, run_after=None
[2023-06-01T02:13:01.281+0000] {processor.py:176} INFO - Processing /home/airflow/.local/lib/python3.7/site-packages/airflow/example_dags/example_python_operator.py took 0.093 seconds
[2023-06-01T02:13:31.480+0000] {processor.py:154} INFO - Started process (PID=683) to work on /home/airflow/.local/lib/python3.7/site-packages/airflow/example_dags/example_python_operator.py
[2023-06-01T02:13:31.482+0000] {processor.py:756} INFO - Processing file /home/airflow/.local/lib/python3.7/site-packages/airflow/example_dags/example_python_operator.py for tasks to queue
[2023-06-01T02:13:31.482+0000] {logging_mixin.py:120} INFO - [2023-06-01T02:13:31.482+0000] {dagbag.py:537} INFO - Filling up the DagBag from /home/airflow/.local/lib/python3.7/site-packages/airflow/example_dags/example_python_operator.py
[2023-06-01T02:13:31.494+0000] {logging_mixin.py:120} INFO - [2023-06-01T02:13:31.494+0000] {taskmixin.py:205} WARNING - Dependency <Task(_PythonDecoratedOperator): print_the_context>, log_sql_query already registered for DAG: example_python_operator
[2023-06-01T02:13:31.495+0000] {logging_mixin.py:120} INFO - [2023-06-01T02:13:31.495+0000] {taskmixin.py:205} WARNING - Dependency <Task(_PythonDecoratedOperator): log_sql_query>, print_the_context already registered for DAG: example_python_operator
[2023-06-01T02:13:31.496+0000] {logging_mixin.py:120} INFO - [2023-06-01T02:13:31.495+0000] {taskmixin.py:205} WARNING - Dependency <Task(_PythonDecoratedOperator): print_the_context>, log_sql_query already registered for DAG: example_python_operator
[2023-06-01T02:13:31.496+0000] {logging_mixin.py:120} INFO - [2023-06-01T02:13:31.496+0000] {taskmixin.py:205} WARNING - Dependency <Task(_PythonDecoratedOperator): log_sql_query>, print_the_context already registered for DAG: example_python_operator
[2023-06-01T02:13:31.496+0000] {logging_mixin.py:120} INFO - [2023-06-01T02:13:31.496+0000] {taskmixin.py:205} WARNING - Dependency <Task(_PythonDecoratedOperator): print_the_context>, log_sql_query already registered for DAG: example_python_operator
[2023-06-01T02:13:31.497+0000] {logging_mixin.py:120} INFO - [2023-06-01T02:13:31.497+0000] {taskmixin.py:205} WARNING - Dependency <Task(_PythonDecoratedOperator): log_sql_query>, print_the_context already registered for DAG: example_python_operator
[2023-06-01T02:13:31.497+0000] {logging_mixin.py:120} INFO - [2023-06-01T02:13:31.497+0000] {taskmixin.py:205} WARNING - Dependency <Task(_PythonDecoratedOperator): print_the_context>, log_sql_query already registered for DAG: example_python_operator
[2023-06-01T02:13:31.498+0000] {logging_mixin.py:120} INFO - [2023-06-01T02:13:31.498+0000] {taskmixin.py:205} WARNING - Dependency <Task(_PythonDecoratedOperator): log_sql_query>, print_the_context already registered for DAG: example_python_operator
[2023-06-01T02:13:31.503+0000] {processor.py:766} INFO - DAG(s) dict_keys(['example_python_operator']) retrieved from /home/airflow/.local/lib/python3.7/site-packages/airflow/example_dags/example_python_operator.py
[2023-06-01T02:13:31.535+0000] {logging_mixin.py:120} INFO - [2023-06-01T02:13:31.535+0000] {dag.py:2585} INFO - Sync 1 DAGs
[2023-06-01T02:13:31.561+0000] {logging_mixin.py:120} INFO - [2023-06-01T02:13:31.560+0000] {dag.py:3340} INFO - Setting next_dagrun for example_python_operator to None, run_after=None
[2023-06-01T02:13:31.573+0000] {processor.py:176} INFO - Processing /home/airflow/.local/lib/python3.7/site-packages/airflow/example_dags/example_python_operator.py took 0.097 seconds
[2023-06-01T02:14:02.602+0000] {processor.py:154} INFO - Started process (PID=746) to work on /home/airflow/.local/lib/python3.7/site-packages/airflow/example_dags/example_python_operator.py
[2023-06-01T02:14:02.603+0000] {processor.py:756} INFO - Processing file /home/airflow/.local/lib/python3.7/site-packages/airflow/example_dags/example_python_operator.py for tasks to queue
[2023-06-01T02:14:02.604+0000] {logging_mixin.py:120} INFO - [2023-06-01T02:14:02.604+0000] {dagbag.py:537} INFO - Filling up the DagBag from /home/airflow/.local/lib/python3.7/site-packages/airflow/example_dags/example_python_operator.py
[2023-06-01T02:14:02.621+0000] {logging_mixin.py:120} INFO - [2023-06-01T02:14:02.621+0000] {taskmixin.py:205} WARNING - Dependency <Task(_PythonDecoratedOperator): print_the_context>, log_sql_query already registered for DAG: example_python_operator
[2023-06-01T02:14:02.622+0000] {logging_mixin.py:120} INFO - [2023-06-01T02:14:02.622+0000] {taskmixin.py:205} WARNING - Dependency <Task(_PythonDecoratedOperator): log_sql_query>, print_the_context already registered for DAG: example_python_operator
[2023-06-01T02:14:02.624+0000] {logging_mixin.py:120} INFO - [2023-06-01T02:14:02.624+0000] {taskmixin.py:205} WARNING - Dependency <Task(_PythonDecoratedOperator): print_the_context>, log_sql_query already registered for DAG: example_python_operator
[2023-06-01T02:14:02.624+0000] {logging_mixin.py:120} INFO - [2023-06-01T02:14:02.624+0000] {taskmixin.py:205} WARNING - Dependency <Task(_PythonDecoratedOperator): log_sql_query>, print_the_context already registered for DAG: example_python_operator
[2023-06-01T02:14:02.626+0000] {logging_mixin.py:120} INFO - [2023-06-01T02:14:02.626+0000] {taskmixin.py:205} WARNING - Dependency <Task(_PythonDecoratedOperator): print_the_context>, log_sql_query already registered for DAG: example_python_operator
[2023-06-01T02:14:02.627+0000] {logging_mixin.py:120} INFO - [2023-06-01T02:14:02.627+0000] {taskmixin.py:205} WARNING - Dependency <Task(_PythonDecoratedOperator): log_sql_query>, print_the_context already registered for DAG: example_python_operator
[2023-06-01T02:14:02.628+0000] {logging_mixin.py:120} INFO - [2023-06-01T02:14:02.628+0000] {taskmixin.py:205} WARNING - Dependency <Task(_PythonDecoratedOperator): print_the_context>, log_sql_query already registered for DAG: example_python_operator
[2023-06-01T02:14:02.629+0000] {logging_mixin.py:120} INFO - [2023-06-01T02:14:02.629+0000] {taskmixin.py:205} WARNING - Dependency <Task(_PythonDecoratedOperator): log_sql_query>, print_the_context already registered for DAG: example_python_operator
[2023-06-01T02:14:02.636+0000] {processor.py:766} INFO - DAG(s) dict_keys(['example_python_operator']) retrieved from /home/airflow/.local/lib/python3.7/site-packages/airflow/example_dags/example_python_operator.py
[2023-06-01T02:14:02.667+0000] {logging_mixin.py:120} INFO - [2023-06-01T02:14:02.667+0000] {dag.py:2585} INFO - Sync 1 DAGs
[2023-06-01T02:14:02.684+0000] {logging_mixin.py:120} INFO - [2023-06-01T02:14:02.684+0000] {dag.py:3340} INFO - Setting next_dagrun for example_python_operator to None, run_after=None
[2023-06-01T02:14:02.696+0000] {processor.py:176} INFO - Processing /home/airflow/.local/lib/python3.7/site-packages/airflow/example_dags/example_python_operator.py took 0.097 seconds
[2023-06-01T02:14:33.045+0000] {processor.py:154} INFO - Started process (PID=800) to work on /home/airflow/.local/lib/python3.7/site-packages/airflow/example_dags/example_python_operator.py
[2023-06-01T02:14:33.046+0000] {processor.py:756} INFO - Processing file /home/airflow/.local/lib/python3.7/site-packages/airflow/example_dags/example_python_operator.py for tasks to queue
[2023-06-01T02:14:33.048+0000] {logging_mixin.py:120} INFO - [2023-06-01T02:14:33.048+0000] {dagbag.py:537} INFO - Filling up the DagBag from /home/airflow/.local/lib/python3.7/site-packages/airflow/example_dags/example_python_operator.py
[2023-06-01T02:14:33.059+0000] {logging_mixin.py:120} INFO - [2023-06-01T02:14:33.059+0000] {taskmixin.py:205} WARNING - Dependency <Task(_PythonDecoratedOperator): print_the_context>, log_sql_query already registered for DAG: example_python_operator
[2023-06-01T02:14:33.060+0000] {logging_mixin.py:120} INFO - [2023-06-01T02:14:33.060+0000] {taskmixin.py:205} WARNING - Dependency <Task(_PythonDecoratedOperator): log_sql_query>, print_the_context already registered for DAG: example_python_operator
[2023-06-01T02:14:33.061+0000] {logging_mixin.py:120} INFO - [2023-06-01T02:14:33.061+0000] {taskmixin.py:205} WARNING - Dependency <Task(_PythonDecoratedOperator): print_the_context>, log_sql_query already registered for DAG: example_python_operator
[2023-06-01T02:14:33.061+0000] {logging_mixin.py:120} INFO - [2023-06-01T02:14:33.061+0000] {taskmixin.py:205} WARNING - Dependency <Task(_PythonDecoratedOperator): log_sql_query>, print_the_context already registered for DAG: example_python_operator
[2023-06-01T02:14:33.062+0000] {logging_mixin.py:120} INFO - [2023-06-01T02:14:33.062+0000] {taskmixin.py:205} WARNING - Dependency <Task(_PythonDecoratedOperator): print_the_context>, log_sql_query already registered for DAG: example_python_operator
[2023-06-01T02:14:33.062+0000] {logging_mixin.py:120} INFO - [2023-06-01T02:14:33.062+0000] {taskmixin.py:205} WARNING - Dependency <Task(_PythonDecoratedOperator): log_sql_query>, print_the_context already registered for DAG: example_python_operator
[2023-06-01T02:14:33.063+0000] {logging_mixin.py:120} INFO - [2023-06-01T02:14:33.063+0000] {taskmixin.py:205} WARNING - Dependency <Task(_PythonDecoratedOperator): print_the_context>, log_sql_query already registered for DAG: example_python_operator
[2023-06-01T02:14:33.063+0000] {logging_mixin.py:120} INFO - [2023-06-01T02:14:33.063+0000] {taskmixin.py:205} WARNING - Dependency <Task(_PythonDecoratedOperator): log_sql_query>, print_the_context already registered for DAG: example_python_operator
[2023-06-01T02:14:33.069+0000] {processor.py:766} INFO - DAG(s) dict_keys(['example_python_operator']) retrieved from /home/airflow/.local/lib/python3.7/site-packages/airflow/example_dags/example_python_operator.py
[2023-06-01T02:14:33.097+0000] {logging_mixin.py:120} INFO - [2023-06-01T02:14:33.097+0000] {dag.py:2585} INFO - Sync 1 DAGs
[2023-06-01T02:14:33.114+0000] {logging_mixin.py:120} INFO - [2023-06-01T02:14:33.114+0000] {dag.py:3340} INFO - Setting next_dagrun for example_python_operator to None, run_after=None
[2023-06-01T02:14:33.128+0000] {processor.py:176} INFO - Processing /home/airflow/.local/lib/python3.7/site-packages/airflow/example_dags/example_python_operator.py took 0.086 seconds
