[2023-06-01T02:08:19.331+0000] {processor.py:154} INFO - Started process (PID=90) to work on /home/airflow/.local/lib/python3.7/site-packages/airflow/example_dags/example_task_group_decorator.py
[2023-06-01T02:08:19.337+0000] {processor.py:756} INFO - Processing file /home/airflow/.local/lib/python3.7/site-packages/airflow/example_dags/example_task_group_decorator.py for tasks to queue
[2023-06-01T02:08:19.344+0000] {logging_mixin.py:120} INFO - [2023-06-01T02:08:19.344+0000] {dagbag.py:537} INFO - Filling up the DagBag from /home/airflow/.local/lib/python3.7/site-packages/airflow/example_dags/example_task_group_decorator.py
[2023-06-01T02:08:19.727+0000] {processor.py:766} INFO - DAG(s) dict_keys(['example_task_group_decorator']) retrieved from /home/airflow/.local/lib/python3.7/site-packages/airflow/example_dags/example_task_group_decorator.py
[2023-06-01T02:08:20.966+0000] {logging_mixin.py:120} INFO - [2023-06-01T02:08:20.965+0000] {manager.py:507} INFO - Created Permission View: can read on DAG:example_task_group_decorator
[2023-06-01T02:08:21.018+0000] {logging_mixin.py:120} INFO - [2023-06-01T02:08:21.018+0000] {manager.py:507} INFO - Created Permission View: can edit on DAG:example_task_group_decorator
[2023-06-01T02:08:21.054+0000] {logging_mixin.py:120} INFO - [2023-06-01T02:08:21.054+0000] {manager.py:507} INFO - Created Permission View: can delete on DAG:example_task_group_decorator
[2023-06-01T02:08:21.056+0000] {logging_mixin.py:120} INFO - [2023-06-01T02:08:21.055+0000] {dag.py:2585} INFO - Sync 1 DAGs
[2023-06-01T02:08:21.143+0000] {logging_mixin.py:120} INFO - [2023-06-01T02:08:21.143+0000] {dag.py:2606} INFO - Creating ORM DAG for example_task_group_decorator
[2023-06-01T02:08:21.302+0000] {logging_mixin.py:120} INFO - [2023-06-01T02:08:21.265+0000] {dag.py:3340} INFO - Setting next_dagrun for example_task_group_decorator to 2023-05-31T02:08:21.264234+00:00, run_after=2023-06-01T02:08:21.264234+00:00
[2023-06-01T02:08:21.468+0000] {processor.py:176} INFO - Processing /home/airflow/.local/lib/python3.7/site-packages/airflow/example_dags/example_task_group_decorator.py took 2.151 seconds
[2023-06-01T02:08:54.745+0000] {processor.py:154} INFO - Started process (PID=143) to work on /home/airflow/.local/lib/python3.7/site-packages/airflow/example_dags/example_task_group_decorator.py
[2023-06-01T02:08:54.768+0000] {processor.py:756} INFO - Processing file /home/airflow/.local/lib/python3.7/site-packages/airflow/example_dags/example_task_group_decorator.py for tasks to queue
[2023-06-01T02:08:54.780+0000] {logging_mixin.py:120} INFO - [2023-06-01T02:08:54.779+0000] {dagbag.py:537} INFO - Filling up the DagBag from /home/airflow/.local/lib/python3.7/site-packages/airflow/example_dags/example_task_group_decorator.py
[2023-06-01T02:08:55.055+0000] {processor.py:766} INFO - DAG(s) dict_keys(['example_task_group_decorator']) retrieved from /home/airflow/.local/lib/python3.7/site-packages/airflow/example_dags/example_task_group_decorator.py
[2023-06-01T02:08:55.466+0000] {logging_mixin.py:120} INFO - [2023-06-01T02:08:55.464+0000] {dag.py:2585} INFO - Sync 1 DAGs
[2023-06-01T02:08:55.679+0000] {logging_mixin.py:120} INFO - [2023-06-01T02:08:55.679+0000] {dag.py:3340} INFO - Setting next_dagrun for example_task_group_decorator to 2023-05-31T02:08:55.678710+00:00, run_after=2023-06-01T02:08:55.678710+00:00
[2023-06-01T02:08:55.706+0000] {processor.py:176} INFO - Processing /home/airflow/.local/lib/python3.7/site-packages/airflow/example_dags/example_task_group_decorator.py took 0.992 seconds
[2023-06-01T02:09:26.467+0000] {processor.py:154} INFO - Started process (PID=200) to work on /home/airflow/.local/lib/python3.7/site-packages/airflow/example_dags/example_task_group_decorator.py
[2023-06-01T02:09:26.469+0000] {processor.py:756} INFO - Processing file /home/airflow/.local/lib/python3.7/site-packages/airflow/example_dags/example_task_group_decorator.py for tasks to queue
[2023-06-01T02:09:26.470+0000] {logging_mixin.py:120} INFO - [2023-06-01T02:09:26.470+0000] {dagbag.py:537} INFO - Filling up the DagBag from /home/airflow/.local/lib/python3.7/site-packages/airflow/example_dags/example_task_group_decorator.py
[2023-06-01T02:09:26.496+0000] {processor.py:766} INFO - DAG(s) dict_keys(['example_task_group_decorator']) retrieved from /home/airflow/.local/lib/python3.7/site-packages/airflow/example_dags/example_task_group_decorator.py
[2023-06-01T02:09:26.558+0000] {logging_mixin.py:120} INFO - [2023-06-01T02:09:26.558+0000] {dag.py:2585} INFO - Sync 1 DAGs
[2023-06-01T02:09:26.579+0000] {logging_mixin.py:120} INFO - [2023-06-01T02:09:26.579+0000] {dag.py:3340} INFO - Setting next_dagrun for example_task_group_decorator to 2023-05-31T02:09:26.579015+00:00, run_after=2023-06-01T02:09:26.579015+00:00
[2023-06-01T02:09:26.597+0000] {processor.py:176} INFO - Processing /home/airflow/.local/lib/python3.7/site-packages/airflow/example_dags/example_task_group_decorator.py took 0.134 seconds
[2023-06-01T02:09:56.911+0000] {processor.py:154} INFO - Started process (PID=264) to work on /home/airflow/.local/lib/python3.7/site-packages/airflow/example_dags/example_task_group_decorator.py
[2023-06-01T02:09:56.918+0000] {processor.py:756} INFO - Processing file /home/airflow/.local/lib/python3.7/site-packages/airflow/example_dags/example_task_group_decorator.py for tasks to queue
[2023-06-01T02:09:56.922+0000] {logging_mixin.py:120} INFO - [2023-06-01T02:09:56.921+0000] {dagbag.py:537} INFO - Filling up the DagBag from /home/airflow/.local/lib/python3.7/site-packages/airflow/example_dags/example_task_group_decorator.py
[2023-06-01T02:09:56.963+0000] {processor.py:766} INFO - DAG(s) dict_keys(['example_task_group_decorator']) retrieved from /home/airflow/.local/lib/python3.7/site-packages/airflow/example_dags/example_task_group_decorator.py
[2023-06-01T02:09:57.014+0000] {logging_mixin.py:120} INFO - [2023-06-01T02:09:57.014+0000] {dag.py:2585} INFO - Sync 1 DAGs
[2023-06-01T02:09:57.052+0000] {logging_mixin.py:120} INFO - [2023-06-01T02:09:57.052+0000] {dag.py:3340} INFO - Setting next_dagrun for example_task_group_decorator to 2023-05-31T02:09:57.052456+00:00, run_after=2023-06-01T02:09:57.052456+00:00
[2023-06-01T02:09:57.067+0000] {processor.py:176} INFO - Processing /home/airflow/.local/lib/python3.7/site-packages/airflow/example_dags/example_task_group_decorator.py took 0.160 seconds
[2023-06-01T02:10:27.811+0000] {processor.py:154} INFO - Started process (PID=318) to work on /home/airflow/.local/lib/python3.7/site-packages/airflow/example_dags/example_task_group_decorator.py
[2023-06-01T02:10:27.812+0000] {processor.py:756} INFO - Processing file /home/airflow/.local/lib/python3.7/site-packages/airflow/example_dags/example_task_group_decorator.py for tasks to queue
[2023-06-01T02:10:27.813+0000] {logging_mixin.py:120} INFO - [2023-06-01T02:10:27.813+0000] {dagbag.py:537} INFO - Filling up the DagBag from /home/airflow/.local/lib/python3.7/site-packages/airflow/example_dags/example_task_group_decorator.py
[2023-06-01T02:10:27.869+0000] {processor.py:766} INFO - DAG(s) dict_keys(['example_task_group_decorator']) retrieved from /home/airflow/.local/lib/python3.7/site-packages/airflow/example_dags/example_task_group_decorator.py
[2023-06-01T02:10:27.929+0000] {logging_mixin.py:120} INFO - [2023-06-01T02:10:27.929+0000] {dag.py:2585} INFO - Sync 1 DAGs
[2023-06-01T02:10:27.964+0000] {logging_mixin.py:120} INFO - [2023-06-01T02:10:27.964+0000] {dag.py:3340} INFO - Setting next_dagrun for example_task_group_decorator to 2023-05-31T02:10:27.963909+00:00, run_after=2023-06-01T02:10:27.963909+00:00
[2023-06-01T02:10:27.979+0000] {processor.py:176} INFO - Processing /home/airflow/.local/lib/python3.7/site-packages/airflow/example_dags/example_task_group_decorator.py took 0.172 seconds
[2023-06-01T02:10:58.381+0000] {processor.py:154} INFO - Started process (PID=382) to work on /home/airflow/.local/lib/python3.7/site-packages/airflow/example_dags/example_task_group_decorator.py
[2023-06-01T02:10:58.387+0000] {processor.py:756} INFO - Processing file /home/airflow/.local/lib/python3.7/site-packages/airflow/example_dags/example_task_group_decorator.py for tasks to queue
[2023-06-01T02:10:58.396+0000] {logging_mixin.py:120} INFO - [2023-06-01T02:10:58.396+0000] {dagbag.py:537} INFO - Filling up the DagBag from /home/airflow/.local/lib/python3.7/site-packages/airflow/example_dags/example_task_group_decorator.py
[2023-06-01T02:10:58.474+0000] {processor.py:766} INFO - DAG(s) dict_keys(['example_task_group_decorator']) retrieved from /home/airflow/.local/lib/python3.7/site-packages/airflow/example_dags/example_task_group_decorator.py
[2023-06-01T02:10:58.569+0000] {logging_mixin.py:120} INFO - [2023-06-01T02:10:58.569+0000] {dag.py:2585} INFO - Sync 1 DAGs
[2023-06-01T02:10:58.604+0000] {logging_mixin.py:120} INFO - [2023-06-01T02:10:58.603+0000] {dag.py:3340} INFO - Setting next_dagrun for example_task_group_decorator to 2023-05-31T02:10:58.603469+00:00, run_after=2023-06-01T02:10:58.603469+00:00
[2023-06-01T02:10:58.624+0000] {processor.py:176} INFO - Processing /home/airflow/.local/lib/python3.7/site-packages/airflow/example_dags/example_task_group_decorator.py took 0.257 seconds
[2023-06-01T02:11:28.836+0000] {processor.py:154} INFO - Started process (PID=446) to work on /home/airflow/.local/lib/python3.7/site-packages/airflow/example_dags/example_task_group_decorator.py
[2023-06-01T02:11:28.841+0000] {processor.py:756} INFO - Processing file /home/airflow/.local/lib/python3.7/site-packages/airflow/example_dags/example_task_group_decorator.py for tasks to queue
[2023-06-01T02:11:28.844+0000] {logging_mixin.py:120} INFO - [2023-06-01T02:11:28.844+0000] {dagbag.py:537} INFO - Filling up the DagBag from /home/airflow/.local/lib/python3.7/site-packages/airflow/example_dags/example_task_group_decorator.py
[2023-06-01T02:11:28.970+0000] {processor.py:766} INFO - DAG(s) dict_keys(['example_task_group_decorator']) retrieved from /home/airflow/.local/lib/python3.7/site-packages/airflow/example_dags/example_task_group_decorator.py
[2023-06-01T02:11:29.081+0000] {logging_mixin.py:120} INFO - [2023-06-01T02:11:29.080+0000] {dag.py:2585} INFO - Sync 1 DAGs
[2023-06-01T02:11:29.157+0000] {logging_mixin.py:120} INFO - [2023-06-01T02:11:29.157+0000] {dag.py:3340} INFO - Setting next_dagrun for example_task_group_decorator to 2023-05-31T02:11:29.155880+00:00, run_after=2023-06-01T02:11:29.155880+00:00
[2023-06-01T02:11:29.179+0000] {processor.py:176} INFO - Processing /home/airflow/.local/lib/python3.7/site-packages/airflow/example_dags/example_task_group_decorator.py took 0.351 seconds
[2023-06-01T02:12:00.125+0000] {processor.py:154} INFO - Started process (PID=501) to work on /home/airflow/.local/lib/python3.7/site-packages/airflow/example_dags/example_task_group_decorator.py
[2023-06-01T02:12:00.127+0000] {processor.py:756} INFO - Processing file /home/airflow/.local/lib/python3.7/site-packages/airflow/example_dags/example_task_group_decorator.py for tasks to queue
[2023-06-01T02:12:00.129+0000] {logging_mixin.py:120} INFO - [2023-06-01T02:12:00.129+0000] {dagbag.py:537} INFO - Filling up the DagBag from /home/airflow/.local/lib/python3.7/site-packages/airflow/example_dags/example_task_group_decorator.py
[2023-06-01T02:12:00.210+0000] {processor.py:766} INFO - DAG(s) dict_keys(['example_task_group_decorator']) retrieved from /home/airflow/.local/lib/python3.7/site-packages/airflow/example_dags/example_task_group_decorator.py
[2023-06-01T02:12:00.303+0000] {logging_mixin.py:120} INFO - [2023-06-01T02:12:00.303+0000] {dag.py:2585} INFO - Sync 1 DAGs
[2023-06-01T02:12:00.335+0000] {logging_mixin.py:120} INFO - [2023-06-01T02:12:00.335+0000] {dag.py:3340} INFO - Setting next_dagrun for example_task_group_decorator to 2023-05-31T02:12:00.334713+00:00, run_after=2023-06-01T02:12:00.334713+00:00
[2023-06-01T02:12:00.354+0000] {processor.py:176} INFO - Processing /home/airflow/.local/lib/python3.7/site-packages/airflow/example_dags/example_task_group_decorator.py took 0.234 seconds
[2023-06-01T02:12:30.634+0000] {processor.py:154} INFO - Started process (PID=564) to work on /home/airflow/.local/lib/python3.7/site-packages/airflow/example_dags/example_task_group_decorator.py
[2023-06-01T02:12:30.637+0000] {processor.py:756} INFO - Processing file /home/airflow/.local/lib/python3.7/site-packages/airflow/example_dags/example_task_group_decorator.py for tasks to queue
[2023-06-01T02:12:30.638+0000] {logging_mixin.py:120} INFO - [2023-06-01T02:12:30.638+0000] {dagbag.py:537} INFO - Filling up the DagBag from /home/airflow/.local/lib/python3.7/site-packages/airflow/example_dags/example_task_group_decorator.py
[2023-06-01T02:12:30.676+0000] {processor.py:766} INFO - DAG(s) dict_keys(['example_task_group_decorator']) retrieved from /home/airflow/.local/lib/python3.7/site-packages/airflow/example_dags/example_task_group_decorator.py
[2023-06-01T02:12:30.741+0000] {logging_mixin.py:120} INFO - [2023-06-01T02:12:30.741+0000] {dag.py:2585} INFO - Sync 1 DAGs
[2023-06-01T02:12:30.773+0000] {logging_mixin.py:120} INFO - [2023-06-01T02:12:30.773+0000] {dag.py:3340} INFO - Setting next_dagrun for example_task_group_decorator to 2023-05-31T02:12:30.773162+00:00, run_after=2023-06-01T02:12:30.773162+00:00
[2023-06-01T02:12:30.789+0000] {processor.py:176} INFO - Processing /home/airflow/.local/lib/python3.7/site-packages/airflow/example_dags/example_task_group_decorator.py took 0.163 seconds
[2023-06-01T02:13:00.916+0000] {processor.py:154} INFO - Started process (PID=618) to work on /home/airflow/.local/lib/python3.7/site-packages/airflow/example_dags/example_task_group_decorator.py
[2023-06-01T02:13:00.918+0000] {processor.py:756} INFO - Processing file /home/airflow/.local/lib/python3.7/site-packages/airflow/example_dags/example_task_group_decorator.py for tasks to queue
[2023-06-01T02:13:00.919+0000] {logging_mixin.py:120} INFO - [2023-06-01T02:13:00.919+0000] {dagbag.py:537} INFO - Filling up the DagBag from /home/airflow/.local/lib/python3.7/site-packages/airflow/example_dags/example_task_group_decorator.py
[2023-06-01T02:13:00.948+0000] {processor.py:766} INFO - DAG(s) dict_keys(['example_task_group_decorator']) retrieved from /home/airflow/.local/lib/python3.7/site-packages/airflow/example_dags/example_task_group_decorator.py
[2023-06-01T02:13:00.990+0000] {logging_mixin.py:120} INFO - [2023-06-01T02:13:00.989+0000] {dag.py:2585} INFO - Sync 1 DAGs
[2023-06-01T02:13:01.020+0000] {logging_mixin.py:120} INFO - [2023-06-01T02:13:01.020+0000] {dag.py:3340} INFO - Setting next_dagrun for example_task_group_decorator to 2023-05-31T02:13:01.020077+00:00, run_after=2023-06-01T02:13:01.020077+00:00
[2023-06-01T02:13:01.037+0000] {processor.py:176} INFO - Processing /home/airflow/.local/lib/python3.7/site-packages/airflow/example_dags/example_task_group_decorator.py took 0.126 seconds
[2023-06-01T02:13:31.174+0000] {processor.py:154} INFO - Started process (PID=681) to work on /home/airflow/.local/lib/python3.7/site-packages/airflow/example_dags/example_task_group_decorator.py
[2023-06-01T02:13:31.179+0000] {processor.py:756} INFO - Processing file /home/airflow/.local/lib/python3.7/site-packages/airflow/example_dags/example_task_group_decorator.py for tasks to queue
[2023-06-01T02:13:31.182+0000] {logging_mixin.py:120} INFO - [2023-06-01T02:13:31.181+0000] {dagbag.py:537} INFO - Filling up the DagBag from /home/airflow/.local/lib/python3.7/site-packages/airflow/example_dags/example_task_group_decorator.py
[2023-06-01T02:13:31.225+0000] {processor.py:766} INFO - DAG(s) dict_keys(['example_task_group_decorator']) retrieved from /home/airflow/.local/lib/python3.7/site-packages/airflow/example_dags/example_task_group_decorator.py
[2023-06-01T02:13:31.302+0000] {logging_mixin.py:120} INFO - [2023-06-01T02:13:31.302+0000] {dag.py:2585} INFO - Sync 1 DAGs
[2023-06-01T02:13:31.330+0000] {logging_mixin.py:120} INFO - [2023-06-01T02:13:31.330+0000] {dag.py:3340} INFO - Setting next_dagrun for example_task_group_decorator to 2023-05-31T02:13:31.330250+00:00, run_after=2023-06-01T02:13:31.330250+00:00
[2023-06-01T02:13:31.345+0000] {processor.py:176} INFO - Processing /home/airflow/.local/lib/python3.7/site-packages/airflow/example_dags/example_task_group_decorator.py took 0.180 seconds
[2023-06-01T02:14:02.330+0000] {processor.py:154} INFO - Started process (PID=744) to work on /home/airflow/.local/lib/python3.7/site-packages/airflow/example_dags/example_task_group_decorator.py
[2023-06-01T02:14:02.332+0000] {processor.py:756} INFO - Processing file /home/airflow/.local/lib/python3.7/site-packages/airflow/example_dags/example_task_group_decorator.py for tasks to queue
[2023-06-01T02:14:02.333+0000] {logging_mixin.py:120} INFO - [2023-06-01T02:14:02.333+0000] {dagbag.py:537} INFO - Filling up the DagBag from /home/airflow/.local/lib/python3.7/site-packages/airflow/example_dags/example_task_group_decorator.py
[2023-06-01T02:14:02.365+0000] {processor.py:766} INFO - DAG(s) dict_keys(['example_task_group_decorator']) retrieved from /home/airflow/.local/lib/python3.7/site-packages/airflow/example_dags/example_task_group_decorator.py
[2023-06-01T02:14:02.426+0000] {logging_mixin.py:120} INFO - [2023-06-01T02:14:02.426+0000] {dag.py:2585} INFO - Sync 1 DAGs
[2023-06-01T02:14:02.450+0000] {logging_mixin.py:120} INFO - [2023-06-01T02:14:02.450+0000] {dag.py:3340} INFO - Setting next_dagrun for example_task_group_decorator to 2023-05-31T02:14:02.449606+00:00, run_after=2023-06-01T02:14:02.449606+00:00
[2023-06-01T02:14:02.471+0000] {processor.py:176} INFO - Processing /home/airflow/.local/lib/python3.7/site-packages/airflow/example_dags/example_task_group_decorator.py took 0.145 seconds
[2023-06-01T02:14:32.747+0000] {processor.py:154} INFO - Started process (PID=798) to work on /home/airflow/.local/lib/python3.7/site-packages/airflow/example_dags/example_task_group_decorator.py
[2023-06-01T02:14:32.750+0000] {processor.py:756} INFO - Processing file /home/airflow/.local/lib/python3.7/site-packages/airflow/example_dags/example_task_group_decorator.py for tasks to queue
[2023-06-01T02:14:32.752+0000] {logging_mixin.py:120} INFO - [2023-06-01T02:14:32.752+0000] {dagbag.py:537} INFO - Filling up the DagBag from /home/airflow/.local/lib/python3.7/site-packages/airflow/example_dags/example_task_group_decorator.py
[2023-06-01T02:14:32.810+0000] {processor.py:766} INFO - DAG(s) dict_keys(['example_task_group_decorator']) retrieved from /home/airflow/.local/lib/python3.7/site-packages/airflow/example_dags/example_task_group_decorator.py
[2023-06-01T02:14:32.869+0000] {logging_mixin.py:120} INFO - [2023-06-01T02:14:32.869+0000] {dag.py:2585} INFO - Sync 1 DAGs
[2023-06-01T02:14:32.894+0000] {logging_mixin.py:120} INFO - [2023-06-01T02:14:32.893+0000] {dag.py:3340} INFO - Setting next_dagrun for example_task_group_decorator to 2023-05-31T02:14:32.893540+00:00, run_after=2023-06-01T02:14:32.893540+00:00
[2023-06-01T02:14:32.910+0000] {processor.py:176} INFO - Processing /home/airflow/.local/lib/python3.7/site-packages/airflow/example_dags/example_task_group_decorator.py took 0.170 seconds
