[2023-06-01T02:08:13.486+0000] {processor.py:154} INFO - Started process (PID=85) to work on /home/airflow/.local/lib/python3.7/site-packages/airflow/example_dags/example_latest_only_with_trigger.py
[2023-06-01T02:08:13.538+0000] {processor.py:756} INFO - Processing file /home/airflow/.local/lib/python3.7/site-packages/airflow/example_dags/example_latest_only_with_trigger.py for tasks to queue
[2023-06-01T02:08:13.569+0000] {logging_mixin.py:120} INFO - [2023-06-01T02:08:13.568+0000] {dagbag.py:537} INFO - Filling up the DagBag from /home/airflow/.local/lib/python3.7/site-packages/airflow/example_dags/example_latest_only_with_trigger.py
[2023-06-01T02:08:13.918+0000] {processor.py:766} INFO - DAG(s) dict_keys(['latest_only_with_trigger']) retrieved from /home/airflow/.local/lib/python3.7/site-packages/airflow/example_dags/example_latest_only_with_trigger.py
[2023-06-01T02:08:15.243+0000] {logging_mixin.py:120} INFO - [2023-06-01T02:08:15.239+0000] {manager.py:507} INFO - Created Permission View: can read on DAG:latest_only_with_trigger
[2023-06-01T02:08:15.321+0000] {logging_mixin.py:120} INFO - [2023-06-01T02:08:15.318+0000] {manager.py:507} INFO - Created Permission View: can edit on DAG:latest_only_with_trigger
[2023-06-01T02:08:15.351+0000] {logging_mixin.py:120} INFO - [2023-06-01T02:08:15.351+0000] {manager.py:507} INFO - Created Permission View: can delete on DAG:latest_only_with_trigger
[2023-06-01T02:08:15.367+0000] {logging_mixin.py:120} INFO - [2023-06-01T02:08:15.367+0000] {dag.py:2585} INFO - Sync 1 DAGs
[2023-06-01T02:08:15.520+0000] {logging_mixin.py:120} INFO - [2023-06-01T02:08:15.519+0000] {dag.py:2606} INFO - Creating ORM DAG for latest_only_with_trigger
[2023-06-01T02:08:15.620+0000] {logging_mixin.py:120} INFO - [2023-06-01T02:08:15.619+0000] {dag.py:3340} INFO - Setting next_dagrun for latest_only_with_trigger to 2023-05-31T22:08:15.617520+00:00, run_after=2023-06-01T02:08:15.617520+00:00
[2023-06-01T02:08:15.720+0000] {processor.py:176} INFO - Processing /home/airflow/.local/lib/python3.7/site-packages/airflow/example_dags/example_latest_only_with_trigger.py took 2.393 seconds
[2023-06-01T02:08:53.159+0000] {processor.py:154} INFO - Started process (PID=133) to work on /home/airflow/.local/lib/python3.7/site-packages/airflow/example_dags/example_latest_only_with_trigger.py
[2023-06-01T02:08:53.165+0000] {processor.py:756} INFO - Processing file /home/airflow/.local/lib/python3.7/site-packages/airflow/example_dags/example_latest_only_with_trigger.py for tasks to queue
[2023-06-01T02:08:53.178+0000] {logging_mixin.py:120} INFO - [2023-06-01T02:08:53.177+0000] {dagbag.py:537} INFO - Filling up the DagBag from /home/airflow/.local/lib/python3.7/site-packages/airflow/example_dags/example_latest_only_with_trigger.py
[2023-06-01T02:08:53.356+0000] {processor.py:766} INFO - DAG(s) dict_keys(['latest_only_with_trigger']) retrieved from /home/airflow/.local/lib/python3.7/site-packages/airflow/example_dags/example_latest_only_with_trigger.py
[2023-06-01T02:08:53.816+0000] {logging_mixin.py:120} INFO - [2023-06-01T02:08:53.815+0000] {dag.py:2585} INFO - Sync 1 DAGs
[2023-06-01T02:08:53.974+0000] {logging_mixin.py:120} INFO - [2023-06-01T02:08:53.974+0000] {dag.py:3340} INFO - Setting next_dagrun for latest_only_with_trigger to 2023-05-31T22:08:53.973770+00:00, run_after=2023-06-01T02:08:53.973770+00:00
[2023-06-01T02:08:54.108+0000] {processor.py:176} INFO - Processing /home/airflow/.local/lib/python3.7/site-packages/airflow/example_dags/example_latest_only_with_trigger.py took 0.965 seconds
[2023-06-01T02:09:25.274+0000] {processor.py:154} INFO - Started process (PID=197) to work on /home/airflow/.local/lib/python3.7/site-packages/airflow/example_dags/example_latest_only_with_trigger.py
[2023-06-01T02:09:25.277+0000] {processor.py:756} INFO - Processing file /home/airflow/.local/lib/python3.7/site-packages/airflow/example_dags/example_latest_only_with_trigger.py for tasks to queue
[2023-06-01T02:09:25.279+0000] {logging_mixin.py:120} INFO - [2023-06-01T02:09:25.278+0000] {dagbag.py:537} INFO - Filling up the DagBag from /home/airflow/.local/lib/python3.7/site-packages/airflow/example_dags/example_latest_only_with_trigger.py
[2023-06-01T02:09:25.306+0000] {processor.py:766} INFO - DAG(s) dict_keys(['latest_only_with_trigger']) retrieved from /home/airflow/.local/lib/python3.7/site-packages/airflow/example_dags/example_latest_only_with_trigger.py
[2023-06-01T02:09:25.360+0000] {logging_mixin.py:120} INFO - [2023-06-01T02:09:25.360+0000] {dag.py:2585} INFO - Sync 1 DAGs
[2023-06-01T02:09:25.383+0000] {logging_mixin.py:120} INFO - [2023-06-01T02:09:25.383+0000] {dag.py:3340} INFO - Setting next_dagrun for latest_only_with_trigger to 2023-05-31T22:09:25.383051+00:00, run_after=2023-06-01T02:09:25.383051+00:00
[2023-06-01T02:09:25.399+0000] {processor.py:176} INFO - Processing /home/airflow/.local/lib/python3.7/site-packages/airflow/example_dags/example_latest_only_with_trigger.py took 0.133 seconds
[2023-06-01T02:09:55.870+0000] {processor.py:154} INFO - Started process (PID=261) to work on /home/airflow/.local/lib/python3.7/site-packages/airflow/example_dags/example_latest_only_with_trigger.py
[2023-06-01T02:09:55.874+0000] {processor.py:756} INFO - Processing file /home/airflow/.local/lib/python3.7/site-packages/airflow/example_dags/example_latest_only_with_trigger.py for tasks to queue
[2023-06-01T02:09:55.875+0000] {logging_mixin.py:120} INFO - [2023-06-01T02:09:55.875+0000] {dagbag.py:537} INFO - Filling up the DagBag from /home/airflow/.local/lib/python3.7/site-packages/airflow/example_dags/example_latest_only_with_trigger.py
[2023-06-01T02:09:55.923+0000] {processor.py:766} INFO - DAG(s) dict_keys(['latest_only_with_trigger']) retrieved from /home/airflow/.local/lib/python3.7/site-packages/airflow/example_dags/example_latest_only_with_trigger.py
[2023-06-01T02:09:56.009+0000] {logging_mixin.py:120} INFO - [2023-06-01T02:09:56.008+0000] {dag.py:2585} INFO - Sync 1 DAGs
[2023-06-01T02:09:56.075+0000] {logging_mixin.py:120} INFO - [2023-06-01T02:09:56.075+0000] {dag.py:3340} INFO - Setting next_dagrun for latest_only_with_trigger to 2023-05-31T22:09:56.074595+00:00, run_after=2023-06-01T02:09:56.074595+00:00
[2023-06-01T02:09:56.132+0000] {processor.py:176} INFO - Processing /home/airflow/.local/lib/python3.7/site-packages/airflow/example_dags/example_latest_only_with_trigger.py took 0.267 seconds
[2023-06-01T02:10:26.631+0000] {processor.py:154} INFO - Started process (PID=315) to work on /home/airflow/.local/lib/python3.7/site-packages/airflow/example_dags/example_latest_only_with_trigger.py
[2023-06-01T02:10:26.634+0000] {processor.py:756} INFO - Processing file /home/airflow/.local/lib/python3.7/site-packages/airflow/example_dags/example_latest_only_with_trigger.py for tasks to queue
[2023-06-01T02:10:26.636+0000] {logging_mixin.py:120} INFO - [2023-06-01T02:10:26.635+0000] {dagbag.py:537} INFO - Filling up the DagBag from /home/airflow/.local/lib/python3.7/site-packages/airflow/example_dags/example_latest_only_with_trigger.py
[2023-06-01T02:10:26.663+0000] {processor.py:766} INFO - DAG(s) dict_keys(['latest_only_with_trigger']) retrieved from /home/airflow/.local/lib/python3.7/site-packages/airflow/example_dags/example_latest_only_with_trigger.py
[2023-06-01T02:10:26.699+0000] {logging_mixin.py:120} INFO - [2023-06-01T02:10:26.699+0000] {dag.py:2585} INFO - Sync 1 DAGs
[2023-06-01T02:10:26.715+0000] {logging_mixin.py:120} INFO - [2023-06-01T02:10:26.715+0000] {dag.py:3340} INFO - Setting next_dagrun for latest_only_with_trigger to 2023-05-31T22:10:26.714772+00:00, run_after=2023-06-01T02:10:26.714772+00:00
[2023-06-01T02:10:26.726+0000] {processor.py:176} INFO - Processing /home/airflow/.local/lib/python3.7/site-packages/airflow/example_dags/example_latest_only_with_trigger.py took 0.103 seconds
[2023-06-01T02:10:57.255+0000] {processor.py:154} INFO - Started process (PID=379) to work on /home/airflow/.local/lib/python3.7/site-packages/airflow/example_dags/example_latest_only_with_trigger.py
[2023-06-01T02:10:57.258+0000] {processor.py:756} INFO - Processing file /home/airflow/.local/lib/python3.7/site-packages/airflow/example_dags/example_latest_only_with_trigger.py for tasks to queue
[2023-06-01T02:10:57.261+0000] {logging_mixin.py:120} INFO - [2023-06-01T02:10:57.261+0000] {dagbag.py:537} INFO - Filling up the DagBag from /home/airflow/.local/lib/python3.7/site-packages/airflow/example_dags/example_latest_only_with_trigger.py
[2023-06-01T02:10:57.288+0000] {processor.py:766} INFO - DAG(s) dict_keys(['latest_only_with_trigger']) retrieved from /home/airflow/.local/lib/python3.7/site-packages/airflow/example_dags/example_latest_only_with_trigger.py
[2023-06-01T02:10:57.367+0000] {logging_mixin.py:120} INFO - [2023-06-01T02:10:57.367+0000] {dag.py:2585} INFO - Sync 1 DAGs
[2023-06-01T02:10:57.397+0000] {logging_mixin.py:120} INFO - [2023-06-01T02:10:57.397+0000] {dag.py:3340} INFO - Setting next_dagrun for latest_only_with_trigger to 2023-05-31T22:10:57.397102+00:00, run_after=2023-06-01T02:10:57.397102+00:00
[2023-06-01T02:10:57.413+0000] {processor.py:176} INFO - Processing /home/airflow/.local/lib/python3.7/site-packages/airflow/example_dags/example_latest_only_with_trigger.py took 0.171 seconds
[2023-06-01T02:11:27.499+0000] {processor.py:154} INFO - Started process (PID=440) to work on /home/airflow/.local/lib/python3.7/site-packages/airflow/example_dags/example_latest_only_with_trigger.py
[2023-06-01T02:11:27.507+0000] {processor.py:756} INFO - Processing file /home/airflow/.local/lib/python3.7/site-packages/airflow/example_dags/example_latest_only_with_trigger.py for tasks to queue
[2023-06-01T02:11:27.520+0000] {logging_mixin.py:120} INFO - [2023-06-01T02:11:27.519+0000] {dagbag.py:537} INFO - Filling up the DagBag from /home/airflow/.local/lib/python3.7/site-packages/airflow/example_dags/example_latest_only_with_trigger.py
[2023-06-01T02:11:27.573+0000] {processor.py:766} INFO - DAG(s) dict_keys(['latest_only_with_trigger']) retrieved from /home/airflow/.local/lib/python3.7/site-packages/airflow/example_dags/example_latest_only_with_trigger.py
[2023-06-01T02:11:27.635+0000] {logging_mixin.py:120} INFO - [2023-06-01T02:11:27.635+0000] {dag.py:2585} INFO - Sync 1 DAGs
[2023-06-01T02:11:27.719+0000] {logging_mixin.py:120} INFO - [2023-06-01T02:11:27.718+0000] {dag.py:3340} INFO - Setting next_dagrun for latest_only_with_trigger to 2023-05-31T22:11:27.717279+00:00, run_after=2023-06-01T02:11:27.717279+00:00
[2023-06-01T02:11:27.764+0000] {processor.py:176} INFO - Processing /home/airflow/.local/lib/python3.7/site-packages/airflow/example_dags/example_latest_only_with_trigger.py took 0.281 seconds
[2023-06-01T02:11:57.915+0000] {processor.py:154} INFO - Started process (PID=498) to work on /home/airflow/.local/lib/python3.7/site-packages/airflow/example_dags/example_latest_only_with_trigger.py
[2023-06-01T02:11:57.917+0000] {processor.py:756} INFO - Processing file /home/airflow/.local/lib/python3.7/site-packages/airflow/example_dags/example_latest_only_with_trigger.py for tasks to queue
[2023-06-01T02:11:57.918+0000] {logging_mixin.py:120} INFO - [2023-06-01T02:11:57.918+0000] {dagbag.py:537} INFO - Filling up the DagBag from /home/airflow/.local/lib/python3.7/site-packages/airflow/example_dags/example_latest_only_with_trigger.py
[2023-06-01T02:11:57.939+0000] {processor.py:766} INFO - DAG(s) dict_keys(['latest_only_with_trigger']) retrieved from /home/airflow/.local/lib/python3.7/site-packages/airflow/example_dags/example_latest_only_with_trigger.py
[2023-06-01T02:11:57.978+0000] {logging_mixin.py:120} INFO - [2023-06-01T02:11:57.977+0000] {dag.py:2585} INFO - Sync 1 DAGs
[2023-06-01T02:11:57.995+0000] {logging_mixin.py:120} INFO - [2023-06-01T02:11:57.994+0000] {dag.py:3340} INFO - Setting next_dagrun for latest_only_with_trigger to 2023-05-31T22:11:57.994669+00:00, run_after=2023-06-01T02:11:57.994669+00:00
[2023-06-01T02:11:58.007+0000] {processor.py:176} INFO - Processing /home/airflow/.local/lib/python3.7/site-packages/airflow/example_dags/example_latest_only_with_trigger.py took 0.100 seconds
[2023-06-01T02:12:28.261+0000] {processor.py:154} INFO - Started process (PID=561) to work on /home/airflow/.local/lib/python3.7/site-packages/airflow/example_dags/example_latest_only_with_trigger.py
[2023-06-01T02:12:28.276+0000] {processor.py:756} INFO - Processing file /home/airflow/.local/lib/python3.7/site-packages/airflow/example_dags/example_latest_only_with_trigger.py for tasks to queue
[2023-06-01T02:12:28.280+0000] {logging_mixin.py:120} INFO - [2023-06-01T02:12:28.280+0000] {dagbag.py:537} INFO - Filling up the DagBag from /home/airflow/.local/lib/python3.7/site-packages/airflow/example_dags/example_latest_only_with_trigger.py
[2023-06-01T02:12:28.335+0000] {processor.py:766} INFO - DAG(s) dict_keys(['latest_only_with_trigger']) retrieved from /home/airflow/.local/lib/python3.7/site-packages/airflow/example_dags/example_latest_only_with_trigger.py
[2023-06-01T02:12:28.374+0000] {logging_mixin.py:120} INFO - [2023-06-01T02:12:28.373+0000] {dag.py:2585} INFO - Sync 1 DAGs
[2023-06-01T02:12:28.408+0000] {logging_mixin.py:120} INFO - [2023-06-01T02:12:28.408+0000] {dag.py:3340} INFO - Setting next_dagrun for latest_only_with_trigger to 2023-05-31T22:12:28.407945+00:00, run_after=2023-06-01T02:12:28.407945+00:00
[2023-06-01T02:12:28.488+0000] {processor.py:176} INFO - Processing /home/airflow/.local/lib/python3.7/site-packages/airflow/example_dags/example_latest_only_with_trigger.py took 0.234 seconds
[2023-06-01T02:12:58.584+0000] {processor.py:154} INFO - Started process (PID=615) to work on /home/airflow/.local/lib/python3.7/site-packages/airflow/example_dags/example_latest_only_with_trigger.py
[2023-06-01T02:12:58.586+0000] {processor.py:756} INFO - Processing file /home/airflow/.local/lib/python3.7/site-packages/airflow/example_dags/example_latest_only_with_trigger.py for tasks to queue
[2023-06-01T02:12:58.587+0000] {logging_mixin.py:120} INFO - [2023-06-01T02:12:58.587+0000] {dagbag.py:537} INFO - Filling up the DagBag from /home/airflow/.local/lib/python3.7/site-packages/airflow/example_dags/example_latest_only_with_trigger.py
[2023-06-01T02:12:58.597+0000] {processor.py:766} INFO - DAG(s) dict_keys(['latest_only_with_trigger']) retrieved from /home/airflow/.local/lib/python3.7/site-packages/airflow/example_dags/example_latest_only_with_trigger.py
[2023-06-01T02:12:58.632+0000] {logging_mixin.py:120} INFO - [2023-06-01T02:12:58.631+0000] {dag.py:2585} INFO - Sync 1 DAGs
[2023-06-01T02:12:58.655+0000] {logging_mixin.py:120} INFO - [2023-06-01T02:12:58.655+0000] {dag.py:3340} INFO - Setting next_dagrun for latest_only_with_trigger to 2023-05-31T22:12:58.655060+00:00, run_after=2023-06-01T02:12:58.655060+00:00
[2023-06-01T02:12:58.667+0000] {processor.py:176} INFO - Processing /home/airflow/.local/lib/python3.7/site-packages/airflow/example_dags/example_latest_only_with_trigger.py took 0.086 seconds
[2023-06-01T02:13:28.993+0000] {processor.py:154} INFO - Started process (PID=678) to work on /home/airflow/.local/lib/python3.7/site-packages/airflow/example_dags/example_latest_only_with_trigger.py
[2023-06-01T02:13:28.995+0000] {processor.py:756} INFO - Processing file /home/airflow/.local/lib/python3.7/site-packages/airflow/example_dags/example_latest_only_with_trigger.py for tasks to queue
[2023-06-01T02:13:28.996+0000] {logging_mixin.py:120} INFO - [2023-06-01T02:13:28.996+0000] {dagbag.py:537} INFO - Filling up the DagBag from /home/airflow/.local/lib/python3.7/site-packages/airflow/example_dags/example_latest_only_with_trigger.py
[2023-06-01T02:13:29.008+0000] {processor.py:766} INFO - DAG(s) dict_keys(['latest_only_with_trigger']) retrieved from /home/airflow/.local/lib/python3.7/site-packages/airflow/example_dags/example_latest_only_with_trigger.py
[2023-06-01T02:13:29.038+0000] {logging_mixin.py:120} INFO - [2023-06-01T02:13:29.038+0000] {dag.py:2585} INFO - Sync 1 DAGs
[2023-06-01T02:13:29.054+0000] {logging_mixin.py:120} INFO - [2023-06-01T02:13:29.054+0000] {dag.py:3340} INFO - Setting next_dagrun for latest_only_with_trigger to 2023-05-31T22:13:29.053970+00:00, run_after=2023-06-01T02:13:29.053970+00:00
[2023-06-01T02:13:29.065+0000] {processor.py:176} INFO - Processing /home/airflow/.local/lib/python3.7/site-packages/airflow/example_dags/example_latest_only_with_trigger.py took 0.075 seconds
[2023-06-01T02:14:00.031+0000] {processor.py:154} INFO - Started process (PID=741) to work on /home/airflow/.local/lib/python3.7/site-packages/airflow/example_dags/example_latest_only_with_trigger.py
[2023-06-01T02:14:00.035+0000] {processor.py:756} INFO - Processing file /home/airflow/.local/lib/python3.7/site-packages/airflow/example_dags/example_latest_only_with_trigger.py for tasks to queue
[2023-06-01T02:14:00.038+0000] {logging_mixin.py:120} INFO - [2023-06-01T02:14:00.037+0000] {dagbag.py:537} INFO - Filling up the DagBag from /home/airflow/.local/lib/python3.7/site-packages/airflow/example_dags/example_latest_only_with_trigger.py
[2023-06-01T02:14:00.077+0000] {processor.py:766} INFO - DAG(s) dict_keys(['latest_only_with_trigger']) retrieved from /home/airflow/.local/lib/python3.7/site-packages/airflow/example_dags/example_latest_only_with_trigger.py
[2023-06-01T02:14:00.142+0000] {logging_mixin.py:120} INFO - [2023-06-01T02:14:00.142+0000] {dag.py:2585} INFO - Sync 1 DAGs
[2023-06-01T02:14:00.168+0000] {logging_mixin.py:120} INFO - [2023-06-01T02:14:00.167+0000] {dag.py:3340} INFO - Setting next_dagrun for latest_only_with_trigger to 2023-05-31T22:14:00.167682+00:00, run_after=2023-06-01T02:14:00.167682+00:00
[2023-06-01T02:14:00.185+0000] {processor.py:176} INFO - Processing /home/airflow/.local/lib/python3.7/site-packages/airflow/example_dags/example_latest_only_with_trigger.py took 0.158 seconds
[2023-06-01T02:14:30.509+0000] {processor.py:154} INFO - Started process (PID=795) to work on /home/airflow/.local/lib/python3.7/site-packages/airflow/example_dags/example_latest_only_with_trigger.py
[2023-06-01T02:14:30.511+0000] {processor.py:756} INFO - Processing file /home/airflow/.local/lib/python3.7/site-packages/airflow/example_dags/example_latest_only_with_trigger.py for tasks to queue
[2023-06-01T02:14:30.512+0000] {logging_mixin.py:120} INFO - [2023-06-01T02:14:30.511+0000] {dagbag.py:537} INFO - Filling up the DagBag from /home/airflow/.local/lib/python3.7/site-packages/airflow/example_dags/example_latest_only_with_trigger.py
[2023-06-01T02:14:30.525+0000] {processor.py:766} INFO - DAG(s) dict_keys(['latest_only_with_trigger']) retrieved from /home/airflow/.local/lib/python3.7/site-packages/airflow/example_dags/example_latest_only_with_trigger.py
[2023-06-01T02:14:30.569+0000] {logging_mixin.py:120} INFO - [2023-06-01T02:14:30.569+0000] {dag.py:2585} INFO - Sync 1 DAGs
[2023-06-01T02:14:30.588+0000] {logging_mixin.py:120} INFO - [2023-06-01T02:14:30.588+0000] {dag.py:3340} INFO - Setting next_dagrun for latest_only_with_trigger to 2023-05-31T22:14:30.588383+00:00, run_after=2023-06-01T02:14:30.588383+00:00
[2023-06-01T02:14:30.599+0000] {processor.py:176} INFO - Processing /home/airflow/.local/lib/python3.7/site-packages/airflow/example_dags/example_latest_only_with_trigger.py took 0.093 seconds
