[2023-06-01T02:07:52.735+0000] {processor.py:154} INFO - Started process (PID=71) to work on /home/airflow/.local/lib/python3.7/site-packages/airflow/example_dags/example_kubernetes_executor.py
[2023-06-01T02:07:52.796+0000] {processor.py:756} INFO - Processing file /home/airflow/.local/lib/python3.7/site-packages/airflow/example_dags/example_kubernetes_executor.py for tasks to queue
[2023-06-01T02:07:52.859+0000] {logging_mixin.py:120} INFO - [2023-06-01T02:07:52.852+0000] {dagbag.py:537} INFO - Filling up the DagBag from /home/airflow/.local/lib/python3.7/site-packages/airflow/example_dags/example_kubernetes_executor.py
[2023-06-01T02:08:00.481+0000] {processor.py:766} INFO - DAG(s) dict_keys(['example_kubernetes_executor']) retrieved from /home/airflow/.local/lib/python3.7/site-packages/airflow/example_dags/example_kubernetes_executor.py
[2023-06-01T02:08:04.716+0000] {logging_mixin.py:120} INFO - [2023-06-01T02:08:04.706+0000] {manager.py:507} INFO - Created Permission View: can read on DAG:example_kubernetes_executor
[2023-06-01T02:08:04.793+0000] {logging_mixin.py:120} INFO - [2023-06-01T02:08:04.792+0000] {manager.py:507} INFO - Created Permission View: can edit on DAG:example_kubernetes_executor
[2023-06-01T02:08:04.839+0000] {logging_mixin.py:120} INFO - [2023-06-01T02:08:04.839+0000] {manager.py:507} INFO - Created Permission View: can delete on DAG:example_kubernetes_executor
[2023-06-01T02:08:04.842+0000] {logging_mixin.py:120} INFO - [2023-06-01T02:08:04.841+0000] {dag.py:2585} INFO - Sync 1 DAGs
[2023-06-01T02:08:04.933+0000] {logging_mixin.py:120} INFO - [2023-06-01T02:08:04.933+0000] {dag.py:2606} INFO - Creating ORM DAG for example_kubernetes_executor
[2023-06-01T02:08:04.990+0000] {logging_mixin.py:120} INFO - [2023-06-01T02:08:04.989+0000] {dag.py:3340} INFO - Setting next_dagrun for example_kubernetes_executor to None, run_after=None
[2023-06-01T02:08:05.081+0000] {processor.py:176} INFO - Processing /home/airflow/.local/lib/python3.7/site-packages/airflow/example_dags/example_kubernetes_executor.py took 13.822 seconds
[2023-06-01T02:08:49.909+0000] {processor.py:154} INFO - Started process (PID=127) to work on /home/airflow/.local/lib/python3.7/site-packages/airflow/example_dags/example_kubernetes_executor.py
[2023-06-01T02:08:49.911+0000] {processor.py:756} INFO - Processing file /home/airflow/.local/lib/python3.7/site-packages/airflow/example_dags/example_kubernetes_executor.py for tasks to queue
[2023-06-01T02:08:49.913+0000] {logging_mixin.py:120} INFO - [2023-06-01T02:08:49.913+0000] {dagbag.py:537} INFO - Filling up the DagBag from /home/airflow/.local/lib/python3.7/site-packages/airflow/example_dags/example_kubernetes_executor.py
[2023-06-01T02:08:50.027+0000] {processor.py:766} INFO - DAG(s) dict_keys(['example_kubernetes_executor']) retrieved from /home/airflow/.local/lib/python3.7/site-packages/airflow/example_dags/example_kubernetes_executor.py
[2023-06-01T02:08:50.112+0000] {logging_mixin.py:120} INFO - [2023-06-01T02:08:50.112+0000] {dag.py:2585} INFO - Sync 1 DAGs
[2023-06-01T02:08:50.149+0000] {logging_mixin.py:120} INFO - [2023-06-01T02:08:50.148+0000] {dag.py:3340} INFO - Setting next_dagrun for example_kubernetes_executor to None, run_after=None
[2023-06-01T02:08:50.233+0000] {processor.py:176} INFO - Processing /home/airflow/.local/lib/python3.7/site-packages/airflow/example_dags/example_kubernetes_executor.py took 0.331 seconds
[2023-06-01T02:09:20.874+0000] {processor.py:154} INFO - Started process (PID=182) to work on /home/airflow/.local/lib/python3.7/site-packages/airflow/example_dags/example_kubernetes_executor.py
[2023-06-01T02:09:20.876+0000] {processor.py:756} INFO - Processing file /home/airflow/.local/lib/python3.7/site-packages/airflow/example_dags/example_kubernetes_executor.py for tasks to queue
[2023-06-01T02:09:20.877+0000] {logging_mixin.py:120} INFO - [2023-06-01T02:09:20.876+0000] {dagbag.py:537} INFO - Filling up the DagBag from /home/airflow/.local/lib/python3.7/site-packages/airflow/example_dags/example_kubernetes_executor.py
[2023-06-01T02:09:20.903+0000] {processor.py:766} INFO - DAG(s) dict_keys(['example_kubernetes_executor']) retrieved from /home/airflow/.local/lib/python3.7/site-packages/airflow/example_dags/example_kubernetes_executor.py
[2023-06-01T02:09:20.937+0000] {logging_mixin.py:120} INFO - [2023-06-01T02:09:20.937+0000] {dag.py:2585} INFO - Sync 1 DAGs
[2023-06-01T02:09:20.951+0000] {logging_mixin.py:120} INFO - [2023-06-01T02:09:20.951+0000] {dag.py:3340} INFO - Setting next_dagrun for example_kubernetes_executor to None, run_after=None
[2023-06-01T02:09:20.961+0000] {processor.py:176} INFO - Processing /home/airflow/.local/lib/python3.7/site-packages/airflow/example_dags/example_kubernetes_executor.py took 0.090 seconds
[2023-06-01T02:09:51.144+0000] {processor.py:154} INFO - Started process (PID=246) to work on /home/airflow/.local/lib/python3.7/site-packages/airflow/example_dags/example_kubernetes_executor.py
[2023-06-01T02:09:51.145+0000] {processor.py:756} INFO - Processing file /home/airflow/.local/lib/python3.7/site-packages/airflow/example_dags/example_kubernetes_executor.py for tasks to queue
[2023-06-01T02:09:51.146+0000] {logging_mixin.py:120} INFO - [2023-06-01T02:09:51.146+0000] {dagbag.py:537} INFO - Filling up the DagBag from /home/airflow/.local/lib/python3.7/site-packages/airflow/example_dags/example_kubernetes_executor.py
[2023-06-01T02:09:51.185+0000] {processor.py:766} INFO - DAG(s) dict_keys(['example_kubernetes_executor']) retrieved from /home/airflow/.local/lib/python3.7/site-packages/airflow/example_dags/example_kubernetes_executor.py
[2023-06-01T02:09:51.220+0000] {logging_mixin.py:120} INFO - [2023-06-01T02:09:51.219+0000] {dag.py:2585} INFO - Sync 1 DAGs
[2023-06-01T02:09:51.236+0000] {logging_mixin.py:120} INFO - [2023-06-01T02:09:51.236+0000] {dag.py:3340} INFO - Setting next_dagrun for example_kubernetes_executor to None, run_after=None
[2023-06-01T02:09:51.249+0000] {processor.py:176} INFO - Processing /home/airflow/.local/lib/python3.7/site-packages/airflow/example_dags/example_kubernetes_executor.py took 0.110 seconds
[2023-06-01T02:10:22.087+0000] {processor.py:154} INFO - Started process (PID=309) to work on /home/airflow/.local/lib/python3.7/site-packages/airflow/example_dags/example_kubernetes_executor.py
[2023-06-01T02:10:22.089+0000] {processor.py:756} INFO - Processing file /home/airflow/.local/lib/python3.7/site-packages/airflow/example_dags/example_kubernetes_executor.py for tasks to queue
[2023-06-01T02:10:22.091+0000] {logging_mixin.py:120} INFO - [2023-06-01T02:10:22.091+0000] {dagbag.py:537} INFO - Filling up the DagBag from /home/airflow/.local/lib/python3.7/site-packages/airflow/example_dags/example_kubernetes_executor.py
[2023-06-01T02:10:22.126+0000] {processor.py:766} INFO - DAG(s) dict_keys(['example_kubernetes_executor']) retrieved from /home/airflow/.local/lib/python3.7/site-packages/airflow/example_dags/example_kubernetes_executor.py
[2023-06-01T02:10:22.158+0000] {logging_mixin.py:120} INFO - [2023-06-01T02:10:22.158+0000] {dag.py:2585} INFO - Sync 1 DAGs
[2023-06-01T02:10:22.176+0000] {logging_mixin.py:120} INFO - [2023-06-01T02:10:22.176+0000] {dag.py:3340} INFO - Setting next_dagrun for example_kubernetes_executor to None, run_after=None
[2023-06-01T02:10:22.187+0000] {processor.py:176} INFO - Processing /home/airflow/.local/lib/python3.7/site-packages/airflow/example_dags/example_kubernetes_executor.py took 0.104 seconds
[2023-06-01T02:10:52.766+0000] {processor.py:154} INFO - Started process (PID=364) to work on /home/airflow/.local/lib/python3.7/site-packages/airflow/example_dags/example_kubernetes_executor.py
[2023-06-01T02:10:52.767+0000] {processor.py:756} INFO - Processing file /home/airflow/.local/lib/python3.7/site-packages/airflow/example_dags/example_kubernetes_executor.py for tasks to queue
[2023-06-01T02:10:52.768+0000] {logging_mixin.py:120} INFO - [2023-06-01T02:10:52.768+0000] {dagbag.py:537} INFO - Filling up the DagBag from /home/airflow/.local/lib/python3.7/site-packages/airflow/example_dags/example_kubernetes_executor.py
[2023-06-01T02:10:52.823+0000] {processor.py:766} INFO - DAG(s) dict_keys(['example_kubernetes_executor']) retrieved from /home/airflow/.local/lib/python3.7/site-packages/airflow/example_dags/example_kubernetes_executor.py
[2023-06-01T02:10:53.359+0000] {logging_mixin.py:120} INFO - [2023-06-01T02:10:53.358+0000] {dag.py:2585} INFO - Sync 1 DAGs
[2023-06-01T02:10:53.449+0000] {logging_mixin.py:120} INFO - [2023-06-01T02:10:53.449+0000] {dag.py:3340} INFO - Setting next_dagrun for example_kubernetes_executor to None, run_after=None
[2023-06-01T02:10:53.495+0000] {processor.py:176} INFO - Processing /home/airflow/.local/lib/python3.7/site-packages/airflow/example_dags/example_kubernetes_executor.py took 0.732 seconds
[2023-06-01T02:11:24.560+0000] {processor.py:154} INFO - Started process (PID=428) to work on /home/airflow/.local/lib/python3.7/site-packages/airflow/example_dags/example_kubernetes_executor.py
[2023-06-01T02:11:24.563+0000] {processor.py:756} INFO - Processing file /home/airflow/.local/lib/python3.7/site-packages/airflow/example_dags/example_kubernetes_executor.py for tasks to queue
[2023-06-01T02:11:24.567+0000] {logging_mixin.py:120} INFO - [2023-06-01T02:11:24.566+0000] {dagbag.py:537} INFO - Filling up the DagBag from /home/airflow/.local/lib/python3.7/site-packages/airflow/example_dags/example_kubernetes_executor.py
[2023-06-01T02:11:24.671+0000] {processor.py:766} INFO - DAG(s) dict_keys(['example_kubernetes_executor']) retrieved from /home/airflow/.local/lib/python3.7/site-packages/airflow/example_dags/example_kubernetes_executor.py
[2023-06-01T02:11:24.746+0000] {logging_mixin.py:120} INFO - [2023-06-01T02:11:24.745+0000] {dag.py:2585} INFO - Sync 1 DAGs
[2023-06-01T02:11:24.788+0000] {logging_mixin.py:120} INFO - [2023-06-01T02:11:24.788+0000] {dag.py:3340} INFO - Setting next_dagrun for example_kubernetes_executor to None, run_after=None
[2023-06-01T02:11:24.805+0000] {processor.py:176} INFO - Processing /home/airflow/.local/lib/python3.7/site-packages/airflow/example_dags/example_kubernetes_executor.py took 0.251 seconds
[2023-06-01T02:11:54.882+0000] {processor.py:154} INFO - Started process (PID=492) to work on /home/airflow/.local/lib/python3.7/site-packages/airflow/example_dags/example_kubernetes_executor.py
[2023-06-01T02:11:54.884+0000] {processor.py:756} INFO - Processing file /home/airflow/.local/lib/python3.7/site-packages/airflow/example_dags/example_kubernetes_executor.py for tasks to queue
[2023-06-01T02:11:54.885+0000] {logging_mixin.py:120} INFO - [2023-06-01T02:11:54.884+0000] {dagbag.py:537} INFO - Filling up the DagBag from /home/airflow/.local/lib/python3.7/site-packages/airflow/example_dags/example_kubernetes_executor.py
[2023-06-01T02:11:54.941+0000] {processor.py:766} INFO - DAG(s) dict_keys(['example_kubernetes_executor']) retrieved from /home/airflow/.local/lib/python3.7/site-packages/airflow/example_dags/example_kubernetes_executor.py
[2023-06-01T02:11:55.029+0000] {logging_mixin.py:120} INFO - [2023-06-01T02:11:55.029+0000] {dag.py:2585} INFO - Sync 1 DAGs
[2023-06-01T02:11:55.055+0000] {logging_mixin.py:120} INFO - [2023-06-01T02:11:55.054+0000] {dag.py:3340} INFO - Setting next_dagrun for example_kubernetes_executor to None, run_after=None
[2023-06-01T02:11:55.072+0000] {processor.py:176} INFO - Processing /home/airflow/.local/lib/python3.7/site-packages/airflow/example_dags/example_kubernetes_executor.py took 0.192 seconds
[2023-06-01T02:12:25.199+0000] {processor.py:154} INFO - Started process (PID=546) to work on /home/airflow/.local/lib/python3.7/site-packages/airflow/example_dags/example_kubernetes_executor.py
[2023-06-01T02:12:25.200+0000] {processor.py:756} INFO - Processing file /home/airflow/.local/lib/python3.7/site-packages/airflow/example_dags/example_kubernetes_executor.py for tasks to queue
[2023-06-01T02:12:25.201+0000] {logging_mixin.py:120} INFO - [2023-06-01T02:12:25.201+0000] {dagbag.py:537} INFO - Filling up the DagBag from /home/airflow/.local/lib/python3.7/site-packages/airflow/example_dags/example_kubernetes_executor.py
[2023-06-01T02:12:25.224+0000] {processor.py:766} INFO - DAG(s) dict_keys(['example_kubernetes_executor']) retrieved from /home/airflow/.local/lib/python3.7/site-packages/airflow/example_dags/example_kubernetes_executor.py
[2023-06-01T02:12:25.255+0000] {logging_mixin.py:120} INFO - [2023-06-01T02:12:25.255+0000] {dag.py:2585} INFO - Sync 1 DAGs
[2023-06-01T02:12:25.269+0000] {logging_mixin.py:120} INFO - [2023-06-01T02:12:25.269+0000] {dag.py:3340} INFO - Setting next_dagrun for example_kubernetes_executor to None, run_after=None
[2023-06-01T02:12:25.281+0000] {processor.py:176} INFO - Processing /home/airflow/.local/lib/python3.7/site-packages/airflow/example_dags/example_kubernetes_executor.py took 0.085 seconds
[2023-06-01T02:12:55.815+0000] {processor.py:154} INFO - Started process (PID=609) to work on /home/airflow/.local/lib/python3.7/site-packages/airflow/example_dags/example_kubernetes_executor.py
[2023-06-01T02:12:55.816+0000] {processor.py:756} INFO - Processing file /home/airflow/.local/lib/python3.7/site-packages/airflow/example_dags/example_kubernetes_executor.py for tasks to queue
[2023-06-01T02:12:55.817+0000] {logging_mixin.py:120} INFO - [2023-06-01T02:12:55.817+0000] {dagbag.py:537} INFO - Filling up the DagBag from /home/airflow/.local/lib/python3.7/site-packages/airflow/example_dags/example_kubernetes_executor.py
[2023-06-01T02:12:55.842+0000] {processor.py:766} INFO - DAG(s) dict_keys(['example_kubernetes_executor']) retrieved from /home/airflow/.local/lib/python3.7/site-packages/airflow/example_dags/example_kubernetes_executor.py
[2023-06-01T02:12:55.878+0000] {logging_mixin.py:120} INFO - [2023-06-01T02:12:55.878+0000] {dag.py:2585} INFO - Sync 1 DAGs
[2023-06-01T02:12:55.901+0000] {logging_mixin.py:120} INFO - [2023-06-01T02:12:55.901+0000] {dag.py:3340} INFO - Setting next_dagrun for example_kubernetes_executor to None, run_after=None
[2023-06-01T02:12:55.918+0000] {processor.py:176} INFO - Processing /home/airflow/.local/lib/python3.7/site-packages/airflow/example_dags/example_kubernetes_executor.py took 0.106 seconds
[2023-06-01T02:13:26.533+0000] {processor.py:154} INFO - Started process (PID=672) to work on /home/airflow/.local/lib/python3.7/site-packages/airflow/example_dags/example_kubernetes_executor.py
[2023-06-01T02:13:26.535+0000] {processor.py:756} INFO - Processing file /home/airflow/.local/lib/python3.7/site-packages/airflow/example_dags/example_kubernetes_executor.py for tasks to queue
[2023-06-01T02:13:26.536+0000] {logging_mixin.py:120} INFO - [2023-06-01T02:13:26.536+0000] {dagbag.py:537} INFO - Filling up the DagBag from /home/airflow/.local/lib/python3.7/site-packages/airflow/example_dags/example_kubernetes_executor.py
[2023-06-01T02:13:26.560+0000] {processor.py:766} INFO - DAG(s) dict_keys(['example_kubernetes_executor']) retrieved from /home/airflow/.local/lib/python3.7/site-packages/airflow/example_dags/example_kubernetes_executor.py
[2023-06-01T02:13:26.595+0000] {logging_mixin.py:120} INFO - [2023-06-01T02:13:26.595+0000] {dag.py:2585} INFO - Sync 1 DAGs
[2023-06-01T02:13:26.611+0000] {logging_mixin.py:120} INFO - [2023-06-01T02:13:26.611+0000] {dag.py:3340} INFO - Setting next_dagrun for example_kubernetes_executor to None, run_after=None
[2023-06-01T02:13:26.626+0000] {processor.py:176} INFO - Processing /home/airflow/.local/lib/python3.7/site-packages/airflow/example_dags/example_kubernetes_executor.py took 0.098 seconds
[2023-06-01T02:13:57.319+0000] {processor.py:154} INFO - Started process (PID=726) to work on /home/airflow/.local/lib/python3.7/site-packages/airflow/example_dags/example_kubernetes_executor.py
[2023-06-01T02:13:57.320+0000] {processor.py:756} INFO - Processing file /home/airflow/.local/lib/python3.7/site-packages/airflow/example_dags/example_kubernetes_executor.py for tasks to queue
[2023-06-01T02:13:57.321+0000] {logging_mixin.py:120} INFO - [2023-06-01T02:13:57.320+0000] {dagbag.py:537} INFO - Filling up the DagBag from /home/airflow/.local/lib/python3.7/site-packages/airflow/example_dags/example_kubernetes_executor.py
[2023-06-01T02:13:57.350+0000] {processor.py:766} INFO - DAG(s) dict_keys(['example_kubernetes_executor']) retrieved from /home/airflow/.local/lib/python3.7/site-packages/airflow/example_dags/example_kubernetes_executor.py
[2023-06-01T02:13:57.384+0000] {logging_mixin.py:120} INFO - [2023-06-01T02:13:57.384+0000] {dag.py:2585} INFO - Sync 1 DAGs
[2023-06-01T02:13:57.399+0000] {logging_mixin.py:120} INFO - [2023-06-01T02:13:57.398+0000] {dag.py:3340} INFO - Setting next_dagrun for example_kubernetes_executor to None, run_after=None
[2023-06-01T02:13:57.421+0000] {processor.py:176} INFO - Processing /home/airflow/.local/lib/python3.7/site-packages/airflow/example_dags/example_kubernetes_executor.py took 0.105 seconds
[2023-06-01T02:14:28.059+0000] {processor.py:154} INFO - Started process (PID=789) to work on /home/airflow/.local/lib/python3.7/site-packages/airflow/example_dags/example_kubernetes_executor.py
[2023-06-01T02:14:28.060+0000] {processor.py:756} INFO - Processing file /home/airflow/.local/lib/python3.7/site-packages/airflow/example_dags/example_kubernetes_executor.py for tasks to queue
[2023-06-01T02:14:28.061+0000] {logging_mixin.py:120} INFO - [2023-06-01T02:14:28.061+0000] {dagbag.py:537} INFO - Filling up the DagBag from /home/airflow/.local/lib/python3.7/site-packages/airflow/example_dags/example_kubernetes_executor.py
[2023-06-01T02:14:28.084+0000] {processor.py:766} INFO - DAG(s) dict_keys(['example_kubernetes_executor']) retrieved from /home/airflow/.local/lib/python3.7/site-packages/airflow/example_dags/example_kubernetes_executor.py
[2023-06-01T02:14:28.115+0000] {logging_mixin.py:120} INFO - [2023-06-01T02:14:28.115+0000] {dag.py:2585} INFO - Sync 1 DAGs
[2023-06-01T02:14:28.129+0000] {logging_mixin.py:120} INFO - [2023-06-01T02:14:28.129+0000] {dag.py:3340} INFO - Setting next_dagrun for example_kubernetes_executor to None, run_after=None
[2023-06-01T02:14:28.141+0000] {processor.py:176} INFO - Processing /home/airflow/.local/lib/python3.7/site-packages/airflow/example_dags/example_kubernetes_executor.py took 0.084 seconds
