[2023-06-01T02:08:19.452+0000] {processor.py:154} INFO - Started process (PID=91) to work on /home/airflow/.local/lib/python3.7/site-packages/airflow/example_dags/example_xcom.py
[2023-06-01T02:08:19.463+0000] {processor.py:756} INFO - Processing file /home/airflow/.local/lib/python3.7/site-packages/airflow/example_dags/example_xcom.py for tasks to queue
[2023-06-01T02:08:19.466+0000] {logging_mixin.py:120} INFO - [2023-06-01T02:08:19.466+0000] {dagbag.py:537} INFO - Filling up the DagBag from /home/airflow/.local/lib/python3.7/site-packages/airflow/example_dags/example_xcom.py
[2023-06-01T02:08:19.695+0000] {processor.py:766} INFO - DAG(s) dict_keys(['example_xcom']) retrieved from /home/airflow/.local/lib/python3.7/site-packages/airflow/example_dags/example_xcom.py
[2023-06-01T02:08:20.833+0000] {logging_mixin.py:120} INFO - [2023-06-01T02:08:20.832+0000] {manager.py:507} INFO - Created Permission View: can read on DAG:example_xcom
[2023-06-01T02:08:20.933+0000] {logging_mixin.py:120} INFO - [2023-06-01T02:08:20.933+0000] {manager.py:507} INFO - Created Permission View: can edit on DAG:example_xcom
[2023-06-01T02:08:20.966+0000] {logging_mixin.py:120} INFO - [2023-06-01T02:08:20.966+0000] {manager.py:507} INFO - Created Permission View: can delete on DAG:example_xcom
[2023-06-01T02:08:20.982+0000] {logging_mixin.py:120} INFO - [2023-06-01T02:08:20.981+0000] {dag.py:2585} INFO - Sync 1 DAGs
[2023-06-01T02:08:21.064+0000] {logging_mixin.py:120} INFO - [2023-06-01T02:08:21.062+0000] {dag.py:2606} INFO - Creating ORM DAG for example_xcom
[2023-06-01T02:08:21.120+0000] {logging_mixin.py:120} INFO - [2023-06-01T02:08:21.119+0000] {dag.py:3340} INFO - Setting next_dagrun for example_xcom to 2021-01-01T00:00:00+00:00, run_after=2021-01-01T00:00:00+00:00
[2023-06-01T02:08:21.249+0000] {processor.py:176} INFO - Processing /home/airflow/.local/lib/python3.7/site-packages/airflow/example_dags/example_xcom.py took 1.815 seconds
[2023-06-01T02:08:55.692+0000] {processor.py:154} INFO - Started process (PID=146) to work on /home/airflow/.local/lib/python3.7/site-packages/airflow/example_dags/example_xcom.py
[2023-06-01T02:08:55.696+0000] {processor.py:756} INFO - Processing file /home/airflow/.local/lib/python3.7/site-packages/airflow/example_dags/example_xcom.py for tasks to queue
[2023-06-01T02:08:55.699+0000] {logging_mixin.py:120} INFO - [2023-06-01T02:08:55.698+0000] {dagbag.py:537} INFO - Filling up the DagBag from /home/airflow/.local/lib/python3.7/site-packages/airflow/example_dags/example_xcom.py
[2023-06-01T02:08:55.815+0000] {processor.py:766} INFO - DAG(s) dict_keys(['example_xcom']) retrieved from /home/airflow/.local/lib/python3.7/site-packages/airflow/example_dags/example_xcom.py
[2023-06-01T02:08:55.926+0000] {logging_mixin.py:120} INFO - [2023-06-01T02:08:55.926+0000] {dag.py:2585} INFO - Sync 1 DAGs
[2023-06-01T02:08:55.960+0000] {logging_mixin.py:120} INFO - [2023-06-01T02:08:55.960+0000] {dag.py:3340} INFO - Setting next_dagrun for example_xcom to 2021-01-01T00:00:00+00:00, run_after=2021-01-01T00:00:00+00:00
[2023-06-01T02:08:55.978+0000] {processor.py:176} INFO - Processing /home/airflow/.local/lib/python3.7/site-packages/airflow/example_dags/example_xcom.py took 0.296 seconds
[2023-06-01T02:09:26.638+0000] {processor.py:154} INFO - Started process (PID=201) to work on /home/airflow/.local/lib/python3.7/site-packages/airflow/example_dags/example_xcom.py
[2023-06-01T02:09:26.640+0000] {processor.py:756} INFO - Processing file /home/airflow/.local/lib/python3.7/site-packages/airflow/example_dags/example_xcom.py for tasks to queue
[2023-06-01T02:09:26.642+0000] {logging_mixin.py:120} INFO - [2023-06-01T02:09:26.642+0000] {dagbag.py:537} INFO - Filling up the DagBag from /home/airflow/.local/lib/python3.7/site-packages/airflow/example_dags/example_xcom.py
[2023-06-01T02:09:26.663+0000] {processor.py:766} INFO - DAG(s) dict_keys(['example_xcom']) retrieved from /home/airflow/.local/lib/python3.7/site-packages/airflow/example_dags/example_xcom.py
[2023-06-01T02:09:26.714+0000] {logging_mixin.py:120} INFO - [2023-06-01T02:09:26.714+0000] {dag.py:2585} INFO - Sync 1 DAGs
[2023-06-01T02:09:26.739+0000] {logging_mixin.py:120} INFO - [2023-06-01T02:09:26.739+0000] {dag.py:3340} INFO - Setting next_dagrun for example_xcom to 2021-01-01T00:00:00+00:00, run_after=2021-01-01T00:00:00+00:00
[2023-06-01T02:09:26.774+0000] {processor.py:176} INFO - Processing /home/airflow/.local/lib/python3.7/site-packages/airflow/example_dags/example_xcom.py took 0.143 seconds
[2023-06-01T02:09:57.095+0000] {processor.py:154} INFO - Started process (PID=265) to work on /home/airflow/.local/lib/python3.7/site-packages/airflow/example_dags/example_xcom.py
[2023-06-01T02:09:57.096+0000] {processor.py:756} INFO - Processing file /home/airflow/.local/lib/python3.7/site-packages/airflow/example_dags/example_xcom.py for tasks to queue
[2023-06-01T02:09:57.097+0000] {logging_mixin.py:120} INFO - [2023-06-01T02:09:57.097+0000] {dagbag.py:537} INFO - Filling up the DagBag from /home/airflow/.local/lib/python3.7/site-packages/airflow/example_dags/example_xcom.py
[2023-06-01T02:09:57.112+0000] {processor.py:766} INFO - DAG(s) dict_keys(['example_xcom']) retrieved from /home/airflow/.local/lib/python3.7/site-packages/airflow/example_dags/example_xcom.py
[2023-06-01T02:09:57.142+0000] {logging_mixin.py:120} INFO - [2023-06-01T02:09:57.142+0000] {dag.py:2585} INFO - Sync 1 DAGs
[2023-06-01T02:09:57.156+0000] {logging_mixin.py:120} INFO - [2023-06-01T02:09:57.156+0000] {dag.py:3340} INFO - Setting next_dagrun for example_xcom to 2021-01-01T00:00:00+00:00, run_after=2021-01-01T00:00:00+00:00
[2023-06-01T02:09:57.170+0000] {processor.py:176} INFO - Processing /home/airflow/.local/lib/python3.7/site-packages/airflow/example_dags/example_xcom.py took 0.078 seconds
[2023-06-01T02:10:28.011+0000] {processor.py:154} INFO - Started process (PID=319) to work on /home/airflow/.local/lib/python3.7/site-packages/airflow/example_dags/example_xcom.py
[2023-06-01T02:10:28.013+0000] {processor.py:756} INFO - Processing file /home/airflow/.local/lib/python3.7/site-packages/airflow/example_dags/example_xcom.py for tasks to queue
[2023-06-01T02:10:28.014+0000] {logging_mixin.py:120} INFO - [2023-06-01T02:10:28.014+0000] {dagbag.py:537} INFO - Filling up the DagBag from /home/airflow/.local/lib/python3.7/site-packages/airflow/example_dags/example_xcom.py
[2023-06-01T02:10:28.029+0000] {processor.py:766} INFO - DAG(s) dict_keys(['example_xcom']) retrieved from /home/airflow/.local/lib/python3.7/site-packages/airflow/example_dags/example_xcom.py
[2023-06-01T02:10:28.058+0000] {logging_mixin.py:120} INFO - [2023-06-01T02:10:28.058+0000] {dag.py:2585} INFO - Sync 1 DAGs
[2023-06-01T02:10:28.073+0000] {logging_mixin.py:120} INFO - [2023-06-01T02:10:28.073+0000] {dag.py:3340} INFO - Setting next_dagrun for example_xcom to 2021-01-01T00:00:00+00:00, run_after=2021-01-01T00:00:00+00:00
[2023-06-01T02:10:28.083+0000] {processor.py:176} INFO - Processing /home/airflow/.local/lib/python3.7/site-packages/airflow/example_dags/example_xcom.py took 0.075 seconds
[2023-06-01T02:10:58.665+0000] {processor.py:154} INFO - Started process (PID=383) to work on /home/airflow/.local/lib/python3.7/site-packages/airflow/example_dags/example_xcom.py
[2023-06-01T02:10:58.666+0000] {processor.py:756} INFO - Processing file /home/airflow/.local/lib/python3.7/site-packages/airflow/example_dags/example_xcom.py for tasks to queue
[2023-06-01T02:10:58.667+0000] {logging_mixin.py:120} INFO - [2023-06-01T02:10:58.667+0000] {dagbag.py:537} INFO - Filling up the DagBag from /home/airflow/.local/lib/python3.7/site-packages/airflow/example_dags/example_xcom.py
[2023-06-01T02:10:58.694+0000] {processor.py:766} INFO - DAG(s) dict_keys(['example_xcom']) retrieved from /home/airflow/.local/lib/python3.7/site-packages/airflow/example_dags/example_xcom.py
[2023-06-01T02:10:58.730+0000] {logging_mixin.py:120} INFO - [2023-06-01T02:10:58.730+0000] {dag.py:2585} INFO - Sync 1 DAGs
[2023-06-01T02:10:58.747+0000] {logging_mixin.py:120} INFO - [2023-06-01T02:10:58.747+0000] {dag.py:3340} INFO - Setting next_dagrun for example_xcom to 2021-01-01T00:00:00+00:00, run_after=2021-01-01T00:00:00+00:00
[2023-06-01T02:10:58.759+0000] {processor.py:176} INFO - Processing /home/airflow/.local/lib/python3.7/site-packages/airflow/example_dags/example_xcom.py took 0.097 seconds
[2023-06-01T02:11:29.259+0000] {processor.py:154} INFO - Started process (PID=447) to work on /home/airflow/.local/lib/python3.7/site-packages/airflow/example_dags/example_xcom.py
[2023-06-01T02:11:29.265+0000] {processor.py:756} INFO - Processing file /home/airflow/.local/lib/python3.7/site-packages/airflow/example_dags/example_xcom.py for tasks to queue
[2023-06-01T02:11:29.269+0000] {logging_mixin.py:120} INFO - [2023-06-01T02:11:29.268+0000] {dagbag.py:537} INFO - Filling up the DagBag from /home/airflow/.local/lib/python3.7/site-packages/airflow/example_dags/example_xcom.py
[2023-06-01T02:11:29.310+0000] {processor.py:766} INFO - DAG(s) dict_keys(['example_xcom']) retrieved from /home/airflow/.local/lib/python3.7/site-packages/airflow/example_dags/example_xcom.py
[2023-06-01T02:11:29.366+0000] {logging_mixin.py:120} INFO - [2023-06-01T02:11:29.365+0000] {dag.py:2585} INFO - Sync 1 DAGs
[2023-06-01T02:11:29.410+0000] {logging_mixin.py:120} INFO - [2023-06-01T02:11:29.409+0000] {dag.py:3340} INFO - Setting next_dagrun for example_xcom to 2021-01-01T00:00:00+00:00, run_after=2021-01-01T00:00:00+00:00
[2023-06-01T02:11:29.426+0000] {processor.py:176} INFO - Processing /home/airflow/.local/lib/python3.7/site-packages/airflow/example_dags/example_xcom.py took 0.176 seconds
[2023-06-01T02:12:00.397+0000] {processor.py:154} INFO - Started process (PID=502) to work on /home/airflow/.local/lib/python3.7/site-packages/airflow/example_dags/example_xcom.py
[2023-06-01T02:12:00.398+0000] {processor.py:756} INFO - Processing file /home/airflow/.local/lib/python3.7/site-packages/airflow/example_dags/example_xcom.py for tasks to queue
[2023-06-01T02:12:00.399+0000] {logging_mixin.py:120} INFO - [2023-06-01T02:12:00.399+0000] {dagbag.py:537} INFO - Filling up the DagBag from /home/airflow/.local/lib/python3.7/site-packages/airflow/example_dags/example_xcom.py
[2023-06-01T02:12:00.417+0000] {processor.py:766} INFO - DAG(s) dict_keys(['example_xcom']) retrieved from /home/airflow/.local/lib/python3.7/site-packages/airflow/example_dags/example_xcom.py
[2023-06-01T02:12:00.448+0000] {logging_mixin.py:120} INFO - [2023-06-01T02:12:00.448+0000] {dag.py:2585} INFO - Sync 1 DAGs
[2023-06-01T02:12:00.468+0000] {logging_mixin.py:120} INFO - [2023-06-01T02:12:00.468+0000] {dag.py:3340} INFO - Setting next_dagrun for example_xcom to 2021-01-01T00:00:00+00:00, run_after=2021-01-01T00:00:00+00:00
[2023-06-01T02:12:00.481+0000] {processor.py:176} INFO - Processing /home/airflow/.local/lib/python3.7/site-packages/airflow/example_dags/example_xcom.py took 0.089 seconds
[2023-06-01T02:12:30.823+0000] {processor.py:154} INFO - Started process (PID=565) to work on /home/airflow/.local/lib/python3.7/site-packages/airflow/example_dags/example_xcom.py
[2023-06-01T02:12:30.826+0000] {processor.py:756} INFO - Processing file /home/airflow/.local/lib/python3.7/site-packages/airflow/example_dags/example_xcom.py for tasks to queue
[2023-06-01T02:12:30.828+0000] {logging_mixin.py:120} INFO - [2023-06-01T02:12:30.828+0000] {dagbag.py:537} INFO - Filling up the DagBag from /home/airflow/.local/lib/python3.7/site-packages/airflow/example_dags/example_xcom.py
[2023-06-01T02:12:30.850+0000] {processor.py:766} INFO - DAG(s) dict_keys(['example_xcom']) retrieved from /home/airflow/.local/lib/python3.7/site-packages/airflow/example_dags/example_xcom.py
[2023-06-01T02:12:30.906+0000] {logging_mixin.py:120} INFO - [2023-06-01T02:12:30.905+0000] {dag.py:2585} INFO - Sync 1 DAGs
[2023-06-01T02:12:30.925+0000] {logging_mixin.py:120} INFO - [2023-06-01T02:12:30.925+0000] {dag.py:3340} INFO - Setting next_dagrun for example_xcom to 2021-01-01T00:00:00+00:00, run_after=2021-01-01T00:00:00+00:00
[2023-06-01T02:12:30.940+0000] {processor.py:176} INFO - Processing /home/airflow/.local/lib/python3.7/site-packages/airflow/example_dags/example_xcom.py took 0.122 seconds
[2023-06-01T02:13:01.071+0000] {processor.py:154} INFO - Started process (PID=619) to work on /home/airflow/.local/lib/python3.7/site-packages/airflow/example_dags/example_xcom.py
[2023-06-01T02:13:01.072+0000] {processor.py:756} INFO - Processing file /home/airflow/.local/lib/python3.7/site-packages/airflow/example_dags/example_xcom.py for tasks to queue
[2023-06-01T02:13:01.073+0000] {logging_mixin.py:120} INFO - [2023-06-01T02:13:01.073+0000] {dagbag.py:537} INFO - Filling up the DagBag from /home/airflow/.local/lib/python3.7/site-packages/airflow/example_dags/example_xcom.py
[2023-06-01T02:13:01.089+0000] {processor.py:766} INFO - DAG(s) dict_keys(['example_xcom']) retrieved from /home/airflow/.local/lib/python3.7/site-packages/airflow/example_dags/example_xcom.py
[2023-06-01T02:13:01.123+0000] {logging_mixin.py:120} INFO - [2023-06-01T02:13:01.123+0000] {dag.py:2585} INFO - Sync 1 DAGs
[2023-06-01T02:13:01.138+0000] {logging_mixin.py:120} INFO - [2023-06-01T02:13:01.138+0000] {dag.py:3340} INFO - Setting next_dagrun for example_xcom to 2021-01-01T00:00:00+00:00, run_after=2021-01-01T00:00:00+00:00
[2023-06-01T02:13:01.150+0000] {processor.py:176} INFO - Processing /home/airflow/.local/lib/python3.7/site-packages/airflow/example_dags/example_xcom.py took 0.085 seconds
[2023-06-01T02:13:31.375+0000] {processor.py:154} INFO - Started process (PID=682) to work on /home/airflow/.local/lib/python3.7/site-packages/airflow/example_dags/example_xcom.py
[2023-06-01T02:13:31.376+0000] {processor.py:756} INFO - Processing file /home/airflow/.local/lib/python3.7/site-packages/airflow/example_dags/example_xcom.py for tasks to queue
[2023-06-01T02:13:31.378+0000] {logging_mixin.py:120} INFO - [2023-06-01T02:13:31.378+0000] {dagbag.py:537} INFO - Filling up the DagBag from /home/airflow/.local/lib/python3.7/site-packages/airflow/example_dags/example_xcom.py
[2023-06-01T02:13:31.399+0000] {processor.py:766} INFO - DAG(s) dict_keys(['example_xcom']) retrieved from /home/airflow/.local/lib/python3.7/site-packages/airflow/example_dags/example_xcom.py
[2023-06-01T02:13:31.430+0000] {logging_mixin.py:120} INFO - [2023-06-01T02:13:31.429+0000] {dag.py:2585} INFO - Sync 1 DAGs
[2023-06-01T02:13:31.444+0000] {logging_mixin.py:120} INFO - [2023-06-01T02:13:31.444+0000] {dag.py:3340} INFO - Setting next_dagrun for example_xcom to 2021-01-01T00:00:00+00:00, run_after=2021-01-01T00:00:00+00:00
[2023-06-01T02:13:31.454+0000] {processor.py:176} INFO - Processing /home/airflow/.local/lib/python3.7/site-packages/airflow/example_dags/example_xcom.py took 0.082 seconds
[2023-06-01T02:14:02.503+0000] {processor.py:154} INFO - Started process (PID=745) to work on /home/airflow/.local/lib/python3.7/site-packages/airflow/example_dags/example_xcom.py
[2023-06-01T02:14:02.504+0000] {processor.py:756} INFO - Processing file /home/airflow/.local/lib/python3.7/site-packages/airflow/example_dags/example_xcom.py for tasks to queue
[2023-06-01T02:14:02.505+0000] {logging_mixin.py:120} INFO - [2023-06-01T02:14:02.505+0000] {dagbag.py:537} INFO - Filling up the DagBag from /home/airflow/.local/lib/python3.7/site-packages/airflow/example_dags/example_xcom.py
[2023-06-01T02:14:02.520+0000] {processor.py:766} INFO - DAG(s) dict_keys(['example_xcom']) retrieved from /home/airflow/.local/lib/python3.7/site-packages/airflow/example_dags/example_xcom.py
[2023-06-01T02:14:02.550+0000] {logging_mixin.py:120} INFO - [2023-06-01T02:14:02.550+0000] {dag.py:2585} INFO - Sync 1 DAGs
[2023-06-01T02:14:02.565+0000] {logging_mixin.py:120} INFO - [2023-06-01T02:14:02.565+0000] {dag.py:3340} INFO - Setting next_dagrun for example_xcom to 2021-01-01T00:00:00+00:00, run_after=2021-01-01T00:00:00+00:00
[2023-06-01T02:14:02.575+0000] {processor.py:176} INFO - Processing /home/airflow/.local/lib/python3.7/site-packages/airflow/example_dags/example_xcom.py took 0.076 seconds
[2023-06-01T02:14:32.937+0000] {processor.py:154} INFO - Started process (PID=799) to work on /home/airflow/.local/lib/python3.7/site-packages/airflow/example_dags/example_xcom.py
[2023-06-01T02:14:32.939+0000] {processor.py:756} INFO - Processing file /home/airflow/.local/lib/python3.7/site-packages/airflow/example_dags/example_xcom.py for tasks to queue
[2023-06-01T02:14:32.941+0000] {logging_mixin.py:120} INFO - [2023-06-01T02:14:32.941+0000] {dagbag.py:537} INFO - Filling up the DagBag from /home/airflow/.local/lib/python3.7/site-packages/airflow/example_dags/example_xcom.py
[2023-06-01T02:14:32.961+0000] {processor.py:766} INFO - DAG(s) dict_keys(['example_xcom']) retrieved from /home/airflow/.local/lib/python3.7/site-packages/airflow/example_dags/example_xcom.py
[2023-06-01T02:14:32.993+0000] {logging_mixin.py:120} INFO - [2023-06-01T02:14:32.993+0000] {dag.py:2585} INFO - Sync 1 DAGs
[2023-06-01T02:14:33.007+0000] {logging_mixin.py:120} INFO - [2023-06-01T02:14:33.007+0000] {dag.py:3340} INFO - Setting next_dagrun for example_xcom to 2021-01-01T00:00:00+00:00, run_after=2021-01-01T00:00:00+00:00
[2023-06-01T02:14:33.018+0000] {processor.py:176} INFO - Processing /home/airflow/.local/lib/python3.7/site-packages/airflow/example_dags/example_xcom.py took 0.084 seconds
