[2023-06-01T02:07:20.385+0000] {processor.py:154} INFO - Started process (PID=42) to work on /home/airflow/.local/lib/python3.7/site-packages/airflow/example_dags/example_trigger_controller_dag.py
[2023-06-01T02:07:20.411+0000] {processor.py:756} INFO - Processing file /home/airflow/.local/lib/python3.7/site-packages/airflow/example_dags/example_trigger_controller_dag.py for tasks to queue
[2023-06-01T02:07:20.418+0000] {logging_mixin.py:120} INFO - [2023-06-01T02:07:20.418+0000] {dagbag.py:537} INFO - Filling up the DagBag from /home/airflow/.local/lib/python3.7/site-packages/airflow/example_dags/example_trigger_controller_dag.py
[2023-06-01T02:07:20.703+0000] {processor.py:766} INFO - DAG(s) dict_keys(['example_trigger_controller_dag']) retrieved from /home/airflow/.local/lib/python3.7/site-packages/airflow/example_dags/example_trigger_controller_dag.py
[2023-06-01T02:07:21.151+0000] {logging_mixin.py:120} INFO - [2023-06-01T02:07:21.150+0000] {manager.py:507} INFO - Created Permission View: can read on DAG:example_trigger_controller_dag
[2023-06-01T02:07:21.174+0000] {logging_mixin.py:120} INFO - [2023-06-01T02:07:21.173+0000] {manager.py:507} INFO - Created Permission View: can edit on DAG:example_trigger_controller_dag
[2023-06-01T02:07:21.189+0000] {logging_mixin.py:120} INFO - [2023-06-01T02:07:21.188+0000] {manager.py:507} INFO - Created Permission View: can delete on DAG:example_trigger_controller_dag
[2023-06-01T02:07:21.190+0000] {logging_mixin.py:120} INFO - [2023-06-01T02:07:21.190+0000] {dag.py:2585} INFO - Sync 1 DAGs
[2023-06-01T02:07:21.217+0000] {logging_mixin.py:120} INFO - [2023-06-01T02:07:21.217+0000] {dag.py:2606} INFO - Creating ORM DAG for example_trigger_controller_dag
[2023-06-01T02:07:21.263+0000] {logging_mixin.py:120} INFO - [2023-06-01T02:07:21.263+0000] {dag.py:3340} INFO - Setting next_dagrun for example_trigger_controller_dag to 2021-01-01T00:00:00+00:00, run_after=2021-01-01T00:00:00+00:00
[2023-06-01T02:07:21.301+0000] {processor.py:176} INFO - Processing /home/airflow/.local/lib/python3.7/site-packages/airflow/example_dags/example_trigger_controller_dag.py took 1.040 seconds
[2023-06-01T02:08:33.713+0000] {processor.py:154} INFO - Started process (PID=112) to work on /home/airflow/.local/lib/python3.7/site-packages/airflow/example_dags/example_trigger_controller_dag.py
[2023-06-01T02:08:33.736+0000] {processor.py:756} INFO - Processing file /home/airflow/.local/lib/python3.7/site-packages/airflow/example_dags/example_trigger_controller_dag.py for tasks to queue
[2023-06-01T02:08:33.743+0000] {logging_mixin.py:120} INFO - [2023-06-01T02:08:33.742+0000] {dagbag.py:537} INFO - Filling up the DagBag from /home/airflow/.local/lib/python3.7/site-packages/airflow/example_dags/example_trigger_controller_dag.py
[2023-06-01T02:08:34.743+0000] {processor.py:766} INFO - DAG(s) dict_keys(['example_trigger_controller_dag']) retrieved from /home/airflow/.local/lib/python3.7/site-packages/airflow/example_dags/example_trigger_controller_dag.py
[2023-06-01T02:08:36.042+0000] {logging_mixin.py:120} INFO - [2023-06-01T02:08:36.031+0000] {dag.py:2585} INFO - Sync 1 DAGs
[2023-06-01T02:08:36.265+0000] {logging_mixin.py:120} INFO - [2023-06-01T02:08:36.263+0000] {dag.py:3340} INFO - Setting next_dagrun for example_trigger_controller_dag to 2021-01-01T00:00:00+00:00, run_after=2021-01-01T00:00:00+00:00
[2023-06-01T02:08:36.400+0000] {processor.py:176} INFO - Processing /home/airflow/.local/lib/python3.7/site-packages/airflow/example_dags/example_trigger_controller_dag.py took 2.895 seconds
[2023-06-01T02:09:08.520+0000] {processor.py:154} INFO - Started process (PID=160) to work on /home/airflow/.local/lib/python3.7/site-packages/airflow/example_dags/example_trigger_controller_dag.py
[2023-06-01T02:09:08.521+0000] {processor.py:756} INFO - Processing file /home/airflow/.local/lib/python3.7/site-packages/airflow/example_dags/example_trigger_controller_dag.py for tasks to queue
[2023-06-01T02:09:08.522+0000] {logging_mixin.py:120} INFO - [2023-06-01T02:09:08.522+0000] {dagbag.py:537} INFO - Filling up the DagBag from /home/airflow/.local/lib/python3.7/site-packages/airflow/example_dags/example_trigger_controller_dag.py
[2023-06-01T02:09:08.532+0000] {processor.py:766} INFO - DAG(s) dict_keys(['example_trigger_controller_dag']) retrieved from /home/airflow/.local/lib/python3.7/site-packages/airflow/example_dags/example_trigger_controller_dag.py
[2023-06-01T02:09:08.576+0000] {logging_mixin.py:120} INFO - [2023-06-01T02:09:08.576+0000] {dag.py:2585} INFO - Sync 1 DAGs
[2023-06-01T02:09:08.591+0000] {logging_mixin.py:120} INFO - [2023-06-01T02:09:08.591+0000] {dag.py:3340} INFO - Setting next_dagrun for example_trigger_controller_dag to 2021-01-01T00:00:00+00:00, run_after=2021-01-01T00:00:00+00:00
[2023-06-01T02:09:08.615+0000] {processor.py:176} INFO - Processing /home/airflow/.local/lib/python3.7/site-packages/airflow/example_dags/example_trigger_controller_dag.py took 0.098 seconds
[2023-06-01T02:09:39.055+0000] {processor.py:154} INFO - Started process (PID=223) to work on /home/airflow/.local/lib/python3.7/site-packages/airflow/example_dags/example_trigger_controller_dag.py
[2023-06-01T02:09:39.058+0000] {processor.py:756} INFO - Processing file /home/airflow/.local/lib/python3.7/site-packages/airflow/example_dags/example_trigger_controller_dag.py for tasks to queue
[2023-06-01T02:09:39.060+0000] {logging_mixin.py:120} INFO - [2023-06-01T02:09:39.059+0000] {dagbag.py:537} INFO - Filling up the DagBag from /home/airflow/.local/lib/python3.7/site-packages/airflow/example_dags/example_trigger_controller_dag.py
[2023-06-01T02:09:39.099+0000] {processor.py:766} INFO - DAG(s) dict_keys(['example_trigger_controller_dag']) retrieved from /home/airflow/.local/lib/python3.7/site-packages/airflow/example_dags/example_trigger_controller_dag.py
[2023-06-01T02:09:39.203+0000] {logging_mixin.py:120} INFO - [2023-06-01T02:09:39.203+0000] {dag.py:2585} INFO - Sync 1 DAGs
[2023-06-01T02:09:39.232+0000] {logging_mixin.py:120} INFO - [2023-06-01T02:09:39.232+0000] {dag.py:3340} INFO - Setting next_dagrun for example_trigger_controller_dag to 2021-01-01T00:00:00+00:00, run_after=2021-01-01T00:00:00+00:00
[2023-06-01T02:09:39.246+0000] {processor.py:176} INFO - Processing /home/airflow/.local/lib/python3.7/site-packages/airflow/example_dags/example_trigger_controller_dag.py took 0.203 seconds
[2023-06-01T02:10:09.817+0000] {processor.py:154} INFO - Started process (PID=287) to work on /home/airflow/.local/lib/python3.7/site-packages/airflow/example_dags/example_trigger_controller_dag.py
[2023-06-01T02:10:09.819+0000] {processor.py:756} INFO - Processing file /home/airflow/.local/lib/python3.7/site-packages/airflow/example_dags/example_trigger_controller_dag.py for tasks to queue
[2023-06-01T02:10:09.820+0000] {logging_mixin.py:120} INFO - [2023-06-01T02:10:09.820+0000] {dagbag.py:537} INFO - Filling up the DagBag from /home/airflow/.local/lib/python3.7/site-packages/airflow/example_dags/example_trigger_controller_dag.py
[2023-06-01T02:10:09.840+0000] {processor.py:766} INFO - DAG(s) dict_keys(['example_trigger_controller_dag']) retrieved from /home/airflow/.local/lib/python3.7/site-packages/airflow/example_dags/example_trigger_controller_dag.py
[2023-06-01T02:10:09.914+0000] {logging_mixin.py:120} INFO - [2023-06-01T02:10:09.914+0000] {dag.py:2585} INFO - Sync 1 DAGs
[2023-06-01T02:10:09.956+0000] {logging_mixin.py:120} INFO - [2023-06-01T02:10:09.956+0000] {dag.py:3340} INFO - Setting next_dagrun for example_trigger_controller_dag to 2021-01-01T00:00:00+00:00, run_after=2021-01-01T00:00:00+00:00
[2023-06-01T02:10:09.971+0000] {processor.py:176} INFO - Processing /home/airflow/.local/lib/python3.7/site-packages/airflow/example_dags/example_trigger_controller_dag.py took 0.159 seconds
[2023-06-01T02:10:40.443+0000] {processor.py:154} INFO - Started process (PID=341) to work on /home/airflow/.local/lib/python3.7/site-packages/airflow/example_dags/example_trigger_controller_dag.py
[2023-06-01T02:10:40.445+0000] {processor.py:756} INFO - Processing file /home/airflow/.local/lib/python3.7/site-packages/airflow/example_dags/example_trigger_controller_dag.py for tasks to queue
[2023-06-01T02:10:40.447+0000] {logging_mixin.py:120} INFO - [2023-06-01T02:10:40.447+0000] {dagbag.py:537} INFO - Filling up the DagBag from /home/airflow/.local/lib/python3.7/site-packages/airflow/example_dags/example_trigger_controller_dag.py
[2023-06-01T02:10:40.466+0000] {processor.py:766} INFO - DAG(s) dict_keys(['example_trigger_controller_dag']) retrieved from /home/airflow/.local/lib/python3.7/site-packages/airflow/example_dags/example_trigger_controller_dag.py
[2023-06-01T02:10:40.549+0000] {logging_mixin.py:120} INFO - [2023-06-01T02:10:40.549+0000] {dag.py:2585} INFO - Sync 1 DAGs
[2023-06-01T02:10:40.571+0000] {logging_mixin.py:120} INFO - [2023-06-01T02:10:40.571+0000] {dag.py:3340} INFO - Setting next_dagrun for example_trigger_controller_dag to 2021-01-01T00:00:00+00:00, run_after=2021-01-01T00:00:00+00:00
[2023-06-01T02:10:40.587+0000] {processor.py:176} INFO - Processing /home/airflow/.local/lib/python3.7/site-packages/airflow/example_dags/example_trigger_controller_dag.py took 0.151 seconds
[2023-06-01T02:11:11.114+0000] {processor.py:154} INFO - Started process (PID=406) to work on /home/airflow/.local/lib/python3.7/site-packages/airflow/example_dags/example_trigger_controller_dag.py
[2023-06-01T02:11:11.120+0000] {processor.py:756} INFO - Processing file /home/airflow/.local/lib/python3.7/site-packages/airflow/example_dags/example_trigger_controller_dag.py for tasks to queue
[2023-06-01T02:11:11.122+0000] {logging_mixin.py:120} INFO - [2023-06-01T02:11:11.122+0000] {dagbag.py:537} INFO - Filling up the DagBag from /home/airflow/.local/lib/python3.7/site-packages/airflow/example_dags/example_trigger_controller_dag.py
[2023-06-01T02:11:11.170+0000] {processor.py:766} INFO - DAG(s) dict_keys(['example_trigger_controller_dag']) retrieved from /home/airflow/.local/lib/python3.7/site-packages/airflow/example_dags/example_trigger_controller_dag.py
[2023-06-01T02:11:11.321+0000] {logging_mixin.py:120} INFO - [2023-06-01T02:11:11.321+0000] {dag.py:2585} INFO - Sync 1 DAGs
[2023-06-01T02:11:11.347+0000] {logging_mixin.py:120} INFO - [2023-06-01T02:11:11.346+0000] {dag.py:3340} INFO - Setting next_dagrun for example_trigger_controller_dag to 2021-01-01T00:00:00+00:00, run_after=2021-01-01T00:00:00+00:00
[2023-06-01T02:11:11.375+0000] {processor.py:176} INFO - Processing /home/airflow/.local/lib/python3.7/site-packages/airflow/example_dags/example_trigger_controller_dag.py took 0.281 seconds
[2023-06-01T02:11:42.256+0000] {processor.py:154} INFO - Started process (PID=469) to work on /home/airflow/.local/lib/python3.7/site-packages/airflow/example_dags/example_trigger_controller_dag.py
[2023-06-01T02:11:42.280+0000] {processor.py:756} INFO - Processing file /home/airflow/.local/lib/python3.7/site-packages/airflow/example_dags/example_trigger_controller_dag.py for tasks to queue
[2023-06-01T02:11:42.294+0000] {logging_mixin.py:120} INFO - [2023-06-01T02:11:42.292+0000] {dagbag.py:537} INFO - Filling up the DagBag from /home/airflow/.local/lib/python3.7/site-packages/airflow/example_dags/example_trigger_controller_dag.py
[2023-06-01T02:11:42.587+0000] {processor.py:766} INFO - DAG(s) dict_keys(['example_trigger_controller_dag']) retrieved from /home/airflow/.local/lib/python3.7/site-packages/airflow/example_dags/example_trigger_controller_dag.py
[2023-06-01T02:11:42.810+0000] {logging_mixin.py:120} INFO - [2023-06-01T02:11:42.810+0000] {dag.py:2585} INFO - Sync 1 DAGs
[2023-06-01T02:11:42.955+0000] {logging_mixin.py:120} INFO - [2023-06-01T02:11:42.955+0000] {dag.py:3340} INFO - Setting next_dagrun for example_trigger_controller_dag to 2021-01-01T00:00:00+00:00, run_after=2021-01-01T00:00:00+00:00
[2023-06-01T02:11:43.050+0000] {processor.py:176} INFO - Processing /home/airflow/.local/lib/python3.7/site-packages/airflow/example_dags/example_trigger_controller_dag.py took 0.882 seconds
[2023-06-01T02:12:13.763+0000] {processor.py:154} INFO - Started process (PID=524) to work on /home/airflow/.local/lib/python3.7/site-packages/airflow/example_dags/example_trigger_controller_dag.py
[2023-06-01T02:12:13.767+0000] {processor.py:756} INFO - Processing file /home/airflow/.local/lib/python3.7/site-packages/airflow/example_dags/example_trigger_controller_dag.py for tasks to queue
[2023-06-01T02:12:13.769+0000] {logging_mixin.py:120} INFO - [2023-06-01T02:12:13.769+0000] {dagbag.py:537} INFO - Filling up the DagBag from /home/airflow/.local/lib/python3.7/site-packages/airflow/example_dags/example_trigger_controller_dag.py
[2023-06-01T02:12:13.806+0000] {processor.py:766} INFO - DAG(s) dict_keys(['example_trigger_controller_dag']) retrieved from /home/airflow/.local/lib/python3.7/site-packages/airflow/example_dags/example_trigger_controller_dag.py
[2023-06-01T02:12:13.938+0000] {logging_mixin.py:120} INFO - [2023-06-01T02:12:13.938+0000] {dag.py:2585} INFO - Sync 1 DAGs
[2023-06-01T02:12:13.982+0000] {logging_mixin.py:120} INFO - [2023-06-01T02:12:13.982+0000] {dag.py:3340} INFO - Setting next_dagrun for example_trigger_controller_dag to 2021-01-01T00:00:00+00:00, run_after=2021-01-01T00:00:00+00:00
[2023-06-01T02:12:14.011+0000] {processor.py:176} INFO - Processing /home/airflow/.local/lib/python3.7/site-packages/airflow/example_dags/example_trigger_controller_dag.py took 0.260 seconds
[2023-06-01T02:12:44.387+0000] {processor.py:154} INFO - Started process (PID=587) to work on /home/airflow/.local/lib/python3.7/site-packages/airflow/example_dags/example_trigger_controller_dag.py
[2023-06-01T02:12:44.401+0000] {processor.py:756} INFO - Processing file /home/airflow/.local/lib/python3.7/site-packages/airflow/example_dags/example_trigger_controller_dag.py for tasks to queue
[2023-06-01T02:12:44.403+0000] {logging_mixin.py:120} INFO - [2023-06-01T02:12:44.403+0000] {dagbag.py:537} INFO - Filling up the DagBag from /home/airflow/.local/lib/python3.7/site-packages/airflow/example_dags/example_trigger_controller_dag.py
[2023-06-01T02:12:44.447+0000] {processor.py:766} INFO - DAG(s) dict_keys(['example_trigger_controller_dag']) retrieved from /home/airflow/.local/lib/python3.7/site-packages/airflow/example_dags/example_trigger_controller_dag.py
[2023-06-01T02:12:44.555+0000] {logging_mixin.py:120} INFO - [2023-06-01T02:12:44.554+0000] {dag.py:2585} INFO - Sync 1 DAGs
[2023-06-01T02:12:44.588+0000] {logging_mixin.py:120} INFO - [2023-06-01T02:12:44.587+0000] {dag.py:3340} INFO - Setting next_dagrun for example_trigger_controller_dag to 2021-01-01T00:00:00+00:00, run_after=2021-01-01T00:00:00+00:00
[2023-06-01T02:12:44.621+0000] {processor.py:176} INFO - Processing /home/airflow/.local/lib/python3.7/site-packages/airflow/example_dags/example_trigger_controller_dag.py took 0.259 seconds
[2023-06-01T02:13:14.744+0000] {processor.py:154} INFO - Started process (PID=650) to work on /home/airflow/.local/lib/python3.7/site-packages/airflow/example_dags/example_trigger_controller_dag.py
[2023-06-01T02:13:14.748+0000] {processor.py:756} INFO - Processing file /home/airflow/.local/lib/python3.7/site-packages/airflow/example_dags/example_trigger_controller_dag.py for tasks to queue
[2023-06-01T02:13:14.750+0000] {logging_mixin.py:120} INFO - [2023-06-01T02:13:14.749+0000] {dagbag.py:537} INFO - Filling up the DagBag from /home/airflow/.local/lib/python3.7/site-packages/airflow/example_dags/example_trigger_controller_dag.py
[2023-06-01T02:13:14.778+0000] {processor.py:766} INFO - DAG(s) dict_keys(['example_trigger_controller_dag']) retrieved from /home/airflow/.local/lib/python3.7/site-packages/airflow/example_dags/example_trigger_controller_dag.py
[2023-06-01T02:13:14.847+0000] {logging_mixin.py:120} INFO - [2023-06-01T02:13:14.846+0000] {dag.py:2585} INFO - Sync 1 DAGs
[2023-06-01T02:13:14.883+0000] {logging_mixin.py:120} INFO - [2023-06-01T02:13:14.883+0000] {dag.py:3340} INFO - Setting next_dagrun for example_trigger_controller_dag to 2021-01-01T00:00:00+00:00, run_after=2021-01-01T00:00:00+00:00
[2023-06-01T02:13:14.899+0000] {processor.py:176} INFO - Processing /home/airflow/.local/lib/python3.7/site-packages/airflow/example_dags/example_trigger_controller_dag.py took 0.174 seconds
[2023-06-01T02:13:45.308+0000] {processor.py:154} INFO - Started process (PID=703) to work on /home/airflow/.local/lib/python3.7/site-packages/airflow/example_dags/example_trigger_controller_dag.py
[2023-06-01T02:13:45.322+0000] {processor.py:756} INFO - Processing file /home/airflow/.local/lib/python3.7/site-packages/airflow/example_dags/example_trigger_controller_dag.py for tasks to queue
[2023-06-01T02:13:45.328+0000] {logging_mixin.py:120} INFO - [2023-06-01T02:13:45.328+0000] {dagbag.py:537} INFO - Filling up the DagBag from /home/airflow/.local/lib/python3.7/site-packages/airflow/example_dags/example_trigger_controller_dag.py
[2023-06-01T02:13:45.357+0000] {processor.py:766} INFO - DAG(s) dict_keys(['example_trigger_controller_dag']) retrieved from /home/airflow/.local/lib/python3.7/site-packages/airflow/example_dags/example_trigger_controller_dag.py
[2023-06-01T02:13:45.447+0000] {logging_mixin.py:120} INFO - [2023-06-01T02:13:45.447+0000] {dag.py:2585} INFO - Sync 1 DAGs
[2023-06-01T02:13:45.587+0000] {logging_mixin.py:120} INFO - [2023-06-01T02:13:45.586+0000] {dag.py:3340} INFO - Setting next_dagrun for example_trigger_controller_dag to 2021-01-01T00:00:00+00:00, run_after=2021-01-01T00:00:00+00:00
[2023-06-01T02:13:45.824+0000] {processor.py:176} INFO - Processing /home/airflow/.local/lib/python3.7/site-packages/airflow/example_dags/example_trigger_controller_dag.py took 0.527 seconds
[2023-06-01T02:14:16.380+0000] {processor.py:154} INFO - Started process (PID=767) to work on /home/airflow/.local/lib/python3.7/site-packages/airflow/example_dags/example_trigger_controller_dag.py
[2023-06-01T02:14:16.384+0000] {processor.py:756} INFO - Processing file /home/airflow/.local/lib/python3.7/site-packages/airflow/example_dags/example_trigger_controller_dag.py for tasks to queue
[2023-06-01T02:14:16.386+0000] {logging_mixin.py:120} INFO - [2023-06-01T02:14:16.386+0000] {dagbag.py:537} INFO - Filling up the DagBag from /home/airflow/.local/lib/python3.7/site-packages/airflow/example_dags/example_trigger_controller_dag.py
[2023-06-01T02:14:16.955+0000] {processor.py:766} INFO - DAG(s) dict_keys(['example_trigger_controller_dag']) retrieved from /home/airflow/.local/lib/python3.7/site-packages/airflow/example_dags/example_trigger_controller_dag.py
[2023-06-01T02:14:17.113+0000] {logging_mixin.py:120} INFO - [2023-06-01T02:14:17.112+0000] {dag.py:2585} INFO - Sync 1 DAGs
[2023-06-01T02:14:17.153+0000] {logging_mixin.py:120} INFO - [2023-06-01T02:14:17.152+0000] {dag.py:3340} INFO - Setting next_dagrun for example_trigger_controller_dag to 2021-01-01T00:00:00+00:00, run_after=2021-01-01T00:00:00+00:00
[2023-06-01T02:14:17.171+0000] {processor.py:176} INFO - Processing /home/airflow/.local/lib/python3.7/site-packages/airflow/example_dags/example_trigger_controller_dag.py took 0.802 seconds
[2023-06-01T02:14:47.547+0000] {processor.py:154} INFO - Started process (PID=830) to work on /home/airflow/.local/lib/python3.7/site-packages/airflow/example_dags/example_trigger_controller_dag.py
[2023-06-01T02:14:47.553+0000] {processor.py:756} INFO - Processing file /home/airflow/.local/lib/python3.7/site-packages/airflow/example_dags/example_trigger_controller_dag.py for tasks to queue
[2023-06-01T02:14:47.556+0000] {logging_mixin.py:120} INFO - [2023-06-01T02:14:47.556+0000] {dagbag.py:537} INFO - Filling up the DagBag from /home/airflow/.local/lib/python3.7/site-packages/airflow/example_dags/example_trigger_controller_dag.py
[2023-06-01T02:14:47.601+0000] {processor.py:766} INFO - DAG(s) dict_keys(['example_trigger_controller_dag']) retrieved from /home/airflow/.local/lib/python3.7/site-packages/airflow/example_dags/example_trigger_controller_dag.py
[2023-06-01T02:14:47.685+0000] {logging_mixin.py:120} INFO - [2023-06-01T02:14:47.685+0000] {dag.py:2585} INFO - Sync 1 DAGs
[2023-06-01T02:14:47.715+0000] {logging_mixin.py:120} INFO - [2023-06-01T02:14:47.715+0000] {dag.py:3340} INFO - Setting next_dagrun for example_trigger_controller_dag to 2021-01-01T00:00:00+00:00, run_after=2021-01-01T00:00:00+00:00
[2023-06-01T02:14:47.729+0000] {processor.py:176} INFO - Processing /home/airflow/.local/lib/python3.7/site-packages/airflow/example_dags/example_trigger_controller_dag.py took 0.193 seconds
