[2023-06-01T02:08:16.227+0000] {processor.py:154} INFO - Started process (PID=89) to work on /home/airflow/.local/lib/python3.7/site-packages/airflow/example_dags/example_branch_datetime_operator.py
[2023-06-01T02:08:16.241+0000] {processor.py:756} INFO - Processing file /home/airflow/.local/lib/python3.7/site-packages/airflow/example_dags/example_branch_datetime_operator.py for tasks to queue
[2023-06-01T02:08:16.262+0000] {logging_mixin.py:120} INFO - [2023-06-01T02:08:16.261+0000] {dagbag.py:537} INFO - Filling up the DagBag from /home/airflow/.local/lib/python3.7/site-packages/airflow/example_dags/example_branch_datetime_operator.py
[2023-06-01T02:08:16.561+0000] {processor.py:766} INFO - DAG(s) dict_keys(['example_branch_datetime_operator_2', 'example_branch_datetime_operator', 'example_branch_datetime_operator_3']) retrieved from /home/airflow/.local/lib/python3.7/site-packages/airflow/example_dags/example_branch_datetime_operator.py
[2023-06-01T02:08:18.093+0000] {logging_mixin.py:120} INFO - [2023-06-01T02:08:18.093+0000] {manager.py:507} INFO - Created Permission View: can read on DAG:example_branch_datetime_operator_2
[2023-06-01T02:08:18.134+0000] {logging_mixin.py:120} INFO - [2023-06-01T02:08:18.134+0000] {manager.py:507} INFO - Created Permission View: can edit on DAG:example_branch_datetime_operator_2
[2023-06-01T02:08:18.146+0000] {logging_mixin.py:120} INFO - [2023-06-01T02:08:18.146+0000] {manager.py:507} INFO - Created Permission View: can delete on DAG:example_branch_datetime_operator_2
[2023-06-01T02:08:18.254+0000] {logging_mixin.py:120} INFO - [2023-06-01T02:08:18.253+0000] {manager.py:507} INFO - Created Permission View: can read on DAG:example_branch_datetime_operator
[2023-06-01T02:08:18.295+0000] {logging_mixin.py:120} INFO - [2023-06-01T02:08:18.294+0000] {manager.py:507} INFO - Created Permission View: can edit on DAG:example_branch_datetime_operator
[2023-06-01T02:08:18.337+0000] {logging_mixin.py:120} INFO - [2023-06-01T02:08:18.337+0000] {manager.py:507} INFO - Created Permission View: can delete on DAG:example_branch_datetime_operator
[2023-06-01T02:08:18.407+0000] {logging_mixin.py:120} INFO - [2023-06-01T02:08:18.406+0000] {manager.py:507} INFO - Created Permission View: can read on DAG:example_branch_datetime_operator_3
[2023-06-01T02:08:18.512+0000] {logging_mixin.py:120} INFO - [2023-06-01T02:08:18.511+0000] {manager.py:507} INFO - Created Permission View: can edit on DAG:example_branch_datetime_operator_3
[2023-06-01T02:08:18.551+0000] {logging_mixin.py:120} INFO - [2023-06-01T02:08:18.551+0000] {manager.py:507} INFO - Created Permission View: can delete on DAG:example_branch_datetime_operator_3
[2023-06-01T02:08:18.553+0000] {logging_mixin.py:120} INFO - [2023-06-01T02:08:18.552+0000] {dag.py:2585} INFO - Sync 3 DAGs
[2023-06-01T02:08:18.699+0000] {logging_mixin.py:120} INFO - [2023-06-01T02:08:18.696+0000] {dag.py:2606} INFO - Creating ORM DAG for example_branch_datetime_operator_2
[2023-06-01T02:08:18.740+0000] {logging_mixin.py:120} INFO - [2023-06-01T02:08:18.740+0000] {dag.py:2606} INFO - Creating ORM DAG for example_branch_datetime_operator
[2023-06-01T02:08:18.743+0000] {logging_mixin.py:120} INFO - [2023-06-01T02:08:18.743+0000] {dag.py:2606} INFO - Creating ORM DAG for example_branch_datetime_operator_3
[2023-06-01T02:08:18.960+0000] {logging_mixin.py:120} INFO - [2023-06-01T02:08:18.959+0000] {dag.py:3340} INFO - Setting next_dagrun for example_branch_datetime_operator to 2023-05-31T00:00:00+00:00, run_after=2023-06-01T00:00:00+00:00
[2023-06-01T02:08:18.986+0000] {logging_mixin.py:120} INFO - [2023-06-01T02:08:18.986+0000] {dag.py:3340} INFO - Setting next_dagrun for example_branch_datetime_operator_2 to 2023-05-31T00:00:00+00:00, run_after=2023-06-01T00:00:00+00:00
[2023-06-01T02:08:19.003+0000] {logging_mixin.py:120} INFO - [2023-06-01T02:08:19.003+0000] {dag.py:3340} INFO - Setting next_dagrun for example_branch_datetime_operator_3 to 2023-05-31T00:00:00+00:00, run_after=2023-06-01T00:00:00+00:00
[2023-06-01T02:08:19.216+0000] {processor.py:176} INFO - Processing /home/airflow/.local/lib/python3.7/site-packages/airflow/example_dags/example_branch_datetime_operator.py took 3.022 seconds
[2023-06-01T02:08:54.387+0000] {processor.py:154} INFO - Started process (PID=142) to work on /home/airflow/.local/lib/python3.7/site-packages/airflow/example_dags/example_branch_datetime_operator.py
[2023-06-01T02:08:54.391+0000] {processor.py:756} INFO - Processing file /home/airflow/.local/lib/python3.7/site-packages/airflow/example_dags/example_branch_datetime_operator.py for tasks to queue
[2023-06-01T02:08:54.398+0000] {logging_mixin.py:120} INFO - [2023-06-01T02:08:54.397+0000] {dagbag.py:537} INFO - Filling up the DagBag from /home/airflow/.local/lib/python3.7/site-packages/airflow/example_dags/example_branch_datetime_operator.py
[2023-06-01T02:08:54.590+0000] {processor.py:766} INFO - DAG(s) dict_keys(['example_branch_datetime_operator', 'example_branch_datetime_operator_3', 'example_branch_datetime_operator_2']) retrieved from /home/airflow/.local/lib/python3.7/site-packages/airflow/example_dags/example_branch_datetime_operator.py
[2023-06-01T02:08:55.117+0000] {logging_mixin.py:120} INFO - [2023-06-01T02:08:55.116+0000] {dag.py:2585} INFO - Sync 3 DAGs
[2023-06-01T02:08:55.282+0000] {logging_mixin.py:120} INFO - [2023-06-01T02:08:55.281+0000] {dag.py:3340} INFO - Setting next_dagrun for example_branch_datetime_operator to 2023-05-31T00:00:00+00:00, run_after=2023-06-01T00:00:00+00:00
[2023-06-01T02:08:55.305+0000] {logging_mixin.py:120} INFO - [2023-06-01T02:08:55.305+0000] {dag.py:3340} INFO - Setting next_dagrun for example_branch_datetime_operator_2 to 2023-05-31T00:00:00+00:00, run_after=2023-06-01T00:00:00+00:00
[2023-06-01T02:08:55.310+0000] {logging_mixin.py:120} INFO - [2023-06-01T02:08:55.310+0000] {dag.py:3340} INFO - Setting next_dagrun for example_branch_datetime_operator_3 to 2023-05-31T00:00:00+00:00, run_after=2023-06-01T00:00:00+00:00
[2023-06-01T02:08:55.577+0000] {processor.py:176} INFO - Processing /home/airflow/.local/lib/python3.7/site-packages/airflow/example_dags/example_branch_datetime_operator.py took 1.202 seconds
[2023-06-01T02:09:26.462+0000] {processor.py:154} INFO - Started process (PID=199) to work on /home/airflow/.local/lib/python3.7/site-packages/airflow/example_dags/example_branch_datetime_operator.py
[2023-06-01T02:09:26.464+0000] {processor.py:756} INFO - Processing file /home/airflow/.local/lib/python3.7/site-packages/airflow/example_dags/example_branch_datetime_operator.py for tasks to queue
[2023-06-01T02:09:26.466+0000] {logging_mixin.py:120} INFO - [2023-06-01T02:09:26.466+0000] {dagbag.py:537} INFO - Filling up the DagBag from /home/airflow/.local/lib/python3.7/site-packages/airflow/example_dags/example_branch_datetime_operator.py
[2023-06-01T02:09:26.487+0000] {processor.py:766} INFO - DAG(s) dict_keys(['example_branch_datetime_operator_3', 'example_branch_datetime_operator', 'example_branch_datetime_operator_2']) retrieved from /home/airflow/.local/lib/python3.7/site-packages/airflow/example_dags/example_branch_datetime_operator.py
[2023-06-01T02:09:26.556+0000] {logging_mixin.py:120} INFO - [2023-06-01T02:09:26.555+0000] {dag.py:2585} INFO - Sync 3 DAGs
[2023-06-01T02:09:26.580+0000] {logging_mixin.py:120} INFO - [2023-06-01T02:09:26.580+0000] {dag.py:3340} INFO - Setting next_dagrun for example_branch_datetime_operator to 2023-05-31T00:00:00+00:00, run_after=2023-06-01T00:00:00+00:00
[2023-06-01T02:09:26.583+0000] {logging_mixin.py:120} INFO - [2023-06-01T02:09:26.583+0000] {dag.py:3340} INFO - Setting next_dagrun for example_branch_datetime_operator_2 to 2023-05-31T00:00:00+00:00, run_after=2023-06-01T00:00:00+00:00
[2023-06-01T02:09:26.585+0000] {logging_mixin.py:120} INFO - [2023-06-01T02:09:26.585+0000] {dag.py:3340} INFO - Setting next_dagrun for example_branch_datetime_operator_3 to 2023-05-31T00:00:00+00:00, run_after=2023-06-01T00:00:00+00:00
[2023-06-01T02:09:26.600+0000] {processor.py:176} INFO - Processing /home/airflow/.local/lib/python3.7/site-packages/airflow/example_dags/example_branch_datetime_operator.py took 0.144 seconds
[2023-06-01T02:09:56.911+0000] {processor.py:154} INFO - Started process (PID=263) to work on /home/airflow/.local/lib/python3.7/site-packages/airflow/example_dags/example_branch_datetime_operator.py
[2023-06-01T02:09:56.918+0000] {processor.py:756} INFO - Processing file /home/airflow/.local/lib/python3.7/site-packages/airflow/example_dags/example_branch_datetime_operator.py for tasks to queue
[2023-06-01T02:09:56.922+0000] {logging_mixin.py:120} INFO - [2023-06-01T02:09:56.921+0000] {dagbag.py:537} INFO - Filling up the DagBag from /home/airflow/.local/lib/python3.7/site-packages/airflow/example_dags/example_branch_datetime_operator.py
[2023-06-01T02:09:56.956+0000] {processor.py:766} INFO - DAG(s) dict_keys(['example_branch_datetime_operator_3', 'example_branch_datetime_operator_2', 'example_branch_datetime_operator']) retrieved from /home/airflow/.local/lib/python3.7/site-packages/airflow/example_dags/example_branch_datetime_operator.py
[2023-06-01T02:09:57.018+0000] {logging_mixin.py:120} INFO - [2023-06-01T02:09:57.018+0000] {dag.py:2585} INFO - Sync 3 DAGs
[2023-06-01T02:09:57.053+0000] {logging_mixin.py:120} INFO - [2023-06-01T02:09:57.053+0000] {dag.py:3340} INFO - Setting next_dagrun for example_branch_datetime_operator to 2023-05-31T00:00:00+00:00, run_after=2023-06-01T00:00:00+00:00
[2023-06-01T02:09:57.057+0000] {logging_mixin.py:120} INFO - [2023-06-01T02:09:57.057+0000] {dag.py:3340} INFO - Setting next_dagrun for example_branch_datetime_operator_2 to 2023-05-31T00:00:00+00:00, run_after=2023-06-01T00:00:00+00:00
[2023-06-01T02:09:57.059+0000] {logging_mixin.py:120} INFO - [2023-06-01T02:09:57.059+0000] {dag.py:3340} INFO - Setting next_dagrun for example_branch_datetime_operator_3 to 2023-05-31T00:00:00+00:00, run_after=2023-06-01T00:00:00+00:00
[2023-06-01T02:09:57.071+0000] {processor.py:176} INFO - Processing /home/airflow/.local/lib/python3.7/site-packages/airflow/example_dags/example_branch_datetime_operator.py took 0.166 seconds
[2023-06-01T02:10:27.799+0000] {processor.py:154} INFO - Started process (PID=317) to work on /home/airflow/.local/lib/python3.7/site-packages/airflow/example_dags/example_branch_datetime_operator.py
[2023-06-01T02:10:27.803+0000] {processor.py:756} INFO - Processing file /home/airflow/.local/lib/python3.7/site-packages/airflow/example_dags/example_branch_datetime_operator.py for tasks to queue
[2023-06-01T02:10:27.804+0000] {logging_mixin.py:120} INFO - [2023-06-01T02:10:27.804+0000] {dagbag.py:537} INFO - Filling up the DagBag from /home/airflow/.local/lib/python3.7/site-packages/airflow/example_dags/example_branch_datetime_operator.py
[2023-06-01T02:10:27.831+0000] {processor.py:766} INFO - DAG(s) dict_keys(['example_branch_datetime_operator_2', 'example_branch_datetime_operator_3', 'example_branch_datetime_operator']) retrieved from /home/airflow/.local/lib/python3.7/site-packages/airflow/example_dags/example_branch_datetime_operator.py
[2023-06-01T02:10:27.937+0000] {logging_mixin.py:120} INFO - [2023-06-01T02:10:27.937+0000] {dag.py:2585} INFO - Sync 3 DAGs
[2023-06-01T02:10:27.965+0000] {logging_mixin.py:120} INFO - [2023-06-01T02:10:27.965+0000] {dag.py:3340} INFO - Setting next_dagrun for example_branch_datetime_operator to 2023-05-31T00:00:00+00:00, run_after=2023-06-01T00:00:00+00:00
[2023-06-01T02:10:27.968+0000] {logging_mixin.py:120} INFO - [2023-06-01T02:10:27.968+0000] {dag.py:3340} INFO - Setting next_dagrun for example_branch_datetime_operator_2 to 2023-05-31T00:00:00+00:00, run_after=2023-06-01T00:00:00+00:00
[2023-06-01T02:10:27.970+0000] {logging_mixin.py:120} INFO - [2023-06-01T02:10:27.970+0000] {dag.py:3340} INFO - Setting next_dagrun for example_branch_datetime_operator_3 to 2023-05-31T00:00:00+00:00, run_after=2023-06-01T00:00:00+00:00
[2023-06-01T02:10:27.983+0000] {processor.py:176} INFO - Processing /home/airflow/.local/lib/python3.7/site-packages/airflow/example_dags/example_branch_datetime_operator.py took 0.189 seconds
[2023-06-01T02:10:58.381+0000] {processor.py:154} INFO - Started process (PID=381) to work on /home/airflow/.local/lib/python3.7/site-packages/airflow/example_dags/example_branch_datetime_operator.py
[2023-06-01T02:10:58.396+0000] {processor.py:756} INFO - Processing file /home/airflow/.local/lib/python3.7/site-packages/airflow/example_dags/example_branch_datetime_operator.py for tasks to queue
[2023-06-01T02:10:58.403+0000] {logging_mixin.py:120} INFO - [2023-06-01T02:10:58.403+0000] {dagbag.py:537} INFO - Filling up the DagBag from /home/airflow/.local/lib/python3.7/site-packages/airflow/example_dags/example_branch_datetime_operator.py
[2023-06-01T02:10:58.455+0000] {processor.py:766} INFO - DAG(s) dict_keys(['example_branch_datetime_operator_2', 'example_branch_datetime_operator_3', 'example_branch_datetime_operator']) retrieved from /home/airflow/.local/lib/python3.7/site-packages/airflow/example_dags/example_branch_datetime_operator.py
[2023-06-01T02:10:58.573+0000] {logging_mixin.py:120} INFO - [2023-06-01T02:10:58.573+0000] {dag.py:2585} INFO - Sync 3 DAGs
[2023-06-01T02:10:58.606+0000] {logging_mixin.py:120} INFO - [2023-06-01T02:10:58.606+0000] {dag.py:3340} INFO - Setting next_dagrun for example_branch_datetime_operator to 2023-05-31T00:00:00+00:00, run_after=2023-06-01T00:00:00+00:00
[2023-06-01T02:10:58.613+0000] {logging_mixin.py:120} INFO - [2023-06-01T02:10:58.613+0000] {dag.py:3340} INFO - Setting next_dagrun for example_branch_datetime_operator_2 to 2023-05-31T00:00:00+00:00, run_after=2023-06-01T00:00:00+00:00
[2023-06-01T02:10:58.616+0000] {logging_mixin.py:120} INFO - [2023-06-01T02:10:58.616+0000] {dag.py:3340} INFO - Setting next_dagrun for example_branch_datetime_operator_3 to 2023-05-31T00:00:00+00:00, run_after=2023-06-01T00:00:00+00:00
[2023-06-01T02:10:58.637+0000] {processor.py:176} INFO - Processing /home/airflow/.local/lib/python3.7/site-packages/airflow/example_dags/example_branch_datetime_operator.py took 0.273 seconds
[2023-06-01T02:11:28.854+0000] {processor.py:154} INFO - Started process (PID=445) to work on /home/airflow/.local/lib/python3.7/site-packages/airflow/example_dags/example_branch_datetime_operator.py
[2023-06-01T02:11:28.856+0000] {processor.py:756} INFO - Processing file /home/airflow/.local/lib/python3.7/site-packages/airflow/example_dags/example_branch_datetime_operator.py for tasks to queue
[2023-06-01T02:11:28.865+0000] {logging_mixin.py:120} INFO - [2023-06-01T02:11:28.864+0000] {dagbag.py:537} INFO - Filling up the DagBag from /home/airflow/.local/lib/python3.7/site-packages/airflow/example_dags/example_branch_datetime_operator.py
[2023-06-01T02:11:29.037+0000] {processor.py:766} INFO - DAG(s) dict_keys(['example_branch_datetime_operator', 'example_branch_datetime_operator_2', 'example_branch_datetime_operator_3']) retrieved from /home/airflow/.local/lib/python3.7/site-packages/airflow/example_dags/example_branch_datetime_operator.py
[2023-06-01T02:11:29.134+0000] {logging_mixin.py:120} INFO - [2023-06-01T02:11:29.134+0000] {dag.py:2585} INFO - Sync 3 DAGs
[2023-06-01T02:11:29.174+0000] {logging_mixin.py:120} INFO - [2023-06-01T02:11:29.174+0000] {dag.py:3340} INFO - Setting next_dagrun for example_branch_datetime_operator to 2023-05-31T00:00:00+00:00, run_after=2023-06-01T00:00:00+00:00
[2023-06-01T02:11:29.179+0000] {logging_mixin.py:120} INFO - [2023-06-01T02:11:29.179+0000] {dag.py:3340} INFO - Setting next_dagrun for example_branch_datetime_operator_2 to 2023-05-31T00:00:00+00:00, run_after=2023-06-01T00:00:00+00:00
[2023-06-01T02:11:29.184+0000] {logging_mixin.py:120} INFO - [2023-06-01T02:11:29.184+0000] {dag.py:3340} INFO - Setting next_dagrun for example_branch_datetime_operator_3 to 2023-05-31T00:00:00+00:00, run_after=2023-06-01T00:00:00+00:00
[2023-06-01T02:11:29.200+0000] {processor.py:176} INFO - Processing /home/airflow/.local/lib/python3.7/site-packages/airflow/example_dags/example_branch_datetime_operator.py took 0.371 seconds
[2023-06-01T02:12:00.121+0000] {processor.py:154} INFO - Started process (PID=500) to work on /home/airflow/.local/lib/python3.7/site-packages/airflow/example_dags/example_branch_datetime_operator.py
[2023-06-01T02:12:00.127+0000] {processor.py:756} INFO - Processing file /home/airflow/.local/lib/python3.7/site-packages/airflow/example_dags/example_branch_datetime_operator.py for tasks to queue
[2023-06-01T02:12:00.129+0000] {logging_mixin.py:120} INFO - [2023-06-01T02:12:00.129+0000] {dagbag.py:537} INFO - Filling up the DagBag from /home/airflow/.local/lib/python3.7/site-packages/airflow/example_dags/example_branch_datetime_operator.py
[2023-06-01T02:12:00.178+0000] {processor.py:766} INFO - DAG(s) dict_keys(['example_branch_datetime_operator_2', 'example_branch_datetime_operator', 'example_branch_datetime_operator_3']) retrieved from /home/airflow/.local/lib/python3.7/site-packages/airflow/example_dags/example_branch_datetime_operator.py
[2023-06-01T02:12:00.308+0000] {logging_mixin.py:120} INFO - [2023-06-01T02:12:00.308+0000] {dag.py:2585} INFO - Sync 3 DAGs
[2023-06-01T02:12:00.336+0000] {logging_mixin.py:120} INFO - [2023-06-01T02:12:00.336+0000] {dag.py:3340} INFO - Setting next_dagrun for example_branch_datetime_operator to 2023-05-31T00:00:00+00:00, run_after=2023-06-01T00:00:00+00:00
[2023-06-01T02:12:00.340+0000] {logging_mixin.py:120} INFO - [2023-06-01T02:12:00.340+0000] {dag.py:3340} INFO - Setting next_dagrun for example_branch_datetime_operator_2 to 2023-05-31T00:00:00+00:00, run_after=2023-06-01T00:00:00+00:00
[2023-06-01T02:12:00.343+0000] {logging_mixin.py:120} INFO - [2023-06-01T02:12:00.343+0000] {dag.py:3340} INFO - Setting next_dagrun for example_branch_datetime_operator_3 to 2023-05-31T00:00:00+00:00, run_after=2023-06-01T00:00:00+00:00
[2023-06-01T02:12:00.358+0000] {processor.py:176} INFO - Processing /home/airflow/.local/lib/python3.7/site-packages/airflow/example_dags/example_branch_datetime_operator.py took 0.249 seconds
[2023-06-01T02:12:30.634+0000] {processor.py:154} INFO - Started process (PID=563) to work on /home/airflow/.local/lib/python3.7/site-packages/airflow/example_dags/example_branch_datetime_operator.py
[2023-06-01T02:12:30.636+0000] {processor.py:756} INFO - Processing file /home/airflow/.local/lib/python3.7/site-packages/airflow/example_dags/example_branch_datetime_operator.py for tasks to queue
[2023-06-01T02:12:30.638+0000] {logging_mixin.py:120} INFO - [2023-06-01T02:12:30.638+0000] {dagbag.py:537} INFO - Filling up the DagBag from /home/airflow/.local/lib/python3.7/site-packages/airflow/example_dags/example_branch_datetime_operator.py
[2023-06-01T02:12:30.666+0000] {processor.py:766} INFO - DAG(s) dict_keys(['example_branch_datetime_operator_2', 'example_branch_datetime_operator_3', 'example_branch_datetime_operator']) retrieved from /home/airflow/.local/lib/python3.7/site-packages/airflow/example_dags/example_branch_datetime_operator.py
[2023-06-01T02:12:30.745+0000] {logging_mixin.py:120} INFO - [2023-06-01T02:12:30.744+0000] {dag.py:2585} INFO - Sync 3 DAGs
[2023-06-01T02:12:30.774+0000] {logging_mixin.py:120} INFO - [2023-06-01T02:12:30.774+0000] {dag.py:3340} INFO - Setting next_dagrun for example_branch_datetime_operator to 2023-05-31T00:00:00+00:00, run_after=2023-06-01T00:00:00+00:00
[2023-06-01T02:12:30.778+0000] {logging_mixin.py:120} INFO - [2023-06-01T02:12:30.778+0000] {dag.py:3340} INFO - Setting next_dagrun for example_branch_datetime_operator_2 to 2023-05-31T00:00:00+00:00, run_after=2023-06-01T00:00:00+00:00
[2023-06-01T02:12:30.781+0000] {logging_mixin.py:120} INFO - [2023-06-01T02:12:30.781+0000] {dag.py:3340} INFO - Setting next_dagrun for example_branch_datetime_operator_3 to 2023-05-31T00:00:00+00:00, run_after=2023-06-01T00:00:00+00:00
[2023-06-01T02:12:30.795+0000] {processor.py:176} INFO - Processing /home/airflow/.local/lib/python3.7/site-packages/airflow/example_dags/example_branch_datetime_operator.py took 0.173 seconds
[2023-06-01T02:13:00.907+0000] {processor.py:154} INFO - Started process (PID=617) to work on /home/airflow/.local/lib/python3.7/site-packages/airflow/example_dags/example_branch_datetime_operator.py
[2023-06-01T02:13:00.909+0000] {processor.py:756} INFO - Processing file /home/airflow/.local/lib/python3.7/site-packages/airflow/example_dags/example_branch_datetime_operator.py for tasks to queue
[2023-06-01T02:13:00.911+0000] {logging_mixin.py:120} INFO - [2023-06-01T02:13:00.911+0000] {dagbag.py:537} INFO - Filling up the DagBag from /home/airflow/.local/lib/python3.7/site-packages/airflow/example_dags/example_branch_datetime_operator.py
[2023-06-01T02:13:00.932+0000] {processor.py:766} INFO - DAG(s) dict_keys(['example_branch_datetime_operator_2', 'example_branch_datetime_operator', 'example_branch_datetime_operator_3']) retrieved from /home/airflow/.local/lib/python3.7/site-packages/airflow/example_dags/example_branch_datetime_operator.py
[2023-06-01T02:13:00.985+0000] {logging_mixin.py:120} INFO - [2023-06-01T02:13:00.985+0000] {dag.py:2585} INFO - Sync 3 DAGs
[2023-06-01T02:13:01.023+0000] {logging_mixin.py:120} INFO - [2023-06-01T02:13:01.023+0000] {dag.py:3340} INFO - Setting next_dagrun for example_branch_datetime_operator to 2023-05-31T00:00:00+00:00, run_after=2023-06-01T00:00:00+00:00
[2023-06-01T02:13:01.027+0000] {logging_mixin.py:120} INFO - [2023-06-01T02:13:01.027+0000] {dag.py:3340} INFO - Setting next_dagrun for example_branch_datetime_operator_2 to 2023-05-31T00:00:00+00:00, run_after=2023-06-01T00:00:00+00:00
[2023-06-01T02:13:01.029+0000] {logging_mixin.py:120} INFO - [2023-06-01T02:13:01.029+0000] {dag.py:3340} INFO - Setting next_dagrun for example_branch_datetime_operator_3 to 2023-05-31T00:00:00+00:00, run_after=2023-06-01T00:00:00+00:00
[2023-06-01T02:13:01.045+0000] {processor.py:176} INFO - Processing /home/airflow/.local/lib/python3.7/site-packages/airflow/example_dags/example_branch_datetime_operator.py took 0.146 seconds
[2023-06-01T02:13:31.174+0000] {processor.py:154} INFO - Started process (PID=680) to work on /home/airflow/.local/lib/python3.7/site-packages/airflow/example_dags/example_branch_datetime_operator.py
[2023-06-01T02:13:31.179+0000] {processor.py:756} INFO - Processing file /home/airflow/.local/lib/python3.7/site-packages/airflow/example_dags/example_branch_datetime_operator.py for tasks to queue
[2023-06-01T02:13:31.182+0000] {logging_mixin.py:120} INFO - [2023-06-01T02:13:31.181+0000] {dagbag.py:537} INFO - Filling up the DagBag from /home/airflow/.local/lib/python3.7/site-packages/airflow/example_dags/example_branch_datetime_operator.py
[2023-06-01T02:13:31.215+0000] {processor.py:766} INFO - DAG(s) dict_keys(['example_branch_datetime_operator_3', 'example_branch_datetime_operator', 'example_branch_datetime_operator_2']) retrieved from /home/airflow/.local/lib/python3.7/site-packages/airflow/example_dags/example_branch_datetime_operator.py
[2023-06-01T02:13:31.305+0000] {logging_mixin.py:120} INFO - [2023-06-01T02:13:31.305+0000] {dag.py:2585} INFO - Sync 3 DAGs
[2023-06-01T02:13:31.331+0000] {logging_mixin.py:120} INFO - [2023-06-01T02:13:31.331+0000] {dag.py:3340} INFO - Setting next_dagrun for example_branch_datetime_operator to 2023-05-31T00:00:00+00:00, run_after=2023-06-01T00:00:00+00:00
[2023-06-01T02:13:31.334+0000] {logging_mixin.py:120} INFO - [2023-06-01T02:13:31.334+0000] {dag.py:3340} INFO - Setting next_dagrun for example_branch_datetime_operator_2 to 2023-05-31T00:00:00+00:00, run_after=2023-06-01T00:00:00+00:00
[2023-06-01T02:13:31.336+0000] {logging_mixin.py:120} INFO - [2023-06-01T02:13:31.336+0000] {dag.py:3340} INFO - Setting next_dagrun for example_branch_datetime_operator_3 to 2023-05-31T00:00:00+00:00, run_after=2023-06-01T00:00:00+00:00
[2023-06-01T02:13:31.348+0000] {processor.py:176} INFO - Processing /home/airflow/.local/lib/python3.7/site-packages/airflow/example_dags/example_branch_datetime_operator.py took 0.191 seconds
[2023-06-01T02:14:02.329+0000] {processor.py:154} INFO - Started process (PID=743) to work on /home/airflow/.local/lib/python3.7/site-packages/airflow/example_dags/example_branch_datetime_operator.py
[2023-06-01T02:14:02.331+0000] {processor.py:756} INFO - Processing file /home/airflow/.local/lib/python3.7/site-packages/airflow/example_dags/example_branch_datetime_operator.py for tasks to queue
[2023-06-01T02:14:02.333+0000] {logging_mixin.py:120} INFO - [2023-06-01T02:14:02.333+0000] {dagbag.py:537} INFO - Filling up the DagBag from /home/airflow/.local/lib/python3.7/site-packages/airflow/example_dags/example_branch_datetime_operator.py
[2023-06-01T02:14:02.358+0000] {processor.py:766} INFO - DAG(s) dict_keys(['example_branch_datetime_operator', 'example_branch_datetime_operator_2', 'example_branch_datetime_operator_3']) retrieved from /home/airflow/.local/lib/python3.7/site-packages/airflow/example_dags/example_branch_datetime_operator.py
[2023-06-01T02:14:02.430+0000] {logging_mixin.py:120} INFO - [2023-06-01T02:14:02.430+0000] {dag.py:2585} INFO - Sync 3 DAGs
[2023-06-01T02:14:02.450+0000] {logging_mixin.py:120} INFO - [2023-06-01T02:14:02.450+0000] {dag.py:3340} INFO - Setting next_dagrun for example_branch_datetime_operator to 2023-05-31T00:00:00+00:00, run_after=2023-06-01T00:00:00+00:00
[2023-06-01T02:14:02.454+0000] {logging_mixin.py:120} INFO - [2023-06-01T02:14:02.454+0000] {dag.py:3340} INFO - Setting next_dagrun for example_branch_datetime_operator_2 to 2023-05-31T00:00:00+00:00, run_after=2023-06-01T00:00:00+00:00
[2023-06-01T02:14:02.456+0000] {logging_mixin.py:120} INFO - [2023-06-01T02:14:02.456+0000] {dag.py:3340} INFO - Setting next_dagrun for example_branch_datetime_operator_3 to 2023-05-31T00:00:00+00:00, run_after=2023-06-01T00:00:00+00:00
[2023-06-01T02:14:02.471+0000] {processor.py:176} INFO - Processing /home/airflow/.local/lib/python3.7/site-packages/airflow/example_dags/example_branch_datetime_operator.py took 0.152 seconds
[2023-06-01T02:14:32.747+0000] {processor.py:154} INFO - Started process (PID=797) to work on /home/airflow/.local/lib/python3.7/site-packages/airflow/example_dags/example_branch_datetime_operator.py
[2023-06-01T02:14:32.751+0000] {processor.py:756} INFO - Processing file /home/airflow/.local/lib/python3.7/site-packages/airflow/example_dags/example_branch_datetime_operator.py for tasks to queue
[2023-06-01T02:14:32.752+0000] {logging_mixin.py:120} INFO - [2023-06-01T02:14:32.752+0000] {dagbag.py:537} INFO - Filling up the DagBag from /home/airflow/.local/lib/python3.7/site-packages/airflow/example_dags/example_branch_datetime_operator.py
[2023-06-01T02:14:32.800+0000] {processor.py:766} INFO - DAG(s) dict_keys(['example_branch_datetime_operator_2', 'example_branch_datetime_operator', 'example_branch_datetime_operator_3']) retrieved from /home/airflow/.local/lib/python3.7/site-packages/airflow/example_dags/example_branch_datetime_operator.py
[2023-06-01T02:14:32.874+0000] {logging_mixin.py:120} INFO - [2023-06-01T02:14:32.874+0000] {dag.py:2585} INFO - Sync 3 DAGs
[2023-06-01T02:14:32.894+0000] {logging_mixin.py:120} INFO - [2023-06-01T02:14:32.894+0000] {dag.py:3340} INFO - Setting next_dagrun for example_branch_datetime_operator to 2023-05-31T00:00:00+00:00, run_after=2023-06-01T00:00:00+00:00
[2023-06-01T02:14:32.897+0000] {logging_mixin.py:120} INFO - [2023-06-01T02:14:32.897+0000] {dag.py:3340} INFO - Setting next_dagrun for example_branch_datetime_operator_2 to 2023-05-31T00:00:00+00:00, run_after=2023-06-01T00:00:00+00:00
[2023-06-01T02:14:32.899+0000] {logging_mixin.py:120} INFO - [2023-06-01T02:14:32.899+0000] {dag.py:3340} INFO - Setting next_dagrun for example_branch_datetime_operator_3 to 2023-05-31T00:00:00+00:00, run_after=2023-06-01T00:00:00+00:00
[2023-06-01T02:14:32.910+0000] {processor.py:176} INFO - Processing /home/airflow/.local/lib/python3.7/site-packages/airflow/example_dags/example_branch_datetime_operator.py took 0.173 seconds
