[2023-06-01T02:07:23.800+0000] {processor.py:154} INFO - Started process (PID=48) to work on /home/airflow/.local/lib/python3.7/site-packages/airflow/example_dags/example_skip_dag.py
[2023-06-01T02:07:23.813+0000] {processor.py:756} INFO - Processing file /home/airflow/.local/lib/python3.7/site-packages/airflow/example_dags/example_skip_dag.py for tasks to queue
[2023-06-01T02:07:23.815+0000] {logging_mixin.py:120} INFO - [2023-06-01T02:07:23.815+0000] {dagbag.py:537} INFO - Filling up the DagBag from /home/airflow/.local/lib/python3.7/site-packages/airflow/example_dags/example_skip_dag.py
[2023-06-01T02:07:23.879+0000] {processor.py:766} INFO - DAG(s) dict_keys(['example_skip_dag']) retrieved from /home/airflow/.local/lib/python3.7/site-packages/airflow/example_dags/example_skip_dag.py
[2023-06-01T02:07:24.982+0000] {logging_mixin.py:120} INFO - [2023-06-01T02:07:24.982+0000] {manager.py:507} INFO - Created Permission View: can read on DAG:example_skip_dag
[2023-06-01T02:07:25.140+0000] {logging_mixin.py:120} INFO - [2023-06-01T02:07:25.082+0000] {manager.py:507} INFO - Created Permission View: can edit on DAG:example_skip_dag
[2023-06-01T02:07:25.190+0000] {logging_mixin.py:120} INFO - [2023-06-01T02:07:25.189+0000] {manager.py:507} INFO - Created Permission View: can delete on DAG:example_skip_dag
[2023-06-01T02:07:25.193+0000] {logging_mixin.py:120} INFO - [2023-06-01T02:07:25.193+0000] {dag.py:2585} INFO - Sync 1 DAGs
[2023-06-01T02:07:25.266+0000] {logging_mixin.py:120} INFO - [2023-06-01T02:07:25.266+0000] {dag.py:2606} INFO - Creating ORM DAG for example_skip_dag
[2023-06-01T02:07:25.426+0000] {logging_mixin.py:120} INFO - [2023-06-01T02:07:25.425+0000] {dag.py:3340} INFO - Setting next_dagrun for example_skip_dag to 2023-05-31T02:07:25.422269+00:00, run_after=2023-06-01T02:07:25.422269+00:00
[2023-06-01T02:07:25.528+0000] {processor.py:176} INFO - Processing /home/airflow/.local/lib/python3.7/site-packages/airflow/example_dags/example_skip_dag.py took 1.773 seconds
[2023-06-01T02:08:47.159+0000] {processor.py:154} INFO - Started process (PID=120) to work on /home/airflow/.local/lib/python3.7/site-packages/airflow/example_dags/example_skip_dag.py
[2023-06-01T02:08:47.171+0000] {processor.py:756} INFO - Processing file /home/airflow/.local/lib/python3.7/site-packages/airflow/example_dags/example_skip_dag.py for tasks to queue
[2023-06-01T02:08:47.179+0000] {logging_mixin.py:120} INFO - [2023-06-01T02:08:47.178+0000] {dagbag.py:537} INFO - Filling up the DagBag from /home/airflow/.local/lib/python3.7/site-packages/airflow/example_dags/example_skip_dag.py
[2023-06-01T02:08:47.409+0000] {processor.py:766} INFO - DAG(s) dict_keys(['example_skip_dag']) retrieved from /home/airflow/.local/lib/python3.7/site-packages/airflow/example_dags/example_skip_dag.py
[2023-06-01T02:08:48.054+0000] {logging_mixin.py:120} INFO - [2023-06-01T02:08:48.051+0000] {dag.py:2585} INFO - Sync 1 DAGs
[2023-06-01T02:08:48.388+0000] {logging_mixin.py:120} INFO - [2023-06-01T02:08:48.388+0000] {dag.py:3340} INFO - Setting next_dagrun for example_skip_dag to 2023-05-31T02:08:48.386683+00:00, run_after=2023-06-01T02:08:48.386683+00:00
[2023-06-01T02:08:48.566+0000] {processor.py:176} INFO - Processing /home/airflow/.local/lib/python3.7/site-packages/airflow/example_dags/example_skip_dag.py took 1.474 seconds
[2023-06-01T02:09:19.006+0000] {processor.py:154} INFO - Started process (PID=175) to work on /home/airflow/.local/lib/python3.7/site-packages/airflow/example_dags/example_skip_dag.py
[2023-06-01T02:09:19.008+0000] {processor.py:756} INFO - Processing file /home/airflow/.local/lib/python3.7/site-packages/airflow/example_dags/example_skip_dag.py for tasks to queue
[2023-06-01T02:09:19.009+0000] {logging_mixin.py:120} INFO - [2023-06-01T02:09:19.009+0000] {dagbag.py:537} INFO - Filling up the DagBag from /home/airflow/.local/lib/python3.7/site-packages/airflow/example_dags/example_skip_dag.py
[2023-06-01T02:09:19.052+0000] {processor.py:766} INFO - DAG(s) dict_keys(['example_skip_dag']) retrieved from /home/airflow/.local/lib/python3.7/site-packages/airflow/example_dags/example_skip_dag.py
[2023-06-01T02:09:19.132+0000] {logging_mixin.py:120} INFO - [2023-06-01T02:09:19.132+0000] {dag.py:2585} INFO - Sync 1 DAGs
[2023-06-01T02:09:19.161+0000] {logging_mixin.py:120} INFO - [2023-06-01T02:09:19.161+0000] {dag.py:3340} INFO - Setting next_dagrun for example_skip_dag to 2023-05-31T02:09:19.161346+00:00, run_after=2023-06-01T02:09:19.161346+00:00
[2023-06-01T02:09:19.175+0000] {processor.py:176} INFO - Processing /home/airflow/.local/lib/python3.7/site-packages/airflow/example_dags/example_skip_dag.py took 0.179 seconds
[2023-06-01T02:09:49.591+0000] {processor.py:154} INFO - Started process (PID=239) to work on /home/airflow/.local/lib/python3.7/site-packages/airflow/example_dags/example_skip_dag.py
[2023-06-01T02:09:49.592+0000] {processor.py:756} INFO - Processing file /home/airflow/.local/lib/python3.7/site-packages/airflow/example_dags/example_skip_dag.py for tasks to queue
[2023-06-01T02:09:49.593+0000] {logging_mixin.py:120} INFO - [2023-06-01T02:09:49.593+0000] {dagbag.py:537} INFO - Filling up the DagBag from /home/airflow/.local/lib/python3.7/site-packages/airflow/example_dags/example_skip_dag.py
[2023-06-01T02:09:49.612+0000] {processor.py:766} INFO - DAG(s) dict_keys(['example_skip_dag']) retrieved from /home/airflow/.local/lib/python3.7/site-packages/airflow/example_dags/example_skip_dag.py
[2023-06-01T02:09:49.684+0000] {logging_mixin.py:120} INFO - [2023-06-01T02:09:49.684+0000] {dag.py:2585} INFO - Sync 1 DAGs
[2023-06-01T02:09:49.705+0000] {logging_mixin.py:120} INFO - [2023-06-01T02:09:49.705+0000] {dag.py:3340} INFO - Setting next_dagrun for example_skip_dag to 2023-05-31T02:09:49.705351+00:00, run_after=2023-06-01T02:09:49.705351+00:00
[2023-06-01T02:09:49.719+0000] {processor.py:176} INFO - Processing /home/airflow/.local/lib/python3.7/site-packages/airflow/example_dags/example_skip_dag.py took 0.133 seconds
[2023-06-01T02:10:20.388+0000] {processor.py:154} INFO - Started process (PID=302) to work on /home/airflow/.local/lib/python3.7/site-packages/airflow/example_dags/example_skip_dag.py
[2023-06-01T02:10:20.390+0000] {processor.py:756} INFO - Processing file /home/airflow/.local/lib/python3.7/site-packages/airflow/example_dags/example_skip_dag.py for tasks to queue
[2023-06-01T02:10:20.391+0000] {logging_mixin.py:120} INFO - [2023-06-01T02:10:20.391+0000] {dagbag.py:537} INFO - Filling up the DagBag from /home/airflow/.local/lib/python3.7/site-packages/airflow/example_dags/example_skip_dag.py
[2023-06-01T02:10:20.426+0000] {processor.py:766} INFO - DAG(s) dict_keys(['example_skip_dag']) retrieved from /home/airflow/.local/lib/python3.7/site-packages/airflow/example_dags/example_skip_dag.py
[2023-06-01T02:10:20.500+0000] {logging_mixin.py:120} INFO - [2023-06-01T02:10:20.500+0000] {dag.py:2585} INFO - Sync 1 DAGs
[2023-06-01T02:10:20.522+0000] {logging_mixin.py:120} INFO - [2023-06-01T02:10:20.522+0000] {dag.py:3340} INFO - Setting next_dagrun for example_skip_dag to 2023-05-31T02:10:20.522239+00:00, run_after=2023-06-01T02:10:20.522239+00:00
[2023-06-01T02:10:20.538+0000] {processor.py:176} INFO - Processing /home/airflow/.local/lib/python3.7/site-packages/airflow/example_dags/example_skip_dag.py took 0.156 seconds
[2023-06-01T02:10:51.118+0000] {processor.py:154} INFO - Started process (PID=357) to work on /home/airflow/.local/lib/python3.7/site-packages/airflow/example_dags/example_skip_dag.py
[2023-06-01T02:10:51.121+0000] {processor.py:756} INFO - Processing file /home/airflow/.local/lib/python3.7/site-packages/airflow/example_dags/example_skip_dag.py for tasks to queue
[2023-06-01T02:10:51.122+0000] {logging_mixin.py:120} INFO - [2023-06-01T02:10:51.122+0000] {dagbag.py:537} INFO - Filling up the DagBag from /home/airflow/.local/lib/python3.7/site-packages/airflow/example_dags/example_skip_dag.py
[2023-06-01T02:10:51.162+0000] {processor.py:766} INFO - DAG(s) dict_keys(['example_skip_dag']) retrieved from /home/airflow/.local/lib/python3.7/site-packages/airflow/example_dags/example_skip_dag.py
[2023-06-01T02:10:51.262+0000] {logging_mixin.py:120} INFO - [2023-06-01T02:10:51.262+0000] {dag.py:2585} INFO - Sync 1 DAGs
[2023-06-01T02:10:51.285+0000] {logging_mixin.py:120} INFO - [2023-06-01T02:10:51.285+0000] {dag.py:3340} INFO - Setting next_dagrun for example_skip_dag to 2023-05-31T02:10:51.284780+00:00, run_after=2023-06-01T02:10:51.284780+00:00
[2023-06-01T02:10:51.299+0000] {processor.py:176} INFO - Processing /home/airflow/.local/lib/python3.7/site-packages/airflow/example_dags/example_skip_dag.py took 0.188 seconds
[2023-06-01T02:11:21.529+0000] {processor.py:154} INFO - Started process (PID=421) to work on /home/airflow/.local/lib/python3.7/site-packages/airflow/example_dags/example_skip_dag.py
[2023-06-01T02:11:21.532+0000] {processor.py:756} INFO - Processing file /home/airflow/.local/lib/python3.7/site-packages/airflow/example_dags/example_skip_dag.py for tasks to queue
[2023-06-01T02:11:21.534+0000] {logging_mixin.py:120} INFO - [2023-06-01T02:11:21.534+0000] {dagbag.py:537} INFO - Filling up the DagBag from /home/airflow/.local/lib/python3.7/site-packages/airflow/example_dags/example_skip_dag.py
[2023-06-01T02:11:21.574+0000] {processor.py:766} INFO - DAG(s) dict_keys(['example_skip_dag']) retrieved from /home/airflow/.local/lib/python3.7/site-packages/airflow/example_dags/example_skip_dag.py
[2023-06-01T02:11:21.650+0000] {logging_mixin.py:120} INFO - [2023-06-01T02:11:21.650+0000] {dag.py:2585} INFO - Sync 1 DAGs
[2023-06-01T02:11:21.733+0000] {logging_mixin.py:120} INFO - [2023-06-01T02:11:21.732+0000] {dag.py:3340} INFO - Setting next_dagrun for example_skip_dag to 2023-05-31T02:11:21.732415+00:00, run_after=2023-06-01T02:11:21.732415+00:00
[2023-06-01T02:11:21.755+0000] {processor.py:176} INFO - Processing /home/airflow/.local/lib/python3.7/site-packages/airflow/example_dags/example_skip_dag.py took 0.241 seconds
[2023-06-01T02:11:52.621+0000] {processor.py:154} INFO - Started process (PID=475) to work on /home/airflow/.local/lib/python3.7/site-packages/airflow/example_dags/example_skip_dag.py
[2023-06-01T02:11:52.623+0000] {processor.py:756} INFO - Processing file /home/airflow/.local/lib/python3.7/site-packages/airflow/example_dags/example_skip_dag.py for tasks to queue
[2023-06-01T02:11:52.624+0000] {logging_mixin.py:120} INFO - [2023-06-01T02:11:52.623+0000] {dagbag.py:537} INFO - Filling up the DagBag from /home/airflow/.local/lib/python3.7/site-packages/airflow/example_dags/example_skip_dag.py
[2023-06-01T02:11:52.642+0000] {processor.py:766} INFO - DAG(s) dict_keys(['example_skip_dag']) retrieved from /home/airflow/.local/lib/python3.7/site-packages/airflow/example_dags/example_skip_dag.py
[2023-06-01T02:11:52.694+0000] {logging_mixin.py:120} INFO - [2023-06-01T02:11:52.694+0000] {dag.py:2585} INFO - Sync 1 DAGs
[2023-06-01T02:11:52.728+0000] {logging_mixin.py:120} INFO - [2023-06-01T02:11:52.728+0000] {dag.py:3340} INFO - Setting next_dagrun for example_skip_dag to 2023-05-31T02:11:52.728067+00:00, run_after=2023-06-01T02:11:52.728067+00:00
[2023-06-01T02:11:52.747+0000] {processor.py:176} INFO - Processing /home/airflow/.local/lib/python3.7/site-packages/airflow/example_dags/example_skip_dag.py took 0.131 seconds
[2023-06-01T02:12:23.421+0000] {processor.py:154} INFO - Started process (PID=539) to work on /home/airflow/.local/lib/python3.7/site-packages/airflow/example_dags/example_skip_dag.py
[2023-06-01T02:12:23.424+0000] {processor.py:756} INFO - Processing file /home/airflow/.local/lib/python3.7/site-packages/airflow/example_dags/example_skip_dag.py for tasks to queue
[2023-06-01T02:12:23.425+0000] {logging_mixin.py:120} INFO - [2023-06-01T02:12:23.425+0000] {dagbag.py:537} INFO - Filling up the DagBag from /home/airflow/.local/lib/python3.7/site-packages/airflow/example_dags/example_skip_dag.py
[2023-06-01T02:12:23.449+0000] {processor.py:766} INFO - DAG(s) dict_keys(['example_skip_dag']) retrieved from /home/airflow/.local/lib/python3.7/site-packages/airflow/example_dags/example_skip_dag.py
[2023-06-01T02:12:23.508+0000] {logging_mixin.py:120} INFO - [2023-06-01T02:12:23.508+0000] {dag.py:2585} INFO - Sync 1 DAGs
[2023-06-01T02:12:23.534+0000] {logging_mixin.py:120} INFO - [2023-06-01T02:12:23.534+0000] {dag.py:3340} INFO - Setting next_dagrun for example_skip_dag to 2023-05-31T02:12:23.533839+00:00, run_after=2023-06-01T02:12:23.533839+00:00
[2023-06-01T02:12:23.552+0000] {processor.py:176} INFO - Processing /home/airflow/.local/lib/python3.7/site-packages/airflow/example_dags/example_skip_dag.py took 0.139 seconds
[2023-06-01T02:12:54.171+0000] {processor.py:154} INFO - Started process (PID=602) to work on /home/airflow/.local/lib/python3.7/site-packages/airflow/example_dags/example_skip_dag.py
[2023-06-01T02:12:54.173+0000] {processor.py:756} INFO - Processing file /home/airflow/.local/lib/python3.7/site-packages/airflow/example_dags/example_skip_dag.py for tasks to queue
[2023-06-01T02:12:54.174+0000] {logging_mixin.py:120} INFO - [2023-06-01T02:12:54.174+0000] {dagbag.py:537} INFO - Filling up the DagBag from /home/airflow/.local/lib/python3.7/site-packages/airflow/example_dags/example_skip_dag.py
[2023-06-01T02:12:54.194+0000] {processor.py:766} INFO - DAG(s) dict_keys(['example_skip_dag']) retrieved from /home/airflow/.local/lib/python3.7/site-packages/airflow/example_dags/example_skip_dag.py
[2023-06-01T02:12:54.247+0000] {logging_mixin.py:120} INFO - [2023-06-01T02:12:54.247+0000] {dag.py:2585} INFO - Sync 1 DAGs
[2023-06-01T02:12:54.265+0000] {logging_mixin.py:120} INFO - [2023-06-01T02:12:54.265+0000] {dag.py:3340} INFO - Setting next_dagrun for example_skip_dag to 2023-05-31T02:12:54.265508+00:00, run_after=2023-06-01T02:12:54.265508+00:00
[2023-06-01T02:12:54.303+0000] {processor.py:176} INFO - Processing /home/airflow/.local/lib/python3.7/site-packages/airflow/example_dags/example_skip_dag.py took 0.139 seconds
[2023-06-01T02:13:24.813+0000] {processor.py:154} INFO - Started process (PID=665) to work on /home/airflow/.local/lib/python3.7/site-packages/airflow/example_dags/example_skip_dag.py
[2023-06-01T02:13:24.815+0000] {processor.py:756} INFO - Processing file /home/airflow/.local/lib/python3.7/site-packages/airflow/example_dags/example_skip_dag.py for tasks to queue
[2023-06-01T02:13:24.816+0000] {logging_mixin.py:120} INFO - [2023-06-01T02:13:24.816+0000] {dagbag.py:537} INFO - Filling up the DagBag from /home/airflow/.local/lib/python3.7/site-packages/airflow/example_dags/example_skip_dag.py
[2023-06-01T02:13:24.829+0000] {processor.py:766} INFO - DAG(s) dict_keys(['example_skip_dag']) retrieved from /home/airflow/.local/lib/python3.7/site-packages/airflow/example_dags/example_skip_dag.py
[2023-06-01T02:13:24.867+0000] {logging_mixin.py:120} INFO - [2023-06-01T02:13:24.867+0000] {dag.py:2585} INFO - Sync 1 DAGs
[2023-06-01T02:13:24.898+0000] {logging_mixin.py:120} INFO - [2023-06-01T02:13:24.898+0000] {dag.py:3340} INFO - Setting next_dagrun for example_skip_dag to 2023-05-31T02:13:24.898016+00:00, run_after=2023-06-01T02:13:24.898016+00:00
[2023-06-01T02:13:24.925+0000] {processor.py:176} INFO - Processing /home/airflow/.local/lib/python3.7/site-packages/airflow/example_dags/example_skip_dag.py took 0.117 seconds
[2023-06-01T02:13:55.699+0000] {processor.py:154} INFO - Started process (PID=719) to work on /home/airflow/.local/lib/python3.7/site-packages/airflow/example_dags/example_skip_dag.py
[2023-06-01T02:13:55.701+0000] {processor.py:756} INFO - Processing file /home/airflow/.local/lib/python3.7/site-packages/airflow/example_dags/example_skip_dag.py for tasks to queue
[2023-06-01T02:13:55.701+0000] {logging_mixin.py:120} INFO - [2023-06-01T02:13:55.701+0000] {dagbag.py:537} INFO - Filling up the DagBag from /home/airflow/.local/lib/python3.7/site-packages/airflow/example_dags/example_skip_dag.py
[2023-06-01T02:13:55.713+0000] {processor.py:766} INFO - DAG(s) dict_keys(['example_skip_dag']) retrieved from /home/airflow/.local/lib/python3.7/site-packages/airflow/example_dags/example_skip_dag.py
[2023-06-01T02:13:55.744+0000] {logging_mixin.py:120} INFO - [2023-06-01T02:13:55.744+0000] {dag.py:2585} INFO - Sync 1 DAGs
[2023-06-01T02:13:55.760+0000] {logging_mixin.py:120} INFO - [2023-06-01T02:13:55.760+0000] {dag.py:3340} INFO - Setting next_dagrun for example_skip_dag to 2023-05-31T02:13:55.760677+00:00, run_after=2023-06-01T02:13:55.760677+00:00
[2023-06-01T02:13:55.772+0000] {processor.py:176} INFO - Processing /home/airflow/.local/lib/python3.7/site-packages/airflow/example_dags/example_skip_dag.py took 0.076 seconds
[2023-06-01T02:14:26.568+0000] {processor.py:154} INFO - Started process (PID=782) to work on /home/airflow/.local/lib/python3.7/site-packages/airflow/example_dags/example_skip_dag.py
[2023-06-01T02:14:26.571+0000] {processor.py:756} INFO - Processing file /home/airflow/.local/lib/python3.7/site-packages/airflow/example_dags/example_skip_dag.py for tasks to queue
[2023-06-01T02:14:26.572+0000] {logging_mixin.py:120} INFO - [2023-06-01T02:14:26.572+0000] {dagbag.py:537} INFO - Filling up the DagBag from /home/airflow/.local/lib/python3.7/site-packages/airflow/example_dags/example_skip_dag.py
[2023-06-01T02:14:26.588+0000] {processor.py:766} INFO - DAG(s) dict_keys(['example_skip_dag']) retrieved from /home/airflow/.local/lib/python3.7/site-packages/airflow/example_dags/example_skip_dag.py
[2023-06-01T02:14:26.619+0000] {logging_mixin.py:120} INFO - [2023-06-01T02:14:26.619+0000] {dag.py:2585} INFO - Sync 1 DAGs
[2023-06-01T02:14:26.634+0000] {logging_mixin.py:120} INFO - [2023-06-01T02:14:26.634+0000] {dag.py:3340} INFO - Setting next_dagrun for example_skip_dag to 2023-05-31T02:14:26.634590+00:00, run_after=2023-06-01T02:14:26.634590+00:00
[2023-06-01T02:14:26.645+0000] {processor.py:176} INFO - Processing /home/airflow/.local/lib/python3.7/site-packages/airflow/example_dags/example_skip_dag.py took 0.082 seconds
