[2023-06-01T02:08:12.794+0000] {processor.py:154} INFO - Started process (PID=84) to work on /home/airflow/.local/lib/python3.7/site-packages/airflow/example_dags/example_nested_branch_dag.py
[2023-06-01T02:08:12.802+0000] {processor.py:756} INFO - Processing file /home/airflow/.local/lib/python3.7/site-packages/airflow/example_dags/example_nested_branch_dag.py for tasks to queue
[2023-06-01T02:08:12.805+0000] {logging_mixin.py:120} INFO - [2023-06-01T02:08:12.805+0000] {dagbag.py:537} INFO - Filling up the DagBag from /home/airflow/.local/lib/python3.7/site-packages/airflow/example_dags/example_nested_branch_dag.py
[2023-06-01T02:08:13.295+0000] {processor.py:766} INFO - DAG(s) dict_keys(['example_nested_branch_dag']) retrieved from /home/airflow/.local/lib/python3.7/site-packages/airflow/example_dags/example_nested_branch_dag.py
[2023-06-01T02:08:15.246+0000] {logging_mixin.py:120} INFO - [2023-06-01T02:08:15.244+0000] {manager.py:507} INFO - Created Permission View: can read on DAG:example_nested_branch_dag
[2023-06-01T02:08:15.319+0000] {logging_mixin.py:120} INFO - [2023-06-01T02:08:15.319+0000] {manager.py:507} INFO - Created Permission View: can edit on DAG:example_nested_branch_dag
[2023-06-01T02:08:15.351+0000] {logging_mixin.py:120} INFO - [2023-06-01T02:08:15.351+0000] {manager.py:507} INFO - Created Permission View: can delete on DAG:example_nested_branch_dag
[2023-06-01T02:08:15.353+0000] {logging_mixin.py:120} INFO - [2023-06-01T02:08:15.353+0000] {dag.py:2585} INFO - Sync 1 DAGs
[2023-06-01T02:08:15.530+0000] {logging_mixin.py:120} INFO - [2023-06-01T02:08:15.529+0000] {dag.py:2606} INFO - Creating ORM DAG for example_nested_branch_dag
[2023-06-01T02:08:15.623+0000] {logging_mixin.py:120} INFO - [2023-06-01T02:08:15.611+0000] {dag.py:3340} INFO - Setting next_dagrun for example_nested_branch_dag to 2023-05-31T00:00:00+00:00, run_after=2023-06-01T00:00:00+00:00
[2023-06-01T02:08:15.811+0000] {processor.py:176} INFO - Processing /home/airflow/.local/lib/python3.7/site-packages/airflow/example_dags/example_nested_branch_dag.py took 3.066 seconds
[2023-06-01T02:08:52.235+0000] {processor.py:154} INFO - Started process (PID=132) to work on /home/airflow/.local/lib/python3.7/site-packages/airflow/example_dags/example_nested_branch_dag.py
[2023-06-01T02:08:52.269+0000] {processor.py:756} INFO - Processing file /home/airflow/.local/lib/python3.7/site-packages/airflow/example_dags/example_nested_branch_dag.py for tasks to queue
[2023-06-01T02:08:52.273+0000] {logging_mixin.py:120} INFO - [2023-06-01T02:08:52.272+0000] {dagbag.py:537} INFO - Filling up the DagBag from /home/airflow/.local/lib/python3.7/site-packages/airflow/example_dags/example_nested_branch_dag.py
[2023-06-01T02:08:52.519+0000] {processor.py:766} INFO - DAG(s) dict_keys(['example_nested_branch_dag']) retrieved from /home/airflow/.local/lib/python3.7/site-packages/airflow/example_dags/example_nested_branch_dag.py
[2023-06-01T02:08:52.973+0000] {logging_mixin.py:120} INFO - [2023-06-01T02:08:52.972+0000] {dag.py:2585} INFO - Sync 1 DAGs
[2023-06-01T02:08:53.037+0000] {logging_mixin.py:120} INFO - [2023-06-01T02:08:53.037+0000] {dag.py:3340} INFO - Setting next_dagrun for example_nested_branch_dag to 2023-05-31T00:00:00+00:00, run_after=2023-06-01T00:00:00+00:00
[2023-06-01T02:08:53.098+0000] {processor.py:176} INFO - Processing /home/airflow/.local/lib/python3.7/site-packages/airflow/example_dags/example_nested_branch_dag.py took 0.857 seconds
[2023-06-01T02:09:23.933+0000] {processor.py:154} INFO - Started process (PID=196) to work on /home/airflow/.local/lib/python3.7/site-packages/airflow/example_dags/example_nested_branch_dag.py
[2023-06-01T02:09:23.936+0000] {processor.py:756} INFO - Processing file /home/airflow/.local/lib/python3.7/site-packages/airflow/example_dags/example_nested_branch_dag.py for tasks to queue
[2023-06-01T02:09:23.938+0000] {logging_mixin.py:120} INFO - [2023-06-01T02:09:23.938+0000] {dagbag.py:537} INFO - Filling up the DagBag from /home/airflow/.local/lib/python3.7/site-packages/airflow/example_dags/example_nested_branch_dag.py
[2023-06-01T02:09:23.999+0000] {processor.py:766} INFO - DAG(s) dict_keys(['example_nested_branch_dag']) retrieved from /home/airflow/.local/lib/python3.7/site-packages/airflow/example_dags/example_nested_branch_dag.py
[2023-06-01T02:09:24.104+0000] {logging_mixin.py:120} INFO - [2023-06-01T02:09:24.104+0000] {dag.py:2585} INFO - Sync 1 DAGs
[2023-06-01T02:09:24.145+0000] {logging_mixin.py:120} INFO - [2023-06-01T02:09:24.145+0000] {dag.py:3340} INFO - Setting next_dagrun for example_nested_branch_dag to 2023-05-31T00:00:00+00:00, run_after=2023-06-01T00:00:00+00:00
[2023-06-01T02:09:24.160+0000] {processor.py:176} INFO - Processing /home/airflow/.local/lib/python3.7/site-packages/airflow/example_dags/example_nested_branch_dag.py took 0.235 seconds
[2023-06-01T02:09:54.644+0000] {processor.py:154} INFO - Started process (PID=251) to work on /home/airflow/.local/lib/python3.7/site-packages/airflow/example_dags/example_nested_branch_dag.py
[2023-06-01T02:09:54.646+0000] {processor.py:756} INFO - Processing file /home/airflow/.local/lib/python3.7/site-packages/airflow/example_dags/example_nested_branch_dag.py for tasks to queue
[2023-06-01T02:09:54.647+0000] {logging_mixin.py:120} INFO - [2023-06-01T02:09:54.647+0000] {dagbag.py:537} INFO - Filling up the DagBag from /home/airflow/.local/lib/python3.7/site-packages/airflow/example_dags/example_nested_branch_dag.py
[2023-06-01T02:09:54.671+0000] {processor.py:766} INFO - DAG(s) dict_keys(['example_nested_branch_dag']) retrieved from /home/airflow/.local/lib/python3.7/site-packages/airflow/example_dags/example_nested_branch_dag.py
[2023-06-01T02:09:54.702+0000] {logging_mixin.py:120} INFO - [2023-06-01T02:09:54.702+0000] {dag.py:2585} INFO - Sync 1 DAGs
[2023-06-01T02:09:54.720+0000] {logging_mixin.py:120} INFO - [2023-06-01T02:09:54.720+0000] {dag.py:3340} INFO - Setting next_dagrun for example_nested_branch_dag to 2023-05-31T00:00:00+00:00, run_after=2023-06-01T00:00:00+00:00
[2023-06-01T02:09:54.731+0000] {processor.py:176} INFO - Processing /home/airflow/.local/lib/python3.7/site-packages/airflow/example_dags/example_nested_branch_dag.py took 0.093 seconds
[2023-06-01T02:10:25.469+0000] {processor.py:154} INFO - Started process (PID=314) to work on /home/airflow/.local/lib/python3.7/site-packages/airflow/example_dags/example_nested_branch_dag.py
[2023-06-01T02:10:25.471+0000] {processor.py:756} INFO - Processing file /home/airflow/.local/lib/python3.7/site-packages/airflow/example_dags/example_nested_branch_dag.py for tasks to queue
[2023-06-01T02:10:25.472+0000] {logging_mixin.py:120} INFO - [2023-06-01T02:10:25.471+0000] {dagbag.py:537} INFO - Filling up the DagBag from /home/airflow/.local/lib/python3.7/site-packages/airflow/example_dags/example_nested_branch_dag.py
[2023-06-01T02:10:25.491+0000] {processor.py:766} INFO - DAG(s) dict_keys(['example_nested_branch_dag']) retrieved from /home/airflow/.local/lib/python3.7/site-packages/airflow/example_dags/example_nested_branch_dag.py
[2023-06-01T02:10:25.526+0000] {logging_mixin.py:120} INFO - [2023-06-01T02:10:25.526+0000] {dag.py:2585} INFO - Sync 1 DAGs
[2023-06-01T02:10:25.556+0000] {logging_mixin.py:120} INFO - [2023-06-01T02:10:25.555+0000] {dag.py:3340} INFO - Setting next_dagrun for example_nested_branch_dag to 2023-05-31T00:00:00+00:00, run_after=2023-06-01T00:00:00+00:00
[2023-06-01T02:10:25.572+0000] {processor.py:176} INFO - Processing /home/airflow/.local/lib/python3.7/site-packages/airflow/example_dags/example_nested_branch_dag.py took 0.107 seconds
[2023-06-01T02:10:55.844+0000] {processor.py:154} INFO - Started process (PID=378) to work on /home/airflow/.local/lib/python3.7/site-packages/airflow/example_dags/example_nested_branch_dag.py
[2023-06-01T02:10:55.850+0000] {processor.py:756} INFO - Processing file /home/airflow/.local/lib/python3.7/site-packages/airflow/example_dags/example_nested_branch_dag.py for tasks to queue
[2023-06-01T02:10:55.857+0000] {logging_mixin.py:120} INFO - [2023-06-01T02:10:55.856+0000] {dagbag.py:537} INFO - Filling up the DagBag from /home/airflow/.local/lib/python3.7/site-packages/airflow/example_dags/example_nested_branch_dag.py
[2023-06-01T02:10:55.927+0000] {processor.py:766} INFO - DAG(s) dict_keys(['example_nested_branch_dag']) retrieved from /home/airflow/.local/lib/python3.7/site-packages/airflow/example_dags/example_nested_branch_dag.py
[2023-06-01T02:10:56.040+0000] {logging_mixin.py:120} INFO - [2023-06-01T02:10:56.040+0000] {dag.py:2585} INFO - Sync 1 DAGs
[2023-06-01T02:10:56.076+0000] {logging_mixin.py:120} INFO - [2023-06-01T02:10:56.076+0000] {dag.py:3340} INFO - Setting next_dagrun for example_nested_branch_dag to 2023-05-31T00:00:00+00:00, run_after=2023-06-01T00:00:00+00:00
[2023-06-01T02:10:56.104+0000] {processor.py:176} INFO - Processing /home/airflow/.local/lib/python3.7/site-packages/airflow/example_dags/example_nested_branch_dag.py took 0.268 seconds
[2023-06-01T02:11:26.219+0000] {processor.py:154} INFO - Started process (PID=433) to work on /home/airflow/.local/lib/python3.7/site-packages/airflow/example_dags/example_nested_branch_dag.py
[2023-06-01T02:11:26.222+0000] {processor.py:756} INFO - Processing file /home/airflow/.local/lib/python3.7/site-packages/airflow/example_dags/example_nested_branch_dag.py for tasks to queue
[2023-06-01T02:11:26.224+0000] {logging_mixin.py:120} INFO - [2023-06-01T02:11:26.224+0000] {dagbag.py:537} INFO - Filling up the DagBag from /home/airflow/.local/lib/python3.7/site-packages/airflow/example_dags/example_nested_branch_dag.py
[2023-06-01T02:11:26.267+0000] {processor.py:766} INFO - DAG(s) dict_keys(['example_nested_branch_dag']) retrieved from /home/airflow/.local/lib/python3.7/site-packages/airflow/example_dags/example_nested_branch_dag.py
[2023-06-01T02:11:26.337+0000] {logging_mixin.py:120} INFO - [2023-06-01T02:11:26.337+0000] {dag.py:2585} INFO - Sync 1 DAGs
[2023-06-01T02:11:26.380+0000] {logging_mixin.py:120} INFO - [2023-06-01T02:11:26.380+0000] {dag.py:3340} INFO - Setting next_dagrun for example_nested_branch_dag to 2023-05-31T00:00:00+00:00, run_after=2023-06-01T00:00:00+00:00
[2023-06-01T02:11:26.419+0000] {processor.py:176} INFO - Processing /home/airflow/.local/lib/python3.7/site-packages/airflow/example_dags/example_nested_branch_dag.py took 0.207 seconds
[2023-06-01T02:11:56.571+0000] {processor.py:154} INFO - Started process (PID=497) to work on /home/airflow/.local/lib/python3.7/site-packages/airflow/example_dags/example_nested_branch_dag.py
[2023-06-01T02:11:56.576+0000] {processor.py:756} INFO - Processing file /home/airflow/.local/lib/python3.7/site-packages/airflow/example_dags/example_nested_branch_dag.py for tasks to queue
[2023-06-01T02:11:56.582+0000] {logging_mixin.py:120} INFO - [2023-06-01T02:11:56.581+0000] {dagbag.py:537} INFO - Filling up the DagBag from /home/airflow/.local/lib/python3.7/site-packages/airflow/example_dags/example_nested_branch_dag.py
[2023-06-01T02:11:56.645+0000] {processor.py:766} INFO - DAG(s) dict_keys(['example_nested_branch_dag']) retrieved from /home/airflow/.local/lib/python3.7/site-packages/airflow/example_dags/example_nested_branch_dag.py
[2023-06-01T02:11:56.772+0000] {logging_mixin.py:120} INFO - [2023-06-01T02:11:56.771+0000] {dag.py:2585} INFO - Sync 1 DAGs
[2023-06-01T02:11:56.817+0000] {logging_mixin.py:120} INFO - [2023-06-01T02:11:56.817+0000] {dag.py:3340} INFO - Setting next_dagrun for example_nested_branch_dag to 2023-05-31T00:00:00+00:00, run_after=2023-06-01T00:00:00+00:00
[2023-06-01T02:11:56.835+0000] {processor.py:176} INFO - Processing /home/airflow/.local/lib/python3.7/site-packages/airflow/example_dags/example_nested_branch_dag.py took 0.283 seconds
[2023-06-01T02:12:27.706+0000] {processor.py:154} INFO - Started process (PID=559) to work on /home/airflow/.local/lib/python3.7/site-packages/airflow/example_dags/example_nested_branch_dag.py
[2023-06-01T02:12:27.732+0000] {processor.py:756} INFO - Processing file /home/airflow/.local/lib/python3.7/site-packages/airflow/example_dags/example_nested_branch_dag.py for tasks to queue
[2023-06-01T02:12:27.755+0000] {logging_mixin.py:120} INFO - [2023-06-01T02:12:27.754+0000] {dagbag.py:537} INFO - Filling up the DagBag from /home/airflow/.local/lib/python3.7/site-packages/airflow/example_dags/example_nested_branch_dag.py
[2023-06-01T02:12:27.852+0000] {processor.py:766} INFO - DAG(s) dict_keys(['example_nested_branch_dag']) retrieved from /home/airflow/.local/lib/python3.7/site-packages/airflow/example_dags/example_nested_branch_dag.py
[2023-06-01T02:12:28.006+0000] {logging_mixin.py:120} INFO - [2023-06-01T02:12:28.005+0000] {dag.py:2585} INFO - Sync 1 DAGs
[2023-06-01T02:12:28.074+0000] {logging_mixin.py:120} INFO - [2023-06-01T02:12:28.074+0000] {dag.py:3340} INFO - Setting next_dagrun for example_nested_branch_dag to 2023-05-31T00:00:00+00:00, run_after=2023-06-01T00:00:00+00:00
[2023-06-01T02:12:28.127+0000] {processor.py:176} INFO - Processing /home/airflow/.local/lib/python3.7/site-packages/airflow/example_dags/example_nested_branch_dag.py took 0.628 seconds
[2023-06-01T02:12:58.290+0000] {processor.py:154} INFO - Started process (PID=613) to work on /home/airflow/.local/lib/python3.7/site-packages/airflow/example_dags/example_nested_branch_dag.py
[2023-06-01T02:12:58.296+0000] {processor.py:756} INFO - Processing file /home/airflow/.local/lib/python3.7/site-packages/airflow/example_dags/example_nested_branch_dag.py for tasks to queue
[2023-06-01T02:12:58.298+0000] {logging_mixin.py:120} INFO - [2023-06-01T02:12:58.298+0000] {dagbag.py:537} INFO - Filling up the DagBag from /home/airflow/.local/lib/python3.7/site-packages/airflow/example_dags/example_nested_branch_dag.py
[2023-06-01T02:12:58.326+0000] {processor.py:766} INFO - DAG(s) dict_keys(['example_nested_branch_dag']) retrieved from /home/airflow/.local/lib/python3.7/site-packages/airflow/example_dags/example_nested_branch_dag.py
[2023-06-01T02:12:58.373+0000] {logging_mixin.py:120} INFO - [2023-06-01T02:12:58.373+0000] {dag.py:2585} INFO - Sync 1 DAGs
[2023-06-01T02:12:58.397+0000] {logging_mixin.py:120} INFO - [2023-06-01T02:12:58.396+0000] {dag.py:3340} INFO - Setting next_dagrun for example_nested_branch_dag to 2023-05-31T00:00:00+00:00, run_after=2023-06-01T00:00:00+00:00
[2023-06-01T02:12:58.409+0000] {processor.py:176} INFO - Processing /home/airflow/.local/lib/python3.7/site-packages/airflow/example_dags/example_nested_branch_dag.py took 0.125 seconds
[2023-06-01T02:13:28.816+0000] {processor.py:154} INFO - Started process (PID=677) to work on /home/airflow/.local/lib/python3.7/site-packages/airflow/example_dags/example_nested_branch_dag.py
[2023-06-01T02:13:28.818+0000] {processor.py:756} INFO - Processing file /home/airflow/.local/lib/python3.7/site-packages/airflow/example_dags/example_nested_branch_dag.py for tasks to queue
[2023-06-01T02:13:28.819+0000] {logging_mixin.py:120} INFO - [2023-06-01T02:13:28.819+0000] {dagbag.py:537} INFO - Filling up the DagBag from /home/airflow/.local/lib/python3.7/site-packages/airflow/example_dags/example_nested_branch_dag.py
[2023-06-01T02:13:28.845+0000] {processor.py:766} INFO - DAG(s) dict_keys(['example_nested_branch_dag']) retrieved from /home/airflow/.local/lib/python3.7/site-packages/airflow/example_dags/example_nested_branch_dag.py
[2023-06-01T02:13:28.913+0000] {logging_mixin.py:120} INFO - [2023-06-01T02:13:28.912+0000] {dag.py:2585} INFO - Sync 1 DAGs
[2023-06-01T02:13:28.941+0000] {logging_mixin.py:120} INFO - [2023-06-01T02:13:28.941+0000] {dag.py:3340} INFO - Setting next_dagrun for example_nested_branch_dag to 2023-05-31T00:00:00+00:00, run_after=2023-06-01T00:00:00+00:00
[2023-06-01T02:13:28.966+0000] {processor.py:176} INFO - Processing /home/airflow/.local/lib/python3.7/site-packages/airflow/example_dags/example_nested_branch_dag.py took 0.153 seconds
[2023-06-01T02:13:59.719+0000] {processor.py:154} INFO - Started process (PID=737) to work on /home/airflow/.local/lib/python3.7/site-packages/airflow/example_dags/example_nested_branch_dag.py
[2023-06-01T02:13:59.726+0000] {processor.py:756} INFO - Processing file /home/airflow/.local/lib/python3.7/site-packages/airflow/example_dags/example_nested_branch_dag.py for tasks to queue
[2023-06-01T02:13:59.728+0000] {logging_mixin.py:120} INFO - [2023-06-01T02:13:59.728+0000] {dagbag.py:537} INFO - Filling up the DagBag from /home/airflow/.local/lib/python3.7/site-packages/airflow/example_dags/example_nested_branch_dag.py
[2023-06-01T02:13:59.788+0000] {processor.py:766} INFO - DAG(s) dict_keys(['example_nested_branch_dag']) retrieved from /home/airflow/.local/lib/python3.7/site-packages/airflow/example_dags/example_nested_branch_dag.py
[2023-06-01T02:13:59.892+0000] {logging_mixin.py:120} INFO - [2023-06-01T02:13:59.892+0000] {dag.py:2585} INFO - Sync 1 DAGs
[2023-06-01T02:13:59.931+0000] {logging_mixin.py:120} INFO - [2023-06-01T02:13:59.930+0000] {dag.py:3340} INFO - Setting next_dagrun for example_nested_branch_dag to 2023-05-31T00:00:00+00:00, run_after=2023-06-01T00:00:00+00:00
[2023-06-01T02:13:59.962+0000] {processor.py:176} INFO - Processing /home/airflow/.local/lib/python3.7/site-packages/airflow/example_dags/example_nested_branch_dag.py took 0.255 seconds
[2023-06-01T02:14:30.353+0000] {processor.py:154} INFO - Started process (PID=794) to work on /home/airflow/.local/lib/python3.7/site-packages/airflow/example_dags/example_nested_branch_dag.py
[2023-06-01T02:14:30.355+0000] {processor.py:756} INFO - Processing file /home/airflow/.local/lib/python3.7/site-packages/airflow/example_dags/example_nested_branch_dag.py for tasks to queue
[2023-06-01T02:14:30.357+0000] {logging_mixin.py:120} INFO - [2023-06-01T02:14:30.357+0000] {dagbag.py:537} INFO - Filling up the DagBag from /home/airflow/.local/lib/python3.7/site-packages/airflow/example_dags/example_nested_branch_dag.py
[2023-06-01T02:14:30.386+0000] {processor.py:766} INFO - DAG(s) dict_keys(['example_nested_branch_dag']) retrieved from /home/airflow/.local/lib/python3.7/site-packages/airflow/example_dags/example_nested_branch_dag.py
[2023-06-01T02:14:30.447+0000] {logging_mixin.py:120} INFO - [2023-06-01T02:14:30.447+0000] {dag.py:2585} INFO - Sync 1 DAGs
[2023-06-01T02:14:30.467+0000] {logging_mixin.py:120} INFO - [2023-06-01T02:14:30.467+0000] {dag.py:3340} INFO - Setting next_dagrun for example_nested_branch_dag to 2023-05-31T00:00:00+00:00, run_after=2023-06-01T00:00:00+00:00
[2023-06-01T02:14:30.481+0000] {processor.py:176} INFO - Processing /home/airflow/.local/lib/python3.7/site-packages/airflow/example_dags/example_nested_branch_dag.py took 0.134 seconds
