[2023-06-01T02:08:29.206+0000] {processor.py:154} INFO - Started process (PID=102) to work on /home/airflow/.local/lib/python3.7/site-packages/airflow/example_dags/example_subdag_operator.py
[2023-06-01T02:08:29.222+0000] {processor.py:756} INFO - Processing file /home/airflow/.local/lib/python3.7/site-packages/airflow/example_dags/example_subdag_operator.py for tasks to queue
[2023-06-01T02:08:29.236+0000] {logging_mixin.py:120} INFO - [2023-06-01T02:08:29.234+0000] {dagbag.py:537} INFO - Filling up the DagBag from /home/airflow/.local/lib/python3.7/site-packages/airflow/example_dags/example_subdag_operator.py
[2023-06-01T02:08:29.909+0000] {processor.py:766} INFO - DAG(s) dict_keys(['example_subdag_operator.section-1', 'example_subdag_operator.section-2', 'example_subdag_operator']) retrieved from /home/airflow/.local/lib/python3.7/site-packages/airflow/example_dags/example_subdag_operator.py
[2023-06-01T02:08:32.861+0000] {logging_mixin.py:120} INFO - [2023-06-01T02:08:32.559+0000] {manager.py:507} INFO - Created Permission View: can read on DAG:example_subdag_operator
[2023-06-01T02:08:33.188+0000] {logging_mixin.py:120} INFO - [2023-06-01T02:08:33.187+0000] {manager.py:507} INFO - Created Permission View: can edit on DAG:example_subdag_operator
[2023-06-01T02:08:33.257+0000] {logging_mixin.py:120} INFO - [2023-06-01T02:08:33.255+0000] {manager.py:507} INFO - Created Permission View: can delete on DAG:example_subdag_operator
[2023-06-01T02:08:33.275+0000] {logging_mixin.py:120} INFO - [2023-06-01T02:08:33.274+0000] {dag.py:2585} INFO - Sync 3 DAGs
[2023-06-01T02:08:33.556+0000] {logging_mixin.py:120} INFO - [2023-06-01T02:08:33.556+0000] {dag.py:2606} INFO - Creating ORM DAG for example_subdag_operator
[2023-06-01T02:08:33.558+0000] {logging_mixin.py:120} INFO - [2023-06-01T02:08:33.558+0000] {dag.py:2606} INFO - Creating ORM DAG for example_subdag_operator.section-2
[2023-06-01T02:08:33.559+0000] {logging_mixin.py:120} INFO - [2023-06-01T02:08:33.559+0000] {dag.py:2606} INFO - Creating ORM DAG for example_subdag_operator.section-1
[2023-06-01T02:08:33.692+0000] {logging_mixin.py:120} INFO - [2023-06-01T02:08:33.680+0000] {dag.py:3340} INFO - Setting next_dagrun for example_subdag_operator to 2022-01-01T00:00:00+00:00, run_after=2022-01-01T00:00:00+00:00
[2023-06-01T02:08:33.706+0000] {logging_mixin.py:120} INFO - [2023-06-01T02:08:33.706+0000] {dag.py:3340} INFO - Setting next_dagrun for example_subdag_operator.section-1 to None, run_after=None
[2023-06-01T02:08:33.710+0000] {logging_mixin.py:120} INFO - [2023-06-01T02:08:33.710+0000] {dag.py:3340} INFO - Setting next_dagrun for example_subdag_operator.section-2 to None, run_after=None
[2023-06-01T02:08:33.808+0000] {logging_mixin.py:120} INFO - [2023-06-01T02:08:33.807+0000] {dag.py:2585} INFO - Sync 2 DAGs
[2023-06-01T02:08:33.822+0000] {logging_mixin.py:120} INFO - [2023-06-01T02:08:33.822+0000] {dag.py:3340} INFO - Setting next_dagrun for example_subdag_operator.section-1 to None, run_after=None
[2023-06-01T02:08:34.038+0000] {logging_mixin.py:120} INFO - [2023-06-01T02:08:34.037+0000] {dag.py:3340} INFO - Setting next_dagrun for example_subdag_operator.section-2 to None, run_after=None
[2023-06-01T02:08:34.204+0000] {processor.py:176} INFO - Processing /home/airflow/.local/lib/python3.7/site-packages/airflow/example_dags/example_subdag_operator.py took 5.028 seconds
[2023-06-01T02:09:05.162+0000] {processor.py:154} INFO - Started process (PID=158) to work on /home/airflow/.local/lib/python3.7/site-packages/airflow/example_dags/example_subdag_operator.py
[2023-06-01T02:09:05.164+0000] {processor.py:756} INFO - Processing file /home/airflow/.local/lib/python3.7/site-packages/airflow/example_dags/example_subdag_operator.py for tasks to queue
[2023-06-01T02:09:05.166+0000] {logging_mixin.py:120} INFO - [2023-06-01T02:09:05.166+0000] {dagbag.py:537} INFO - Filling up the DagBag from /home/airflow/.local/lib/python3.7/site-packages/airflow/example_dags/example_subdag_operator.py
[2023-06-01T02:09:05.229+0000] {processor.py:766} INFO - DAG(s) dict_keys(['example_subdag_operator.section-1', 'example_subdag_operator.section-2', 'example_subdag_operator']) retrieved from /home/airflow/.local/lib/python3.7/site-packages/airflow/example_dags/example_subdag_operator.py
[2023-06-01T02:09:05.388+0000] {logging_mixin.py:120} INFO - [2023-06-01T02:09:05.387+0000] {dag.py:2585} INFO - Sync 3 DAGs
[2023-06-01T02:09:05.413+0000] {logging_mixin.py:120} INFO - [2023-06-01T02:09:05.413+0000] {dag.py:3340} INFO - Setting next_dagrun for example_subdag_operator to 2022-01-01T00:00:00+00:00, run_after=2022-01-01T00:00:00+00:00
[2023-06-01T02:09:05.417+0000] {logging_mixin.py:120} INFO - [2023-06-01T02:09:05.417+0000] {dag.py:3340} INFO - Setting next_dagrun for example_subdag_operator.section-1 to None, run_after=None
[2023-06-01T02:09:05.418+0000] {logging_mixin.py:120} INFO - [2023-06-01T02:09:05.418+0000] {dag.py:3340} INFO - Setting next_dagrun for example_subdag_operator.section-2 to None, run_after=None
[2023-06-01T02:09:05.426+0000] {logging_mixin.py:120} INFO - [2023-06-01T02:09:05.426+0000] {dag.py:2585} INFO - Sync 2 DAGs
[2023-06-01T02:09:05.430+0000] {logging_mixin.py:120} INFO - [2023-06-01T02:09:05.430+0000] {dag.py:3340} INFO - Setting next_dagrun for example_subdag_operator.section-1 to None, run_after=None
[2023-06-01T02:09:05.430+0000] {logging_mixin.py:120} INFO - [2023-06-01T02:09:05.430+0000] {dag.py:3340} INFO - Setting next_dagrun for example_subdag_operator.section-2 to None, run_after=None
[2023-06-01T02:09:05.437+0000] {processor.py:176} INFO - Processing /home/airflow/.local/lib/python3.7/site-packages/airflow/example_dags/example_subdag_operator.py took 0.282 seconds
[2023-06-01T02:09:35.876+0000] {processor.py:154} INFO - Started process (PID=222) to work on /home/airflow/.local/lib/python3.7/site-packages/airflow/example_dags/example_subdag_operator.py
[2023-06-01T02:09:35.878+0000] {processor.py:756} INFO - Processing file /home/airflow/.local/lib/python3.7/site-packages/airflow/example_dags/example_subdag_operator.py for tasks to queue
[2023-06-01T02:09:35.879+0000] {logging_mixin.py:120} INFO - [2023-06-01T02:09:35.879+0000] {dagbag.py:537} INFO - Filling up the DagBag from /home/airflow/.local/lib/python3.7/site-packages/airflow/example_dags/example_subdag_operator.py
[2023-06-01T02:09:35.936+0000] {processor.py:766} INFO - DAG(s) dict_keys(['example_subdag_operator.section-1', 'example_subdag_operator.section-2', 'example_subdag_operator']) retrieved from /home/airflow/.local/lib/python3.7/site-packages/airflow/example_dags/example_subdag_operator.py
[2023-06-01T02:09:36.064+0000] {logging_mixin.py:120} INFO - [2023-06-01T02:09:36.064+0000] {dag.py:2585} INFO - Sync 3 DAGs
[2023-06-01T02:09:36.086+0000] {logging_mixin.py:120} INFO - [2023-06-01T02:09:36.086+0000] {dag.py:3340} INFO - Setting next_dagrun for example_subdag_operator to 2022-01-01T00:00:00+00:00, run_after=2022-01-01T00:00:00+00:00
[2023-06-01T02:09:36.088+0000] {logging_mixin.py:120} INFO - [2023-06-01T02:09:36.088+0000] {dag.py:3340} INFO - Setting next_dagrun for example_subdag_operator.section-1 to None, run_after=None
[2023-06-01T02:09:36.089+0000] {logging_mixin.py:120} INFO - [2023-06-01T02:09:36.089+0000] {dag.py:3340} INFO - Setting next_dagrun for example_subdag_operator.section-2 to None, run_after=None
[2023-06-01T02:09:36.095+0000] {logging_mixin.py:120} INFO - [2023-06-01T02:09:36.095+0000] {dag.py:2585} INFO - Sync 2 DAGs
[2023-06-01T02:09:36.099+0000] {logging_mixin.py:120} INFO - [2023-06-01T02:09:36.099+0000] {dag.py:3340} INFO - Setting next_dagrun for example_subdag_operator.section-1 to None, run_after=None
[2023-06-01T02:09:36.099+0000] {logging_mixin.py:120} INFO - [2023-06-01T02:09:36.099+0000] {dag.py:3340} INFO - Setting next_dagrun for example_subdag_operator.section-2 to None, run_after=None
[2023-06-01T02:09:36.106+0000] {processor.py:176} INFO - Processing /home/airflow/.local/lib/python3.7/site-packages/airflow/example_dags/example_subdag_operator.py took 0.234 seconds
[2023-06-01T02:10:07.036+0000] {processor.py:154} INFO - Started process (PID=277) to work on /home/airflow/.local/lib/python3.7/site-packages/airflow/example_dags/example_subdag_operator.py
[2023-06-01T02:10:07.054+0000] {processor.py:756} INFO - Processing file /home/airflow/.local/lib/python3.7/site-packages/airflow/example_dags/example_subdag_operator.py for tasks to queue
[2023-06-01T02:10:07.061+0000] {logging_mixin.py:120} INFO - [2023-06-01T02:10:07.061+0000] {dagbag.py:537} INFO - Filling up the DagBag from /home/airflow/.local/lib/python3.7/site-packages/airflow/example_dags/example_subdag_operator.py
[2023-06-01T02:10:07.335+0000] {processor.py:766} INFO - DAG(s) dict_keys(['example_subdag_operator.section-1', 'example_subdag_operator.section-2', 'example_subdag_operator']) retrieved from /home/airflow/.local/lib/python3.7/site-packages/airflow/example_dags/example_subdag_operator.py
[2023-06-01T02:10:07.660+0000] {logging_mixin.py:120} INFO - [2023-06-01T02:10:07.659+0000] {dag.py:2585} INFO - Sync 3 DAGs
[2023-06-01T02:10:07.697+0000] {logging_mixin.py:120} INFO - [2023-06-01T02:10:07.697+0000] {dag.py:3340} INFO - Setting next_dagrun for example_subdag_operator to 2022-01-01T00:00:00+00:00, run_after=2022-01-01T00:00:00+00:00
[2023-06-01T02:10:07.705+0000] {logging_mixin.py:120} INFO - [2023-06-01T02:10:07.704+0000] {dag.py:3340} INFO - Setting next_dagrun for example_subdag_operator.section-1 to None, run_after=None
[2023-06-01T02:10:07.710+0000] {logging_mixin.py:120} INFO - [2023-06-01T02:10:07.710+0000] {dag.py:3340} INFO - Setting next_dagrun for example_subdag_operator.section-2 to None, run_after=None
[2023-06-01T02:10:07.721+0000] {logging_mixin.py:120} INFO - [2023-06-01T02:10:07.721+0000] {dag.py:2585} INFO - Sync 2 DAGs
[2023-06-01T02:10:07.726+0000] {logging_mixin.py:120} INFO - [2023-06-01T02:10:07.726+0000] {dag.py:3340} INFO - Setting next_dagrun for example_subdag_operator.section-1 to None, run_after=None
[2023-06-01T02:10:07.727+0000] {logging_mixin.py:120} INFO - [2023-06-01T02:10:07.727+0000] {dag.py:3340} INFO - Setting next_dagrun for example_subdag_operator.section-2 to None, run_after=None
[2023-06-01T02:10:07.748+0000] {processor.py:176} INFO - Processing /home/airflow/.local/lib/python3.7/site-packages/airflow/example_dags/example_subdag_operator.py took 0.799 seconds
[2023-06-01T02:10:38.360+0000] {processor.py:154} INFO - Started process (PID=340) to work on /home/airflow/.local/lib/python3.7/site-packages/airflow/example_dags/example_subdag_operator.py
[2023-06-01T02:10:38.361+0000] {processor.py:756} INFO - Processing file /home/airflow/.local/lib/python3.7/site-packages/airflow/example_dags/example_subdag_operator.py for tasks to queue
[2023-06-01T02:10:38.362+0000] {logging_mixin.py:120} INFO - [2023-06-01T02:10:38.362+0000] {dagbag.py:537} INFO - Filling up the DagBag from /home/airflow/.local/lib/python3.7/site-packages/airflow/example_dags/example_subdag_operator.py
[2023-06-01T02:10:38.431+0000] {processor.py:766} INFO - DAG(s) dict_keys(['example_subdag_operator.section-1', 'example_subdag_operator.section-2', 'example_subdag_operator']) retrieved from /home/airflow/.local/lib/python3.7/site-packages/airflow/example_dags/example_subdag_operator.py
[2023-06-01T02:10:38.582+0000] {logging_mixin.py:120} INFO - [2023-06-01T02:10:38.582+0000] {dag.py:2585} INFO - Sync 3 DAGs
[2023-06-01T02:10:38.623+0000] {logging_mixin.py:120} INFO - [2023-06-01T02:10:38.623+0000] {dag.py:3340} INFO - Setting next_dagrun for example_subdag_operator to 2022-01-01T00:00:00+00:00, run_after=2022-01-01T00:00:00+00:00
[2023-06-01T02:10:38.627+0000] {logging_mixin.py:120} INFO - [2023-06-01T02:10:38.626+0000] {dag.py:3340} INFO - Setting next_dagrun for example_subdag_operator.section-1 to None, run_after=None
[2023-06-01T02:10:38.628+0000] {logging_mixin.py:120} INFO - [2023-06-01T02:10:38.628+0000] {dag.py:3340} INFO - Setting next_dagrun for example_subdag_operator.section-2 to None, run_after=None
[2023-06-01T02:10:38.635+0000] {logging_mixin.py:120} INFO - [2023-06-01T02:10:38.635+0000] {dag.py:2585} INFO - Sync 2 DAGs
[2023-06-01T02:10:38.639+0000] {logging_mixin.py:120} INFO - [2023-06-01T02:10:38.639+0000] {dag.py:3340} INFO - Setting next_dagrun for example_subdag_operator.section-1 to None, run_after=None
[2023-06-01T02:10:38.640+0000] {logging_mixin.py:120} INFO - [2023-06-01T02:10:38.640+0000] {dag.py:3340} INFO - Setting next_dagrun for example_subdag_operator.section-2 to None, run_after=None
[2023-06-01T02:10:38.649+0000] {processor.py:176} INFO - Processing /home/airflow/.local/lib/python3.7/site-packages/airflow/example_dags/example_subdag_operator.py took 0.294 seconds
[2023-06-01T02:11:08.924+0000] {processor.py:154} INFO - Started process (PID=405) to work on /home/airflow/.local/lib/python3.7/site-packages/airflow/example_dags/example_subdag_operator.py
[2023-06-01T02:11:08.926+0000] {processor.py:756} INFO - Processing file /home/airflow/.local/lib/python3.7/site-packages/airflow/example_dags/example_subdag_operator.py for tasks to queue
[2023-06-01T02:11:08.928+0000] {logging_mixin.py:120} INFO - [2023-06-01T02:11:08.927+0000] {dagbag.py:537} INFO - Filling up the DagBag from /home/airflow/.local/lib/python3.7/site-packages/airflow/example_dags/example_subdag_operator.py
[2023-06-01T02:11:08.977+0000] {processor.py:766} INFO - DAG(s) dict_keys(['example_subdag_operator.section-1', 'example_subdag_operator.section-2', 'example_subdag_operator']) retrieved from /home/airflow/.local/lib/python3.7/site-packages/airflow/example_dags/example_subdag_operator.py
[2023-06-01T02:11:09.127+0000] {logging_mixin.py:120} INFO - [2023-06-01T02:11:09.127+0000] {dag.py:2585} INFO - Sync 3 DAGs
[2023-06-01T02:11:09.158+0000] {logging_mixin.py:120} INFO - [2023-06-01T02:11:09.158+0000] {dag.py:3340} INFO - Setting next_dagrun for example_subdag_operator to 2022-01-01T00:00:00+00:00, run_after=2022-01-01T00:00:00+00:00
[2023-06-01T02:11:09.169+0000] {logging_mixin.py:120} INFO - [2023-06-01T02:11:09.169+0000] {dag.py:3340} INFO - Setting next_dagrun for example_subdag_operator.section-1 to None, run_after=None
[2023-06-01T02:11:09.170+0000] {logging_mixin.py:120} INFO - [2023-06-01T02:11:09.170+0000] {dag.py:3340} INFO - Setting next_dagrun for example_subdag_operator.section-2 to None, run_after=None
[2023-06-01T02:11:09.177+0000] {logging_mixin.py:120} INFO - [2023-06-01T02:11:09.176+0000] {dag.py:2585} INFO - Sync 2 DAGs
[2023-06-01T02:11:09.181+0000] {logging_mixin.py:120} INFO - [2023-06-01T02:11:09.181+0000] {dag.py:3340} INFO - Setting next_dagrun for example_subdag_operator.section-1 to None, run_after=None
[2023-06-01T02:11:09.181+0000] {logging_mixin.py:120} INFO - [2023-06-01T02:11:09.181+0000] {dag.py:3340} INFO - Setting next_dagrun for example_subdag_operator.section-2 to None, run_after=None
[2023-06-01T02:11:09.188+0000] {processor.py:176} INFO - Processing /home/airflow/.local/lib/python3.7/site-packages/airflow/example_dags/example_subdag_operator.py took 0.274 seconds
[2023-06-01T02:11:39.788+0000] {processor.py:154} INFO - Started process (PID=466) to work on /home/airflow/.local/lib/python3.7/site-packages/airflow/example_dags/example_subdag_operator.py
[2023-06-01T02:11:39.793+0000] {processor.py:756} INFO - Processing file /home/airflow/.local/lib/python3.7/site-packages/airflow/example_dags/example_subdag_operator.py for tasks to queue
[2023-06-01T02:11:39.799+0000] {logging_mixin.py:120} INFO - [2023-06-01T02:11:39.799+0000] {dagbag.py:537} INFO - Filling up the DagBag from /home/airflow/.local/lib/python3.7/site-packages/airflow/example_dags/example_subdag_operator.py
[2023-06-01T02:11:40.055+0000] {processor.py:766} INFO - DAG(s) dict_keys(['example_subdag_operator.section-1', 'example_subdag_operator.section-2', 'example_subdag_operator']) retrieved from /home/airflow/.local/lib/python3.7/site-packages/airflow/example_dags/example_subdag_operator.py
[2023-06-01T02:11:40.102+0000] {logging_mixin.py:120} INFO - [2023-06-01T02:11:40.102+0000] {dag.py:2585} INFO - Sync 3 DAGs
[2023-06-01T02:11:40.178+0000] {logging_mixin.py:120} INFO - [2023-06-01T02:11:40.178+0000] {dag.py:3340} INFO - Setting next_dagrun for example_subdag_operator to 2022-01-01T00:00:00+00:00, run_after=2022-01-01T00:00:00+00:00
[2023-06-01T02:11:40.188+0000] {logging_mixin.py:120} INFO - [2023-06-01T02:11:40.188+0000] {dag.py:3340} INFO - Setting next_dagrun for example_subdag_operator.section-1 to None, run_after=None
[2023-06-01T02:11:40.193+0000] {logging_mixin.py:120} INFO - [2023-06-01T02:11:40.193+0000] {dag.py:3340} INFO - Setting next_dagrun for example_subdag_operator.section-2 to None, run_after=None
[2023-06-01T02:11:40.213+0000] {logging_mixin.py:120} INFO - [2023-06-01T02:11:40.213+0000] {dag.py:2585} INFO - Sync 2 DAGs
[2023-06-01T02:11:40.243+0000] {logging_mixin.py:120} INFO - [2023-06-01T02:11:40.243+0000] {dag.py:3340} INFO - Setting next_dagrun for example_subdag_operator.section-1 to None, run_after=None
[2023-06-01T02:11:40.249+0000] {logging_mixin.py:120} INFO - [2023-06-01T02:11:40.248+0000] {dag.py:3340} INFO - Setting next_dagrun for example_subdag_operator.section-2 to None, run_after=None
[2023-06-01T02:11:40.289+0000] {processor.py:176} INFO - Processing /home/airflow/.local/lib/python3.7/site-packages/airflow/example_dags/example_subdag_operator.py took 0.560 seconds
[2023-06-01T02:12:10.521+0000] {processor.py:154} INFO - Started process (PID=523) to work on /home/airflow/.local/lib/python3.7/site-packages/airflow/example_dags/example_subdag_operator.py
[2023-06-01T02:12:10.523+0000] {processor.py:756} INFO - Processing file /home/airflow/.local/lib/python3.7/site-packages/airflow/example_dags/example_subdag_operator.py for tasks to queue
[2023-06-01T02:12:10.524+0000] {logging_mixin.py:120} INFO - [2023-06-01T02:12:10.524+0000] {dagbag.py:537} INFO - Filling up the DagBag from /home/airflow/.local/lib/python3.7/site-packages/airflow/example_dags/example_subdag_operator.py
[2023-06-01T02:12:10.574+0000] {processor.py:766} INFO - DAG(s) dict_keys(['example_subdag_operator.section-1', 'example_subdag_operator.section-2', 'example_subdag_operator']) retrieved from /home/airflow/.local/lib/python3.7/site-packages/airflow/example_dags/example_subdag_operator.py
[2023-06-01T02:12:10.755+0000] {logging_mixin.py:120} INFO - [2023-06-01T02:12:10.754+0000] {dag.py:2585} INFO - Sync 3 DAGs
[2023-06-01T02:12:10.808+0000] {logging_mixin.py:120} INFO - [2023-06-01T02:12:10.808+0000] {dag.py:3340} INFO - Setting next_dagrun for example_subdag_operator to 2022-01-01T00:00:00+00:00, run_after=2022-01-01T00:00:00+00:00
[2023-06-01T02:12:10.813+0000] {logging_mixin.py:120} INFO - [2023-06-01T02:12:10.813+0000] {dag.py:3340} INFO - Setting next_dagrun for example_subdag_operator.section-1 to None, run_after=None
[2023-06-01T02:12:10.814+0000] {logging_mixin.py:120} INFO - [2023-06-01T02:12:10.814+0000] {dag.py:3340} INFO - Setting next_dagrun for example_subdag_operator.section-2 to None, run_after=None
[2023-06-01T02:12:10.830+0000] {logging_mixin.py:120} INFO - [2023-06-01T02:12:10.830+0000] {dag.py:2585} INFO - Sync 2 DAGs
[2023-06-01T02:12:10.843+0000] {logging_mixin.py:120} INFO - [2023-06-01T02:12:10.843+0000] {dag.py:3340} INFO - Setting next_dagrun for example_subdag_operator.section-1 to None, run_after=None
[2023-06-01T02:12:10.844+0000] {logging_mixin.py:120} INFO - [2023-06-01T02:12:10.844+0000] {dag.py:3340} INFO - Setting next_dagrun for example_subdag_operator.section-2 to None, run_after=None
[2023-06-01T02:12:10.854+0000] {processor.py:176} INFO - Processing /home/airflow/.local/lib/python3.7/site-packages/airflow/example_dags/example_subdag_operator.py took 0.339 seconds
[2023-06-01T02:12:40.923+0000] {processor.py:154} INFO - Started process (PID=586) to work on /home/airflow/.local/lib/python3.7/site-packages/airflow/example_dags/example_subdag_operator.py
[2023-06-01T02:12:40.926+0000] {processor.py:756} INFO - Processing file /home/airflow/.local/lib/python3.7/site-packages/airflow/example_dags/example_subdag_operator.py for tasks to queue
[2023-06-01T02:12:40.928+0000] {logging_mixin.py:120} INFO - [2023-06-01T02:12:40.928+0000] {dagbag.py:537} INFO - Filling up the DagBag from /home/airflow/.local/lib/python3.7/site-packages/airflow/example_dags/example_subdag_operator.py
[2023-06-01T02:12:40.995+0000] {processor.py:766} INFO - DAG(s) dict_keys(['example_subdag_operator.section-1', 'example_subdag_operator.section-2', 'example_subdag_operator']) retrieved from /home/airflow/.local/lib/python3.7/site-packages/airflow/example_dags/example_subdag_operator.py
[2023-06-01T02:12:41.152+0000] {logging_mixin.py:120} INFO - [2023-06-01T02:12:41.151+0000] {dag.py:2585} INFO - Sync 3 DAGs
[2023-06-01T02:12:41.185+0000] {logging_mixin.py:120} INFO - [2023-06-01T02:12:41.185+0000] {dag.py:3340} INFO - Setting next_dagrun for example_subdag_operator to 2022-01-01T00:00:00+00:00, run_after=2022-01-01T00:00:00+00:00
[2023-06-01T02:12:41.189+0000] {logging_mixin.py:120} INFO - [2023-06-01T02:12:41.189+0000] {dag.py:3340} INFO - Setting next_dagrun for example_subdag_operator.section-1 to None, run_after=None
[2023-06-01T02:12:41.190+0000] {logging_mixin.py:120} INFO - [2023-06-01T02:12:41.190+0000] {dag.py:3340} INFO - Setting next_dagrun for example_subdag_operator.section-2 to None, run_after=None
[2023-06-01T02:12:41.196+0000] {logging_mixin.py:120} INFO - [2023-06-01T02:12:41.196+0000] {dag.py:2585} INFO - Sync 2 DAGs
[2023-06-01T02:12:41.200+0000] {logging_mixin.py:120} INFO - [2023-06-01T02:12:41.200+0000] {dag.py:3340} INFO - Setting next_dagrun for example_subdag_operator.section-1 to None, run_after=None
[2023-06-01T02:12:41.201+0000] {logging_mixin.py:120} INFO - [2023-06-01T02:12:41.200+0000] {dag.py:3340} INFO - Setting next_dagrun for example_subdag_operator.section-2 to None, run_after=None
[2023-06-01T02:12:41.208+0000] {processor.py:176} INFO - Processing /home/airflow/.local/lib/python3.7/site-packages/airflow/example_dags/example_subdag_operator.py took 0.293 seconds
[2023-06-01T02:13:11.357+0000] {processor.py:154} INFO - Started process (PID=640) to work on /home/airflow/.local/lib/python3.7/site-packages/airflow/example_dags/example_subdag_operator.py
[2023-06-01T02:13:11.360+0000] {processor.py:756} INFO - Processing file /home/airflow/.local/lib/python3.7/site-packages/airflow/example_dags/example_subdag_operator.py for tasks to queue
[2023-06-01T02:13:11.362+0000] {logging_mixin.py:120} INFO - [2023-06-01T02:13:11.362+0000] {dagbag.py:537} INFO - Filling up the DagBag from /home/airflow/.local/lib/python3.7/site-packages/airflow/example_dags/example_subdag_operator.py
[2023-06-01T02:13:11.440+0000] {processor.py:766} INFO - DAG(s) dict_keys(['example_subdag_operator.section-1', 'example_subdag_operator.section-2', 'example_subdag_operator']) retrieved from /home/airflow/.local/lib/python3.7/site-packages/airflow/example_dags/example_subdag_operator.py
[2023-06-01T02:13:11.592+0000] {logging_mixin.py:120} INFO - [2023-06-01T02:13:11.592+0000] {dag.py:2585} INFO - Sync 3 DAGs
[2023-06-01T02:13:11.611+0000] {logging_mixin.py:120} INFO - [2023-06-01T02:13:11.611+0000] {dag.py:3340} INFO - Setting next_dagrun for example_subdag_operator to 2022-01-01T00:00:00+00:00, run_after=2022-01-01T00:00:00+00:00
[2023-06-01T02:13:11.614+0000] {logging_mixin.py:120} INFO - [2023-06-01T02:13:11.614+0000] {dag.py:3340} INFO - Setting next_dagrun for example_subdag_operator.section-1 to None, run_after=None
[2023-06-01T02:13:11.615+0000] {logging_mixin.py:120} INFO - [2023-06-01T02:13:11.615+0000] {dag.py:3340} INFO - Setting next_dagrun for example_subdag_operator.section-2 to None, run_after=None
[2023-06-01T02:13:11.620+0000] {logging_mixin.py:120} INFO - [2023-06-01T02:13:11.620+0000] {dag.py:2585} INFO - Sync 2 DAGs
[2023-06-01T02:13:11.625+0000] {logging_mixin.py:120} INFO - [2023-06-01T02:13:11.625+0000] {dag.py:3340} INFO - Setting next_dagrun for example_subdag_operator.section-1 to None, run_after=None
[2023-06-01T02:13:11.626+0000] {logging_mixin.py:120} INFO - [2023-06-01T02:13:11.626+0000] {dag.py:3340} INFO - Setting next_dagrun for example_subdag_operator.section-2 to None, run_after=None
[2023-06-01T02:13:11.635+0000] {processor.py:176} INFO - Processing /home/airflow/.local/lib/python3.7/site-packages/airflow/example_dags/example_subdag_operator.py took 0.285 seconds
[2023-06-01T02:13:42.131+0000] {processor.py:154} INFO - Started process (PID=702) to work on /home/airflow/.local/lib/python3.7/site-packages/airflow/example_dags/example_subdag_operator.py
[2023-06-01T02:13:42.134+0000] {processor.py:756} INFO - Processing file /home/airflow/.local/lib/python3.7/site-packages/airflow/example_dags/example_subdag_operator.py for tasks to queue
[2023-06-01T02:13:42.136+0000] {logging_mixin.py:120} INFO - [2023-06-01T02:13:42.135+0000] {dagbag.py:537} INFO - Filling up the DagBag from /home/airflow/.local/lib/python3.7/site-packages/airflow/example_dags/example_subdag_operator.py
[2023-06-01T02:13:42.191+0000] {processor.py:766} INFO - DAG(s) dict_keys(['example_subdag_operator.section-1', 'example_subdag_operator.section-2', 'example_subdag_operator']) retrieved from /home/airflow/.local/lib/python3.7/site-packages/airflow/example_dags/example_subdag_operator.py
[2023-06-01T02:13:42.392+0000] {logging_mixin.py:120} INFO - [2023-06-01T02:13:42.391+0000] {dag.py:2585} INFO - Sync 3 DAGs
[2023-06-01T02:13:42.422+0000] {logging_mixin.py:120} INFO - [2023-06-01T02:13:42.422+0000] {dag.py:3340} INFO - Setting next_dagrun for example_subdag_operator to 2022-01-01T00:00:00+00:00, run_after=2022-01-01T00:00:00+00:00
[2023-06-01T02:13:42.428+0000] {logging_mixin.py:120} INFO - [2023-06-01T02:13:42.428+0000] {dag.py:3340} INFO - Setting next_dagrun for example_subdag_operator.section-1 to None, run_after=None
[2023-06-01T02:13:42.430+0000] {logging_mixin.py:120} INFO - [2023-06-01T02:13:42.430+0000] {dag.py:3340} INFO - Setting next_dagrun for example_subdag_operator.section-2 to None, run_after=None
[2023-06-01T02:13:42.439+0000] {logging_mixin.py:120} INFO - [2023-06-01T02:13:42.439+0000] {dag.py:2585} INFO - Sync 2 DAGs
[2023-06-01T02:13:42.443+0000] {logging_mixin.py:120} INFO - [2023-06-01T02:13:42.443+0000] {dag.py:3340} INFO - Setting next_dagrun for example_subdag_operator.section-1 to None, run_after=None
[2023-06-01T02:13:42.444+0000] {logging_mixin.py:120} INFO - [2023-06-01T02:13:42.444+0000] {dag.py:3340} INFO - Setting next_dagrun for example_subdag_operator.section-2 to None, run_after=None
[2023-06-01T02:13:42.452+0000] {processor.py:176} INFO - Processing /home/airflow/.local/lib/python3.7/site-packages/airflow/example_dags/example_subdag_operator.py took 0.327 seconds
[2023-06-01T02:14:12.730+0000] {processor.py:154} INFO - Started process (PID=766) to work on /home/airflow/.local/lib/python3.7/site-packages/airflow/example_dags/example_subdag_operator.py
[2023-06-01T02:14:12.733+0000] {processor.py:756} INFO - Processing file /home/airflow/.local/lib/python3.7/site-packages/airflow/example_dags/example_subdag_operator.py for tasks to queue
[2023-06-01T02:14:12.736+0000] {logging_mixin.py:120} INFO - [2023-06-01T02:14:12.735+0000] {dagbag.py:537} INFO - Filling up the DagBag from /home/airflow/.local/lib/python3.7/site-packages/airflow/example_dags/example_subdag_operator.py
[2023-06-01T02:14:12.965+0000] {processor.py:766} INFO - DAG(s) dict_keys(['example_subdag_operator.section-1', 'example_subdag_operator.section-2', 'example_subdag_operator']) retrieved from /home/airflow/.local/lib/python3.7/site-packages/airflow/example_dags/example_subdag_operator.py
[2023-06-01T02:14:13.152+0000] {logging_mixin.py:120} INFO - [2023-06-01T02:14:13.152+0000] {dag.py:2585} INFO - Sync 3 DAGs
[2023-06-01T02:14:13.173+0000] {logging_mixin.py:120} INFO - [2023-06-01T02:14:13.173+0000] {dag.py:3340} INFO - Setting next_dagrun for example_subdag_operator to 2022-01-01T00:00:00+00:00, run_after=2022-01-01T00:00:00+00:00
[2023-06-01T02:14:13.176+0000] {logging_mixin.py:120} INFO - [2023-06-01T02:14:13.176+0000] {dag.py:3340} INFO - Setting next_dagrun for example_subdag_operator.section-1 to None, run_after=None
[2023-06-01T02:14:13.177+0000] {logging_mixin.py:120} INFO - [2023-06-01T02:14:13.177+0000] {dag.py:3340} INFO - Setting next_dagrun for example_subdag_operator.section-2 to None, run_after=None
[2023-06-01T02:14:13.183+0000] {logging_mixin.py:120} INFO - [2023-06-01T02:14:13.183+0000] {dag.py:2585} INFO - Sync 2 DAGs
[2023-06-01T02:14:13.187+0000] {logging_mixin.py:120} INFO - [2023-06-01T02:14:13.187+0000] {dag.py:3340} INFO - Setting next_dagrun for example_subdag_operator.section-1 to None, run_after=None
[2023-06-01T02:14:13.188+0000] {logging_mixin.py:120} INFO - [2023-06-01T02:14:13.188+0000] {dag.py:3340} INFO - Setting next_dagrun for example_subdag_operator.section-2 to None, run_after=None
[2023-06-01T02:14:13.196+0000] {processor.py:176} INFO - Processing /home/airflow/.local/lib/python3.7/site-packages/airflow/example_dags/example_subdag_operator.py took 0.476 seconds
[2023-06-01T02:14:43.973+0000] {processor.py:154} INFO - Started process (PID=820) to work on /home/airflow/.local/lib/python3.7/site-packages/airflow/example_dags/example_subdag_operator.py
[2023-06-01T02:14:43.976+0000] {processor.py:756} INFO - Processing file /home/airflow/.local/lib/python3.7/site-packages/airflow/example_dags/example_subdag_operator.py for tasks to queue
[2023-06-01T02:14:43.978+0000] {logging_mixin.py:120} INFO - [2023-06-01T02:14:43.978+0000] {dagbag.py:537} INFO - Filling up the DagBag from /home/airflow/.local/lib/python3.7/site-packages/airflow/example_dags/example_subdag_operator.py
[2023-06-01T02:14:44.075+0000] {processor.py:766} INFO - DAG(s) dict_keys(['example_subdag_operator.section-1', 'example_subdag_operator.section-2', 'example_subdag_operator']) retrieved from /home/airflow/.local/lib/python3.7/site-packages/airflow/example_dags/example_subdag_operator.py
[2023-06-01T02:14:44.273+0000] {logging_mixin.py:120} INFO - [2023-06-01T02:14:44.273+0000] {dag.py:2585} INFO - Sync 3 DAGs
[2023-06-01T02:14:44.314+0000] {logging_mixin.py:120} INFO - [2023-06-01T02:14:44.314+0000] {dag.py:3340} INFO - Setting next_dagrun for example_subdag_operator to 2022-01-01T00:00:00+00:00, run_after=2022-01-01T00:00:00+00:00
[2023-06-01T02:14:44.318+0000] {logging_mixin.py:120} INFO - [2023-06-01T02:14:44.318+0000] {dag.py:3340} INFO - Setting next_dagrun for example_subdag_operator.section-1 to None, run_after=None
[2023-06-01T02:14:44.321+0000] {logging_mixin.py:120} INFO - [2023-06-01T02:14:44.321+0000] {dag.py:3340} INFO - Setting next_dagrun for example_subdag_operator.section-2 to None, run_after=None
[2023-06-01T02:14:44.346+0000] {logging_mixin.py:120} INFO - [2023-06-01T02:14:44.345+0000] {dag.py:2585} INFO - Sync 2 DAGs
[2023-06-01T02:14:44.355+0000] {logging_mixin.py:120} INFO - [2023-06-01T02:14:44.354+0000] {dag.py:3340} INFO - Setting next_dagrun for example_subdag_operator.section-1 to None, run_after=None
[2023-06-01T02:14:44.359+0000] {logging_mixin.py:120} INFO - [2023-06-01T02:14:44.359+0000] {dag.py:3340} INFO - Setting next_dagrun for example_subdag_operator.section-2 to None, run_after=None
[2023-06-01T02:14:44.380+0000] {processor.py:176} INFO - Processing /home/airflow/.local/lib/python3.7/site-packages/airflow/example_dags/example_subdag_operator.py took 0.431 seconds
