[2023-06-01T02:07:36.094+0000] {processor.py:154} INFO - Started process (PID=61) to work on /home/airflow/.local/lib/python3.7/site-packages/airflow/example_dags/example_trigger_target_dag.py
[2023-06-01T02:07:36.103+0000] {processor.py:756} INFO - Processing file /home/airflow/.local/lib/python3.7/site-packages/airflow/example_dags/example_trigger_target_dag.py for tasks to queue
[2023-06-01T02:07:36.130+0000] {logging_mixin.py:120} INFO - [2023-06-01T02:07:36.130+0000] {dagbag.py:537} INFO - Filling up the DagBag from /home/airflow/.local/lib/python3.7/site-packages/airflow/example_dags/example_trigger_target_dag.py
[2023-06-01T02:07:36.500+0000] {processor.py:766} INFO - DAG(s) dict_keys(['example_trigger_target_dag']) retrieved from /home/airflow/.local/lib/python3.7/site-packages/airflow/example_dags/example_trigger_target_dag.py
[2023-06-01T02:07:37.463+0000] {logging_mixin.py:120} INFO - [2023-06-01T02:07:37.462+0000] {manager.py:507} INFO - Created Permission View: can read on DAG:example_trigger_target_dag
[2023-06-01T02:07:37.515+0000] {logging_mixin.py:120} INFO - [2023-06-01T02:07:37.514+0000] {manager.py:507} INFO - Created Permission View: can edit on DAG:example_trigger_target_dag
[2023-06-01T02:07:37.555+0000] {logging_mixin.py:120} INFO - [2023-06-01T02:07:37.554+0000] {manager.py:507} INFO - Created Permission View: can delete on DAG:example_trigger_target_dag
[2023-06-01T02:07:37.556+0000] {logging_mixin.py:120} INFO - [2023-06-01T02:07:37.556+0000] {dag.py:2585} INFO - Sync 1 DAGs
[2023-06-01T02:07:37.632+0000] {logging_mixin.py:120} INFO - [2023-06-01T02:07:37.632+0000] {dag.py:2606} INFO - Creating ORM DAG for example_trigger_target_dag
[2023-06-01T02:07:37.661+0000] {logging_mixin.py:120} INFO - [2023-06-01T02:07:37.661+0000] {dag.py:3340} INFO - Setting next_dagrun for example_trigger_target_dag to None, run_after=None
[2023-06-01T02:07:37.844+0000] {processor.py:176} INFO - Processing /home/airflow/.local/lib/python3.7/site-packages/airflow/example_dags/example_trigger_target_dag.py took 1.864 seconds
[2023-06-01T02:08:49.316+0000] {processor.py:154} INFO - Started process (PID=124) to work on /home/airflow/.local/lib/python3.7/site-packages/airflow/example_dags/example_trigger_target_dag.py
[2023-06-01T02:08:49.318+0000] {processor.py:756} INFO - Processing file /home/airflow/.local/lib/python3.7/site-packages/airflow/example_dags/example_trigger_target_dag.py for tasks to queue
[2023-06-01T02:08:49.320+0000] {logging_mixin.py:120} INFO - [2023-06-01T02:08:49.320+0000] {dagbag.py:537} INFO - Filling up the DagBag from /home/airflow/.local/lib/python3.7/site-packages/airflow/example_dags/example_trigger_target_dag.py
[2023-06-01T02:08:49.374+0000] {processor.py:766} INFO - DAG(s) dict_keys(['example_trigger_target_dag']) retrieved from /home/airflow/.local/lib/python3.7/site-packages/airflow/example_dags/example_trigger_target_dag.py
[2023-06-01T02:08:49.463+0000] {logging_mixin.py:120} INFO - [2023-06-01T02:08:49.463+0000] {dag.py:2585} INFO - Sync 1 DAGs
[2023-06-01T02:08:49.489+0000] {logging_mixin.py:120} INFO - [2023-06-01T02:08:49.489+0000] {dag.py:3340} INFO - Setting next_dagrun for example_trigger_target_dag to None, run_after=None
[2023-06-01T02:08:49.524+0000] {processor.py:176} INFO - Processing /home/airflow/.local/lib/python3.7/site-packages/airflow/example_dags/example_trigger_target_dag.py took 0.216 seconds
[2023-06-01T02:09:20.626+0000] {processor.py:154} INFO - Started process (PID=179) to work on /home/airflow/.local/lib/python3.7/site-packages/airflow/example_dags/example_trigger_target_dag.py
[2023-06-01T02:09:20.634+0000] {processor.py:756} INFO - Processing file /home/airflow/.local/lib/python3.7/site-packages/airflow/example_dags/example_trigger_target_dag.py for tasks to queue
[2023-06-01T02:09:20.639+0000] {logging_mixin.py:120} INFO - [2023-06-01T02:09:20.638+0000] {dagbag.py:537} INFO - Filling up the DagBag from /home/airflow/.local/lib/python3.7/site-packages/airflow/example_dags/example_trigger_target_dag.py
[2023-06-01T02:09:20.674+0000] {processor.py:766} INFO - DAG(s) dict_keys(['example_trigger_target_dag']) retrieved from /home/airflow/.local/lib/python3.7/site-packages/airflow/example_dags/example_trigger_target_dag.py
[2023-06-01T02:09:20.732+0000] {logging_mixin.py:120} INFO - [2023-06-01T02:09:20.731+0000] {dag.py:2585} INFO - Sync 1 DAGs
[2023-06-01T02:09:20.747+0000] {logging_mixin.py:120} INFO - [2023-06-01T02:09:20.747+0000] {dag.py:3340} INFO - Setting next_dagrun for example_trigger_target_dag to None, run_after=None
[2023-06-01T02:09:20.759+0000] {processor.py:176} INFO - Processing /home/airflow/.local/lib/python3.7/site-packages/airflow/example_dags/example_trigger_target_dag.py took 0.140 seconds
[2023-06-01T02:09:50.904+0000] {processor.py:154} INFO - Started process (PID=243) to work on /home/airflow/.local/lib/python3.7/site-packages/airflow/example_dags/example_trigger_target_dag.py
[2023-06-01T02:09:50.906+0000] {processor.py:756} INFO - Processing file /home/airflow/.local/lib/python3.7/site-packages/airflow/example_dags/example_trigger_target_dag.py for tasks to queue
[2023-06-01T02:09:50.907+0000] {logging_mixin.py:120} INFO - [2023-06-01T02:09:50.907+0000] {dagbag.py:537} INFO - Filling up the DagBag from /home/airflow/.local/lib/python3.7/site-packages/airflow/example_dags/example_trigger_target_dag.py
[2023-06-01T02:09:50.923+0000] {processor.py:766} INFO - DAG(s) dict_keys(['example_trigger_target_dag']) retrieved from /home/airflow/.local/lib/python3.7/site-packages/airflow/example_dags/example_trigger_target_dag.py
[2023-06-01T02:09:50.962+0000] {logging_mixin.py:120} INFO - [2023-06-01T02:09:50.962+0000] {dag.py:2585} INFO - Sync 1 DAGs
[2023-06-01T02:09:50.993+0000] {logging_mixin.py:120} INFO - [2023-06-01T02:09:50.993+0000] {dag.py:3340} INFO - Setting next_dagrun for example_trigger_target_dag to None, run_after=None
[2023-06-01T02:09:51.010+0000] {processor.py:176} INFO - Processing /home/airflow/.local/lib/python3.7/site-packages/airflow/example_dags/example_trigger_target_dag.py took 0.110 seconds
[2023-06-01T02:10:21.882+0000] {processor.py:154} INFO - Started process (PID=306) to work on /home/airflow/.local/lib/python3.7/site-packages/airflow/example_dags/example_trigger_target_dag.py
[2023-06-01T02:10:21.884+0000] {processor.py:756} INFO - Processing file /home/airflow/.local/lib/python3.7/site-packages/airflow/example_dags/example_trigger_target_dag.py for tasks to queue
[2023-06-01T02:10:21.885+0000] {logging_mixin.py:120} INFO - [2023-06-01T02:10:21.885+0000] {dagbag.py:537} INFO - Filling up the DagBag from /home/airflow/.local/lib/python3.7/site-packages/airflow/example_dags/example_trigger_target_dag.py
[2023-06-01T02:10:21.903+0000] {processor.py:766} INFO - DAG(s) dict_keys(['example_trigger_target_dag']) retrieved from /home/airflow/.local/lib/python3.7/site-packages/airflow/example_dags/example_trigger_target_dag.py
[2023-06-01T02:10:21.939+0000] {logging_mixin.py:120} INFO - [2023-06-01T02:10:21.939+0000] {dag.py:2585} INFO - Sync 1 DAGs
[2023-06-01T02:10:21.963+0000] {logging_mixin.py:120} INFO - [2023-06-01T02:10:21.963+0000] {dag.py:3340} INFO - Setting next_dagrun for example_trigger_target_dag to None, run_after=None
[2023-06-01T02:10:21.977+0000] {processor.py:176} INFO - Processing /home/airflow/.local/lib/python3.7/site-packages/airflow/example_dags/example_trigger_target_dag.py took 0.100 seconds
[2023-06-01T02:10:52.545+0000] {processor.py:154} INFO - Started process (PID=361) to work on /home/airflow/.local/lib/python3.7/site-packages/airflow/example_dags/example_trigger_target_dag.py
[2023-06-01T02:10:52.547+0000] {processor.py:756} INFO - Processing file /home/airflow/.local/lib/python3.7/site-packages/airflow/example_dags/example_trigger_target_dag.py for tasks to queue
[2023-06-01T02:10:52.548+0000] {logging_mixin.py:120} INFO - [2023-06-01T02:10:52.548+0000] {dagbag.py:537} INFO - Filling up the DagBag from /home/airflow/.local/lib/python3.7/site-packages/airflow/example_dags/example_trigger_target_dag.py
[2023-06-01T02:10:52.565+0000] {processor.py:766} INFO - DAG(s) dict_keys(['example_trigger_target_dag']) retrieved from /home/airflow/.local/lib/python3.7/site-packages/airflow/example_dags/example_trigger_target_dag.py
[2023-06-01T02:10:52.609+0000] {logging_mixin.py:120} INFO - [2023-06-01T02:10:52.609+0000] {dag.py:2585} INFO - Sync 1 DAGs
[2023-06-01T02:10:52.630+0000] {logging_mixin.py:120} INFO - [2023-06-01T02:10:52.629+0000] {dag.py:3340} INFO - Setting next_dagrun for example_trigger_target_dag to None, run_after=None
[2023-06-01T02:10:52.654+0000] {processor.py:176} INFO - Processing /home/airflow/.local/lib/python3.7/site-packages/airflow/example_dags/example_trigger_target_dag.py took 0.113 seconds
[2023-06-01T02:11:23.189+0000] {processor.py:154} INFO - Started process (PID=425) to work on /home/airflow/.local/lib/python3.7/site-packages/airflow/example_dags/example_trigger_target_dag.py
[2023-06-01T02:11:23.192+0000] {processor.py:756} INFO - Processing file /home/airflow/.local/lib/python3.7/site-packages/airflow/example_dags/example_trigger_target_dag.py for tasks to queue
[2023-06-01T02:11:23.193+0000] {logging_mixin.py:120} INFO - [2023-06-01T02:11:23.193+0000] {dagbag.py:537} INFO - Filling up the DagBag from /home/airflow/.local/lib/python3.7/site-packages/airflow/example_dags/example_trigger_target_dag.py
[2023-06-01T02:11:23.218+0000] {processor.py:766} INFO - DAG(s) dict_keys(['example_trigger_target_dag']) retrieved from /home/airflow/.local/lib/python3.7/site-packages/airflow/example_dags/example_trigger_target_dag.py
[2023-06-01T02:11:23.264+0000] {logging_mixin.py:120} INFO - [2023-06-01T02:11:23.264+0000] {dag.py:2585} INFO - Sync 1 DAGs
[2023-06-01T02:11:23.294+0000] {logging_mixin.py:120} INFO - [2023-06-01T02:11:23.294+0000] {dag.py:3340} INFO - Setting next_dagrun for example_trigger_target_dag to None, run_after=None
[2023-06-01T02:11:23.308+0000] {processor.py:176} INFO - Processing /home/airflow/.local/lib/python3.7/site-packages/airflow/example_dags/example_trigger_target_dag.py took 0.124 seconds
[2023-06-01T02:11:54.155+0000] {processor.py:154} INFO - Started process (PID=489) to work on /home/airflow/.local/lib/python3.7/site-packages/airflow/example_dags/example_trigger_target_dag.py
[2023-06-01T02:11:54.157+0000] {processor.py:756} INFO - Processing file /home/airflow/.local/lib/python3.7/site-packages/airflow/example_dags/example_trigger_target_dag.py for tasks to queue
[2023-06-01T02:11:54.158+0000] {logging_mixin.py:120} INFO - [2023-06-01T02:11:54.158+0000] {dagbag.py:537} INFO - Filling up the DagBag from /home/airflow/.local/lib/python3.7/site-packages/airflow/example_dags/example_trigger_target_dag.py
[2023-06-01T02:11:54.189+0000] {processor.py:766} INFO - DAG(s) dict_keys(['example_trigger_target_dag']) retrieved from /home/airflow/.local/lib/python3.7/site-packages/airflow/example_dags/example_trigger_target_dag.py
[2023-06-01T02:11:54.293+0000] {logging_mixin.py:120} INFO - [2023-06-01T02:11:54.293+0000] {dag.py:2585} INFO - Sync 1 DAGs
[2023-06-01T02:11:54.340+0000] {logging_mixin.py:120} INFO - [2023-06-01T02:11:54.340+0000] {dag.py:3340} INFO - Setting next_dagrun for example_trigger_target_dag to None, run_after=None
[2023-06-01T02:11:54.404+0000] {processor.py:176} INFO - Processing /home/airflow/.local/lib/python3.7/site-packages/airflow/example_dags/example_trigger_target_dag.py took 0.254 seconds
[2023-06-01T02:12:24.548+0000] {processor.py:154} INFO - Started process (PID=542) to work on /home/airflow/.local/lib/python3.7/site-packages/airflow/example_dags/example_trigger_target_dag.py
[2023-06-01T02:12:24.552+0000] {processor.py:756} INFO - Processing file /home/airflow/.local/lib/python3.7/site-packages/airflow/example_dags/example_trigger_target_dag.py for tasks to queue
[2023-06-01T02:12:24.554+0000] {logging_mixin.py:120} INFO - [2023-06-01T02:12:24.554+0000] {dagbag.py:537} INFO - Filling up the DagBag from /home/airflow/.local/lib/python3.7/site-packages/airflow/example_dags/example_trigger_target_dag.py
[2023-06-01T02:12:24.601+0000] {processor.py:766} INFO - DAG(s) dict_keys(['example_trigger_target_dag']) retrieved from /home/airflow/.local/lib/python3.7/site-packages/airflow/example_dags/example_trigger_target_dag.py
[2023-06-01T02:12:24.711+0000] {logging_mixin.py:120} INFO - [2023-06-01T02:12:24.710+0000] {dag.py:2585} INFO - Sync 1 DAGs
[2023-06-01T02:12:24.751+0000] {logging_mixin.py:120} INFO - [2023-06-01T02:12:24.751+0000] {dag.py:3340} INFO - Setting next_dagrun for example_trigger_target_dag to None, run_after=None
[2023-06-01T02:12:24.766+0000] {processor.py:176} INFO - Processing /home/airflow/.local/lib/python3.7/site-packages/airflow/example_dags/example_trigger_target_dag.py took 0.224 seconds
[2023-06-01T02:12:55.613+0000] {processor.py:154} INFO - Started process (PID=606) to work on /home/airflow/.local/lib/python3.7/site-packages/airflow/example_dags/example_trigger_target_dag.py
[2023-06-01T02:12:55.616+0000] {processor.py:756} INFO - Processing file /home/airflow/.local/lib/python3.7/site-packages/airflow/example_dags/example_trigger_target_dag.py for tasks to queue
[2023-06-01T02:12:55.619+0000] {logging_mixin.py:120} INFO - [2023-06-01T02:12:55.619+0000] {dagbag.py:537} INFO - Filling up the DagBag from /home/airflow/.local/lib/python3.7/site-packages/airflow/example_dags/example_trigger_target_dag.py
[2023-06-01T02:12:55.647+0000] {processor.py:766} INFO - DAG(s) dict_keys(['example_trigger_target_dag']) retrieved from /home/airflow/.local/lib/python3.7/site-packages/airflow/example_dags/example_trigger_target_dag.py
[2023-06-01T02:12:55.683+0000] {logging_mixin.py:120} INFO - [2023-06-01T02:12:55.683+0000] {dag.py:2585} INFO - Sync 1 DAGs
[2023-06-01T02:12:55.703+0000] {logging_mixin.py:120} INFO - [2023-06-01T02:12:55.703+0000] {dag.py:3340} INFO - Setting next_dagrun for example_trigger_target_dag to None, run_after=None
[2023-06-01T02:12:55.716+0000] {processor.py:176} INFO - Processing /home/airflow/.local/lib/python3.7/site-packages/airflow/example_dags/example_trigger_target_dag.py took 0.108 seconds
[2023-06-01T02:13:26.324+0000] {processor.py:154} INFO - Started process (PID=669) to work on /home/airflow/.local/lib/python3.7/site-packages/airflow/example_dags/example_trigger_target_dag.py
[2023-06-01T02:13:26.325+0000] {processor.py:756} INFO - Processing file /home/airflow/.local/lib/python3.7/site-packages/airflow/example_dags/example_trigger_target_dag.py for tasks to queue
[2023-06-01T02:13:26.326+0000] {logging_mixin.py:120} INFO - [2023-06-01T02:13:26.326+0000] {dagbag.py:537} INFO - Filling up the DagBag from /home/airflow/.local/lib/python3.7/site-packages/airflow/example_dags/example_trigger_target_dag.py
[2023-06-01T02:13:26.344+0000] {processor.py:766} INFO - DAG(s) dict_keys(['example_trigger_target_dag']) retrieved from /home/airflow/.local/lib/python3.7/site-packages/airflow/example_dags/example_trigger_target_dag.py
[2023-06-01T02:13:26.394+0000] {logging_mixin.py:120} INFO - [2023-06-01T02:13:26.394+0000] {dag.py:2585} INFO - Sync 1 DAGs
[2023-06-01T02:13:26.414+0000] {logging_mixin.py:120} INFO - [2023-06-01T02:13:26.414+0000] {dag.py:3340} INFO - Setting next_dagrun for example_trigger_target_dag to None, run_after=None
[2023-06-01T02:13:26.425+0000] {processor.py:176} INFO - Processing /home/airflow/.local/lib/python3.7/site-packages/airflow/example_dags/example_trigger_target_dag.py took 0.104 seconds
[2023-06-01T02:13:57.124+0000] {processor.py:154} INFO - Started process (PID=723) to work on /home/airflow/.local/lib/python3.7/site-packages/airflow/example_dags/example_trigger_target_dag.py
[2023-06-01T02:13:57.125+0000] {processor.py:756} INFO - Processing file /home/airflow/.local/lib/python3.7/site-packages/airflow/example_dags/example_trigger_target_dag.py for tasks to queue
[2023-06-01T02:13:57.126+0000] {logging_mixin.py:120} INFO - [2023-06-01T02:13:57.126+0000] {dagbag.py:537} INFO - Filling up the DagBag from /home/airflow/.local/lib/python3.7/site-packages/airflow/example_dags/example_trigger_target_dag.py
[2023-06-01T02:13:57.152+0000] {processor.py:766} INFO - DAG(s) dict_keys(['example_trigger_target_dag']) retrieved from /home/airflow/.local/lib/python3.7/site-packages/airflow/example_dags/example_trigger_target_dag.py
[2023-06-01T02:13:57.193+0000] {logging_mixin.py:120} INFO - [2023-06-01T02:13:57.193+0000] {dag.py:2585} INFO - Sync 1 DAGs
[2023-06-01T02:13:57.211+0000] {logging_mixin.py:120} INFO - [2023-06-01T02:13:57.211+0000] {dag.py:3340} INFO - Setting next_dagrun for example_trigger_target_dag to None, run_after=None
[2023-06-01T02:13:57.223+0000] {processor.py:176} INFO - Processing /home/airflow/.local/lib/python3.7/site-packages/airflow/example_dags/example_trigger_target_dag.py took 0.103 seconds
[2023-06-01T02:14:27.854+0000] {processor.py:154} INFO - Started process (PID=786) to work on /home/airflow/.local/lib/python3.7/site-packages/airflow/example_dags/example_trigger_target_dag.py
[2023-06-01T02:14:27.855+0000] {processor.py:756} INFO - Processing file /home/airflow/.local/lib/python3.7/site-packages/airflow/example_dags/example_trigger_target_dag.py for tasks to queue
[2023-06-01T02:14:27.856+0000] {logging_mixin.py:120} INFO - [2023-06-01T02:14:27.856+0000] {dagbag.py:537} INFO - Filling up the DagBag from /home/airflow/.local/lib/python3.7/site-packages/airflow/example_dags/example_trigger_target_dag.py
[2023-06-01T02:14:27.882+0000] {processor.py:766} INFO - DAG(s) dict_keys(['example_trigger_target_dag']) retrieved from /home/airflow/.local/lib/python3.7/site-packages/airflow/example_dags/example_trigger_target_dag.py
[2023-06-01T02:14:27.917+0000] {logging_mixin.py:120} INFO - [2023-06-01T02:14:27.917+0000] {dag.py:2585} INFO - Sync 1 DAGs
[2023-06-01T02:14:27.934+0000] {logging_mixin.py:120} INFO - [2023-06-01T02:14:27.934+0000] {dag.py:3340} INFO - Setting next_dagrun for example_trigger_target_dag to None, run_after=None
[2023-06-01T02:14:27.946+0000] {processor.py:176} INFO - Processing /home/airflow/.local/lib/python3.7/site-packages/airflow/example_dags/example_trigger_target_dag.py took 0.097 seconds
