[2023-06-01T02:08:05.323+0000] {processor.py:154} INFO - Started process (PID=74) to work on /home/airflow/.local/lib/python3.7/site-packages/airflow/example_dags/example_local_kubernetes_executor.py
[2023-06-01T02:08:05.329+0000] {processor.py:756} INFO - Processing file /home/airflow/.local/lib/python3.7/site-packages/airflow/example_dags/example_local_kubernetes_executor.py for tasks to queue
[2023-06-01T02:08:05.333+0000] {logging_mixin.py:120} INFO - [2023-06-01T02:08:05.332+0000] {dagbag.py:537} INFO - Filling up the DagBag from /home/airflow/.local/lib/python3.7/site-packages/airflow/example_dags/example_local_kubernetes_executor.py
[2023-06-01T02:08:05.502+0000] {processor.py:766} INFO - DAG(s) dict_keys(['example_local_kubernetes_executor']) retrieved from /home/airflow/.local/lib/python3.7/site-packages/airflow/example_dags/example_local_kubernetes_executor.py
[2023-06-01T02:08:07.649+0000] {logging_mixin.py:120} INFO - [2023-06-01T02:08:07.638+0000] {manager.py:507} INFO - Created Permission View: can read on DAG:example_local_kubernetes_executor
[2023-06-01T02:08:07.763+0000] {logging_mixin.py:120} INFO - [2023-06-01T02:08:07.763+0000] {manager.py:507} INFO - Created Permission View: can edit on DAG:example_local_kubernetes_executor
[2023-06-01T02:08:07.799+0000] {logging_mixin.py:120} INFO - [2023-06-01T02:08:07.799+0000] {manager.py:507} INFO - Created Permission View: can delete on DAG:example_local_kubernetes_executor
[2023-06-01T02:08:07.803+0000] {logging_mixin.py:120} INFO - [2023-06-01T02:08:07.802+0000] {dag.py:2585} INFO - Sync 1 DAGs
[2023-06-01T02:08:07.951+0000] {logging_mixin.py:120} INFO - [2023-06-01T02:08:07.951+0000] {dag.py:2606} INFO - Creating ORM DAG for example_local_kubernetes_executor
[2023-06-01T02:08:08.033+0000] {logging_mixin.py:120} INFO - [2023-06-01T02:08:08.033+0000] {dag.py:3340} INFO - Setting next_dagrun for example_local_kubernetes_executor to None, run_after=None
[2023-06-01T02:08:08.165+0000] {processor.py:176} INFO - Processing /home/airflow/.local/lib/python3.7/site-packages/airflow/example_dags/example_local_kubernetes_executor.py took 2.862 seconds
[2023-06-01T02:08:50.183+0000] {processor.py:154} INFO - Started process (PID=128) to work on /home/airflow/.local/lib/python3.7/site-packages/airflow/example_dags/example_local_kubernetes_executor.py
[2023-06-01T02:08:50.192+0000] {processor.py:756} INFO - Processing file /home/airflow/.local/lib/python3.7/site-packages/airflow/example_dags/example_local_kubernetes_executor.py for tasks to queue
[2023-06-01T02:08:50.194+0000] {logging_mixin.py:120} INFO - [2023-06-01T02:08:50.194+0000] {dagbag.py:537} INFO - Filling up the DagBag from /home/airflow/.local/lib/python3.7/site-packages/airflow/example_dags/example_local_kubernetes_executor.py
[2023-06-01T02:08:50.281+0000] {processor.py:766} INFO - DAG(s) dict_keys(['example_local_kubernetes_executor']) retrieved from /home/airflow/.local/lib/python3.7/site-packages/airflow/example_dags/example_local_kubernetes_executor.py
[2023-06-01T02:08:50.613+0000] {logging_mixin.py:120} INFO - [2023-06-01T02:08:50.612+0000] {dag.py:2585} INFO - Sync 1 DAGs
[2023-06-01T02:08:50.925+0000] {logging_mixin.py:120} INFO - [2023-06-01T02:08:50.924+0000] {dag.py:3340} INFO - Setting next_dagrun for example_local_kubernetes_executor to None, run_after=None
[2023-06-01T02:08:51.084+0000] {processor.py:176} INFO - Processing /home/airflow/.local/lib/python3.7/site-packages/airflow/example_dags/example_local_kubernetes_executor.py took 0.924 seconds
[2023-06-01T02:09:22.282+0000] {processor.py:154} INFO - Started process (PID=190) to work on /home/airflow/.local/lib/python3.7/site-packages/airflow/example_dags/example_local_kubernetes_executor.py
[2023-06-01T02:09:22.293+0000] {processor.py:756} INFO - Processing file /home/airflow/.local/lib/python3.7/site-packages/airflow/example_dags/example_local_kubernetes_executor.py for tasks to queue
[2023-06-01T02:09:22.300+0000] {logging_mixin.py:120} INFO - [2023-06-01T02:09:22.300+0000] {dagbag.py:537} INFO - Filling up the DagBag from /home/airflow/.local/lib/python3.7/site-packages/airflow/example_dags/example_local_kubernetes_executor.py
[2023-06-01T02:09:22.499+0000] {processor.py:766} INFO - DAG(s) dict_keys(['example_local_kubernetes_executor']) retrieved from /home/airflow/.local/lib/python3.7/site-packages/airflow/example_dags/example_local_kubernetes_executor.py
[2023-06-01T02:09:22.680+0000] {logging_mixin.py:120} INFO - [2023-06-01T02:09:22.679+0000] {dag.py:2585} INFO - Sync 1 DAGs
[2023-06-01T02:09:22.735+0000] {logging_mixin.py:120} INFO - [2023-06-01T02:09:22.735+0000] {dag.py:3340} INFO - Setting next_dagrun for example_local_kubernetes_executor to None, run_after=None
[2023-06-01T02:09:22.775+0000] {processor.py:176} INFO - Processing /home/airflow/.local/lib/python3.7/site-packages/airflow/example_dags/example_local_kubernetes_executor.py took 0.567 seconds
[2023-06-01T02:09:53.385+0000] {processor.py:154} INFO - Started process (PID=247) to work on /home/airflow/.local/lib/python3.7/site-packages/airflow/example_dags/example_local_kubernetes_executor.py
[2023-06-01T02:09:53.388+0000] {processor.py:756} INFO - Processing file /home/airflow/.local/lib/python3.7/site-packages/airflow/example_dags/example_local_kubernetes_executor.py for tasks to queue
[2023-06-01T02:09:53.390+0000] {logging_mixin.py:120} INFO - [2023-06-01T02:09:53.390+0000] {dagbag.py:537} INFO - Filling up the DagBag from /home/airflow/.local/lib/python3.7/site-packages/airflow/example_dags/example_local_kubernetes_executor.py
[2023-06-01T02:09:53.433+0000] {processor.py:766} INFO - DAG(s) dict_keys(['example_local_kubernetes_executor']) retrieved from /home/airflow/.local/lib/python3.7/site-packages/airflow/example_dags/example_local_kubernetes_executor.py
[2023-06-01T02:09:53.515+0000] {logging_mixin.py:120} INFO - [2023-06-01T02:09:53.515+0000] {dag.py:2585} INFO - Sync 1 DAGs
[2023-06-01T02:09:53.537+0000] {logging_mixin.py:120} INFO - [2023-06-01T02:09:53.537+0000] {dag.py:3340} INFO - Setting next_dagrun for example_local_kubernetes_executor to None, run_after=None
[2023-06-01T02:09:53.562+0000] {processor.py:176} INFO - Processing /home/airflow/.local/lib/python3.7/site-packages/airflow/example_dags/example_local_kubernetes_executor.py took 0.186 seconds
[2023-06-01T02:10:24.229+0000] {processor.py:154} INFO - Started process (PID=310) to work on /home/airflow/.local/lib/python3.7/site-packages/airflow/example_dags/example_local_kubernetes_executor.py
[2023-06-01T02:10:24.231+0000] {processor.py:756} INFO - Processing file /home/airflow/.local/lib/python3.7/site-packages/airflow/example_dags/example_local_kubernetes_executor.py for tasks to queue
[2023-06-01T02:10:24.233+0000] {logging_mixin.py:120} INFO - [2023-06-01T02:10:24.232+0000] {dagbag.py:537} INFO - Filling up the DagBag from /home/airflow/.local/lib/python3.7/site-packages/airflow/example_dags/example_local_kubernetes_executor.py
[2023-06-01T02:10:24.275+0000] {processor.py:766} INFO - DAG(s) dict_keys(['example_local_kubernetes_executor']) retrieved from /home/airflow/.local/lib/python3.7/site-packages/airflow/example_dags/example_local_kubernetes_executor.py
[2023-06-01T02:10:24.352+0000] {logging_mixin.py:120} INFO - [2023-06-01T02:10:24.351+0000] {dag.py:2585} INFO - Sync 1 DAGs
[2023-06-01T02:10:24.376+0000] {logging_mixin.py:120} INFO - [2023-06-01T02:10:24.376+0000] {dag.py:3340} INFO - Setting next_dagrun for example_local_kubernetes_executor to None, run_after=None
[2023-06-01T02:10:24.391+0000] {processor.py:176} INFO - Processing /home/airflow/.local/lib/python3.7/site-packages/airflow/example_dags/example_local_kubernetes_executor.py took 0.169 seconds
[2023-06-01T02:10:54.607+0000] {processor.py:154} INFO - Started process (PID=374) to work on /home/airflow/.local/lib/python3.7/site-packages/airflow/example_dags/example_local_kubernetes_executor.py
[2023-06-01T02:10:54.609+0000] {processor.py:756} INFO - Processing file /home/airflow/.local/lib/python3.7/site-packages/airflow/example_dags/example_local_kubernetes_executor.py for tasks to queue
[2023-06-01T02:10:54.611+0000] {logging_mixin.py:120} INFO - [2023-06-01T02:10:54.611+0000] {dagbag.py:537} INFO - Filling up the DagBag from /home/airflow/.local/lib/python3.7/site-packages/airflow/example_dags/example_local_kubernetes_executor.py
[2023-06-01T02:10:54.665+0000] {processor.py:766} INFO - DAG(s) dict_keys(['example_local_kubernetes_executor']) retrieved from /home/airflow/.local/lib/python3.7/site-packages/airflow/example_dags/example_local_kubernetes_executor.py
[2023-06-01T02:10:54.714+0000] {logging_mixin.py:120} INFO - [2023-06-01T02:10:54.714+0000] {dag.py:2585} INFO - Sync 1 DAGs
[2023-06-01T02:10:54.733+0000] {logging_mixin.py:120} INFO - [2023-06-01T02:10:54.733+0000] {dag.py:3340} INFO - Setting next_dagrun for example_local_kubernetes_executor to None, run_after=None
[2023-06-01T02:10:54.754+0000] {processor.py:176} INFO - Processing /home/airflow/.local/lib/python3.7/site-packages/airflow/example_dags/example_local_kubernetes_executor.py took 0.154 seconds
[2023-06-01T02:11:24.847+0000] {processor.py:154} INFO - Started process (PID=429) to work on /home/airflow/.local/lib/python3.7/site-packages/airflow/example_dags/example_local_kubernetes_executor.py
[2023-06-01T02:11:24.848+0000] {processor.py:756} INFO - Processing file /home/airflow/.local/lib/python3.7/site-packages/airflow/example_dags/example_local_kubernetes_executor.py for tasks to queue
[2023-06-01T02:11:24.850+0000] {logging_mixin.py:120} INFO - [2023-06-01T02:11:24.850+0000] {dagbag.py:537} INFO - Filling up the DagBag from /home/airflow/.local/lib/python3.7/site-packages/airflow/example_dags/example_local_kubernetes_executor.py
[2023-06-01T02:11:24.890+0000] {processor.py:766} INFO - DAG(s) dict_keys(['example_local_kubernetes_executor']) retrieved from /home/airflow/.local/lib/python3.7/site-packages/airflow/example_dags/example_local_kubernetes_executor.py
[2023-06-01T02:11:24.949+0000] {logging_mixin.py:120} INFO - [2023-06-01T02:11:24.949+0000] {dag.py:2585} INFO - Sync 1 DAGs
[2023-06-01T02:11:24.997+0000] {logging_mixin.py:120} INFO - [2023-06-01T02:11:24.997+0000] {dag.py:3340} INFO - Setting next_dagrun for example_local_kubernetes_executor to None, run_after=None
[2023-06-01T02:11:25.026+0000] {processor.py:176} INFO - Processing /home/airflow/.local/lib/python3.7/site-packages/airflow/example_dags/example_local_kubernetes_executor.py took 0.183 seconds
[2023-06-01T02:11:55.125+0000] {processor.py:154} INFO - Started process (PID=493) to work on /home/airflow/.local/lib/python3.7/site-packages/airflow/example_dags/example_local_kubernetes_executor.py
[2023-06-01T02:11:55.127+0000] {processor.py:756} INFO - Processing file /home/airflow/.local/lib/python3.7/site-packages/airflow/example_dags/example_local_kubernetes_executor.py for tasks to queue
[2023-06-01T02:11:55.129+0000] {logging_mixin.py:120} INFO - [2023-06-01T02:11:55.129+0000] {dagbag.py:537} INFO - Filling up the DagBag from /home/airflow/.local/lib/python3.7/site-packages/airflow/example_dags/example_local_kubernetes_executor.py
[2023-06-01T02:11:55.154+0000] {processor.py:766} INFO - DAG(s) dict_keys(['example_local_kubernetes_executor']) retrieved from /home/airflow/.local/lib/python3.7/site-packages/airflow/example_dags/example_local_kubernetes_executor.py
[2023-06-01T02:11:55.203+0000] {logging_mixin.py:120} INFO - [2023-06-01T02:11:55.202+0000] {dag.py:2585} INFO - Sync 1 DAGs
[2023-06-01T02:11:55.225+0000] {logging_mixin.py:120} INFO - [2023-06-01T02:11:55.225+0000] {dag.py:3340} INFO - Setting next_dagrun for example_local_kubernetes_executor to None, run_after=None
[2023-06-01T02:11:55.245+0000] {processor.py:176} INFO - Processing /home/airflow/.local/lib/python3.7/site-packages/airflow/example_dags/example_local_kubernetes_executor.py took 0.126 seconds
[2023-06-01T02:12:25.307+0000] {processor.py:154} INFO - Started process (PID=547) to work on /home/airflow/.local/lib/python3.7/site-packages/airflow/example_dags/example_local_kubernetes_executor.py
[2023-06-01T02:12:25.308+0000] {processor.py:756} INFO - Processing file /home/airflow/.local/lib/python3.7/site-packages/airflow/example_dags/example_local_kubernetes_executor.py for tasks to queue
[2023-06-01T02:12:25.309+0000] {logging_mixin.py:120} INFO - [2023-06-01T02:12:25.309+0000] {dagbag.py:537} INFO - Filling up the DagBag from /home/airflow/.local/lib/python3.7/site-packages/airflow/example_dags/example_local_kubernetes_executor.py
[2023-06-01T02:12:25.326+0000] {processor.py:766} INFO - DAG(s) dict_keys(['example_local_kubernetes_executor']) retrieved from /home/airflow/.local/lib/python3.7/site-packages/airflow/example_dags/example_local_kubernetes_executor.py
[2023-06-01T02:12:25.368+0000] {logging_mixin.py:120} INFO - [2023-06-01T02:12:25.368+0000] {dag.py:2585} INFO - Sync 1 DAGs
[2023-06-01T02:12:25.384+0000] {logging_mixin.py:120} INFO - [2023-06-01T02:12:25.384+0000] {dag.py:3340} INFO - Setting next_dagrun for example_local_kubernetes_executor to None, run_after=None
[2023-06-01T02:12:25.398+0000] {processor.py:176} INFO - Processing /home/airflow/.local/lib/python3.7/site-packages/airflow/example_dags/example_local_kubernetes_executor.py took 0.094 seconds
[2023-06-01T02:12:55.852+0000] {processor.py:154} INFO - Started process (PID=610) to work on /home/airflow/.local/lib/python3.7/site-packages/airflow/example_dags/example_local_kubernetes_executor.py
[2023-06-01T02:12:55.853+0000] {processor.py:756} INFO - Processing file /home/airflow/.local/lib/python3.7/site-packages/airflow/example_dags/example_local_kubernetes_executor.py for tasks to queue
[2023-06-01T02:12:55.854+0000] {logging_mixin.py:120} INFO - [2023-06-01T02:12:55.854+0000] {dagbag.py:537} INFO - Filling up the DagBag from /home/airflow/.local/lib/python3.7/site-packages/airflow/example_dags/example_local_kubernetes_executor.py
[2023-06-01T02:12:55.871+0000] {processor.py:766} INFO - DAG(s) dict_keys(['example_local_kubernetes_executor']) retrieved from /home/airflow/.local/lib/python3.7/site-packages/airflow/example_dags/example_local_kubernetes_executor.py
[2023-06-01T02:12:55.909+0000] {logging_mixin.py:120} INFO - [2023-06-01T02:12:55.909+0000] {dag.py:2585} INFO - Sync 1 DAGs
[2023-06-01T02:12:55.935+0000] {logging_mixin.py:120} INFO - [2023-06-01T02:12:55.935+0000] {dag.py:3340} INFO - Setting next_dagrun for example_local_kubernetes_executor to None, run_after=None
[2023-06-01T02:12:55.947+0000] {processor.py:176} INFO - Processing /home/airflow/.local/lib/python3.7/site-packages/airflow/example_dags/example_local_kubernetes_executor.py took 0.098 seconds
[2023-06-01T02:13:26.580+0000] {processor.py:154} INFO - Started process (PID=673) to work on /home/airflow/.local/lib/python3.7/site-packages/airflow/example_dags/example_local_kubernetes_executor.py
[2023-06-01T02:13:26.581+0000] {processor.py:756} INFO - Processing file /home/airflow/.local/lib/python3.7/site-packages/airflow/example_dags/example_local_kubernetes_executor.py for tasks to queue
[2023-06-01T02:13:26.582+0000] {logging_mixin.py:120} INFO - [2023-06-01T02:13:26.582+0000] {dagbag.py:537} INFO - Filling up the DagBag from /home/airflow/.local/lib/python3.7/site-packages/airflow/example_dags/example_local_kubernetes_executor.py
[2023-06-01T02:13:26.599+0000] {processor.py:766} INFO - DAG(s) dict_keys(['example_local_kubernetes_executor']) retrieved from /home/airflow/.local/lib/python3.7/site-packages/airflow/example_dags/example_local_kubernetes_executor.py
[2023-06-01T02:13:26.642+0000] {logging_mixin.py:120} INFO - [2023-06-01T02:13:26.642+0000] {dag.py:2585} INFO - Sync 1 DAGs
[2023-06-01T02:13:26.662+0000] {logging_mixin.py:120} INFO - [2023-06-01T02:13:26.662+0000] {dag.py:3340} INFO - Setting next_dagrun for example_local_kubernetes_executor to None, run_after=None
[2023-06-01T02:13:26.674+0000] {processor.py:176} INFO - Processing /home/airflow/.local/lib/python3.7/site-packages/airflow/example_dags/example_local_kubernetes_executor.py took 0.097 seconds
[2023-06-01T02:13:57.356+0000] {processor.py:154} INFO - Started process (PID=727) to work on /home/airflow/.local/lib/python3.7/site-packages/airflow/example_dags/example_local_kubernetes_executor.py
[2023-06-01T02:13:57.357+0000] {processor.py:756} INFO - Processing file /home/airflow/.local/lib/python3.7/site-packages/airflow/example_dags/example_local_kubernetes_executor.py for tasks to queue
[2023-06-01T02:13:57.359+0000] {logging_mixin.py:120} INFO - [2023-06-01T02:13:57.359+0000] {dagbag.py:537} INFO - Filling up the DagBag from /home/airflow/.local/lib/python3.7/site-packages/airflow/example_dags/example_local_kubernetes_executor.py
[2023-06-01T02:13:57.375+0000] {processor.py:766} INFO - DAG(s) dict_keys(['example_local_kubernetes_executor']) retrieved from /home/airflow/.local/lib/python3.7/site-packages/airflow/example_dags/example_local_kubernetes_executor.py
[2023-06-01T02:13:57.404+0000] {logging_mixin.py:120} INFO - [2023-06-01T02:13:57.404+0000] {dag.py:2585} INFO - Sync 1 DAGs
[2023-06-01T02:13:57.431+0000] {logging_mixin.py:120} INFO - [2023-06-01T02:13:57.431+0000] {dag.py:3340} INFO - Setting next_dagrun for example_local_kubernetes_executor to None, run_after=None
[2023-06-01T02:13:57.445+0000] {processor.py:176} INFO - Processing /home/airflow/.local/lib/python3.7/site-packages/airflow/example_dags/example_local_kubernetes_executor.py took 0.093 seconds
[2023-06-01T02:14:28.074+0000] {processor.py:154} INFO - Started process (PID=790) to work on /home/airflow/.local/lib/python3.7/site-packages/airflow/example_dags/example_local_kubernetes_executor.py
[2023-06-01T02:14:28.075+0000] {processor.py:756} INFO - Processing file /home/airflow/.local/lib/python3.7/site-packages/airflow/example_dags/example_local_kubernetes_executor.py for tasks to queue
[2023-06-01T02:14:28.076+0000] {logging_mixin.py:120} INFO - [2023-06-01T02:14:28.076+0000] {dagbag.py:537} INFO - Filling up the DagBag from /home/airflow/.local/lib/python3.7/site-packages/airflow/example_dags/example_local_kubernetes_executor.py
[2023-06-01T02:14:28.092+0000] {processor.py:766} INFO - DAG(s) dict_keys(['example_local_kubernetes_executor']) retrieved from /home/airflow/.local/lib/python3.7/site-packages/airflow/example_dags/example_local_kubernetes_executor.py
[2023-06-01T02:14:28.120+0000] {logging_mixin.py:120} INFO - [2023-06-01T02:14:28.120+0000] {dag.py:2585} INFO - Sync 1 DAGs
[2023-06-01T02:14:28.134+0000] {logging_mixin.py:120} INFO - [2023-06-01T02:14:28.134+0000] {dag.py:3340} INFO - Setting next_dagrun for example_local_kubernetes_executor to None, run_after=None
[2023-06-01T02:14:28.147+0000] {processor.py:176} INFO - Processing /home/airflow/.local/lib/python3.7/site-packages/airflow/example_dags/example_local_kubernetes_executor.py took 0.075 seconds
